<?xml version="1.0" encoding="UTF-8"?>
<robot generator="Robot 6.0.2 (Python 3.11.3 on win32)" generated="20230630 21:01:42.307" rpa="false" schemaversion="3">
<suite id="s1" name="Fullflow" source="C:\Users\Thanawin\robot\ubuntu\winwinwin\fullflow.robot">
<test id="s1-t1" name="Login Dev Env" line="306">
<kw name="Login">
<kw name="Open Browser" library="SeleniumLibrary">
<arg>${urlprod}</arg>
<arg>chrome</arg>
<doc>Opens a new browser instance to the optional ``url``.</doc>
<msg timestamp="20230630 21:01:42.534" level="INFO">Opening browser 'chrome' to base url 'https://gosaas.app/login'.</msg>
<msg timestamp="20230630 21:01:42.538" level="INFO">Executing: C:\Users\Thanawin\AppData\Local\Programs\Python\Python311\Lib\site-packages\selenium\webdriver\common\windows\selenium-manager.exe --browser chrome --output json</msg>
<status status="PASS" starttime="20230630 21:01:42.534" endtime="20230630 21:01:46.382"/>
</kw>
<kw name="Element Should Be Visible" library="SeleniumLibrary">
<arg>${email}</arg>
<doc>Verifies that the element identified by ``locator`` is visible.</doc>
<msg timestamp="20230630 21:01:46.402" level="INFO">Element '//*[@id="LoginForm"]/div[1]/input' is displayed.</msg>
<status status="PASS" starttime="20230630 21:01:46.382" endtime="20230630 21:01:46.403"/>
</kw>
<kw name="Input Text" library="SeleniumLibrary">
<arg>${email}</arg>
<arg>thanawin@atcreative.co.th</arg>
<doc>Types the given ``text`` into the text field identified by ``locator``.</doc>
<msg timestamp="20230630 21:01:46.403" level="INFO">Typing text 'thanawin@atcreative.co.th' into text field '//*[@id="LoginForm"]/div[1]/input'.</msg>
<status status="PASS" starttime="20230630 21:01:46.403" endtime="20230630 21:01:46.481"/>
</kw>
<kw name="Element Should Be Visible" library="SeleniumLibrary">
<arg>${password}</arg>
<doc>Verifies that the element identified by ``locator`` is visible.</doc>
<msg timestamp="20230630 21:01:46.499" level="INFO">Element '//*[@id="LoginForm"]/div[2]/input' is displayed.</msg>
<status status="PASS" starttime="20230630 21:01:46.481" endtime="20230630 21:01:46.499"/>
</kw>
<kw name="Input Text" library="SeleniumLibrary">
<arg>${password}</arg>
<arg>!@#Win123</arg>
<doc>Types the given ``text`` into the text field identified by ``locator``.</doc>
<msg timestamp="20230630 21:01:46.499" level="INFO">Typing text '!@#Win123' into text field '//*[@id="LoginForm"]/div[2]/input'.</msg>
<status status="PASS" starttime="20230630 21:01:46.499" endtime="20230630 21:01:46.564"/>
</kw>
<kw name="Element Should Be Visible" library="SeleniumLibrary">
<arg>${loginbutton}</arg>
<doc>Verifies that the element identified by ``locator`` is visible.</doc>
<msg timestamp="20230630 21:01:46.580" level="INFO">Element '//*[@id="LoginForm"]/div[4]/button' is displayed.</msg>
<status status="PASS" starttime="20230630 21:01:46.564" endtime="20230630 21:01:46.580"/>
</kw>
<kw name="Click Element" library="SeleniumLibrary">
<arg>${loginbutton}</arg>
<doc>Click the element identified by ``locator``.</doc>
<msg timestamp="20230630 21:01:46.580" level="INFO">Clicking element '//*[@id="LoginForm"]/div[4]/button'.</msg>
<status status="PASS" starttime="20230630 21:01:46.580" endtime="20230630 21:01:46.621"/>
</kw>
<kw name="Wait Until Element Is Visible" library="SeleniumLibrary">
<arg>${winwinwinshop}</arg>
<doc>Waits until the element ``locator`` is visible.</doc>
<status status="PASS" starttime="20230630 21:01:46.622" endtime="20230630 21:01:51.209"/>
</kw>
<status status="PASS" starttime="20230630 21:01:42.534" endtime="20230630 21:01:51.209"/>
</kw>
<status status="PASS" starttime="20230630 21:01:42.533" endtime="20230630 21:01:51.209"/>
</test>
<test id="s1-t2" name="Click shop" line="309">
<kw name="Click Shop">
<kw name="Sleep" library="BuiltIn">
<arg>4s</arg>
<doc>Pauses the test executed for the given time.</doc>
<msg timestamp="20230630 21:01:55.212" level="INFO">Slept 4 seconds</msg>
<status status="PASS" starttime="20230630 21:01:51.211" endtime="20230630 21:01:55.212"/>
</kw>
<kw name="Wait Until Element Is Visible" library="SeleniumLibrary">
<arg>${winwinwinshop}</arg>
<doc>Waits until the element ``locator`` is visible.</doc>
<status status="PASS" starttime="20230630 21:01:55.212" endtime="20230630 21:01:55.224"/>
</kw>
<kw name="Click Element" library="SeleniumLibrary">
<arg>${winwinwinshop}</arg>
<doc>Click the element identified by ``locator``.</doc>
<msg timestamp="20230630 21:01:55.225" level="INFO">Clicking element '//*[contains(text(), "winwinwin shop")]'.</msg>
<status status="PASS" starttime="20230630 21:01:55.225" endtime="20230630 21:01:55.268"/>
</kw>
<kw name="Wait Until Element Is Visible" library="SeleniumLibrary">
<arg>${confirmbutton}</arg>
<doc>Waits until the element ``locator`` is visible.</doc>
<status status="PASS" starttime="20230630 21:01:55.268" endtime="20230630 21:01:55.906"/>
</kw>
<kw name="Click Element" library="SeleniumLibrary">
<arg>${confirmbutton}</arg>
<doc>Click the element identified by ``locator``.</doc>
<msg timestamp="20230630 21:01:55.907" level="INFO">Clicking element '//html/body/div[2]/div/div[6]/button[1]'.</msg>
<status status="PASS" starttime="20230630 21:01:55.906" endtime="20230630 21:01:55.935"/>
</kw>
<kw name="Sleep" library="BuiltIn">
<arg>10s</arg>
<doc>Pauses the test executed for the given time.</doc>
<msg timestamp="20230630 21:02:05.936" level="INFO">Slept 10 seconds</msg>
<status status="PASS" starttime="20230630 21:01:55.935" endtime="20230630 21:02:05.936"/>
</kw>
<kw name="Get Element Count" library="SeleniumLibrary">
<var>${p}</var>
<arg>${confirmpack}</arg>
<doc>Returns the number of elements matching ``locator``.</doc>
<msg timestamp="20230630 21:02:05.946" level="INFO">${p} = 0</msg>
<status status="PASS" starttime="20230630 21:02:05.936" endtime="20230630 21:02:05.946"/>
</kw>
<kw name="Run Keyword If" library="BuiltIn">
<arg>${p}&gt;0</arg>
<arg>Click pack</arg>
<doc>Runs the given keyword with the given arguments, if ``condition`` is true.</doc>
<status status="PASS" starttime="20230630 21:02:05.946" endtime="20230630 21:02:05.946"/>
</kw>
<kw name="Sleep" library="BuiltIn">
<arg>3s</arg>
<doc>Pauses the test executed for the given time.</doc>
<msg timestamp="20230630 21:02:08.947" level="INFO">Slept 3 seconds</msg>
<status status="PASS" starttime="20230630 21:02:05.946" endtime="20230630 21:02:08.947"/>
</kw>
<kw name="Get Element Count" library="SeleniumLibrary">
<var>${c}</var>
<arg>${announcementconfirm}</arg>
<doc>Returns the number of elements matching ``locator``.</doc>
<msg timestamp="20230630 21:02:08.957" level="INFO">${c} = 1</msg>
<status status="PASS" starttime="20230630 21:02:08.947" endtime="20230630 21:02:08.957"/>
</kw>
<kw name="Run Keyword If" library="BuiltIn">
<arg>${c}&gt;0</arg>
<arg>Click announcement</arg>
<doc>Runs the given keyword with the given arguments, if ``condition`` is true.</doc>
<kw name="Click announcement" library="resource">
<kw name="Click Element" library="SeleniumLibrary">
<arg>${announcementconfirm}</arg>
<doc>Click the element identified by ``locator``.</doc>
<msg timestamp="20230630 21:02:08.957" level="INFO">Clicking element '//*[@id="announcement"]/div/div/div[1]/button'.</msg>
<status status="PASS" starttime="20230630 21:02:08.957" endtime="20230630 21:02:08.997"/>
</kw>
<status status="PASS" starttime="20230630 21:02:08.957" endtime="20230630 21:02:08.997"/>
</kw>
<status status="PASS" starttime="20230630 21:02:08.957" endtime="20230630 21:02:08.997"/>
</kw>
<status status="PASS" starttime="20230630 21:01:51.210" endtime="20230630 21:02:08.997"/>
</kw>
<status status="PASS" starttime="20230630 21:01:51.210" endtime="20230630 21:02:08.997"/>
</test>
<test id="s1-t3" name="Click Order Menu" line="312">
<kw name="Click Order Menu">
<kw name="Wait Until Element Is Visible" library="SeleniumLibrary">
<arg>${ordermenu}</arg>
<doc>Waits until the element ``locator`` is visible.</doc>
<status status="PASS" starttime="20230630 21:02:08.999" endtime="20230630 21:02:09.018"/>
</kw>
<kw name="Click Element" library="SeleniumLibrary">
<arg>${ordermenu}</arg>
<doc>Click the element identified by ``locator``.</doc>
<msg timestamp="20230630 21:02:09.018" level="INFO">Clicking element '//html/body/section/div[2]/div[2]/div[2]/div/ul/li[3]/a'.</msg>
<status status="PASS" starttime="20230630 21:02:09.018" endtime="20230630 21:02:09.323"/>
</kw>
<kw name="Wait Until Element Is Visible" library="SeleniumLibrary">
<arg>${createorder}</arg>
<doc>Waits until the element ``locator`` is visible.</doc>
<status status="PASS" starttime="20230630 21:02:09.323" endtime="20230630 21:02:12.984"/>
</kw>
<kw name="Click Element" library="SeleniumLibrary">
<arg>${createorder}</arg>
<doc>Click the element identified by ``locator``.</doc>
<msg timestamp="20230630 21:02:12.984" level="INFO">Clicking element '//html/body/section/div[2]/div[4]/div[4]/div/div[2]/div/div[1]/div[2]/div/div/div[1]/div[1]/button'.</msg>
<status status="PASS" starttime="20230630 21:02:12.984" endtime="20230630 21:02:13.141"/>
</kw>
<kw name="Sleep" library="BuiltIn">
<arg>4s</arg>
<doc>Pauses the test executed for the given time.</doc>
<msg timestamp="20230630 21:02:17.142" level="INFO">Slept 4 seconds</msg>
<status status="PASS" starttime="20230630 21:02:13.141" endtime="20230630 21:02:17.142"/>
</kw>
<status status="PASS" starttime="20230630 21:02:08.999" endtime="20230630 21:02:17.142"/>
</kw>
<status status="PASS" starttime="20230630 21:02:08.999" endtime="20230630 21:02:17.142"/>
</test>
<test id="s1-t4" name="Add Order 1" line="315">
<kw name="Add Order 1">
<kw name="Evaluate" library="BuiltIn">
<var>${value}</var>
<arg>random.choice($random)</arg>
<arg>random</arg>
<doc>Evaluates the given expression in Python and returns the result.</doc>
<msg timestamp="20230630 21:02:17.147" level="INFO">${value} = //*[@id="order_form_modal"]/div/div[3]/form/div[2]/div[1]/div[2]/div/div/div[2]/div/div/div/div/div[2]/label/div</msg>
<status status="PASS" starttime="20230630 21:02:17.143" endtime="20230630 21:02:17.147"/>
</kw>
<kw name="Wait Until Element Is Visible" library="SeleniumLibrary">
<arg>${fromfacebook}</arg>
<doc>Waits until the element ``locator`` is visible.</doc>
<status status="PASS" starttime="20230630 21:02:17.147" endtime="20230630 21:02:17.168"/>
</kw>
<kw name="Click Element" library="SeleniumLibrary">
<arg>${value}</arg>
<doc>Click the element identified by ``locator``.</doc>
<msg timestamp="20230630 21:02:17.168" level="INFO">Clicking element '//*[@id="order_form_modal"]/div/div[3]/form/div[2]/div[1]/div[2]/div/div/div[2]/div/div/div/div/div[2]/label/div'.</msg>
<status status="PASS" starttime="20230630 21:02:17.168" endtime="20230630 21:02:17.216"/>
</kw>
<kw name="Sleep" library="BuiltIn">
<arg>4s</arg>
<doc>Pauses the test executed for the given time.</doc>
<msg timestamp="20230630 21:02:21.217" level="INFO">Slept 4 seconds</msg>
<status status="PASS" starttime="20230630 21:02:17.216" endtime="20230630 21:02:21.217"/>
</kw>
<kw name="Wait Until Element Is Visible" library="SeleniumLibrary">
<arg>${userbox}</arg>
<doc>Waits until the element ``locator`` is visible.</doc>
<status status="PASS" starttime="20230630 21:02:21.217" endtime="20230630 21:02:21.236"/>
</kw>
<kw name="Click Element" library="SeleniumLibrary">
<arg>${userbox}</arg>
<doc>Click the element identified by ``locator``.</doc>
<msg timestamp="20230630 21:02:21.236" level="INFO">Clicking element '//*[@id="customer-search"]/div/span/span[1]/span/ul/li/input'.</msg>
<status status="PASS" starttime="20230630 21:02:21.236" endtime="20230630 21:02:21.287"/>
</kw>
<kw name="Sleep" library="BuiltIn">
<arg>4s</arg>
<doc>Pauses the test executed for the given time.</doc>
<msg timestamp="20230630 21:02:25.288" level="INFO">Slept 4 seconds</msg>
<status status="PASS" starttime="20230630 21:02:21.287" endtime="20230630 21:02:25.288"/>
</kw>
<kw name="Click Element" library="SeleniumLibrary">
<arg>${firstuser}</arg>
<doc>Click the element identified by ``locator``.</doc>
<msg timestamp="20230630 21:02:25.288" level="INFO">Clicking element '//*[@id="select2--results"]/li[1]/div'.</msg>
<status status="PASS" starttime="20230630 21:02:25.288" endtime="20230630 21:02:25.355"/>
</kw>
<kw name="Press Keys" library="SeleniumLibrary">
<arg>xpath=//body</arg>
<arg>\ue00f</arg>
<doc>Simulates the user pressing key(s) to an element or on the active browser.</doc>
<msg timestamp="20230630 21:02:25.355" level="INFO">Sending key(s) ('\ue00f',) to xpath=//body element.</msg>
<msg timestamp="20230630 21:02:25.647" level="INFO">Sending key </msg>
<status status="PASS" starttime="20230630 21:02:25.355" endtime="20230630 21:02:25.651"/>
</kw>
<kw name="Sleep" library="BuiltIn">
<arg>4s</arg>
<doc>Pauses the test executed for the given time.</doc>
<msg timestamp="20230630 21:02:29.653" level="INFO">Slept 4 seconds</msg>
<status status="PASS" starttime="20230630 21:02:25.651" endtime="20230630 21:02:29.653"/>
</kw>
<kw name="Click Element" library="SeleniumLibrary">
<arg>${selectproduct}</arg>
<doc>Click the element identified by ``locator``.</doc>
<msg timestamp="20230630 21:02:29.653" level="INFO">Clicking element '//*[@id="tb-product"]/tr/td/div/div[2]/button'.</msg>
<status status="PASS" starttime="20230630 21:02:29.653" endtime="20230630 21:02:29.709"/>
</kw>
<kw name="Wait Until Element Is Visible" library="SeleniumLibrary">
<arg>${basicproduct}</arg>
<doc>Waits until the element ``locator`` is visible.</doc>
<status status="PASS" starttime="20230630 21:02:29.709" endtime="20230630 21:02:29.729"/>
</kw>
<kw name="Click Element" library="SeleniumLibrary">
<arg>${basicproduct}</arg>
<doc>Click the element identified by ``locator``.</doc>
<msg timestamp="20230630 21:02:29.730" level="INFO">Clicking element '//*[@id="product_promotion"]/div[2]/div[2]/div/div/div[1]/div/ul/li[2]/a'.</msg>
<status status="PASS" starttime="20230630 21:02:29.729" endtime="20230630 21:02:30.165"/>
</kw>
<kw name="Wait Until Element Is Visible" library="SeleniumLibrary">
<arg>${firstproduct}</arg>
<doc>Waits until the element ``locator`` is visible.</doc>
<status status="PASS" starttime="20230630 21:02:30.165" endtime="20230630 21:02:30.615"/>
</kw>
<kw name="Click Element" library="SeleniumLibrary">
<arg>${firstproduct}</arg>
<doc>Click the element identified by ``locator``.</doc>
<msg timestamp="20230630 21:02:30.616" level="INFO">Clicking element '//*[@id="table_product_promotion"]/div/div/div/table/tbody/tr/td[1]/input'.</msg>
<status status="PASS" starttime="20230630 21:02:30.615" endtime="20230630 21:02:30.662"/>
</kw>
<kw name="Wait Until Element Is Visible" library="SeleniumLibrary">
<arg>${confirmselectproduct}</arg>
<doc>Waits until the element ``locator`` is visible.</doc>
<status status="PASS" starttime="20230630 21:02:30.662" endtime="20230630 21:02:30.679"/>
</kw>
<kw name="Click Element" library="SeleniumLibrary">
<arg>${confirmselectproduct}</arg>
<doc>Click the element identified by ``locator``.</doc>
<msg timestamp="20230630 21:02:30.680" level="INFO">Clicking element '//*[@id="product_promotion"]/div[3]/div/button[1]'.</msg>
<status status="PASS" starttime="20230630 21:02:30.679" endtime="20230630 21:02:30.751"/>
</kw>
<kw name="Press Keys" library="SeleniumLibrary">
<arg>xpath=//body</arg>
<arg>\ue00e</arg>
<doc>Simulates the user pressing key(s) to an element or on the active browser.</doc>
<msg timestamp="20230630 21:02:30.752" level="INFO">Sending key(s) ('\ue00e',) to xpath=//body element.</msg>
<msg timestamp="20230630 21:02:31.025" level="INFO">Sending key </msg>
<status status="PASS" starttime="20230630 21:02:30.752" endtime="20230630 21:02:31.030"/>
</kw>
<kw name="Sleep" library="BuiltIn">
<arg>4s</arg>
<doc>Pauses the test executed for the given time.</doc>
<msg timestamp="20230630 21:02:35.031" level="INFO">Slept 4 seconds</msg>
<status status="PASS" starttime="20230630 21:02:31.031" endtime="20230630 21:02:35.031"/>
</kw>
<kw name="Wait Until Element Is Visible" library="SeleniumLibrary">
<arg>${addpayment}</arg>
<doc>Waits until the element ``locator`` is visible.</doc>
<status status="PASS" starttime="20230630 21:02:35.031" endtime="20230630 21:02:35.050"/>
</kw>
<kw name="Click Element" library="SeleniumLibrary">
<arg>${addpayment}</arg>
<doc>Click the element identified by ``locator``.</doc>
<msg timestamp="20230630 21:02:35.050" level="INFO">Clicking element '//*[@id="is_payment_status"]/div'.</msg>
<status status="PASS" starttime="20230630 21:02:35.050" endtime="20230630 21:02:35.117"/>
</kw>
<kw name="Sleep" library="BuiltIn">
<arg>4s</arg>
<doc>Pauses the test executed for the given time.</doc>
<msg timestamp="20230630 21:02:39.117" level="INFO">Slept 4 seconds</msg>
<status status="PASS" starttime="20230630 21:02:35.117" endtime="20230630 21:02:39.117"/>
</kw>
<kw name="Wait Until Page Contains Element" library="SeleniumLibrary">
<arg>${uploadfield}</arg>
<doc>Waits until the element ``locator`` appears on the current page.</doc>
<status status="PASS" starttime="20230630 21:02:39.117" endtime="20230630 21:02:39.128"/>
</kw>
<kw name="Sleep" library="BuiltIn">
<arg>4s</arg>
<doc>Pauses the test executed for the given time.</doc>
<msg timestamp="20230630 21:02:43.128" level="INFO">Slept 4 seconds</msg>
<status status="PASS" starttime="20230630 21:02:39.128" endtime="20230630 21:02:43.128"/>
</kw>
<kw name="Choose File" library="SeleniumLibrary">
<arg>${uploadfield}</arg>
<arg>${testpic1}</arg>
<doc>Inputs the ``file_path`` into the file input field ``locator``.</doc>
<msg timestamp="20230630 21:02:43.128" level="INFO">Sending C:\Users\Thanawin\robot\ubuntu\winwinwin\slip.jpg to browser.</msg>
<status status="PASS" starttime="20230630 21:02:43.128" endtime="20230630 21:02:43.156"/>
</kw>
<kw name="Sleep" library="BuiltIn">
<arg>3s</arg>
<doc>Pauses the test executed for the given time.</doc>
<msg timestamp="20230630 21:02:46.158" level="INFO">Slept 3 seconds</msg>
<status status="PASS" starttime="20230630 21:02:43.156" endtime="20230630 21:02:46.158"/>
</kw>
<kw name="Press Keys" library="SeleniumLibrary">
<arg>xpath=//body</arg>
<arg>\ue00f</arg>
<doc>Simulates the user pressing key(s) to an element or on the active browser.</doc>
<msg timestamp="20230630 21:02:46.158" level="INFO">Sending key(s) ('\ue00f',) to xpath=//body element.</msg>
<msg timestamp="20230630 21:02:46.441" level="INFO">Sending key </msg>
<status status="PASS" starttime="20230630 21:02:46.158" endtime="20230630 21:02:46.446"/>
</kw>
<kw name="Sleep" library="BuiltIn">
<arg>3s</arg>
<doc>Pauses the test executed for the given time.</doc>
<msg timestamp="20230630 21:02:49.447" level="INFO">Slept 3 seconds</msg>
<status status="PASS" starttime="20230630 21:02:46.446" endtime="20230630 21:02:49.447"/>
</kw>
<kw name="Wait Until Element Is Visible" library="SeleniumLibrary">
<arg>${paymentcompleted}</arg>
<doc>Waits until the element ``locator`` is visible.</doc>
<status status="PASS" starttime="20230630 21:02:49.447" endtime="20230630 21:02:49.464"/>
</kw>
<kw name="Click Element" library="SeleniumLibrary">
<arg>${paymentcompleted}</arg>
<doc>Click the element identified by ``locator``.</doc>
<msg timestamp="20230630 21:02:49.465" level="INFO">Clicking element '//*[@id="payment-component"]/div[4]/div/div[5]/div/div'.</msg>
<status status="PASS" starttime="20230630 21:02:49.465" endtime="20230630 21:02:49.505"/>
</kw>
<kw name="Wait Until Element Is Visible" library="SeleniumLibrary">
<arg>${confirmandreorder}</arg>
<doc>Waits until the element ``locator`` is visible.</doc>
<status status="PASS" starttime="20230630 21:02:49.505" endtime="20230630 21:02:49.523"/>
</kw>
<kw name="Click Element" library="SeleniumLibrary">
<arg>${confirmandreorder}</arg>
<doc>Click the element identified by ``locator``.</doc>
<msg timestamp="20230630 21:02:49.524" level="INFO">Clicking element '//*[@id="order_form_modal"]/div/div[3]/form/div[2]/div[1]/div[6]/button[2]'.</msg>
<status status="PASS" starttime="20230630 21:02:49.523" endtime="20230630 21:02:49.590"/>
</kw>
<kw name="Sleep" library="BuiltIn">
<arg>4s</arg>
<doc>Pauses the test executed for the given time.</doc>
<msg timestamp="20230630 21:02:53.590" level="INFO">Slept 4 seconds</msg>
<status status="PASS" starttime="20230630 21:02:49.590" endtime="20230630 21:02:53.590"/>
</kw>
<status status="PASS" starttime="20230630 21:02:17.143" endtime="20230630 21:02:53.590"/>
</kw>
<status status="PASS" starttime="20230630 21:02:17.143" endtime="20230630 21:02:53.590"/>
</test>
<test id="s1-t5" name="Add Order 2" line="318">
<kw name="Add Order 2">
<kw name="Sleep" library="BuiltIn">
<arg>4s</arg>
<doc>Pauses the test executed for the given time.</doc>
<msg timestamp="20230630 21:02:57.593" level="INFO">Slept 4 seconds</msg>
<status status="PASS" starttime="20230630 21:02:53.591" endtime="20230630 21:02:57.593"/>
</kw>
<kw name="Evaluate" library="BuiltIn">
<var>${value}</var>
<arg>random.choice($random)</arg>
<arg>random</arg>
<doc>Evaluates the given expression in Python and returns the result.</doc>
<msg timestamp="20230630 21:02:57.593" level="INFO">${value} = //*[@id="order_form_modal"]/div/div[3]/form/div[2]/div[1]/div[2]/div/div/div[2]/div/div/div/div/div[1]/label/div</msg>
<status status="PASS" starttime="20230630 21:02:57.593" endtime="20230630 21:02:57.593"/>
</kw>
<kw name="Wait Until Element Is Visible" library="SeleniumLibrary">
<arg>${fromfacebook}</arg>
<doc>Waits until the element ``locator`` is visible.</doc>
<status status="PASS" starttime="20230630 21:02:57.593" endtime="20230630 21:02:57.611"/>
</kw>
<kw name="Click Element" library="SeleniumLibrary">
<arg>${value}</arg>
<doc>Click the element identified by ``locator``.</doc>
<msg timestamp="20230630 21:02:57.611" level="INFO">Clicking element '//*[@id="order_form_modal"]/div/div[3]/form/div[2]/div[1]/div[2]/div/div/div[2]/div/div/div/div/div[1]/label/div'.</msg>
<status status="PASS" starttime="20230630 21:02:57.611" endtime="20230630 21:02:57.653"/>
</kw>
<kw name="Sleep" library="BuiltIn">
<arg>4s</arg>
<doc>Pauses the test executed for the given time.</doc>
<msg timestamp="20230630 21:03:01.653" level="INFO">Slept 4 seconds</msg>
<status status="PASS" starttime="20230630 21:02:57.653" endtime="20230630 21:03:01.653"/>
</kw>
<kw name="Wait Until Element Is Visible" library="SeleniumLibrary">
<arg>${userbox}</arg>
<doc>Waits until the element ``locator`` is visible.</doc>
<status status="PASS" starttime="20230630 21:03:01.653" endtime="20230630 21:03:01.669"/>
</kw>
<kw name="Click Element" library="SeleniumLibrary">
<arg>${userbox}</arg>
<doc>Click the element identified by ``locator``.</doc>
<msg timestamp="20230630 21:03:01.671" level="INFO">Clicking element '//*[@id="customer-search"]/div/span/span[1]/span/ul/li/input'.</msg>
<status status="PASS" starttime="20230630 21:03:01.669" endtime="20230630 21:03:01.757"/>
</kw>
<kw name="Sleep" library="BuiltIn">
<arg>4s</arg>
<doc>Pauses the test executed for the given time.</doc>
<msg timestamp="20230630 21:03:05.757" level="INFO">Slept 4 seconds</msg>
<status status="PASS" starttime="20230630 21:03:01.757" endtime="20230630 21:03:05.757"/>
</kw>
<kw name="Wait Until Element Is Visible" library="SeleniumLibrary">
<arg>${firstuser}</arg>
<doc>Waits until the element ``locator`` is visible.</doc>
<status status="PASS" starttime="20230630 21:03:05.757" endtime="20230630 21:03:05.770"/>
</kw>
<kw name="Click Element" library="SeleniumLibrary">
<arg>${firstuser}</arg>
<doc>Click the element identified by ``locator``.</doc>
<msg timestamp="20230630 21:03:05.771" level="INFO">Clicking element '//*[@id="select2--results"]/li[1]/div'.</msg>
<status status="PASS" starttime="20230630 21:03:05.770" endtime="20230630 21:03:05.825"/>
</kw>
<kw name="Press Keys" library="SeleniumLibrary">
<arg>xpath=//body</arg>
<arg>\ue00f</arg>
<doc>Simulates the user pressing key(s) to an element or on the active browser.</doc>
<msg timestamp="20230630 21:03:05.826" level="INFO">Sending key(s) ('\ue00f',) to xpath=//body element.</msg>
<msg timestamp="20230630 21:03:06.111" level="INFO">Sending key </msg>
<status status="PASS" starttime="20230630 21:03:05.826" endtime="20230630 21:03:06.116"/>
</kw>
<kw name="Sleep" library="BuiltIn">
<arg>3s</arg>
<doc>Pauses the test executed for the given time.</doc>
<msg timestamp="20230630 21:03:09.116" level="INFO">Slept 3 seconds</msg>
<status status="PASS" starttime="20230630 21:03:06.116" endtime="20230630 21:03:09.116"/>
</kw>
<kw name="Wait Until Element Is Visible" library="SeleniumLibrary">
<arg>${searchproduct}</arg>
<doc>Waits until the element ``locator`` is visible.</doc>
<status status="PASS" starttime="20230630 21:03:09.116" endtime="20230630 21:03:09.147"/>
</kw>
<kw name="Click Element" library="SeleniumLibrary">
<arg>${searchproduct}</arg>
<doc>Click the element identified by ``locator``.</doc>
<msg timestamp="20230630 21:03:09.148" level="INFO">Clicking element '//*[@id="product-search"]/div/span/span[1]/span/ul/li'.</msg>
<status status="PASS" starttime="20230630 21:03:09.148" endtime="20230630 21:03:09.203"/>
</kw>
<kw name="Sleep" library="BuiltIn">
<arg>3s</arg>
<doc>Pauses the test executed for the given time.</doc>
<msg timestamp="20230630 21:03:12.203" level="INFO">Slept 3 seconds</msg>
<status status="PASS" starttime="20230630 21:03:09.203" endtime="20230630 21:03:12.203"/>
</kw>
<kw name="Wait Until Element Is Visible" library="SeleniumLibrary">
<arg>${searchresult1}</arg>
<doc>Waits until the element ``locator`` is visible.</doc>
<status status="PASS" starttime="20230630 21:03:12.203" endtime="20230630 21:03:12.221"/>
</kw>
<kw name="Click Element" library="SeleniumLibrary">
<arg>${searchresult1}</arg>
<doc>Click the element identified by ``locator``.</doc>
<msg timestamp="20230630 21:03:12.221" level="INFO">Clicking element '//*[@id="select2--results"]/li'.</msg>
<status status="PASS" starttime="20230630 21:03:12.221" endtime="20230630 21:03:12.288"/>
</kw>
<kw name="Sleep" library="BuiltIn">
<arg>4s</arg>
<doc>Pauses the test executed for the given time.</doc>
<msg timestamp="20230630 21:03:16.288" level="INFO">Slept 4 seconds</msg>
<status status="PASS" starttime="20230630 21:03:12.288" endtime="20230630 21:03:16.288"/>
</kw>
<kw name="Wait Until Element Is Visible" library="SeleniumLibrary">
<arg>${confirmandreorder}</arg>
<doc>Waits until the element ``locator`` is visible.</doc>
<status status="PASS" starttime="20230630 21:03:16.288" endtime="20230630 21:03:16.301"/>
</kw>
<kw name="Click Element" library="SeleniumLibrary">
<arg>${confirmandreorder}</arg>
<doc>Click the element identified by ``locator``.</doc>
<msg timestamp="20230630 21:03:16.301" level="INFO">Clicking element '//*[@id="order_form_modal"]/div/div[3]/form/div[2]/div[1]/div[6]/button[2]'.</msg>
<status status="PASS" starttime="20230630 21:03:16.301" endtime="20230630 21:03:16.376"/>
</kw>
<kw name="Sleep" library="BuiltIn">
<arg>4s</arg>
<doc>Pauses the test executed for the given time.</doc>
<msg timestamp="20230630 21:03:20.376" level="INFO">Slept 4 seconds</msg>
<status status="PASS" starttime="20230630 21:03:16.376" endtime="20230630 21:03:20.376"/>
</kw>
<status status="PASS" starttime="20230630 21:02:53.591" endtime="20230630 21:03:20.376"/>
</kw>
<status status="PASS" starttime="20230630 21:02:53.591" endtime="20230630 21:03:20.376"/>
</test>
<test id="s1-t6" name="Add Order 3" line="321">
<kw name="Add Order 3">
<kw name="Sleep" library="BuiltIn">
<arg>4s</arg>
<doc>Pauses the test executed for the given time.</doc>
<msg timestamp="20230630 21:03:24.379" level="INFO">Slept 4 seconds</msg>
<status status="PASS" starttime="20230630 21:03:20.377" endtime="20230630 21:03:24.379"/>
</kw>
<kw name="Evaluate" library="BuiltIn">
<var>${value}</var>
<arg>random.choice($random)</arg>
<arg>random</arg>
<doc>Evaluates the given expression in Python and returns the result.</doc>
<msg timestamp="20230630 21:03:24.379" level="INFO">${value} = //*[@id="order_form_modal"]/div/div[3]/form/div[2]/div[1]/div[2]/div/div/div[2]/div/div/div/div/div[7]/label/div</msg>
<status status="PASS" starttime="20230630 21:03:24.379" endtime="20230630 21:03:24.379"/>
</kw>
<kw name="Wait Until Element Is Visible" library="SeleniumLibrary">
<arg>${fromfacebook}</arg>
<doc>Waits until the element ``locator`` is visible.</doc>
<status status="PASS" starttime="20230630 21:03:24.379" endtime="20230630 21:03:24.395"/>
</kw>
<kw name="Click Element" library="SeleniumLibrary">
<arg>${value}</arg>
<doc>Click the element identified by ``locator``.</doc>
<msg timestamp="20230630 21:03:24.395" level="INFO">Clicking element '//*[@id="order_form_modal"]/div/div[3]/form/div[2]/div[1]/div[2]/div/div/div[2]/div/div/div/div/div[7]/label/div'.</msg>
<status status="PASS" starttime="20230630 21:03:24.395" endtime="20230630 21:03:24.436"/>
</kw>
<kw name="Sleep" library="BuiltIn">
<arg>4s</arg>
<doc>Pauses the test executed for the given time.</doc>
<msg timestamp="20230630 21:03:28.436" level="INFO">Slept 4 seconds</msg>
<status status="PASS" starttime="20230630 21:03:24.436" endtime="20230630 21:03:28.436"/>
</kw>
<kw name="Wait Until Element Is Visible" library="SeleniumLibrary">
<arg>${userbox}</arg>
<doc>Waits until the element ``locator`` is visible.</doc>
<status status="PASS" starttime="20230630 21:03:28.436" endtime="20230630 21:03:28.450"/>
</kw>
<kw name="Click Element" library="SeleniumLibrary">
<arg>${userbox}</arg>
<doc>Click the element identified by ``locator``.</doc>
<msg timestamp="20230630 21:03:28.450" level="INFO">Clicking element '//*[@id="customer-search"]/div/span/span[1]/span/ul/li/input'.</msg>
<status status="PASS" starttime="20230630 21:03:28.450" endtime="20230630 21:03:28.493"/>
</kw>
<kw name="Sleep" library="BuiltIn">
<arg>4s</arg>
<doc>Pauses the test executed for the given time.</doc>
<msg timestamp="20230630 21:03:32.494" level="INFO">Slept 4 seconds</msg>
<status status="PASS" starttime="20230630 21:03:28.493" endtime="20230630 21:03:32.494"/>
</kw>
<kw name="Wait Until Element Is Visible" library="SeleniumLibrary">
<arg>${firstuser}</arg>
<doc>Waits until the element ``locator`` is visible.</doc>
<status status="PASS" starttime="20230630 21:03:32.494" endtime="20230630 21:03:32.506"/>
</kw>
<kw name="Click Element" library="SeleniumLibrary">
<arg>${firstuser}</arg>
<doc>Click the element identified by ``locator``.</doc>
<msg timestamp="20230630 21:03:32.507" level="INFO">Clicking element '//*[@id="select2--results"]/li[1]/div'.</msg>
<status status="PASS" starttime="20230630 21:03:32.507" endtime="20230630 21:03:32.559"/>
</kw>
<kw name="Sleep" library="BuiltIn">
<arg>3s</arg>
<doc>Pauses the test executed for the given time.</doc>
<msg timestamp="20230630 21:03:35.559" level="INFO">Slept 3 seconds</msg>
<status status="PASS" starttime="20230630 21:03:32.559" endtime="20230630 21:03:35.559"/>
</kw>
<kw name="Wait Until Element Is Visible" library="SeleniumLibrary">
<arg>${cod}</arg>
<doc>Waits until the element ``locator`` is visible.</doc>
<status status="PASS" starttime="20230630 21:03:35.559" endtime="20230630 21:03:35.577"/>
</kw>
<kw name="Click Element" library="SeleniumLibrary">
<arg>${cod}</arg>
<doc>Click the element identified by ``locator``.</doc>
<msg timestamp="20230630 21:03:35.577" level="INFO">Clicking element '//*[@id="payment-component"]/div[1]/div/div/div[2]/button'.</msg>
<status status="PASS" starttime="20230630 21:03:35.577" endtime="20230630 21:03:35.619"/>
</kw>
<kw name="Sleep" library="BuiltIn">
<arg>3s</arg>
<doc>Pauses the test executed for the given time.</doc>
<msg timestamp="20230630 21:03:38.620" level="INFO">Slept 3 seconds</msg>
<status status="PASS" starttime="20230630 21:03:35.619" endtime="20230630 21:03:38.620"/>
</kw>
<kw name="Wait Until Element Is Visible" library="SeleniumLibrary">
<arg>${checkboxcod}</arg>
<doc>Waits until the element ``locator`` is visible.</doc>
<status status="PASS" starttime="20230630 21:03:38.620" endtime="20230630 21:03:38.638"/>
</kw>
<kw name="Click Element" library="SeleniumLibrary">
<arg>${checkboxcod}</arg>
<doc>Click the element identified by ``locator``.</doc>
<msg timestamp="20230630 21:03:38.639" level="INFO">Clicking element '//*[@id="payment-component"]/div[2]/div/div'.</msg>
<status status="PASS" starttime="20230630 21:03:38.638" endtime="20230630 21:03:38.676"/>
</kw>
<kw name="Press Keys" library="SeleniumLibrary">
<arg>xpath=//body</arg>
<arg>\ue00f</arg>
<doc>Simulates the user pressing key(s) to an element or on the active browser.</doc>
<msg timestamp="20230630 21:03:38.677" level="INFO">Sending key(s) ('\ue00f',) to xpath=//body element.</msg>
<msg timestamp="20230630 21:03:38.971" level="INFO">Sending key </msg>
<status status="PASS" starttime="20230630 21:03:38.676" endtime="20230630 21:03:38.976"/>
</kw>
<kw name="Sleep" library="BuiltIn">
<arg>3s</arg>
<doc>Pauses the test executed for the given time.</doc>
<msg timestamp="20230630 21:03:41.976" level="INFO">Slept 3 seconds</msg>
<status status="PASS" starttime="20230630 21:03:38.976" endtime="20230630 21:03:41.976"/>
</kw>
<kw name="Click Element" library="SeleniumLibrary">
<arg>${selectproduct}</arg>
<doc>Click the element identified by ``locator``.</doc>
<msg timestamp="20230630 21:03:41.976" level="INFO">Clicking element '//*[@id="tb-product"]/tr/td/div/div[2]/button'.</msg>
<status status="PASS" starttime="20230630 21:03:41.976" endtime="20230630 21:03:42.028"/>
</kw>
<kw name="Wait Until Element Is Visible" library="SeleniumLibrary">
<arg>${basicproduct}</arg>
<doc>Waits until the element ``locator`` is visible.</doc>
<status status="PASS" starttime="20230630 21:03:42.028" endtime="20230630 21:03:42.046"/>
</kw>
<kw name="Click Element" library="SeleniumLibrary">
<arg>${basicproduct}</arg>
<doc>Click the element identified by ``locator``.</doc>
<msg timestamp="20230630 21:03:42.046" level="INFO">Clicking element '//*[@id="product_promotion"]/div[2]/div[2]/div/div/div[1]/div/ul/li[2]/a'.</msg>
<status status="PASS" starttime="20230630 21:03:42.046" endtime="20230630 21:03:42.540"/>
</kw>
<kw name="Wait Until Element Is Visible" library="SeleniumLibrary">
<arg>${firstproduct}</arg>
<doc>Waits until the element ``locator`` is visible.</doc>
<status status="PASS" starttime="20230630 21:03:42.540" endtime="20230630 21:03:43.179"/>
</kw>
<kw name="Click Element" library="SeleniumLibrary">
<arg>${firstproduct}</arg>
<doc>Click the element identified by ``locator``.</doc>
<msg timestamp="20230630 21:03:43.180" level="INFO">Clicking element '//*[@id="table_product_promotion"]/div/div/div/table/tbody/tr/td[1]/input'.</msg>
<status status="PASS" starttime="20230630 21:03:43.179" endtime="20230630 21:03:43.237"/>
</kw>
<kw name="Wait Until Element Is Visible" library="SeleniumLibrary">
<arg>${confirmselectproduct}</arg>
<doc>Waits until the element ``locator`` is visible.</doc>
<status status="PASS" starttime="20230630 21:03:43.237" endtime="20230630 21:03:43.256"/>
</kw>
<kw name="Click Element" library="SeleniumLibrary">
<arg>${confirmselectproduct}</arg>
<doc>Click the element identified by ``locator``.</doc>
<msg timestamp="20230630 21:03:43.256" level="INFO">Clicking element '//*[@id="product_promotion"]/div[3]/div/button[1]'.</msg>
<status status="PASS" starttime="20230630 21:03:43.256" endtime="20230630 21:03:43.335"/>
</kw>
<kw name="Press Keys" library="SeleniumLibrary">
<arg>xpath=//body</arg>
<arg>\ue00e</arg>
<doc>Simulates the user pressing key(s) to an element or on the active browser.</doc>
<msg timestamp="20230630 21:03:43.335" level="INFO">Sending key(s) ('\ue00e',) to xpath=//body element.</msg>
<msg timestamp="20230630 21:03:43.640" level="INFO">Sending key </msg>
<status status="PASS" starttime="20230630 21:03:43.335" endtime="20230630 21:03:43.651"/>
</kw>
<kw name="Sleep" library="BuiltIn">
<arg>4s</arg>
<doc>Pauses the test executed for the given time.</doc>
<msg timestamp="20230630 21:03:47.652" level="INFO">Slept 4 seconds</msg>
<status status="PASS" starttime="20230630 21:03:43.652" endtime="20230630 21:03:47.652"/>
</kw>
<kw name="Wait Until Element Is Visible" library="SeleniumLibrary">
<arg>${confirmandreorder}</arg>
<doc>Waits until the element ``locator`` is visible.</doc>
<status status="PASS" starttime="20230630 21:03:47.652" endtime="20230630 21:03:47.665"/>
</kw>
<kw name="Click Element" library="SeleniumLibrary">
<arg>${confirmandreorder}</arg>
<doc>Click the element identified by ``locator``.</doc>
<msg timestamp="20230630 21:03:47.666" level="INFO">Clicking element '//*[@id="order_form_modal"]/div/div[3]/form/div[2]/div[1]/div[6]/button[2]'.</msg>
<status status="PASS" starttime="20230630 21:03:47.665" endtime="20230630 21:03:47.727"/>
</kw>
<kw name="Sleep" library="BuiltIn">
<arg>4s</arg>
<doc>Pauses the test executed for the given time.</doc>
<msg timestamp="20230630 21:03:51.729" level="INFO">Slept 4 seconds</msg>
<status status="PASS" starttime="20230630 21:03:47.727" endtime="20230630 21:03:51.729"/>
</kw>
<status status="PASS" starttime="20230630 21:03:20.377" endtime="20230630 21:03:51.729"/>
</kw>
<status status="PASS" starttime="20230630 21:03:20.377" endtime="20230630 21:03:51.729"/>
</test>
<test id="s1-t7" name="Add Order 4" line="324">
<kw name="Add Order 4">
<kw name="Sleep" library="BuiltIn">
<arg>4s</arg>
<doc>Pauses the test executed for the given time.</doc>
<msg timestamp="20230630 21:03:55.730" level="INFO">Slept 4 seconds</msg>
<status status="PASS" starttime="20230630 21:03:51.730" endtime="20230630 21:03:55.730"/>
</kw>
<kw name="Evaluate" library="BuiltIn">
<var>${value}</var>
<arg>random.choice($random)</arg>
<arg>random</arg>
<doc>Evaluates the given expression in Python and returns the result.</doc>
<msg timestamp="20230630 21:03:55.730" level="INFO">${value} = //*[@id="order_form_modal"]/div/div[3]/form/div[2]/div[1]/div[2]/div/div/div[2]/div/div/div/div/div[12]/label/div</msg>
<status status="PASS" starttime="20230630 21:03:55.730" endtime="20230630 21:03:55.730"/>
</kw>
<kw name="Wait Until Element Is Visible" library="SeleniumLibrary">
<arg>${fromfacebook}</arg>
<doc>Waits until the element ``locator`` is visible.</doc>
<status status="PASS" starttime="20230630 21:03:55.730" endtime="20230630 21:03:55.744"/>
</kw>
<kw name="Click Element" library="SeleniumLibrary">
<arg>${value}</arg>
<doc>Click the element identified by ``locator``.</doc>
<msg timestamp="20230630 21:03:55.744" level="INFO">Clicking element '//*[@id="order_form_modal"]/div/div[3]/form/div[2]/div[1]/div[2]/div/div/div[2]/div/div/div/div/div[12]/label/div'.</msg>
<status status="PASS" starttime="20230630 21:03:55.744" endtime="20230630 21:03:55.783"/>
</kw>
<kw name="Sleep" library="BuiltIn">
<arg>4s</arg>
<doc>Pauses the test executed for the given time.</doc>
<msg timestamp="20230630 21:03:59.785" level="INFO">Slept 4 seconds</msg>
<status status="PASS" starttime="20230630 21:03:55.783" endtime="20230630 21:03:59.785"/>
</kw>
<kw name="Wait Until Element Is Visible" library="SeleniumLibrary">
<arg>${userbox}</arg>
<doc>Waits until the element ``locator`` is visible.</doc>
<status status="PASS" starttime="20230630 21:03:59.785" endtime="20230630 21:03:59.799"/>
</kw>
<kw name="Click Element" library="SeleniumLibrary">
<arg>${userbox}</arg>
<doc>Click the element identified by ``locator``.</doc>
<msg timestamp="20230630 21:03:59.800" level="INFO">Clicking element '//*[@id="customer-search"]/div/span/span[1]/span/ul/li/input'.</msg>
<status status="PASS" starttime="20230630 21:03:59.800" endtime="20230630 21:03:59.843"/>
</kw>
<kw name="Sleep" library="BuiltIn">
<arg>4s</arg>
<doc>Pauses the test executed for the given time.</doc>
<msg timestamp="20230630 21:04:03.843" level="INFO">Slept 4 seconds</msg>
<status status="PASS" starttime="20230630 21:03:59.843" endtime="20230630 21:04:03.843"/>
</kw>
<kw name="Wait Until Element Is Visible" library="SeleniumLibrary">
<arg>${firstuser}</arg>
<doc>Waits until the element ``locator`` is visible.</doc>
<status status="PASS" starttime="20230630 21:04:03.843" endtime="20230630 21:04:03.856"/>
</kw>
<kw name="Click Element" library="SeleniumLibrary">
<arg>${firstuser}</arg>
<doc>Click the element identified by ``locator``.</doc>
<msg timestamp="20230630 21:04:03.857" level="INFO">Clicking element '//*[@id="select2--results"]/li[1]/div'.</msg>
<status status="PASS" starttime="20230630 21:04:03.856" endtime="20230630 21:04:03.908"/>
</kw>
<kw name="Sleep" library="BuiltIn">
<arg>3s</arg>
<doc>Pauses the test executed for the given time.</doc>
<msg timestamp="20230630 21:04:06.910" level="INFO">Slept 3 seconds</msg>
<status status="PASS" starttime="20230630 21:04:03.908" endtime="20230630 21:04:06.910"/>
</kw>
<kw name="Wait Until Element Is Visible" library="SeleniumLibrary">
<arg>${cod}</arg>
<doc>Waits until the element ``locator`` is visible.</doc>
<status status="PASS" starttime="20230630 21:04:06.910" endtime="20230630 21:04:06.924"/>
</kw>
<kw name="Click Element" library="SeleniumLibrary">
<arg>${cod}</arg>
<doc>Click the element identified by ``locator``.</doc>
<msg timestamp="20230630 21:04:06.924" level="INFO">Clicking element '//*[@id="payment-component"]/div[1]/div/div/div[2]/button'.</msg>
<status status="PASS" starttime="20230630 21:04:06.924" endtime="20230630 21:04:06.960"/>
</kw>
<kw name="Sleep" library="BuiltIn">
<arg>3s</arg>
<doc>Pauses the test executed for the given time.</doc>
<msg timestamp="20230630 21:04:09.962" level="INFO">Slept 3 seconds</msg>
<status status="PASS" starttime="20230630 21:04:06.961" endtime="20230630 21:04:09.962"/>
</kw>
<kw name="Press Keys" library="SeleniumLibrary">
<arg>xpath=//body</arg>
<arg>\ue00f</arg>
<doc>Simulates the user pressing key(s) to an element or on the active browser.</doc>
<msg timestamp="20230630 21:04:09.962" level="INFO">Sending key(s) ('\ue00f',) to xpath=//body element.</msg>
<msg timestamp="20230630 21:04:10.236" level="INFO">Sending key </msg>
<status status="PASS" starttime="20230630 21:04:09.962" endtime="20230630 21:04:10.241"/>
</kw>
<kw name="Sleep" library="BuiltIn">
<arg>3s</arg>
<doc>Pauses the test executed for the given time.</doc>
<msg timestamp="20230630 21:04:13.241" level="INFO">Slept 3 seconds</msg>
<status status="PASS" starttime="20230630 21:04:10.241" endtime="20230630 21:04:13.241"/>
</kw>
<kw name="Click Element" library="SeleniumLibrary">
<arg>${selectproduct}</arg>
<doc>Click the element identified by ``locator``.</doc>
<msg timestamp="20230630 21:04:13.241" level="INFO">Clicking element '//*[@id="tb-product"]/tr/td/div/div[2]/button'.</msg>
<status status="PASS" starttime="20230630 21:04:13.241" endtime="20230630 21:04:13.287"/>
</kw>
<kw name="Wait Until Element Is Visible" library="SeleniumLibrary">
<arg>${basicproduct}</arg>
<doc>Waits until the element ``locator`` is visible.</doc>
<status status="PASS" starttime="20230630 21:04:13.287" endtime="20230630 21:04:13.303"/>
</kw>
<kw name="Click Element" library="SeleniumLibrary">
<arg>${basicproduct}</arg>
<doc>Click the element identified by ``locator``.</doc>
<msg timestamp="20230630 21:04:13.305" level="INFO">Clicking element '//*[@id="product_promotion"]/div[2]/div[2]/div/div/div[1]/div/ul/li[2]/a'.</msg>
<status status="PASS" starttime="20230630 21:04:13.303" endtime="20230630 21:04:14.106"/>
</kw>
<kw name="Wait Until Element Is Visible" library="SeleniumLibrary">
<arg>${firstproduct}</arg>
<doc>Waits until the element ``locator`` is visible.</doc>
<status status="PASS" starttime="20230630 21:04:14.106" endtime="20230630 21:04:14.746"/>
</kw>
<kw name="Click Element" library="SeleniumLibrary">
<arg>${firstproduct}</arg>
<doc>Click the element identified by ``locator``.</doc>
<msg timestamp="20230630 21:04:14.746" level="INFO">Clicking element '//*[@id="table_product_promotion"]/div/div/div/table/tbody/tr/td[1]/input'.</msg>
<status status="PASS" starttime="20230630 21:04:14.746" endtime="20230630 21:04:14.784"/>
</kw>
<kw name="Wait Until Element Is Visible" library="SeleniumLibrary">
<arg>${confirmselectproduct}</arg>
<doc>Waits until the element ``locator`` is visible.</doc>
<status status="PASS" starttime="20230630 21:04:14.784" endtime="20230630 21:04:14.798"/>
</kw>
<kw name="Click Element" library="SeleniumLibrary">
<arg>${confirmselectproduct}</arg>
<doc>Click the element identified by ``locator``.</doc>
<msg timestamp="20230630 21:04:14.800" level="INFO">Clicking element '//*[@id="product_promotion"]/div[3]/div/button[1]'.</msg>
<status status="PASS" starttime="20230630 21:04:14.798" endtime="20230630 21:04:14.868"/>
</kw>
<kw name="Press Keys" library="SeleniumLibrary">
<arg>xpath=//body</arg>
<arg>\ue00e</arg>
<doc>Simulates the user pressing key(s) to an element or on the active browser.</doc>
<msg timestamp="20230630 21:04:14.868" level="INFO">Sending key(s) ('\ue00e',) to xpath=//body element.</msg>
<msg timestamp="20230630 21:04:15.167" level="INFO">Sending key </msg>
<status status="PASS" starttime="20230630 21:04:14.868" endtime="20230630 21:04:15.176"/>
</kw>
<kw name="Sleep" library="BuiltIn">
<arg>4s</arg>
<doc>Pauses the test executed for the given time.</doc>
<msg timestamp="20230630 21:04:19.176" level="INFO">Slept 4 seconds</msg>
<status status="PASS" starttime="20230630 21:04:15.176" endtime="20230630 21:04:19.176"/>
</kw>
<kw name="Wait Until Element Is Visible" library="SeleniumLibrary">
<arg>${confirmorder}</arg>
<doc>Waits until the element ``locator`` is visible.</doc>
<status status="PASS" starttime="20230630 21:04:19.176" endtime="20230630 21:04:19.193"/>
</kw>
<kw name="Click Element" library="SeleniumLibrary">
<arg>${confirmorder}</arg>
<doc>Click the element identified by ``locator``.</doc>
<msg timestamp="20230630 21:04:19.193" level="INFO">Clicking element '//*[@id="order_form_modal"]/div/div[3]/form/div[2]/div[1]/div[6]/button[1]'.</msg>
<status status="PASS" starttime="20230630 21:04:19.193" endtime="20230630 21:04:19.269"/>
</kw>
<kw name="Sleep" library="BuiltIn">
<arg>4s</arg>
<doc>Pauses the test executed for the given time.</doc>
<msg timestamp="20230630 21:04:23.269" level="INFO">Slept 4 seconds</msg>
<status status="PASS" starttime="20230630 21:04:19.269" endtime="20230630 21:04:23.269"/>
</kw>
<status status="PASS" starttime="20230630 21:03:51.730" endtime="20230630 21:04:23.269"/>
</kw>
<status status="PASS" starttime="20230630 21:03:51.730" endtime="20230630 21:04:23.270"/>
</test>
<test id="s1-t8" name="Confirm Order 4" line="327">
<kw name="Confirm Order 4">
<kw name="Wait Until Element Is Visible" library="SeleniumLibrary">
<arg>${selectorder1}</arg>
<doc>Waits until the element ``locator`` is visible.</doc>
<status status="PASS" starttime="20230630 21:04:23.271" endtime="20230630 21:04:23.293"/>
</kw>
<kw name="Click Element" library="SeleniumLibrary">
<arg>${selectorder1}</arg>
<doc>Click the element identified by ``locator``.</doc>
<msg timestamp="20230630 21:04:23.293" level="INFO">Clicking element '//*[@id="table-order"]/div/div/div/table/tbody/tr[1]/td[5]/div/span/a'.</msg>
<status status="PASS" starttime="20230630 21:04:23.293" endtime="20230630 21:04:23.365"/>
</kw>
<kw name="Sleep" library="BuiltIn">
<arg>10s</arg>
<doc>Pauses the test executed for the given time.</doc>
<msg timestamp="20230630 21:04:33.365" level="INFO">Slept 10 seconds</msg>
<status status="PASS" starttime="20230630 21:04:23.365" endtime="20230630 21:04:33.365"/>
</kw>
<kw name="Get Window Handles" library="SeleniumLibrary">
<var>${windows}</var>
<doc>Returns all child window handles of the selected browser as a list.</doc>
<msg timestamp="20230630 21:04:33.369" level="INFO">${windows} = ['65F4BD305B4A5222B1821BB36AB83AB6', '1502080CF136DB193E2A727002DEC3E1']</msg>
<status status="PASS" starttime="20230630 21:04:33.365" endtime="20230630 21:04:33.369"/>
</kw>
<kw name="Switch Window" library="SeleniumLibrary">
<arg>${windows}[1]</arg>
<doc>Switches to browser window matching ``locator``.</doc>
<status status="PASS" starttime="20230630 21:04:33.369" endtime="20230630 21:04:33.453"/>
</kw>
<kw name="Wait Until Element Is Visible" library="SeleniumLibrary">
<arg>${option}</arg>
<doc>Waits until the element ``locator`` is visible.</doc>
<status status="PASS" starttime="20230630 21:04:33.453" endtime="20230630 21:04:33.479"/>
</kw>
<kw name="Click Element" library="SeleniumLibrary">
<arg>${option}</arg>
<doc>Click the element identified by ``locator``.</doc>
<msg timestamp="20230630 21:04:33.479" level="INFO">Clicking element '//html/body/section/div[2]/div[4]/div[4]/div/div[1]/div[1]/div[1]/div[2]/div[1]/button'.</msg>
<status status="PASS" starttime="20230630 21:04:33.479" endtime="20230630 21:04:33.527"/>
</kw>
<kw name="Sleep" library="BuiltIn">
<arg>4s</arg>
<doc>Pauses the test executed for the given time.</doc>
<msg timestamp="20230630 21:04:37.527" level="INFO">Slept 4 seconds</msg>
<status status="PASS" starttime="20230630 21:04:33.527" endtime="20230630 21:04:37.527"/>
</kw>
<kw name="Wait Until Element Is Visible" library="SeleniumLibrary">
<arg>${confirmcod}</arg>
<doc>Waits until the element ``locator`` is visible.</doc>
<status status="PASS" starttime="20230630 21:04:37.527" endtime="20230630 21:04:37.545"/>
</kw>
<kw name="Click Element" library="SeleniumLibrary">
<arg>${confirmcod}</arg>
<doc>Click the element identified by ``locator``.</doc>
<msg timestamp="20230630 21:04:37.546" level="INFO">Clicking element '//html/body/section/div[2]/div[4]/div[4]/div/div[1]/div[1]/div[1]/div[2]/div[1]/div/a[1]'.</msg>
<status status="PASS" starttime="20230630 21:04:37.546" endtime="20230630 21:04:37.621"/>
</kw>
<kw name="Sleep" library="BuiltIn">
<arg>4s</arg>
<doc>Pauses the test executed for the given time.</doc>
<msg timestamp="20230630 21:04:41.621" level="INFO">Slept 4 seconds</msg>
<status status="PASS" starttime="20230630 21:04:37.621" endtime="20230630 21:04:41.621"/>
</kw>
<kw name="Wait Until Element Is Visible" library="SeleniumLibrary">
<arg>${confirmbutton}</arg>
<doc>Waits until the element ``locator`` is visible.</doc>
<status status="PASS" starttime="20230630 21:04:41.621" endtime="20230630 21:04:41.637"/>
</kw>
<kw name="Click Element" library="SeleniumLibrary">
<arg>${confirmbutton}</arg>
<doc>Click the element identified by ``locator``.</doc>
<msg timestamp="20230630 21:04:41.637" level="INFO">Clicking element '//html/body/div[2]/div/div[6]/button[1]'.</msg>
<status status="PASS" starttime="20230630 21:04:41.637" endtime="20230630 21:04:41.669"/>
</kw>
<kw name="Sleep" library="BuiltIn">
<arg>5s</arg>
<doc>Pauses the test executed for the given time.</doc>
<msg timestamp="20230630 21:04:46.669" level="INFO">Slept 5 seconds</msg>
<status status="PASS" starttime="20230630 21:04:41.669" endtime="20230630 21:04:46.669"/>
</kw>
<kw name="Close Window" library="SeleniumLibrary">
<doc>Closes currently opened and selected browser window/tab.</doc>
<status status="PASS" starttime="20230630 21:04:46.669" endtime="20230630 21:04:46.735"/>
</kw>
<kw name="Sleep" library="BuiltIn">
<arg>4s</arg>
<doc>Pauses the test executed for the given time.</doc>
<msg timestamp="20230630 21:04:50.737" level="INFO">Slept 4 seconds</msg>
<status status="PASS" starttime="20230630 21:04:46.736" endtime="20230630 21:04:50.737"/>
</kw>
<kw name="Switch Window" library="SeleniumLibrary">
<arg>${windows}[0]</arg>
<doc>Switches to browser window matching ``locator``.</doc>
<status status="PASS" starttime="20230630 21:04:50.737" endtime="20230630 21:04:50.740"/>
</kw>
<status status="PASS" starttime="20230630 21:04:23.270" endtime="20230630 21:04:50.740"/>
</kw>
<status status="PASS" starttime="20230630 21:04:23.270" endtime="20230630 21:04:50.740"/>
</test>
<test id="s1-t9" name="Confirm Order 2" line="330">
<kw name="Confirm Order 2">
<kw name="Wait Until Element Is Visible" library="SeleniumLibrary">
<arg>${ordermenu}</arg>
<doc>Waits until the element ``locator`` is visible.</doc>
<status status="PASS" starttime="20230630 21:04:50.741" endtime="20230630 21:04:50.759"/>
</kw>
<kw name="Click Element" library="SeleniumLibrary">
<arg>${ordermenu}</arg>
<doc>Click the element identified by ``locator``.</doc>
<msg timestamp="20230630 21:04:50.760" level="INFO">Clicking element '//html/body/section/div[2]/div[2]/div[2]/div/ul/li[3]/a'.</msg>
<status status="PASS" starttime="20230630 21:04:50.759" endtime="20230630 21:04:50.823"/>
</kw>
<kw name="Sleep" library="BuiltIn">
<arg>4s</arg>
<doc>Pauses the test executed for the given time.</doc>
<msg timestamp="20230630 21:04:54.823" level="INFO">Slept 4 seconds</msg>
<status status="PASS" starttime="20230630 21:04:50.823" endtime="20230630 21:04:54.823"/>
</kw>
<kw name="Wait Until Element Is Visible" library="SeleniumLibrary">
<arg>${selectorder3}</arg>
<doc>Waits until the element ``locator`` is visible.</doc>
<status status="PASS" starttime="20230630 21:04:54.823" endtime="20230630 21:04:54.839"/>
</kw>
<kw name="Click Element" library="SeleniumLibrary">
<arg>${selectorder3}</arg>
<doc>Click the element identified by ``locator``.</doc>
<msg timestamp="20230630 21:04:54.839" level="INFO">Clicking element '//*[@id="table-order"]/div/div/div/table/tbody/tr[3]/td[5]/div/span/a'.</msg>
<status status="PASS" starttime="20230630 21:04:54.839" endtime="20230630 21:04:54.903"/>
</kw>
<kw name="Sleep" library="BuiltIn">
<arg>10s</arg>
<doc>Pauses the test executed for the given time.</doc>
<msg timestamp="20230630 21:05:04.903" level="INFO">Slept 10 seconds</msg>
<status status="PASS" starttime="20230630 21:04:54.903" endtime="20230630 21:05:04.903"/>
</kw>
<kw name="Get Window Handles" library="SeleniumLibrary">
<var>${windows}</var>
<doc>Returns all child window handles of the selected browser as a list.</doc>
<msg timestamp="20230630 21:05:04.906" level="INFO">${windows} = ['65F4BD305B4A5222B1821BB36AB83AB6', '1053D3DD09B0646F742B08C1F3A24143']</msg>
<status status="PASS" starttime="20230630 21:05:04.903" endtime="20230630 21:05:04.906"/>
</kw>
<kw name="Switch Window" library="SeleniumLibrary">
<arg>${windows}[1]</arg>
<doc>Switches to browser window matching ``locator``.</doc>
<status status="PASS" starttime="20230630 21:05:04.906" endtime="20230630 21:05:04.951"/>
</kw>
<kw name="Wait Until Element Is Visible" library="SeleniumLibrary">
<arg>${paymentbutton}</arg>
<doc>Waits until the element ``locator`` is visible.</doc>
<status status="PASS" starttime="20230630 21:05:04.951" endtime="20230630 21:05:04.976"/>
</kw>
<kw name="Click Element" library="SeleniumLibrary">
<arg>${paymentbutton}</arg>
<doc>Click the element identified by ``locator``.</doc>
<msg timestamp="20230630 21:05:04.976" level="INFO">Clicking element '//html/body/section/div[2]/div[4]/div[4]/div/div[1]/div[1]/div[1]/div[2]/button[1]'.</msg>
<status status="PASS" starttime="20230630 21:05:04.976" endtime="20230630 21:05:05.021"/>
</kw>
<kw name="Sleep" library="BuiltIn">
<arg>4s</arg>
<doc>Pauses the test executed for the given time.</doc>
<msg timestamp="20230630 21:05:09.021" level="INFO">Slept 4 seconds</msg>
<status status="PASS" starttime="20230630 21:05:05.021" endtime="20230630 21:05:09.021"/>
</kw>
<kw name="Wait Until Element Is Visible" library="SeleniumLibrary">
<arg>${selectbank}</arg>
<doc>Waits until the element ``locator`` is visible.</doc>
<status status="PASS" starttime="20230630 21:05:09.021" endtime="20230630 21:05:09.041"/>
</kw>
<kw name="Click Element" library="SeleniumLibrary">
<arg>${selectbank}</arg>
<doc>Click the element identified by ``locator``.</doc>
<msg timestamp="20230630 21:05:09.041" level="INFO">Clicking element '//*[@id="select2--container"]/span/div'.</msg>
<status status="PASS" starttime="20230630 21:05:09.041" endtime="20230630 21:05:09.083"/>
</kw>
<kw name="Sleep" library="BuiltIn">
<arg>4s</arg>
<doc>Pauses the test executed for the given time.</doc>
<msg timestamp="20230630 21:05:13.083" level="INFO">Slept 4 seconds</msg>
<status status="PASS" starttime="20230630 21:05:09.083" endtime="20230630 21:05:13.083"/>
</kw>
<kw name="Click Element" library="SeleniumLibrary">
<arg>${firstbank}</arg>
<doc>Click the element identified by ``locator``.</doc>
<msg timestamp="20230630 21:05:13.084" level="INFO">Clicking element '//*[contains(text(), "Simple Bank Account")]'.</msg>
<status status="PASS" starttime="20230630 21:05:13.083" endtime="20230630 21:05:13.120"/>
</kw>
<kw name="Sleep" library="BuiltIn">
<arg>4s</arg>
<doc>Pauses the test executed for the given time.</doc>
<msg timestamp="20230630 21:05:17.120" level="INFO">Slept 4 seconds</msg>
<status status="PASS" starttime="20230630 21:05:13.120" endtime="20230630 21:05:17.120"/>
</kw>
<kw name="Wait Until Page Contains Element" library="SeleniumLibrary">
<arg>${uploadfield}</arg>
<doc>Waits until the element ``locator`` appears on the current page.</doc>
<status status="PASS" starttime="20230630 21:05:17.120" endtime="20230630 21:05:17.128"/>
</kw>
<kw name="Sleep" library="BuiltIn">
<arg>4s</arg>
<doc>Pauses the test executed for the given time.</doc>
<msg timestamp="20230630 21:05:21.128" level="INFO">Slept 4 seconds</msg>
<status status="PASS" starttime="20230630 21:05:17.128" endtime="20230630 21:05:21.128"/>
</kw>
<kw name="Choose File" library="SeleniumLibrary">
<arg>${uploadfield}</arg>
<arg>${testpic1}</arg>
<doc>Inputs the ``file_path`` into the file input field ``locator``.</doc>
<msg timestamp="20230630 21:05:21.128" level="INFO">Sending C:\Users\Thanawin\robot\ubuntu\winwinwin\slip.jpg to browser.</msg>
<status status="PASS" starttime="20230630 21:05:21.128" endtime="20230630 21:05:21.173"/>
</kw>
<kw name="Sleep" library="BuiltIn">
<arg>5s</arg>
<doc>Pauses the test executed for the given time.</doc>
<msg timestamp="20230630 21:05:26.173" level="INFO">Slept 5 seconds</msg>
<status status="PASS" starttime="20230630 21:05:21.173" endtime="20230630 21:05:26.173"/>
</kw>
<kw name="Wait Until Element Is Visible" library="SeleniumLibrary">
<arg>${confirmpaymentbutton}</arg>
<doc>Waits until the element ``locator`` is visible.</doc>
<status status="PASS" starttime="20230630 21:05:26.173" endtime="20230630 21:05:26.188"/>
</kw>
<kw name="Click Element" library="SeleniumLibrary">
<arg>${confirmpaymentbutton}</arg>
<doc>Click the element identified by ``locator``.</doc>
<msg timestamp="20230630 21:05:26.189" level="INFO">Clicking element '//*[@id="add_payment"]/div/div[2]/div/button[1]'.</msg>
<status status="PASS" starttime="20230630 21:05:26.188" endtime="20230630 21:05:26.230"/>
</kw>
<kw name="Sleep" library="BuiltIn">
<arg>10s</arg>
<doc>Pauses the test executed for the given time.</doc>
<msg timestamp="20230630 21:05:36.230" level="INFO">Slept 10 seconds</msg>
<status status="PASS" starttime="20230630 21:05:26.230" endtime="20230630 21:05:36.230"/>
</kw>
<kw name="Wait Until Element Is Visible" library="SeleniumLibrary">
<arg>${paymentbutton}</arg>
<doc>Waits until the element ``locator`` is visible.</doc>
<status status="PASS" starttime="20230630 21:05:36.230" endtime="20230630 21:05:36.242"/>
</kw>
<kw name="Click Element" library="SeleniumLibrary">
<arg>${paymentbutton}</arg>
<doc>Click the element identified by ``locator``.</doc>
<msg timestamp="20230630 21:05:36.242" level="INFO">Clicking element '//html/body/section/div[2]/div[4]/div[4]/div/div[1]/div[1]/div[1]/div[2]/button[1]'.</msg>
<status status="PASS" starttime="20230630 21:05:36.242" endtime="20230630 21:05:36.273"/>
</kw>
<kw name="Wait Until Element Is Visible" library="SeleniumLibrary">
<arg>${confirmallpayment}</arg>
<doc>Waits until the element ``locator`` is visible.</doc>
<status status="PASS" starttime="20230630 21:05:36.274" endtime="20230630 21:05:36.503"/>
</kw>
<kw name="Click Element" library="SeleniumLibrary">
<arg>${confirmallpayment}</arg>
<doc>Click the element identified by ``locator``.</doc>
<msg timestamp="20230630 21:05:36.504" level="INFO">Clicking element '//*[@id="list_payment"]/div[3]/div/button[2]'.</msg>
<status status="PASS" starttime="20230630 21:05:36.504" endtime="20230630 21:05:36.539"/>
</kw>
<kw name="Sleep" library="BuiltIn">
<arg>5s</arg>
<doc>Pauses the test executed for the given time.</doc>
<msg timestamp="20230630 21:05:41.540" level="INFO">Slept 5 seconds</msg>
<status status="PASS" starttime="20230630 21:05:36.540" endtime="20230630 21:05:41.540"/>
</kw>
<kw name="Wait Until Element Is Visible" library="SeleniumLibrary">
<arg>${confirmallpayment2}</arg>
<doc>Waits until the element ``locator`` is visible.</doc>
<status status="PASS" starttime="20230630 21:05:41.540" endtime="20230630 21:05:41.555"/>
</kw>
<kw name="Click Element" library="SeleniumLibrary">
<arg>${confirmallpayment2}</arg>
<doc>Click the element identified by ``locator``.</doc>
<msg timestamp="20230630 21:05:41.555" level="INFO">Clicking element '//html/body/div[3]/div/div[6]/button[1]'.</msg>
<status status="PASS" starttime="20230630 21:05:41.555" endtime="20230630 21:05:41.588"/>
</kw>
<kw name="Sleep" library="BuiltIn">
<arg>10s</arg>
<doc>Pauses the test executed for the given time.</doc>
<msg timestamp="20230630 21:05:51.589" level="INFO">Slept 10 seconds</msg>
<status status="PASS" starttime="20230630 21:05:41.588" endtime="20230630 21:05:51.589"/>
</kw>
<kw name="Close Window" library="SeleniumLibrary">
<doc>Closes currently opened and selected browser window/tab.</doc>
<status status="PASS" starttime="20230630 21:05:51.589" endtime="20230630 21:05:51.653"/>
</kw>
<kw name="Sleep" library="BuiltIn">
<arg>4s</arg>
<doc>Pauses the test executed for the given time.</doc>
<msg timestamp="20230630 21:05:55.653" level="INFO">Slept 4 seconds</msg>
<status status="PASS" starttime="20230630 21:05:51.653" endtime="20230630 21:05:55.653"/>
</kw>
<kw name="Switch Window" library="SeleniumLibrary">
<arg>${windows}[0]</arg>
<doc>Switches to browser window matching ``locator``.</doc>
<status status="PASS" starttime="20230630 21:05:55.653" endtime="20230630 21:05:55.659"/>
</kw>
<status status="PASS" starttime="20230630 21:04:50.741" endtime="20230630 21:05:55.661"/>
</kw>
<status status="PASS" starttime="20230630 21:04:50.741" endtime="20230630 21:05:55.661"/>
</test>
<test id="s1-t10" name="Shipment2" line="336">
<kw name="Shipment2">
<kw name="Sleep" library="BuiltIn">
<arg>5s</arg>
<doc>Pauses the test executed for the given time.</doc>
<msg timestamp="20230630 21:06:00.663" level="INFO">Slept 5 seconds</msg>
<status status="PASS" starttime="20230630 21:05:55.663" endtime="20230630 21:06:00.663"/>
</kw>
<kw name="Click Element" library="SeleniumLibrary">
<arg>${shipmentmenu}</arg>
<doc>Click the element identified by ``locator``.</doc>
<msg timestamp="20230630 21:06:00.663" level="INFO">Clicking element '//html/body/section/div[2]/div[2]/div[2]/div/ul/li[5]'.</msg>
<status status="PASS" starttime="20230630 21:06:00.663" endtime="20230630 21:06:00.750"/>
</kw>
<kw name="Sleep" library="BuiltIn">
<arg>4s</arg>
<doc>Pauses the test executed for the given time.</doc>
<msg timestamp="20230630 21:06:04.752" level="INFO">Slept 4 seconds</msg>
<status status="PASS" starttime="20230630 21:06:00.750" endtime="20230630 21:06:04.752"/>
</kw>
<kw name="Click Element" library="SeleniumLibrary">
<arg>${shipmentmenu}</arg>
<doc>Click the element identified by ``locator``.</doc>
<msg timestamp="20230630 21:06:04.752" level="INFO">Clicking element '//html/body/section/div[2]/div[2]/div[2]/div/ul/li[5]'.</msg>
<status status="PASS" starttime="20230630 21:06:04.752" endtime="20230630 21:06:04.781"/>
</kw>
<kw name="Sleep" library="BuiltIn">
<arg>4s</arg>
<doc>Pauses the test executed for the given time.</doc>
<msg timestamp="20230630 21:06:08.782" level="INFO">Slept 4 seconds</msg>
<status status="PASS" starttime="20230630 21:06:04.781" endtime="20230630 21:06:08.782"/>
</kw>
<kw name="Wait Until Element Is Visible" library="SeleniumLibrary">
<arg>${selectshipment}</arg>
<doc>Waits until the element ``locator`` is visible.</doc>
<status status="PASS" starttime="20230630 21:06:08.782" endtime="20230630 21:06:08.815"/>
</kw>
<kw name="Click Element" library="SeleniumLibrary">
<arg>${selectshipment}</arg>
<doc>Click the element identified by ``locator``.</doc>
<msg timestamp="20230630 21:06:08.816" level="INFO">Clicking element '//html/body/section/div[2]/div[4]/div[4]/div/div[1]/div[2]/div[3]/div[1]/div/div/div/table/tbody/tr[1]/td[1]/input'.</msg>
<status status="PASS" starttime="20230630 21:06:08.815" endtime="20230630 21:06:08.896"/>
</kw>
<kw name="Sleep" library="BuiltIn">
<arg>3s</arg>
<doc>Pauses the test executed for the given time.</doc>
<msg timestamp="20230630 21:06:11.896" level="INFO">Slept 3 seconds</msg>
<status status="PASS" starttime="20230630 21:06:08.896" endtime="20230630 21:06:11.896"/>
</kw>
<kw name="Wait Until Element Is Visible" library="SeleniumLibrary">
<arg>${selectshipment2}</arg>
<doc>Waits until the element ``locator`` is visible.</doc>
<status status="PASS" starttime="20230630 21:06:11.896" endtime="20230630 21:06:11.913"/>
</kw>
<kw name="Click Element" library="SeleniumLibrary">
<arg>${selectshipment2}</arg>
<doc>Click the element identified by ``locator``.</doc>
<msg timestamp="20230630 21:06:11.914" level="INFO">Clicking element '//*[@id="bulk-actions"]/div/button[2]'.</msg>
<status status="PASS" starttime="20230630 21:06:11.914" endtime="20230630 21:06:11.991"/>
</kw>
<kw name="Sleep" library="BuiltIn">
<arg>4s</arg>
<doc>Pauses the test executed for the given time.</doc>
<msg timestamp="20230630 21:06:15.991" level="INFO">Slept 4 seconds</msg>
<status status="PASS" starttime="20230630 21:06:11.991" endtime="20230630 21:06:15.991"/>
</kw>
<kw name="Wait Until Element Is Visible" library="SeleniumLibrary">
<arg>${shipthaipost}</arg>
<doc>Waits until the element ``locator`` is visible.</doc>
<status status="PASS" starttime="20230630 21:06:15.991" endtime="20230630 21:06:16.008"/>
</kw>
<kw name="Click Element" library="SeleniumLibrary">
<arg>${shipthaipost}</arg>
<doc>Click the element identified by ``locator``.</doc>
<msg timestamp="20230630 21:06:16.010" level="INFO">Clicking element '//*[@id="modal_change_carriers"]/div/div/div[3]/div/div/div/div[1]/div[1]/div[4]/button'.</msg>
<status status="PASS" starttime="20230630 21:06:16.008" endtime="20230630 21:06:16.059"/>
</kw>
<kw name="Sleep" library="BuiltIn">
<arg>5s</arg>
<doc>Pauses the test executed for the given time.</doc>
<msg timestamp="20230630 21:06:21.059" level="INFO">Slept 5 seconds</msg>
<status status="PASS" starttime="20230630 21:06:16.059" endtime="20230630 21:06:21.059"/>
</kw>
<kw name="Wait Until Element Is Visible" library="SeleniumLibrary">
<arg>${confirmselectship}</arg>
<doc>Waits until the element ``locator`` is visible.</doc>
<status status="PASS" starttime="20230630 21:06:21.059" endtime="20230630 21:06:21.078"/>
</kw>
<kw name="Click Element" library="SeleniumLibrary">
<arg>${confirmselectship}</arg>
<doc>Click the element identified by ``locator``.</doc>
<msg timestamp="20230630 21:06:21.078" level="INFO">Clicking element '//*[@id="carrier-checklist"]/div/div/div[3]/button[2]'.</msg>
<status status="PASS" starttime="20230630 21:06:21.078" endtime="20230630 21:06:21.153"/>
</kw>
<kw name="Sleep" library="BuiltIn">
<arg>5s</arg>
<doc>Pauses the test executed for the given time.</doc>
<msg timestamp="20230630 21:06:26.153" level="INFO">Slept 5 seconds</msg>
<status status="PASS" starttime="20230630 21:06:21.153" endtime="20230630 21:06:26.153"/>
</kw>
<kw name="Click Element" library="SeleniumLibrary">
<arg>${paymentship}</arg>
<doc>Click the element identified by ``locator``.</doc>
<msg timestamp="20230630 21:06:26.153" level="INFO">Clicking element '//*[@id="modal_pay_for_shipment"]/div/div/div[2]/div/div[2]/div/div[3]/button[1]'.</msg>
<status status="PASS" starttime="20230630 21:06:26.153" endtime="20230630 21:06:26.274"/>
</kw>
<kw name="Sleep" library="BuiltIn">
<arg>10s</arg>
<doc>Pauses the test executed for the given time.</doc>
<msg timestamp="20230630 21:06:36.274" level="INFO">Slept 10 seconds</msg>
<status status="PASS" starttime="20230630 21:06:26.274" endtime="20230630 21:06:36.274"/>
</kw>
<kw name="Wait Until Element Is Visible" library="SeleniumLibrary">
<arg>${confirmreadyship}</arg>
<doc>Waits until the element ``locator`` is visible.</doc>
<status status="PASS" starttime="20230630 21:06:36.274" endtime="20230630 21:06:36.291"/>
</kw>
<kw name="Click Element" library="SeleniumLibrary">
<arg>${confirmreadyship}</arg>
<doc>Click the element identified by ``locator``.</doc>
<msg timestamp="20230630 21:06:36.293" level="INFO">Clicking element '//html/body/div[2]/div/div[6]/button[1]'.</msg>
<status status="PASS" starttime="20230630 21:06:36.291" endtime="20230630 21:06:36.399"/>
</kw>
<kw name="Sleep" library="BuiltIn">
<arg>20s</arg>
<doc>Pauses the test executed for the given time.</doc>
<msg timestamp="20230630 21:06:56.400" level="INFO">Slept 20 seconds</msg>
<status status="PASS" starttime="20230630 21:06:36.399" endtime="20230630 21:06:56.400"/>
</kw>
<status status="PASS" starttime="20230630 21:05:55.663" endtime="20230630 21:06:56.400"/>
</kw>
<status status="PASS" starttime="20230630 21:05:55.661" endtime="20230630 21:06:56.400"/>
</test>
<test id="s1-t11" name="Shipment3" line="338">
<kw name="Shipment3">
<kw name="Sleep" library="BuiltIn">
<arg>5s</arg>
<doc>Pauses the test executed for the given time.</doc>
<msg timestamp="20230630 21:07:01.402" level="INFO">Slept 5 seconds</msg>
<status status="PASS" starttime="20230630 21:06:56.401" endtime="20230630 21:07:01.402"/>
</kw>
<kw name="Click Element" library="SeleniumLibrary">
<arg>${shipmentmenu}</arg>
<doc>Click the element identified by ``locator``.</doc>
<msg timestamp="20230630 21:07:01.402" level="INFO">Clicking element '//html/body/section/div[2]/div[2]/div[2]/div/ul/li[5]'.</msg>
<status status="PASS" starttime="20230630 21:07:01.402" endtime="20230630 21:07:01.461"/>
</kw>
<kw name="Sleep" library="BuiltIn">
<arg>4s</arg>
<doc>Pauses the test executed for the given time.</doc>
<msg timestamp="20230630 21:07:05.462" level="INFO">Slept 4 seconds</msg>
<status status="PASS" starttime="20230630 21:07:01.461" endtime="20230630 21:07:05.462"/>
</kw>
<kw name="Click Element" library="SeleniumLibrary">
<arg>${shipmentmenu}</arg>
<doc>Click the element identified by ``locator``.</doc>
<msg timestamp="20230630 21:07:05.462" level="INFO">Clicking element '//html/body/section/div[2]/div[2]/div[2]/div/ul/li[5]'.</msg>
<status status="PASS" starttime="20230630 21:07:05.462" endtime="20230630 21:07:05.489"/>
</kw>
<kw name="Sleep" library="BuiltIn">
<arg>4s</arg>
<doc>Pauses the test executed for the given time.</doc>
<msg timestamp="20230630 21:07:09.491" level="INFO">Slept 4 seconds</msg>
<status status="PASS" starttime="20230630 21:07:05.491" endtime="20230630 21:07:09.491"/>
</kw>
<kw name="Wait Until Element Is Visible" library="SeleniumLibrary">
<arg>${selectshipment}</arg>
<doc>Waits until the element ``locator`` is visible.</doc>
<status status="PASS" starttime="20230630 21:07:09.491" endtime="20230630 21:07:09.505"/>
</kw>
<kw name="Click Element" library="SeleniumLibrary">
<arg>${selectshipment}</arg>
<doc>Click the element identified by ``locator``.</doc>
<msg timestamp="20230630 21:07:09.506" level="INFO">Clicking element '//html/body/section/div[2]/div[4]/div[4]/div/div[1]/div[2]/div[3]/div[1]/div/div/div/table/tbody/tr[1]/td[1]/input'.</msg>
<status status="PASS" starttime="20230630 21:07:09.505" endtime="20230630 21:07:09.592"/>
</kw>
<kw name="Sleep" library="BuiltIn">
<arg>3s</arg>
<doc>Pauses the test executed for the given time.</doc>
<msg timestamp="20230630 21:07:12.593" level="INFO">Slept 3 seconds</msg>
<status status="PASS" starttime="20230630 21:07:09.592" endtime="20230630 21:07:12.593"/>
</kw>
<kw name="Wait Until Element Is Visible" library="SeleniumLibrary">
<arg>${selectshipment2}</arg>
<doc>Waits until the element ``locator`` is visible.</doc>
<status status="PASS" starttime="20230630 21:07:12.593" endtime="20230630 21:07:12.609"/>
</kw>
<kw name="Click Element" library="SeleniumLibrary">
<arg>${selectshipment2}</arg>
<doc>Click the element identified by ``locator``.</doc>
<msg timestamp="20230630 21:07:12.610" level="INFO">Clicking element '//*[@id="bulk-actions"]/div/button[2]'.</msg>
<status status="PASS" starttime="20230630 21:07:12.609" endtime="20230630 21:07:12.678"/>
</kw>
<kw name="Sleep" library="BuiltIn">
<arg>4s</arg>
<doc>Pauses the test executed for the given time.</doc>
<msg timestamp="20230630 21:07:16.679" level="INFO">Slept 4 seconds</msg>
<status status="PASS" starttime="20230630 21:07:12.678" endtime="20230630 21:07:16.679"/>
</kw>
<kw name="Wait Until Element Is Visible" library="SeleniumLibrary">
<arg>${shipflash}</arg>
<doc>Waits until the element ``locator`` is visible.</doc>
<status status="PASS" starttime="20230630 21:07:16.679" endtime="20230630 21:07:16.696"/>
</kw>
<kw name="Click Element" library="SeleniumLibrary">
<arg>${shipflash}</arg>
<doc>Click the element identified by ``locator``.</doc>
<msg timestamp="20230630 21:07:16.697" level="INFO">Clicking element '//*[@id="modal_change_carriers"]/div/div/div[3]/div/div/div/div[3]/div[1]/div[4]/button'.</msg>
<status status="PASS" starttime="20230630 21:07:16.696" endtime="20230630 21:07:16.741"/>
</kw>
<kw name="Sleep" library="BuiltIn">
<arg>5s</arg>
<doc>Pauses the test executed for the given time.</doc>
<msg timestamp="20230630 21:07:21.743" level="INFO">Slept 5 seconds</msg>
<status status="PASS" starttime="20230630 21:07:16.741" endtime="20230630 21:07:21.743"/>
</kw>
<kw name="Wait Until Element Is Visible" library="SeleniumLibrary">
<arg>${confirmselectship}</arg>
<doc>Waits until the element ``locator`` is visible.</doc>
<status status="PASS" starttime="20230630 21:07:21.743" endtime="20230630 21:07:21.762"/>
</kw>
<kw name="Click Element" library="SeleniumLibrary">
<arg>${confirmselectship}</arg>
<doc>Click the element identified by ``locator``.</doc>
<msg timestamp="20230630 21:07:21.762" level="INFO">Clicking element '//*[@id="carrier-checklist"]/div/div/div[3]/button[2]'.</msg>
<status status="PASS" starttime="20230630 21:07:21.762" endtime="20230630 21:07:21.818"/>
</kw>
<kw name="Sleep" library="BuiltIn">
<arg>5s</arg>
<doc>Pauses the test executed for the given time.</doc>
<msg timestamp="20230630 21:07:26.819" level="INFO">Slept 5 seconds</msg>
<status status="PASS" starttime="20230630 21:07:21.818" endtime="20230630 21:07:26.819"/>
</kw>
<kw name="Click Element" library="SeleniumLibrary">
<arg>${paymentship}</arg>
<doc>Click the element identified by ``locator``.</doc>
<msg timestamp="20230630 21:07:26.819" level="INFO">Clicking element '//*[@id="modal_pay_for_shipment"]/div/div/div[2]/div/div[2]/div/div[3]/button[1]'.</msg>
<status status="PASS" starttime="20230630 21:07:26.819" endtime="20230630 21:07:26.928"/>
</kw>
<kw name="Sleep" library="BuiltIn">
<arg>10s</arg>
<doc>Pauses the test executed for the given time.</doc>
<msg timestamp="20230630 21:07:36.929" level="INFO">Slept 10 seconds</msg>
<status status="PASS" starttime="20230630 21:07:26.928" endtime="20230630 21:07:36.929"/>
</kw>
<kw name="Wait Until Element Is Visible" library="SeleniumLibrary">
<arg>${confirmreadyship}</arg>
<doc>Waits until the element ``locator`` is visible.</doc>
<status status="PASS" starttime="20230630 21:07:36.929" endtime="20230630 21:07:36.945"/>
</kw>
<kw name="Click Element" library="SeleniumLibrary">
<arg>${confirmreadyship}</arg>
<doc>Click the element identified by ``locator``.</doc>
<msg timestamp="20230630 21:07:36.946" level="INFO">Clicking element '//html/body/div[2]/div/div[6]/button[1]'.</msg>
<status status="PASS" starttime="20230630 21:07:36.945" endtime="20230630 21:07:37.024"/>
</kw>
<kw name="Sleep" library="BuiltIn">
<arg>20s</arg>
<doc>Pauses the test executed for the given time.</doc>
<msg timestamp="20230630 21:07:57.024" level="INFO">Slept 20 seconds</msg>
<status status="PASS" starttime="20230630 21:07:37.024" endtime="20230630 21:07:57.024"/>
</kw>
<status status="PASS" starttime="20230630 21:06:56.401" endtime="20230630 21:07:57.024"/>
</kw>
<status status="PASS" starttime="20230630 21:06:56.401" endtime="20230630 21:07:57.024"/>
</test>
<test id="s1-t12" name="Click Shipment Thaipost" line="351">
<kw name="Thaipost Shipment 1" library="resource">
<kw name="Sleep" library="BuiltIn">
<arg>5s</arg>
<doc>Pauses the test executed for the given time.</doc>
<msg timestamp="20230630 21:08:02.026" level="INFO">Slept 5 seconds</msg>
<status status="PASS" starttime="20230630 21:07:57.026" endtime="20230630 21:08:02.026"/>
</kw>
<kw name="Wait Until Element Is Visible" library="SeleniumLibrary">
<arg>${shipmentmenu}</arg>
<doc>Waits until the element ``locator`` is visible.</doc>
<status status="PASS" starttime="20230630 21:08:02.026" endtime="20230630 21:08:02.040"/>
</kw>
<kw name="Click Element" library="SeleniumLibrary">
<arg>${shipmentmenu}</arg>
<doc>Click the element identified by ``locator``.</doc>
<msg timestamp="20230630 21:08:02.041" level="INFO">Clicking element '//html/body/section/div[2]/div[2]/div[2]/div/ul/li[5]'.</msg>
<status status="PASS" starttime="20230630 21:08:02.041" endtime="20230630 21:08:02.080"/>
</kw>
<kw name="Sleep" library="BuiltIn">
<arg>2s</arg>
<doc>Pauses the test executed for the given time.</doc>
<msg timestamp="20230630 21:08:04.081" level="INFO">Slept 2 seconds</msg>
<status status="PASS" starttime="20230630 21:08:02.080" endtime="20230630 21:08:04.081"/>
</kw>
<kw name="Wait Until Element Is Visible" library="SeleniumLibrary">
<arg>${packing}</arg>
<doc>Waits until the element ``locator`` is visible.</doc>
<status status="PASS" starttime="20230630 21:08:04.081" endtime="20230630 21:08:04.097"/>
</kw>
<kw name="Click Element" library="SeleniumLibrary">
<arg>${packing}</arg>
<doc>Click the element identified by ``locator``.</doc>
<msg timestamp="20230630 21:08:04.098" level="INFO">Clicking element '//html/body/section/div[2]/div[4]/div[4]/div/div[1]/div[2]/div[1]/ul/li[2]/a'.</msg>
<status status="PASS" starttime="20230630 21:08:04.097" endtime="20230630 21:08:04.261"/>
</kw>
<kw name="Sleep" library="BuiltIn">
<arg>2s</arg>
<doc>Pauses the test executed for the given time.</doc>
<msg timestamp="20230630 21:08:06.261" level="INFO">Slept 2 seconds</msg>
<status status="PASS" starttime="20230630 21:08:04.261" endtime="20230630 21:08:06.261"/>
</kw>
<kw name="Wait Until Element Is Visible" library="SeleniumLibrary">
<arg>${packingcheckbox}</arg>
<doc>Waits until the element ``locator`` is visible.</doc>
<status status="PASS" starttime="20230630 21:08:06.261" endtime="20230630 21:08:06.278"/>
</kw>
<kw name="Click Element" library="SeleniumLibrary">
<arg>${packingcheckbox}</arg>
<doc>Click the element identified by ``locator``.</doc>
<msg timestamp="20230630 21:08:06.278" level="INFO">Clicking element '//html/body/section/div[2]/div[4]/div[4]/div/div[1]/div[2]/div[3]/div[1]/div/div/div/table/tbody/tr[1]/td[1]'.</msg>
<status status="PASS" starttime="20230630 21:08:06.278" endtime="20230630 21:08:06.328"/>
</kw>
<kw name="Sleep" library="BuiltIn">
<arg>2s</arg>
<doc>Pauses the test executed for the given time.</doc>
<msg timestamp="20230630 21:08:08.328" level="INFO">Slept 2 seconds</msg>
<status status="PASS" starttime="20230630 21:08:06.328" endtime="20230630 21:08:08.328"/>
</kw>
<kw name="Wait Until Element Is Visible" library="SeleniumLibrary">
<arg>${print}</arg>
<doc>Waits until the element ``locator`` is visible.</doc>
<status status="PASS" starttime="20230630 21:08:08.328" endtime="20230630 21:08:08.351"/>
</kw>
<kw name="Click Element" library="SeleniumLibrary">
<arg>${print}</arg>
<doc>Click the element identified by ``locator``.</doc>
<msg timestamp="20230630 21:08:08.352" level="INFO">Clicking element '//*[@id="bulk-actions"]/div/button[3]'.</msg>
<status status="PASS" starttime="20230630 21:08:08.351" endtime="20230630 21:08:08.408"/>
</kw>
<kw name="Wait Until Element Is Visible" library="SeleniumLibrary">
<arg>${printdetail}</arg>
<doc>Waits until the element ``locator`` is visible.</doc>
<status status="PASS" starttime="20230630 21:08:08.408" endtime="20230630 21:08:08.446"/>
</kw>
<kw name="Click Element" library="SeleniumLibrary">
[...]
<arg>5s</arg>
<doc>Pauses the test executed for the given time.</doc>
<msg timestamp="20230630 21:21:49.568" level="INFO">Slept 5 seconds</msg>
<status status="PASS" starttime="20230630 21:21:44.568" endtime="20230630 21:21:49.568"/>
</kw>
<status status="PASS" starttime="20230630 21:21:10.928" endtime="20230630 21:21:49.568"/>
</kw>
<kw name="Packing" library="resource">
<kw name="Sleep" library="BuiltIn">
<arg>5s</arg>
<doc>Pauses the test executed for the given time.</doc>
<msg timestamp="20230630 21:21:54.569" level="INFO">Slept 5 seconds</msg>
<status status="PASS" starttime="20230630 21:21:49.568" endtime="20230630 21:21:54.569"/>
</kw>
<kw name="Wait Until Element Is Visible" library="SeleniumLibrary">
<arg>${shipmentmenu}</arg>
<doc>Waits until the element ``locator`` is visible.</doc>
<status status="PASS" starttime="20230630 21:21:54.569" endtime="20230630 21:21:54.585"/>
</kw>
<kw name="Click Element" library="SeleniumLibrary">
<arg>${shipmentmenu}</arg>
<doc>Click the element identified by ``locator``.</doc>
<msg timestamp="20230630 21:21:54.585" level="INFO">Clicking element '//html/body/section/div[2]/div[2]/div[2]/div/ul/li[5]'.</msg>
<status status="PASS" starttime="20230630 21:21:54.585" endtime="20230630 21:21:54.625"/>
</kw>
<kw name="Sleep" library="BuiltIn">
<arg>5s</arg>
<doc>Pauses the test executed for the given time.</doc>
<msg timestamp="20230630 21:21:59.625" level="INFO">Slept 5 seconds</msg>
<status status="PASS" starttime="20230630 21:21:54.625" endtime="20230630 21:21:59.625"/>
</kw>
<kw name="Wait Until Element Is Visible" library="SeleniumLibrary">
<arg>${packing}</arg>
<doc>Waits until the element ``locator`` is visible.</doc>
<status status="PASS" starttime="20230630 21:21:59.625" endtime="20230630 21:21:59.641"/>
</kw>
<kw name="Click Element" library="SeleniumLibrary">
<arg>${packing}</arg>
<doc>Click the element identified by ``locator``.</doc>
<msg timestamp="20230630 21:21:59.642" level="INFO">Clicking element '//html/body/section/div[2]/div[4]/div[4]/div/div[1]/div[2]/div[1]/ul/li[2]/a'.</msg>
<status status="PASS" starttime="20230630 21:21:59.642" endtime="20230630 21:21:59.766"/>
</kw>
<kw name="Sleep" library="BuiltIn">
<arg>5s</arg>
<doc>Pauses the test executed for the given time.</doc>
<msg timestamp="20230630 21:22:04.766" level="INFO">Slept 5 seconds</msg>
<status status="PASS" starttime="20230630 21:21:59.766" endtime="20230630 21:22:04.766"/>
</kw>
<kw name="Wait Until Element Is Visible" library="SeleniumLibrary">
<arg>${readyship}</arg>
<doc>Waits until the element ``locator`` is visible.</doc>
<status status="PASS" starttime="20230630 21:22:04.766" endtime="20230630 21:22:04.784"/>
</kw>
<kw name="Click Element" library="SeleniumLibrary">
<arg>${readyship}</arg>
<doc>Click the element identified by ``locator``.</doc>
<msg timestamp="20230630 21:22:04.784" level="INFO">Clicking element '//*[@id="sweet_ready_to_ship_item"]'.</msg>
<status status="PASS" starttime="20230630 21:22:04.784" endtime="20230630 21:22:04.860"/>
</kw>
<kw name="Wait Until Element Is Visible" library="SeleniumLibrary">
<arg>${confirmreadyship}</arg>
<doc>Waits until the element ``locator`` is visible.</doc>
<status status="PASS" starttime="20230630 21:22:04.860" endtime="20230630 21:22:05.082"/>
</kw>
<kw name="Click Element" library="SeleniumLibrary">
<arg>${confirmreadyship}</arg>
<doc>Click the element identified by ``locator``.</doc>
<msg timestamp="20230630 21:22:05.082" level="INFO">Clicking element '//html/body/div[2]/div/div[6]/button[1]'.</msg>
<status status="PASS" starttime="20230630 21:22:05.082" endtime="20230630 21:22:05.131"/>
</kw>
<kw name="Sleep" library="BuiltIn">
<arg>3s</arg>
<doc>Pauses the test executed for the given time.</doc>
<msg timestamp="20230630 21:22:08.131" level="INFO">Slept 3 seconds</msg>
<status status="PASS" starttime="20230630 21:22:05.131" endtime="20230630 21:22:08.131"/>
</kw>
<kw name="Wait Until Element Is Visible" library="SeleniumLibrary">
<arg>${ordermenu}</arg>
<doc>Waits until the element ``locator`` is visible.</doc>
<status status="PASS" starttime="20230630 21:22:08.131" endtime="20230630 21:22:08.147"/>
</kw>
<kw name="Click Element" library="SeleniumLibrary">
<arg>${ordermenu}</arg>
<doc>Click the element identified by ``locator``.</doc>
<msg timestamp="20230630 21:22:08.148" level="INFO">Clicking element '//html/body/section/div[2]/div[2]/div[2]/div/ul/li[3]/a'.</msg>
<status status="PASS" starttime="20230630 21:22:08.147" endtime="20230630 21:22:08.182"/>
</kw>
<kw name="Sleep" library="BuiltIn">
<arg>3s</arg>
<doc>Pauses the test executed for the given time.</doc>
<msg timestamp="20230630 21:22:11.183" level="INFO">Slept 3 seconds</msg>
<status status="PASS" starttime="20230630 21:22:08.182" endtime="20230630 21:22:11.183"/>
</kw>
<status status="PASS" starttime="20230630 21:21:49.568" endtime="20230630 21:22:11.183"/>
</kw>
<status status="PASS" starttime="20230630 21:21:10.928" endtime="20230630 21:22:11.183"/>
</test>
<test id="s1-t21" name="Shipment2" line="398">
<kw name="Shipment" library="resource">
<kw name="Sleep" library="BuiltIn">
<arg>5s</arg>
<doc>Pauses the test executed for the given time.</doc>
<msg timestamp="20230630 21:22:16.185" level="INFO">Slept 5 seconds</msg>
<status status="PASS" starttime="20230630 21:22:11.185" endtime="20230630 21:22:16.185"/>
</kw>
<kw name="Click Element" library="SeleniumLibrary">
<arg>${shipmentmenu}</arg>
<doc>Click the element identified by ``locator``.</doc>
<msg timestamp="20230630 21:22:16.185" level="INFO">Clicking element '//html/body/section/div[2]/div[2]/div[2]/div/ul/li[5]'.</msg>
<status status="PASS" starttime="20230630 21:22:16.185" endtime="20230630 21:22:16.262"/>
</kw>
<kw name="Sleep" library="BuiltIn">
<arg>5s</arg>
<doc>Pauses the test executed for the given time.</doc>
<msg timestamp="20230630 21:22:21.264" level="INFO">Slept 5 seconds</msg>
<status status="PASS" starttime="20230630 21:22:16.264" endtime="20230630 21:22:21.264"/>
</kw>
<kw name="Wait Until Element Is Visible" library="SeleniumLibrary">
<arg>${selectshipment}</arg>
<doc>Waits until the element ``locator`` is visible.</doc>
<status status="PASS" starttime="20230630 21:22:21.264" endtime="20230630 21:22:21.282"/>
</kw>
<kw name="Click Element" library="SeleniumLibrary">
<arg>${selectshipment}</arg>
<doc>Click the element identified by ``locator``.</doc>
<msg timestamp="20230630 21:22:21.282" level="INFO">Clicking element '//html/body/section/div[2]/div[4]/div[4]/div/div[1]/div[2]/div[3]/div[1]/div/div/div/table/tbody/tr[1]/td[1]/input'.</msg>
<status status="PASS" starttime="20230630 21:22:21.282" endtime="20230630 21:22:21.356"/>
</kw>
<kw name="Sleep" library="BuiltIn">
<arg>1s</arg>
<doc>Pauses the test executed for the given time.</doc>
<msg timestamp="20230630 21:22:22.357" level="INFO">Slept 1 second</msg>
<status status="PASS" starttime="20230630 21:22:21.356" endtime="20230630 21:22:22.357"/>
</kw>
<kw name="Wait Until Element Is Visible" library="SeleniumLibrary">
<arg>${selectshipment2}</arg>
<doc>Waits until the element ``locator`` is visible.</doc>
<status status="PASS" starttime="20230630 21:22:22.357" endtime="20230630 21:22:22.382"/>
</kw>
<kw name="Click Element" library="SeleniumLibrary">
<arg>${selectshipment2}</arg>
<doc>Click the element identified by ``locator``.</doc>
<msg timestamp="20230630 21:22:22.382" level="INFO">Clicking element '//*[@id="bulk-actions"]/div/button[2]'.</msg>
<status status="PASS" starttime="20230630 21:22:22.382" endtime="20230630 21:22:22.454"/>
</kw>
<kw name="Sleep" library="BuiltIn">
<arg>2s</arg>
<doc>Pauses the test executed for the given time.</doc>
<msg timestamp="20230630 21:22:24.456" level="INFO">Slept 2 seconds</msg>
<status status="PASS" starttime="20230630 21:22:22.454" endtime="20230630 21:22:24.456"/>
</kw>
<kw name="Wait Until Element Is Visible" library="SeleniumLibrary">
<arg>${shipthaipost}</arg>
<doc>Waits until the element ``locator`` is visible.</doc>
<status status="PASS" starttime="20230630 21:22:24.456" endtime="20230630 21:22:24.474"/>
</kw>
<kw name="Click Element" library="SeleniumLibrary">
<arg>${shipthaipost}</arg>
<doc>Click the element identified by ``locator``.</doc>
<msg timestamp="20230630 21:22:24.474" level="INFO">Clicking element '//*[@id="modal_change_carriers"]/div/div/div[3]/div/div/div/div[1]/div[1]/div[4]/button'.</msg>
<status status="PASS" starttime="20230630 21:22:24.474" endtime="20230630 21:22:24.519"/>
</kw>
<kw name="Sleep" library="BuiltIn">
<arg>5s</arg>
<doc>Pauses the test executed for the given time.</doc>
<msg timestamp="20230630 21:22:29.519" level="INFO">Slept 5 seconds</msg>
<status status="PASS" starttime="20230630 21:22:24.519" endtime="20230630 21:22:29.519"/>
</kw>
<kw name="Wait Until Element Is Visible" library="SeleniumLibrary">
<arg>${confirmselectship}</arg>
<doc>Waits until the element ``locator`` is visible.</doc>
<status status="PASS" starttime="20230630 21:22:29.519" endtime="20230630 21:22:29.535"/>
</kw>
<kw name="Click Element" library="SeleniumLibrary">
<arg>${confirmselectship}</arg>
<doc>Click the element identified by ``locator``.</doc>
<msg timestamp="20230630 21:22:29.535" level="INFO">Clicking element '//*[@id="carrier-checklist"]/div/div/div[3]/button[2]'.</msg>
<status status="PASS" starttime="20230630 21:22:29.535" endtime="20230630 21:22:29.600"/>
</kw>
<kw name="Sleep" library="BuiltIn">
<arg>5s</arg>
<doc>Pauses the test executed for the given time.</doc>
<msg timestamp="20230630 21:22:34.600" level="INFO">Slept 5 seconds</msg>
<status status="PASS" starttime="20230630 21:22:29.600" endtime="20230630 21:22:34.600"/>
</kw>
<kw name="Click Element" library="SeleniumLibrary">
<arg>${paymentship}</arg>
<doc>Click the element identified by ``locator``.</doc>
<msg timestamp="20230630 21:22:34.600" level="INFO">Clicking element '//*[@id="modal_pay_for_shipment"]/div/div/div[2]/div/div[2]/div/div[3]/button[1]'.</msg>
<status status="PASS" starttime="20230630 21:22:34.600" endtime="20230630 21:22:34.716"/>
</kw>
<kw name="Sleep" library="BuiltIn">
<arg>10s</arg>
<doc>Pauses the test executed for the given time.</doc>
<msg timestamp="20230630 21:22:44.716" level="INFO">Slept 10 seconds</msg>
<status status="PASS" starttime="20230630 21:22:34.716" endtime="20230630 21:22:44.716"/>
</kw>
<kw name="Wait Until Element Is Visible" library="SeleniumLibrary">
<arg>${confirmreadyship}</arg>
<doc>Waits until the element ``locator`` is visible.</doc>
<status status="PASS" starttime="20230630 21:22:44.716" endtime="20230630 21:22:44.734"/>
</kw>
<kw name="Click Element" library="SeleniumLibrary">
<arg>${confirmreadyship}</arg>
<doc>Click the element identified by ``locator``.</doc>
<msg timestamp="20230630 21:22:44.735" level="INFO">Clicking element '//html/body/div[2]/div/div[6]/button[1]'.</msg>
<status status="PASS" starttime="20230630 21:22:44.734" endtime="20230630 21:22:44.837"/>
</kw>
<kw name="Sleep" library="BuiltIn">
<arg>5s</arg>
<doc>Pauses the test executed for the given time.</doc>
<msg timestamp="20230630 21:22:49.837" level="INFO">Slept 5 seconds</msg>
<status status="PASS" starttime="20230630 21:22:44.837" endtime="20230630 21:22:49.837"/>
</kw>
<status status="PASS" starttime="20230630 21:22:11.184" endtime="20230630 21:22:49.837"/>
</kw>
<kw name="Packing" library="resource">
<kw name="Sleep" library="BuiltIn">
<arg>5s</arg>
<doc>Pauses the test executed for the given time.</doc>
<msg timestamp="20230630 21:22:54.838" level="INFO">Slept 5 seconds</msg>
<status status="PASS" starttime="20230630 21:22:49.837" endtime="20230630 21:22:54.838"/>
</kw>
<kw name="Wait Until Element Is Visible" library="SeleniumLibrary">
<arg>${shipmentmenu}</arg>
<doc>Waits until the element ``locator`` is visible.</doc>
<status status="PASS" starttime="20230630 21:22:54.838" endtime="20230630 21:22:54.851"/>
</kw>
<kw name="Click Element" library="SeleniumLibrary">
<arg>${shipmentmenu}</arg>
<doc>Click the element identified by ``locator``.</doc>
<msg timestamp="20230630 21:22:54.852" level="INFO">Clicking element '//html/body/section/div[2]/div[2]/div[2]/div/ul/li[5]'.</msg>
<status status="PASS" starttime="20230630 21:22:54.851" endtime="20230630 21:22:54.891"/>
</kw>
<kw name="Sleep" library="BuiltIn">
<arg>5s</arg>
<doc>Pauses the test executed for the given time.</doc>
<msg timestamp="20230630 21:22:59.892" level="INFO">Slept 5 seconds</msg>
<status status="PASS" starttime="20230630 21:22:54.891" endtime="20230630 21:22:59.892"/>
</kw>
<kw name="Wait Until Element Is Visible" library="SeleniumLibrary">
<arg>${packing}</arg>
<doc>Waits until the element ``locator`` is visible.</doc>
<status status="PASS" starttime="20230630 21:22:59.892" endtime="20230630 21:22:59.908"/>
</kw>
<kw name="Click Element" library="SeleniumLibrary">
<arg>${packing}</arg>
<doc>Click the element identified by ``locator``.</doc>
<msg timestamp="20230630 21:22:59.909" level="INFO">Clicking element '//html/body/section/div[2]/div[4]/div[4]/div/div[1]/div[2]/div[1]/ul/li[2]/a'.</msg>
<status status="PASS" starttime="20230630 21:22:59.908" endtime="20230630 21:23:00.017"/>
</kw>
<kw name="Sleep" library="BuiltIn">
<arg>5s</arg>
<doc>Pauses the test executed for the given time.</doc>
<msg timestamp="20230630 21:23:05.018" level="INFO">Slept 5 seconds</msg>
<status status="PASS" starttime="20230630 21:23:00.018" endtime="20230630 21:23:05.018"/>
</kw>
<kw name="Wait Until Element Is Visible" library="SeleniumLibrary">
<arg>${readyship}</arg>
<doc>Waits until the element ``locator`` is visible.</doc>
<status status="PASS" starttime="20230630 21:23:05.018" endtime="20230630 21:23:05.035"/>
</kw>
<kw name="Click Element" library="SeleniumLibrary">
<arg>${readyship}</arg>
<doc>Click the element identified by ``locator``.</doc>
<msg timestamp="20230630 21:23:05.035" level="INFO">Clicking element '//*[@id="sweet_ready_to_ship_item"]'.</msg>
<status status="PASS" starttime="20230630 21:23:05.035" endtime="20230630 21:23:05.100"/>
</kw>
<kw name="Wait Until Element Is Visible" library="SeleniumLibrary">
<arg>${confirmreadyship}</arg>
<doc>Waits until the element ``locator`` is visible.</doc>
<status status="PASS" starttime="20230630 21:23:05.100" endtime="20230630 21:23:05.322"/>
</kw>
<kw name="Click Element" library="SeleniumLibrary">
<arg>${confirmreadyship}</arg>
<doc>Click the element identified by ``locator``.</doc>
<msg timestamp="20230630 21:23:05.322" level="INFO">Clicking element '//html/body/div[2]/div/div[6]/button[1]'.</msg>
<status status="PASS" starttime="20230630 21:23:05.322" endtime="20230630 21:23:05.369"/>
</kw>
<kw name="Sleep" library="BuiltIn">
<arg>3s</arg>
<doc>Pauses the test executed for the given time.</doc>
<msg timestamp="20230630 21:23:08.369" level="INFO">Slept 3 seconds</msg>
<status status="PASS" starttime="20230630 21:23:05.369" endtime="20230630 21:23:08.369"/>
</kw>
<kw name="Wait Until Element Is Visible" library="SeleniumLibrary">
<arg>${ordermenu}</arg>
<doc>Waits until the element ``locator`` is visible.</doc>
<status status="PASS" starttime="20230630 21:23:08.369" endtime="20230630 21:23:08.383"/>
</kw>
<kw name="Click Element" library="SeleniumLibrary">
<arg>${ordermenu}</arg>
<doc>Click the element identified by ``locator``.</doc>
<msg timestamp="20230630 21:23:08.384" level="INFO">Clicking element '//html/body/section/div[2]/div[2]/div[2]/div/ul/li[3]/a'.</msg>
<status status="PASS" starttime="20230630 21:23:08.384" endtime="20230630 21:23:08.435"/>
</kw>
<kw name="Sleep" library="BuiltIn">
<arg>3s</arg>
<doc>Pauses the test executed for the given time.</doc>
<msg timestamp="20230630 21:23:11.435" level="INFO">Slept 3 seconds</msg>
<status status="PASS" starttime="20230630 21:23:08.435" endtime="20230630 21:23:11.435"/>
</kw>
<status status="PASS" starttime="20230630 21:22:49.837" endtime="20230630 21:23:11.435"/>
</kw>
<status status="PASS" starttime="20230630 21:22:11.184" endtime="20230630 21:23:11.435"/>
</test>
<test id="s1-t22" name="Open Upsale" line="402">
<kw name="Upsale" library="resource">
<kw name="Wait Until Element Is Visible" library="SeleniumLibrary">
<arg>${settingmenu}</arg>
<doc>Waits until the element ``locator`` is visible.</doc>
<status status="PASS" starttime="20230630 21:23:11.437" endtime="20230630 21:23:11.453"/>
</kw>
<kw name="Click Element" library="SeleniumLibrary">
<arg>${settingmenu}</arg>
<doc>Click the element identified by ``locator``.</doc>
<msg timestamp="20230630 21:23:11.453" level="INFO">Clicking element '//html/body/section/div[2]/div[2]/div[2]/div/ul/li[17]/a'.</msg>
<status status="PASS" starttime="20230630 21:23:11.453" endtime="20230630 21:23:11.495"/>
</kw>
<kw name="Sleep" library="BuiltIn">
<arg>3s</arg>
<doc>Pauses the test executed for the given time.</doc>
<msg timestamp="20230630 21:23:14.495" level="INFO">Slept 3 seconds</msg>
<status status="PASS" starttime="20230630 21:23:11.495" endtime="20230630 21:23:14.495"/>
</kw>
<kw name="Click Element" library="SeleniumLibrary">
<arg>${openupsale1}</arg>
<doc>Click the element identified by ``locator``.</doc>
<msg timestamp="20230630 21:23:14.496" level="INFO">Clicking element '//html/body/section/div[2]/div[4]/div[4]/div/div/div/div[7]/div[2]/div/ul/li'.</msg>
<status status="PASS" starttime="20230630 21:23:14.495" endtime="20230630 21:23:14.529"/>
</kw>
<kw name="Sleep" library="BuiltIn">
<arg>2s</arg>
<doc>Pauses the test executed for the given time.</doc>
<msg timestamp="20230630 21:23:16.530" level="INFO">Slept 2 seconds</msg>
<status status="PASS" starttime="20230630 21:23:14.529" endtime="20230630 21:23:16.530"/>
</kw>
<kw name="Wait Until Element Is Visible" library="SeleniumLibrary">
<arg>${openupsalebar}</arg>
<doc>Waits until the element ``locator`` is visible.</doc>
<status status="PASS" starttime="20230630 21:23:16.530" endtime="20230630 21:23:16.546"/>
</kw>
<kw name="Click Element" library="SeleniumLibrary">
<arg>${openupsalebar}</arg>
<doc>Click the element identified by ``locator``.</doc>
<msg timestamp="20230630 21:23:16.547" level="INFO">Clicking element '//html/body/section/div[2]/div[4]/div[4]/section/div/div/div[1]/div[2]/div[2]/div[1]/div[1]/label[2]/div'.</msg>
<status status="PASS" starttime="20230630 21:23:16.546" endtime="20230630 21:23:16.577"/>
</kw>
<kw name="Sleep" library="BuiltIn">
<arg>2s</arg>
<doc>Pauses the test executed for the given time.</doc>
<msg timestamp="20230630 21:23:18.578" level="INFO">Slept 2 seconds</msg>
<status status="PASS" starttime="20230630 21:23:16.577" endtime="20230630 21:23:18.578"/>
</kw>
<kw name="Click Element" library="SeleniumLibrary">
<arg>${saveopenupsale}</arg>
<doc>Click the element identified by ``locator``.</doc>
<msg timestamp="20230630 21:23:18.578" level="INFO">Clicking element '//html/body/section/div[2]/div[4]/div[4]/section/div/div/div[1]/div[2]/div[3]/button[1]'.</msg>
<status status="PASS" starttime="20230630 21:23:18.578" endtime="20230630 21:23:18.614"/>
</kw>
<kw name="Sleep" library="BuiltIn">
<arg>2s</arg>
<doc>Pauses the test executed for the given time.</doc>
<msg timestamp="20230630 21:23:20.614" level="INFO">Slept 2 seconds</msg>
<status status="PASS" starttime="20230630 21:23:18.614" endtime="20230630 21:23:20.614"/>
</kw>
<status status="PASS" starttime="20230630 21:23:11.437" endtime="20230630 21:23:20.614"/>
</kw>
<status status="PASS" starttime="20230630 21:23:11.436" endtime="20230630 21:23:20.614"/>
</test>
<status status="FAIL" starttime="20230630 21:01:42.308" endtime="20230630 21:23:20.615"/>
</suite>
<statistics>
<total>
<stat pass="21" fail="1" skip="0">All Tests</stat>
</total>
<tag>
</tag>
<suite>
<stat pass="21" fail="1" skip="0" id="s1" name="Fullflow">Fullflow</stat>
</suite>
</statistics>
<errors>
<msg timestamp="20230630 21:22:11.184" level="WARN">Multiple tests with name 'Shipment2' executed in suite 'Fullflow'.</msg>
<msg timestamp="20230630 21:23:11.436" level="WARN">Multiple tests with name 'Open Upsale' executed in suite 'Fullflow'.</msg>
</errors>
</robot>
