<?xml version="1.0" encoding="UTF-8"?>
<robot generator="Robot 6.0.2 (Python 3.10.7 on linux)" generated="20230623 13:35:47.869" rpa="false" schemaversion="3">
<suite id="s1" name="Fullflow" source="/home/automatetest/Desktop/winwinwin/fullflow.robot">
<test id="s1-t1" name="Login Dev Env" line="307">
<kw name="Login">
<kw name="Open Browser" library="SeleniumLibrary">
<arg>${urlprod}</arg>
<arg>chrome</arg>
<doc>Opens a new browser instance to the optional ``url``.</doc>
<msg timestamp="20230623 13:35:48.121" level="INFO">Opening browser 'chrome' to base url 'https://gosaas.app/login'.</msg>
<status status="PASS" starttime="20230623 13:35:48.120" endtime="20230623 13:35:50.718"/>
</kw>
<kw name="Element Should Be Visible" library="SeleniumLibrary">
<arg>${email}</arg>
<doc>Verifies that the element identified by ``locator`` is visible.</doc>
<msg timestamp="20230623 13:35:50.769" level="INFO">Element '//*[@id="LoginForm"]/div[1]/input' is displayed.</msg>
<status status="PASS" starttime="20230623 13:35:50.718" endtime="20230623 13:35:50.769"/>
</kw>
<kw name="Input Text" library="SeleniumLibrary">
<arg>${email}</arg>
<arg>thanawin@atcreative.co.th</arg>
<doc>Types the given ``text`` into the text field identified by ``locator``.</doc>
<msg timestamp="20230623 13:35:50.770" level="INFO">Typing text 'thanawin@atcreative.co.th' into text field '//*[@id="LoginForm"]/div[1]/input'.</msg>
<status status="PASS" starttime="20230623 13:35:50.769" endtime="20230623 13:35:50.947"/>
</kw>
<kw name="Element Should Be Visible" library="SeleniumLibrary">
<arg>${password}</arg>
<doc>Verifies that the element identified by ``locator`` is visible.</doc>
<msg timestamp="20230623 13:35:50.984" level="INFO">Element '//*[@id="LoginForm"]/div[2]/input' is displayed.</msg>
<status status="PASS" starttime="20230623 13:35:50.948" endtime="20230623 13:35:50.985"/>
</kw>
<kw name="Input Text" library="SeleniumLibrary">
<arg>${password}</arg>
<arg>!@#Win123</arg>
<doc>Types the given ``text`` into the text field identified by ``locator``.</doc>
<msg timestamp="20230623 13:35:50.986" level="INFO">Typing text '!@#Win123' into text field '//*[@id="LoginForm"]/div[2]/input'.</msg>
<status status="PASS" starttime="20230623 13:35:50.985" endtime="20230623 13:35:51.125"/>
</kw>
<kw name="Element Should Be Visible" library="SeleniumLibrary">
<arg>${loginbutton}</arg>
<doc>Verifies that the element identified by ``locator`` is visible.</doc>
<msg timestamp="20230623 13:35:51.161" level="INFO">Element '//*[@id="LoginForm"]/div[4]/button' is displayed.</msg>
<status status="PASS" starttime="20230623 13:35:51.125" endtime="20230623 13:35:51.162"/>
</kw>
<kw name="Click Element" library="SeleniumLibrary">
<arg>${loginbutton}</arg>
<doc>Click the element identified by ``locator``.</doc>
<msg timestamp="20230623 13:35:51.163" level="INFO">Clicking element '//*[@id="LoginForm"]/div[4]/button'.</msg>
<status status="PASS" starttime="20230623 13:35:51.162" endtime="20230623 13:35:51.263"/>
</kw>
<kw name="Wait Until Element Is Visible" library="SeleniumLibrary">
<arg>${winwinwinshop}</arg>
<doc>Waits until the element ``locator`` is visible.</doc>
<status status="PASS" starttime="20230623 13:35:51.263" endtime="20230623 13:35:54.282"/>
</kw>
<status status="PASS" starttime="20230623 13:35:48.120" endtime="20230623 13:35:54.282"/>
</kw>
<status status="PASS" starttime="20230623 13:35:48.119" endtime="20230623 13:35:54.282"/>
</test>
<test id="s1-t2" name="Click shop" line="310">
<kw name="Click Shop">
<kw name="Sleep" library="BuiltIn">
<arg>2s</arg>
<doc>Pauses the test executed for the given time.</doc>
<msg timestamp="20230623 13:35:56.284" level="INFO">Slept 2 seconds</msg>
<status status="PASS" starttime="20230623 13:35:54.284" endtime="20230623 13:35:56.284"/>
</kw>
<kw name="Wait Until Element Is Visible" library="SeleniumLibrary">
<arg>${winwinwinshop}</arg>
<doc>Waits until the element ``locator`` is visible.</doc>
<status status="PASS" starttime="20230623 13:35:56.285" endtime="20230623 13:35:56.313"/>
</kw>
<kw name="Click Element" library="SeleniumLibrary">
<arg>${winwinwinshop}</arg>
<doc>Click the element identified by ``locator``.</doc>
<msg timestamp="20230623 13:35:56.314" level="INFO">Clicking element '//*[contains(text(), "winwinwin shop")]'.</msg>
<status status="PASS" starttime="20230623 13:35:56.313" endtime="20230623 13:35:56.404"/>
</kw>
<kw name="Wait Until Element Is Visible" library="SeleniumLibrary">
<arg>${confirmbutton}</arg>
<doc>Waits until the element ``locator`` is visible.</doc>
<status status="PASS" starttime="20230623 13:35:56.404" endtime="20230623 13:35:56.897"/>
</kw>
<kw name="Click Element" library="SeleniumLibrary">
<arg>${confirmbutton}</arg>
<doc>Click the element identified by ``locator``.</doc>
<msg timestamp="20230623 13:35:56.898" level="INFO">Clicking element '//html/body/div[2]/div/div[6]/button[1]'.</msg>
<status status="PASS" starttime="20230623 13:35:56.897" endtime="20230623 13:35:56.974"/>
</kw>
<kw name="Sleep" library="BuiltIn">
<arg>10s</arg>
<doc>Pauses the test executed for the given time.</doc>
<msg timestamp="20230623 13:36:06.974" level="INFO">Slept 10 seconds</msg>
<status status="PASS" starttime="20230623 13:35:56.974" endtime="20230623 13:36:06.975"/>
</kw>
<kw name="Get Element Count" library="SeleniumLibrary">
<var>${p}</var>
<arg>${confirmpack}</arg>
<doc>Returns the number of elements matching ``locator``.</doc>
<msg timestamp="20230623 13:36:07.005" level="INFO">${p} = 0</msg>
<status status="PASS" starttime="20230623 13:36:06.975" endtime="20230623 13:36:07.005"/>
</kw>
<kw name="Run Keyword If" library="BuiltIn">
<arg>${p}&gt;0</arg>
<arg>Click pack</arg>
<doc>Runs the given keyword with the given arguments, if ``condition`` is true.</doc>
<status status="PASS" starttime="20230623 13:36:07.006" endtime="20230623 13:36:07.006"/>
</kw>
<kw name="Sleep" library="BuiltIn">
<arg>3s</arg>
<doc>Pauses the test executed for the given time.</doc>
<msg timestamp="20230623 13:36:10.007" level="INFO">Slept 3 seconds</msg>
<status status="PASS" starttime="20230623 13:36:07.006" endtime="20230623 13:36:10.007"/>
</kw>
<kw name="Get Element Count" library="SeleniumLibrary">
<var>${c}</var>
<arg>${announcementconfirm}</arg>
<doc>Returns the number of elements matching ``locator``.</doc>
<msg timestamp="20230623 13:36:10.029" level="INFO">${c} = 1</msg>
<status status="PASS" starttime="20230623 13:36:10.007" endtime="20230623 13:36:10.029"/>
</kw>
<kw name="Run Keyword If" library="BuiltIn">
<arg>${c}&gt;0</arg>
<arg>Click announcement</arg>
<doc>Runs the given keyword with the given arguments, if ``condition`` is true.</doc>
<kw name="Click announcement" library="resource">
<kw name="Click Element" library="SeleniumLibrary">
<arg>${announcementconfirm}</arg>
<doc>Click the element identified by ``locator``.</doc>
<msg timestamp="20230623 13:36:10.031" level="INFO">Clicking element '//*[@id="announcement"]/div/div/div[1]/button'.</msg>
<status status="PASS" starttime="20230623 13:36:10.030" endtime="20230623 13:36:10.129"/>
</kw>
<status status="PASS" starttime="20230623 13:36:10.030" endtime="20230623 13:36:10.129"/>
</kw>
<status status="PASS" starttime="20230623 13:36:10.029" endtime="20230623 13:36:10.130"/>
</kw>
<status status="PASS" starttime="20230623 13:35:54.283" endtime="20230623 13:36:10.130"/>
</kw>
<status status="PASS" starttime="20230623 13:35:54.283" endtime="20230623 13:36:10.131"/>
</test>
<test id="s1-t3" name="Click Order Menu" line="313">
<kw name="Click Order Menu">
<kw name="Wait Until Element Is Visible" library="SeleniumLibrary">
<arg>${ordermenu}</arg>
<doc>Waits until the element ``locator`` is visible.</doc>
<status status="PASS" starttime="20230623 13:36:10.136" endtime="20230623 13:36:10.199"/>
</kw>
<kw name="Click Element" library="SeleniumLibrary">
<arg>${ordermenu}</arg>
<doc>Click the element identified by ``locator``.</doc>
<msg timestamp="20230623 13:36:10.200" level="INFO">Clicking element '//html/body/section/div[2]/div[2]/div[2]/div/ul/li[3]/a'.</msg>
<status status="PASS" starttime="20230623 13:36:10.199" endtime="20230623 13:36:10.579"/>
</kw>
<kw name="Wait Until Element Is Visible" library="SeleniumLibrary">
<arg>${createorder}</arg>
<doc>Waits until the element ``locator`` is visible.</doc>
<status status="PASS" starttime="20230623 13:36:10.580" endtime="20230623 13:36:11.579"/>
</kw>
<kw name="Click Element" library="SeleniumLibrary">
<arg>${createorder}</arg>
<doc>Click the element identified by ``locator``.</doc>
<msg timestamp="20230623 13:36:11.581" level="INFO">Clicking element '//html/body/section/div[2]/div[4]/div[4]/div/div[2]/div/div[1]/div[2]/div/div/div[1]/div[1]/button'.</msg>
<status status="PASS" starttime="20230623 13:36:11.580" endtime="20230623 13:36:11.822"/>
</kw>
<kw name="Sleep" library="BuiltIn">
<arg>2s</arg>
<doc>Pauses the test executed for the given time.</doc>
<msg timestamp="20230623 13:36:13.823" level="INFO">Slept 2 seconds</msg>
<status status="PASS" starttime="20230623 13:36:11.822" endtime="20230623 13:36:13.823"/>
</kw>
<status status="PASS" starttime="20230623 13:36:10.135" endtime="20230623 13:36:13.823"/>
</kw>
<status status="PASS" starttime="20230623 13:36:10.133" endtime="20230623 13:36:13.824"/>
</test>
<test id="s1-t4" name="Add Order 1" line="316">
<kw name="Add Order 1">
<kw name="Evaluate" library="BuiltIn">
<var>${value}</var>
<arg>random.choice($random)</arg>
<arg>random</arg>
<doc>Evaluates the given expression in Python and returns the result.</doc>
<msg timestamp="20230623 13:36:13.831" level="INFO">${value} = //*[@id="order_form_modal"]/div/div[3]/form/div[2]/div[1]/div[2]/div/div/div[2]/div/div/div/div/div[11]/label/div</msg>
<status status="PASS" starttime="20230623 13:36:13.825" endtime="20230623 13:36:13.831"/>
</kw>
<kw name="Wait Until Element Is Visible" library="SeleniumLibrary">
<arg>${fromfacebook}</arg>
<doc>Waits until the element ``locator`` is visible.</doc>
<status status="PASS" starttime="20230623 13:36:13.831" endtime="20230623 13:36:13.892"/>
</kw>
<kw name="Click Element" library="SeleniumLibrary">
<arg>${value}</arg>
<doc>Click the element identified by ``locator``.</doc>
<msg timestamp="20230623 13:36:13.894" level="INFO">Clicking element '//*[@id="order_form_modal"]/div/div[3]/form/div[2]/div[1]/div[2]/div/div/div[2]/div/div/div/div/div[11]/label/div'.</msg>
<status status="PASS" starttime="20230623 13:36:13.893" endtime="20230623 13:36:14.053"/>
</kw>
<kw name="Sleep" library="BuiltIn">
<arg>2s</arg>
<doc>Pauses the test executed for the given time.</doc>
<msg timestamp="20230623 13:36:16.054" level="INFO">Slept 2 seconds</msg>
<status status="PASS" starttime="20230623 13:36:14.054" endtime="20230623 13:36:16.055"/>
</kw>
<kw name="Wait Until Element Is Visible" library="SeleniumLibrary">
<arg>${userbox}</arg>
<doc>Waits until the element ``locator`` is visible.</doc>
<status status="PASS" starttime="20230623 13:36:16.055" endtime="20230623 13:36:16.088"/>
</kw>
<kw name="Click Element" library="SeleniumLibrary">
<arg>${userbox}</arg>
<doc>Click the element identified by ``locator``.</doc>
<msg timestamp="20230623 13:36:16.089" level="INFO">Clicking element '//*[@id="customer-search"]/div/span/span[1]/span/ul/li/input'.</msg>
<status status="PASS" starttime="20230623 13:36:16.088" endtime="20230623 13:36:16.185"/>
</kw>
<kw name="Sleep" library="BuiltIn">
<arg>2s</arg>
<doc>Pauses the test executed for the given time.</doc>
<msg timestamp="20230623 13:36:18.186" level="INFO">Slept 2 seconds</msg>
<status status="PASS" starttime="20230623 13:36:16.185" endtime="20230623 13:36:18.186"/>
</kw>
<kw name="Click Element" library="SeleniumLibrary">
<arg>${firstuser}</arg>
<doc>Click the element identified by ``locator``.</doc>
<msg timestamp="20230623 13:36:18.187" level="INFO">Clicking element '//*[@id="select2--results"]/li[1]/div'.</msg>
<status status="PASS" starttime="20230623 13:36:18.186" endtime="20230623 13:36:18.339"/>
</kw>
<kw name="Press Keys" library="SeleniumLibrary">
<arg>xpath=//body</arg>
<arg>\ue00f</arg>
<doc>Simulates the user pressing key(s) to an element or on the active browser.</doc>
<msg timestamp="20230623 13:36:18.340" level="INFO">Sending key(s) ('\ue00f',) to xpath=//body element.</msg>
<msg timestamp="20230623 13:36:18.690" level="INFO">Sending key </msg>
<status status="PASS" starttime="20230623 13:36:18.339" endtime="20230623 13:36:18.701"/>
</kw>
<kw name="Sleep" library="BuiltIn">
<arg>2s</arg>
<doc>Pauses the test executed for the given time.</doc>
<msg timestamp="20230623 13:36:20.702" level="INFO">Slept 2 seconds</msg>
<status status="PASS" starttime="20230623 13:36:18.701" endtime="20230623 13:36:20.702"/>
</kw>
<kw name="Click Element" library="SeleniumLibrary">
<arg>${selectproduct}</arg>
<doc>Click the element identified by ``locator``.</doc>
<msg timestamp="20230623 13:36:20.703" level="INFO">Clicking element '//*[@id="tb-product"]/tr/td/div/div[2]/button'.</msg>
<status status="PASS" starttime="20230623 13:36:20.703" endtime="20230623 13:36:20.831"/>
</kw>
<kw name="Wait Until Element Is Visible" library="SeleniumLibrary">
<arg>${basicproduct}</arg>
<doc>Waits until the element ``locator`` is visible.</doc>
<status status="PASS" starttime="20230623 13:36:20.831" endtime="20230623 13:36:20.910"/>
</kw>
<kw name="Click Element" library="SeleniumLibrary">
<arg>${basicproduct}</arg>
<doc>Click the element identified by ``locator``.</doc>
<msg timestamp="20230623 13:36:20.911" level="INFO">Clicking element '//*[@id="product_promotion"]/div[2]/div[2]/div/div/div[1]/div/ul/li[2]/a'.</msg>
<status status="PASS" starttime="20230623 13:36:20.910" endtime="20230623 13:36:21.112"/>
</kw>
<kw name="Wait Until Element Is Visible" library="SeleniumLibrary">
<arg>${firstproduct}</arg>
<doc>Waits until the element ``locator`` is visible.</doc>
<status status="PASS" starttime="20230623 13:36:21.113" endtime="20230623 13:36:21.403"/>
</kw>
<kw name="Click Element" library="SeleniumLibrary">
<arg>${firstproduct}</arg>
<doc>Click the element identified by ``locator``.</doc>
<msg timestamp="20230623 13:36:21.404" level="INFO">Clicking element '//*[@id="table_product_promotion"]/div/div/div/table/tbody/tr/td[1]/input'.</msg>
<status status="PASS" starttime="20230623 13:36:21.404" endtime="20230623 13:36:21.500"/>
</kw>
<kw name="Wait Until Element Is Visible" library="SeleniumLibrary">
<arg>${confirmselectproduct}</arg>
<doc>Waits until the element ``locator`` is visible.</doc>
<status status="PASS" starttime="20230623 13:36:21.500" endtime="20230623 13:36:21.533"/>
</kw>
<kw name="Click Element" library="SeleniumLibrary">
<arg>${confirmselectproduct}</arg>
<doc>Click the element identified by ``locator``.</doc>
<msg timestamp="20230623 13:36:21.533" level="INFO">Clicking element '//*[@id="product_promotion"]/div[3]/div/button[1]'.</msg>
<status status="PASS" starttime="20230623 13:36:21.533" endtime="20230623 13:36:21.663"/>
</kw>
<kw name="Press Keys" library="SeleniumLibrary">
<arg>xpath=//body</arg>
<arg>\ue00e</arg>
<doc>Simulates the user pressing key(s) to an element or on the active browser.</doc>
<msg timestamp="20230623 13:36:21.665" level="INFO">Sending key(s) ('\ue00e',) to xpath=//body element.</msg>
<msg timestamp="20230623 13:36:21.996" level="INFO">Sending key </msg>
<status status="PASS" starttime="20230623 13:36:21.664" endtime="20230623 13:36:22.006"/>
</kw>
<kw name="Sleep" library="BuiltIn">
<arg>2s</arg>
<doc>Pauses the test executed for the given time.</doc>
<msg timestamp="20230623 13:36:24.007" level="INFO">Slept 2 seconds</msg>
<status status="PASS" starttime="20230623 13:36:22.006" endtime="20230623 13:36:24.008"/>
</kw>
<kw name="Wait Until Element Is Visible" library="SeleniumLibrary">
<arg>${addpayment}</arg>
<doc>Waits until the element ``locator`` is visible.</doc>
<status status="PASS" starttime="20230623 13:36:24.008" endtime="20230623 13:36:24.043"/>
</kw>
<kw name="Click Element" library="SeleniumLibrary">
<arg>${addpayment}</arg>
<doc>Click the element identified by ``locator``.</doc>
<msg timestamp="20230623 13:36:24.044" level="INFO">Clicking element '//*[@id="is_payment_status"]/div'.</msg>
<status status="PASS" starttime="20230623 13:36:24.044" endtime="20230623 13:36:24.175"/>
</kw>
<kw name="Sleep" library="BuiltIn">
<arg>2s</arg>
<doc>Pauses the test executed for the given time.</doc>
<msg timestamp="20230623 13:36:26.176" level="INFO">Slept 2 seconds</msg>
<status status="PASS" starttime="20230623 13:36:24.176" endtime="20230623 13:36:26.177"/>
</kw>
<kw name="Wait Until Page Contains Element" library="SeleniumLibrary">
<arg>${uploadfield}</arg>
<doc>Waits until the element ``locator`` appears on the current page.</doc>
<status status="PASS" starttime="20230623 13:36:26.177" endtime="20230623 13:36:26.204"/>
</kw>
<kw name="Sleep" library="BuiltIn">
<arg>2s</arg>
<doc>Pauses the test executed for the given time.</doc>
<msg timestamp="20230623 13:36:28.205" level="INFO">Slept 2 seconds</msg>
<status status="PASS" starttime="20230623 13:36:26.204" endtime="20230623 13:36:28.205"/>
</kw>
<kw name="Choose File" library="SeleniumLibrary">
<arg>${uploadfield}</arg>
<arg>${testpic2}</arg>
<doc>Inputs the ``file_path`` into the file input field ``locator``.</doc>
<msg timestamp="20230623 13:36:28.206" level="INFO">Sending /var/lib/jenkins/workspace/robot/slip.jpg to browser.</msg>
<status status="PASS" starttime="20230623 13:36:28.205" endtime="20230623 13:36:28.289"/>
</kw>
<kw name="Sleep" library="BuiltIn">
<arg>1s</arg>
<doc>Pauses the test executed for the given time.</doc>
<msg timestamp="20230623 13:36:29.290" level="INFO">Slept 1 second</msg>
<status status="PASS" starttime="20230623 13:36:28.290" endtime="20230623 13:36:29.290"/>
</kw>
<kw name="Press Keys" library="SeleniumLibrary">
<arg>xpath=//body</arg>
<arg>\ue00f</arg>
<doc>Simulates the user pressing key(s) to an element or on the active browser.</doc>
<msg timestamp="20230623 13:36:29.292" level="INFO">Sending key(s) ('\ue00f',) to xpath=//body element.</msg>
<msg timestamp="20230623 13:36:29.596" level="INFO">Sending key </msg>
<status status="PASS" starttime="20230623 13:36:29.291" endtime="20230623 13:36:29.607"/>
</kw>
<kw name="Sleep" library="BuiltIn">
<arg>1s</arg>
<doc>Pauses the test executed for the given time.</doc>
<msg timestamp="20230623 13:36:30.608" level="INFO">Slept 1 second</msg>
<status status="PASS" starttime="20230623 13:36:29.607" endtime="20230623 13:36:30.608"/>
</kw>
<kw name="Wait Until Element Is Visible" library="SeleniumLibrary">
<arg>${paymentcompleted}</arg>
<doc>Waits until the element ``locator`` is visible.</doc>
<status status="PASS" starttime="20230623 13:36:30.608" endtime="20230623 13:36:30.646"/>
</kw>
<kw name="Click Element" library="SeleniumLibrary">
<arg>${paymentcompleted}</arg>
<doc>Click the element identified by ``locator``.</doc>
<msg timestamp="20230623 13:36:30.646" level="INFO">Clicking element '//*[@id="payment-component"]/div[4]/div/div[5]/div/div'.</msg>
<status status="PASS" starttime="20230623 13:36:30.646" endtime="20230623 13:36:30.735"/>
</kw>
<kw name="Wait Until Element Is Visible" library="SeleniumLibrary">
<arg>${confirmandreorder}</arg>
<doc>Waits until the element ``locator`` is visible.</doc>
<status status="PASS" starttime="20230623 13:36:30.736" endtime="20230623 13:36:30.777"/>
</kw>
<kw name="Click Element" library="SeleniumLibrary">
<arg>${confirmandreorder}</arg>
<doc>Click the element identified by ``locator``.</doc>
<msg timestamp="20230623 13:36:30.778" level="INFO">Clicking element '//*[@id="order_form_modal"]/div/div[3]/form/div[2]/div[1]/div[6]/button[2]'.</msg>
<status status="PASS" starttime="20230623 13:36:30.777" endtime="20230623 13:36:30.890"/>
</kw>
<kw name="Sleep" library="BuiltIn">
<arg>2s</arg>
<doc>Pauses the test executed for the given time.</doc>
<msg timestamp="20230623 13:36:32.890" level="INFO">Slept 2 seconds</msg>
<status status="PASS" starttime="20230623 13:36:30.890" endtime="20230623 13:36:32.891"/>
</kw>
<status status="PASS" starttime="20230623 13:36:13.825" endtime="20230623 13:36:32.891"/>
</kw>
<status status="PASS" starttime="20230623 13:36:13.824" endtime="20230623 13:36:32.891"/>
</test>
<test id="s1-t5" name="Add Order 2" line="319">
<kw name="Add Order 2">
<kw name="Sleep" library="BuiltIn">
<arg>2s</arg>
<doc>Pauses the test executed for the given time.</doc>
<msg timestamp="20230623 13:36:34.893" level="INFO">Slept 2 seconds</msg>
<status status="PASS" starttime="20230623 13:36:32.893" endtime="20230623 13:36:34.893"/>
</kw>
<kw name="Evaluate" library="BuiltIn">
<var>${value}</var>
<arg>random.choice($random)</arg>
<arg>random</arg>
<doc>Evaluates the given expression in Python and returns the result.</doc>
<msg timestamp="20230623 13:36:34.894" level="INFO">${value} = //*[@id="order_form_modal"]/div/div[3]/form/div[2]/div[1]/div[2]/div/div/div[2]/div/div/div/div/div[4]/label/div</msg>
<status status="PASS" starttime="20230623 13:36:34.894" endtime="20230623 13:36:34.894"/>
</kw>
<kw name="Wait Until Element Is Visible" library="SeleniumLibrary">
<arg>${fromfacebook}</arg>
<doc>Waits until the element ``locator`` is visible.</doc>
<status status="PASS" starttime="20230623 13:36:34.894" endtime="20230623 13:36:34.923"/>
</kw>
<kw name="Click Element" library="SeleniumLibrary">
<arg>${value}</arg>
<doc>Click the element identified by ``locator``.</doc>
<msg timestamp="20230623 13:36:34.924" level="INFO">Clicking element '//*[@id="order_form_modal"]/div/div[3]/form/div[2]/div[1]/div[2]/div/div/div[2]/div/div/div/div/div[4]/label/div'.</msg>
<status status="PASS" starttime="20230623 13:36:34.923" endtime="20230623 13:36:35.006"/>
</kw>
<kw name="Sleep" library="BuiltIn">
<arg>2s</arg>
<doc>Pauses the test executed for the given time.</doc>
<msg timestamp="20230623 13:36:37.007" level="INFO">Slept 2 seconds</msg>
<status status="PASS" starttime="20230623 13:36:35.006" endtime="20230623 13:36:37.007"/>
</kw>
<kw name="Wait Until Element Is Visible" library="SeleniumLibrary">
<arg>${userbox}</arg>
<doc>Waits until the element ``locator`` is visible.</doc>
<status status="PASS" starttime="20230623 13:36:37.007" endtime="20230623 13:36:37.034"/>
</kw>
<kw name="Click Element" library="SeleniumLibrary">
<arg>${userbox}</arg>
<doc>Click the element identified by ``locator``.</doc>
<msg timestamp="20230623 13:36:37.035" level="INFO">Clicking element '//*[@id="customer-search"]/div/span/span[1]/span/ul/li/input'.</msg>
<status status="PASS" starttime="20230623 13:36:37.035" endtime="20230623 13:36:37.125"/>
</kw>
<kw name="Sleep" library="BuiltIn">
<arg>2s</arg>
<doc>Pauses the test executed for the given time.</doc>
<msg timestamp="20230623 13:36:39.126" level="INFO">Slept 2 seconds</msg>
<status status="PASS" starttime="20230623 13:36:37.125" endtime="20230623 13:36:39.126"/>
</kw>
<kw name="Wait Until Element Is Visible" library="SeleniumLibrary">
<arg>${firstuser}</arg>
<doc>Waits until the element ``locator`` is visible.</doc>
<status status="PASS" starttime="20230623 13:36:39.126" endtime="20230623 13:36:39.152"/>
</kw>
<kw name="Click Element" library="SeleniumLibrary">
<arg>${firstuser}</arg>
<doc>Click the element identified by ``locator``.</doc>
<msg timestamp="20230623 13:36:39.153" level="INFO">Clicking element '//*[@id="select2--results"]/li[1]/div'.</msg>
<status status="PASS" starttime="20230623 13:36:39.153" endtime="20230623 13:36:39.246"/>
</kw>
<kw name="Press Keys" library="SeleniumLibrary">
<arg>xpath=//body</arg>
<arg>\ue00f</arg>
<doc>Simulates the user pressing key(s) to an element or on the active browser.</doc>
<msg timestamp="20230623 13:36:39.251" level="INFO">Sending key(s) ('\ue00f',) to xpath=//body element.</msg>
<msg timestamp="20230623 13:36:39.564" level="INFO">Sending key </msg>
<status status="PASS" starttime="20230623 13:36:39.246" endtime="20230623 13:36:39.581"/>
</kw>
<kw name="Sleep" library="BuiltIn">
<arg>3s</arg>
<doc>Pauses the test executed for the given time.</doc>
<msg timestamp="20230623 13:36:42.582" level="INFO">Slept 3 seconds</msg>
<status status="PASS" starttime="20230623 13:36:39.581" endtime="20230623 13:36:42.582"/>
</kw>
<kw name="Wait Until Element Is Visible" library="SeleniumLibrary">
<arg>${searchproduct}</arg>
<doc>Waits until the element ``locator`` is visible.</doc>
<status status="PASS" starttime="20230623 13:36:42.582" endtime="20230623 13:36:42.618"/>
</kw>
<kw name="Click Element" library="SeleniumLibrary">
<arg>${searchproduct}</arg>
<doc>Click the element identified by ``locator``.</doc>
<msg timestamp="20230623 13:36:42.619" level="INFO">Clicking element '//*[@id="product-search"]/div/span/span[1]/span/ul/li'.</msg>
<status status="PASS" starttime="20230623 13:36:42.618" endtime="20230623 13:36:42.714"/>
</kw>
<kw name="Sleep" library="BuiltIn">
<arg>1s</arg>
<doc>Pauses the test executed for the given time.</doc>
<msg timestamp="20230623 13:36:43.715" level="INFO">Slept 1 second</msg>
<status status="PASS" starttime="20230623 13:36:42.714" endtime="20230623 13:36:43.715"/>
</kw>
<kw name="Wait Until Element Is Visible" library="SeleniumLibrary">
<arg>${searchresult1}</arg>
<doc>Waits until the element ``locator`` is visible.</doc>
<status status="PASS" starttime="20230623 13:36:43.715" endtime="20230623 13:36:43.750"/>
</kw>
<kw name="Click Element" library="SeleniumLibrary">
<arg>${searchresult1}</arg>
<doc>Click the element identified by ``locator``.</doc>
<msg timestamp="20230623 13:36:43.751" level="INFO">Clicking element '//*[@id="select2--results"]/li'.</msg>
<status status="PASS" starttime="20230623 13:36:43.750" endtime="20230623 13:36:43.848"/>
</kw>
<kw name="Sleep" library="BuiltIn">
<arg>2s</arg>
<doc>Pauses the test executed for the given time.</doc>
<msg timestamp="20230623 13:36:45.848" level="INFO">Slept 2 seconds</msg>
<status status="PASS" starttime="20230623 13:36:43.848" endtime="20230623 13:36:45.849"/>
</kw>
<kw name="Wait Until Element Is Visible" library="SeleniumLibrary">
<arg>${confirmandreorder}</arg>
<doc>Waits until the element ``locator`` is visible.</doc>
<status status="PASS" starttime="20230623 13:36:45.849" endtime="20230623 13:36:45.874"/>
</kw>
<kw name="Click Element" library="SeleniumLibrary">
<arg>${confirmandreorder}</arg>
<doc>Click the element identified by ``locator``.</doc>
<msg timestamp="20230623 13:36:45.875" level="INFO">Clicking element '//*[@id="order_form_modal"]/div/div[3]/form/div[2]/div[1]/div[6]/button[2]'.</msg>
<status status="PASS" starttime="20230623 13:36:45.875" endtime="20230623 13:36:45.969"/>
</kw>
<kw name="Sleep" library="BuiltIn">
<arg>2s</arg>
<doc>Pauses the test executed for the given time.</doc>
<msg timestamp="20230623 13:36:47.970" level="INFO">Slept 2 seconds</msg>
<status status="PASS" starttime="20230623 13:36:45.969" endtime="20230623 13:36:47.970"/>
</kw>
<status status="PASS" starttime="20230623 13:36:32.892" endtime="20230623 13:36:47.970"/>
</kw>
<status status="PASS" starttime="20230623 13:36:32.892" endtime="20230623 13:36:47.970"/>
</test>
<test id="s1-t6" name="Add Order 3" line="322">
<kw name="Add Order 3">
<kw name="Sleep" library="BuiltIn">
<arg>2s</arg>
<doc>Pauses the test executed for the given time.</doc>
<msg timestamp="20230623 13:36:49.972" level="INFO">Slept 2 seconds</msg>
<status status="PASS" starttime="20230623 13:36:47.972" endtime="20230623 13:36:49.972"/>
</kw>
<kw name="Evaluate" library="BuiltIn">
<var>${value}</var>
<arg>random.choice($random)</arg>
<arg>random</arg>
<doc>Evaluates the given expression in Python and returns the result.</doc>
<msg timestamp="20230623 13:36:49.973" level="INFO">${value} = //*[@id="order_form_modal"]/div/div[3]/form/div[2]/div[1]/div[2]/div/div/div[2]/div/div/div/div/div[4]/label/div</msg>
<status status="PASS" starttime="20230623 13:36:49.973" endtime="20230623 13:36:49.973"/>
</kw>
<kw name="Wait Until Element Is Visible" library="SeleniumLibrary">
<arg>${fromfacebook}</arg>
<doc>Waits until the element ``locator`` is visible.</doc>
<status status="PASS" starttime="20230623 13:36:49.973" endtime="20230623 13:36:50.006"/>
</kw>
<kw name="Click Element" library="SeleniumLibrary">
<arg>${value}</arg>
<doc>Click the element identified by ``locator``.</doc>
<msg timestamp="20230623 13:36:50.007" level="INFO">Clicking element '//*[@id="order_form_modal"]/div/div[3]/form/div[2]/div[1]/div[2]/div/div/div[2]/div/div/div/div/div[4]/label/div'.</msg>
<status status="PASS" starttime="20230623 13:36:50.006" endtime="20230623 13:36:50.085"/>
</kw>
<kw name="Sleep" library="BuiltIn">
<arg>2s</arg>
<doc>Pauses the test executed for the given time.</doc>
<msg timestamp="20230623 13:36:52.086" level="INFO">Slept 2 seconds</msg>
<status status="PASS" starttime="20230623 13:36:50.085" endtime="20230623 13:36:52.086"/>
</kw>
<kw name="Wait Until Element Is Visible" library="SeleniumLibrary">
<arg>${userbox}</arg>
<doc>Waits until the element ``locator`` is visible.</doc>
<status status="PASS" starttime="20230623 13:36:52.086" endtime="20230623 13:36:52.116"/>
</kw>
<kw name="Click Element" library="SeleniumLibrary">
<arg>${userbox}</arg>
<doc>Click the element identified by ``locator``.</doc>
<msg timestamp="20230623 13:36:52.117" level="INFO">Clicking element '//*[@id="customer-search"]/div/span/span[1]/span/ul/li/input'.</msg>
<status status="PASS" starttime="20230623 13:36:52.116" endtime="20230623 13:36:52.205"/>
</kw>
<kw name="Sleep" library="BuiltIn">
<arg>2s</arg>
<doc>Pauses the test executed for the given time.</doc>
<msg timestamp="20230623 13:36:54.206" level="INFO">Slept 2 seconds</msg>
<status status="PASS" starttime="20230623 13:36:52.206" endtime="20230623 13:36:54.206"/>
</kw>
<kw name="Wait Until Element Is Visible" library="SeleniumLibrary">
<arg>${firstuser}</arg>
<doc>Waits until the element ``locator`` is visible.</doc>
<status status="PASS" starttime="20230623 13:36:54.207" endtime="20230623 13:36:54.234"/>
</kw>
<kw name="Click Element" library="SeleniumLibrary">
<arg>${firstuser}</arg>
<doc>Click the element identified by ``locator``.</doc>
<msg timestamp="20230623 13:36:54.234" level="INFO">Clicking element '//*[@id="select2--results"]/li[1]/div'.</msg>
<status status="PASS" starttime="20230623 13:36:54.234" endtime="20230623 13:36:54.386"/>
</kw>
<kw name="Sleep" library="BuiltIn">
<arg>1s</arg>
<doc>Pauses the test executed for the given time.</doc>
<msg timestamp="20230623 13:36:55.388" level="INFO">Slept 1 second</msg>
<status status="PASS" starttime="20230623 13:36:54.387" endtime="20230623 13:36:55.388"/>
</kw>
<kw name="Wait Until Element Is Visible" library="SeleniumLibrary">
<arg>${cod}</arg>
<doc>Waits until the element ``locator`` is visible.</doc>
<status status="PASS" starttime="20230623 13:36:55.388" endtime="20230623 13:36:55.422"/>
</kw>
<kw name="Click Element" library="SeleniumLibrary">
<arg>${cod}</arg>
<doc>Click the element identified by ``locator``.</doc>
<msg timestamp="20230623 13:36:55.423" level="INFO">Clicking element '//*[@id="payment-component"]/div[1]/div/div/div[2]/button'.</msg>
<status status="PASS" starttime="20230623 13:36:55.422" endtime="20230623 13:36:55.509"/>
</kw>
<kw name="Sleep" library="BuiltIn">
<arg>1s</arg>
<doc>Pauses the test executed for the given time.</doc>
<msg timestamp="20230623 13:36:56.510" level="INFO">Slept 1 second</msg>
<status status="PASS" starttime="20230623 13:36:55.509" endtime="20230623 13:36:56.510"/>
</kw>
<kw name="Wait Until Element Is Visible" library="SeleniumLibrary">
<arg>${checkboxcod}</arg>
<doc>Waits until the element ``locator`` is visible.</doc>
<status status="PASS" starttime="20230623 13:36:56.510" endtime="20230623 13:36:56.547"/>
</kw>
<kw name="Click Element" library="SeleniumLibrary">
<arg>${checkboxcod}</arg>
<doc>Click the element identified by ``locator``.</doc>
<msg timestamp="20230623 13:36:56.548" level="INFO">Clicking element '//*[@id="payment-component"]/div[2]/div/div'.</msg>
<status status="PASS" starttime="20230623 13:36:56.547" endtime="20230623 13:36:56.635"/>
</kw>
<kw name="Press Keys" library="SeleniumLibrary">
<arg>xpath=//body</arg>
<arg>\ue00f</arg>
<doc>Simulates the user pressing key(s) to an element or on the active browser.</doc>
<msg timestamp="20230623 13:36:56.636" level="INFO">Sending key(s) ('\ue00f',) to xpath=//body element.</msg>
<msg timestamp="20230623 13:36:56.942" level="INFO">Sending key </msg>
<status status="PASS" starttime="20230623 13:36:56.635" endtime="20230623 13:36:56.958"/>
</kw>
<kw name="Sleep" library="BuiltIn">
<arg>3s</arg>
<doc>Pauses the test executed for the given time.</doc>
<msg timestamp="20230623 13:36:59.959" level="INFO">Slept 3 seconds</msg>
<status status="PASS" starttime="20230623 13:36:56.958" endtime="20230623 13:36:59.959"/>
</kw>
<kw name="Wait Until Element Is Visible" library="SeleniumLibrary">
<arg>${selectproduct}</arg>
<doc>Waits until the element ``locator`` is visible.</doc>
<status status="PASS" starttime="20230623 13:36:59.960" endtime="20230623 13:36:59.994"/>
</kw>
<kw name="Click Element" library="SeleniumLibrary">
<arg>${selectproduct}</arg>
<doc>Click the element identified by ``locator``.</doc>
<msg timestamp="20230623 13:36:59.994" level="INFO">Clicking element '//*[@id="tb-product"]/tr/td/div/div[2]/button'.</msg>
<status status="PASS" starttime="20230623 13:36:59.994" endtime="20230623 13:37:00.131"/>
</kw>
<kw name="Wait Until Element Is Visible" library="SeleniumLibrary">
<arg>${basicproduct}</arg>
<doc>Waits until the element ``locator`` is visible.</doc>
<status status="PASS" starttime="20230623 13:37:00.131" endtime="20230623 13:37:00.183"/>
</kw>
<kw name="Click Element" library="SeleniumLibrary">
<arg>${basicproduct}</arg>
<doc>Click the element identified by ``locator``.</doc>
<msg timestamp="20230623 13:37:00.184" level="INFO">Clicking element '//*[@id="product_promotion"]/div[2]/div[2]/div/div/div[1]/div/ul/li[2]/a'.</msg>
<status status="PASS" starttime="20230623 13:37:00.183" endtime="20230623 13:37:00.554"/>
</kw>
<kw name="Wait Until Element Is Visible" library="SeleniumLibrary">
<arg>${firstproduct}</arg>
<doc>Waits until the element ``locator`` is visible.</doc>
<status status="PASS" starttime="20230623 13:37:00.554" endtime="20230623 13:37:00.840"/>
</kw>
<kw name="Click Element" library="SeleniumLibrary">
<arg>${firstproduct}</arg>
<doc>Click the element identified by ``locator``.</doc>
<msg timestamp="20230623 13:37:00.842" level="INFO">Clicking element '//*[@id="table_product_promotion"]/div/div/div/table/tbody/tr/td[1]/input'.</msg>
<status status="PASS" starttime="20230623 13:37:00.841" endtime="20230623 13:37:00.969"/>
</kw>
<kw name="Sleep" library="BuiltIn">
<arg>2s</arg>
<doc>Pauses the test executed for the given time.</doc>
<msg timestamp="20230623 13:37:02.970" level="INFO">Slept 2 seconds</msg>
<status status="PASS" starttime="20230623 13:37:00.969" endtime="20230623 13:37:02.970"/>
</kw>
<kw name="Wait Until Element Is Visible" library="SeleniumLibrary">
<arg>${confirmselectproduct}</arg>
<doc>Waits until the element ``locator`` is visible.</doc>
<status status="PASS" starttime="20230623 13:37:02.970" endtime="20230623 13:37:03.003"/>
</kw>
<kw name="Click Element" library="SeleniumLibrary">
<arg>${confirmselectproduct}</arg>
<doc>Click the element identified by ``locator``.</doc>
<msg timestamp="20230623 13:37:03.004" level="INFO">Clicking element '//*[@id="product_promotion"]/div[3]/div/button[1]'.</msg>
<status status="PASS" starttime="20230623 13:37:03.003" endtime="20230623 13:37:03.179"/>
</kw>
<kw name="Sleep" library="BuiltIn">
<arg>2s</arg>
<doc>Pauses the test executed for the given time.</doc>
<msg timestamp="20230623 13:37:05.180" level="INFO">Slept 2 seconds</msg>
<status status="PASS" starttime="20230623 13:37:03.179" endtime="20230623 13:37:05.180"/>
</kw>
<kw name="Wait Until Element Is Visible" library="SeleniumLibrary">
<arg>${confirmandreorder}</arg>
<doc>Waits until the element ``locator`` is visible.</doc>
<status status="PASS" starttime="20230623 13:37:05.180" endtime="20230623 13:37:05.211"/>
</kw>
<kw name="Click Element" library="SeleniumLibrary">
<arg>${confirmandreorder}</arg>
<doc>Click the element identified by ``locator``.</doc>
<msg timestamp="20230623 13:37:05.212" level="INFO">Clicking element '//*[@id="order_form_modal"]/div/div[3]/form/div[2]/div[1]/div[6]/button[2]'.</msg>
<status status="PASS" starttime="20230623 13:37:05.212" endtime="20230623 13:37:05.303"/>
</kw>
<kw name="Sleep" library="BuiltIn">
<arg>2s</arg>
<doc>Pauses the test executed for the given time.</doc>
<msg timestamp="20230623 13:37:07.303" level="INFO">Slept 2 seconds</msg>
<status status="PASS" starttime="20230623 13:37:05.303" endtime="20230623 13:37:07.304"/>
</kw>
<status status="PASS" starttime="20230623 13:36:47.971" endtime="20230623 13:37:07.304"/>
</kw>
<status status="PASS" starttime="20230623 13:36:47.971" endtime="20230623 13:37:07.305"/>
</test>
<test id="s1-t7" name="Add Order 4" line="325">
<kw name="Add Order 4">
<kw name="Sleep" library="BuiltIn">
<arg>2s</arg>
<doc>Pauses the test executed for the given time.</doc>
<msg timestamp="20230623 13:37:09.307" level="INFO">Slept 2 seconds</msg>
<status status="PASS" starttime="20230623 13:37:07.306" endtime="20230623 13:37:09.307"/>
</kw>
<kw name="Evaluate" library="BuiltIn">
<var>${value}</var>
<arg>random.choice($random)</arg>
<arg>random</arg>
<doc>Evaluates the given expression in Python and returns the result.</doc>
<msg timestamp="20230623 13:37:09.308" level="INFO">${value} = //*[@id="order_form_modal"]/div/div[3]/form/div[2]/div[1]/div[2]/div/div/div[2]/div/div/div/div/div[12]/label/div</msg>
<status status="PASS" starttime="20230623 13:37:09.307" endtime="20230623 13:37:09.308"/>
</kw>
<kw name="Wait Until Element Is Visible" library="SeleniumLibrary">
<arg>${fromfacebook}</arg>
<doc>Waits until the element ``locator`` is visible.</doc>
<status status="PASS" starttime="20230623 13:37:09.308" endtime="20230623 13:37:09.335"/>
</kw>
<kw name="Click Element" library="SeleniumLibrary">
<arg>${value}</arg>
<doc>Click the element identified by ``locator``.</doc>
<msg timestamp="20230623 13:37:09.335" level="INFO">Clicking element '//*[@id="order_form_modal"]/div/div[3]/form/div[2]/div[1]/div[2]/div/div/div[2]/div/div/div/div/div[12]/label/div'.</msg>
<status status="PASS" starttime="20230623 13:37:09.335" endtime="20230623 13:37:09.426"/>
</kw>
<kw name="Sleep" library="BuiltIn">
<arg>2s</arg>
<doc>Pauses the test executed for the given time.</doc>
<msg timestamp="20230623 13:37:11.427" level="INFO">Slept 2 seconds</msg>
<status status="PASS" starttime="20230623 13:37:09.427" endtime="20230623 13:37:11.428"/>
</kw>
<kw name="Wait Until Element Is Visible" library="SeleniumLibrary">
<arg>${userbox}</arg>
<doc>Waits until the element ``locator`` is visible.</doc>
<status status="PASS" starttime="20230623 13:37:11.428" endtime="20230623 13:37:11.454"/>
</kw>
<kw name="Click Element" library="SeleniumLibrary">
<arg>${userbox}</arg>
<doc>Click the element identified by ``locator``.</doc>
<msg timestamp="20230623 13:37:11.455" level="INFO">Clicking element '//*[@id="customer-search"]/div/span/span[1]/span/ul/li/input'.</msg>
<status status="PASS" starttime="20230623 13:37:11.454" endtime="20230623 13:37:11.535"/>
</kw>
<kw name="Sleep" library="BuiltIn">
<arg>2s</arg>
<doc>Pauses the test executed for the given time.</doc>
<msg timestamp="20230623 13:37:13.535" level="INFO">Slept 2 seconds</msg>
<status status="PASS" starttime="20230623 13:37:11.535" endtime="20230623 13:37:13.536"/>
</kw>
<kw name="Wait Until Element Is Visible" library="SeleniumLibrary">
<arg>${firstuser}</arg>
<doc>Waits until the element ``locator`` is visible.</doc>
<status status="PASS" starttime="20230623 13:37:13.536" endtime="20230623 13:37:13.565"/>
</kw>
<kw name="Click Element" library="SeleniumLibrary">
<arg>${firstuser}</arg>
<doc>Click the element identified by ``locator``.</doc>
<msg timestamp="20230623 13:37:13.566" level="INFO">Clicking element '//*[@id="select2--results"]/li[1]/div'.</msg>
<status status="PASS" starttime="20230623 13:37:13.566" endtime="20230623 13:37:13.672"/>
</kw>
<kw name="Sleep" library="BuiltIn">
<arg>1s</arg>
<doc>Pauses the test executed for the given time.</doc>
<msg timestamp="20230623 13:37:14.673" level="INFO">Slept 1 second</msg>
<status status="PASS" starttime="20230623 13:37:13.673" endtime="20230623 13:37:14.674"/>
</kw>
<kw name="Wait Until Element Is Visible" library="SeleniumLibrary">
<arg>${cod}</arg>
<doc>Waits until the element ``locator`` is visible.</doc>
<status status="PASS" starttime="20230623 13:37:14.674" endtime="20230623 13:37:14.702"/>
</kw>
<kw name="Click Element" library="SeleniumLibrary">
<arg>${cod}</arg>
<doc>Click the element identified by ``locator``.</doc>
<msg timestamp="20230623 13:37:14.704" level="INFO">Clicking element '//*[@id="payment-component"]/div[1]/div/div/div[2]/button'.</msg>
<status status="PASS" starttime="20230623 13:37:14.703" endtime="20230623 13:37:14.778"/>
</kw>
<kw name="Sleep" library="BuiltIn">
<arg>1s</arg>
<doc>Pauses the test executed for the given time.</doc>
<msg timestamp="20230623 13:37:15.779" level="INFO">Slept 1 second</msg>
<status status="PASS" starttime="20230623 13:37:14.778" endtime="20230623 13:37:15.779"/>
</kw>
<kw name="Press Keys" library="SeleniumLibrary">
<arg>xpath=//body</arg>
<arg>\ue00f</arg>
<doc>Simulates the user pressing key(s) to an element or on the active browser.</doc>
<msg timestamp="20230623 13:37:15.780" level="INFO">Sending key(s) ('\ue00f',) to xpath=//body element.</msg>
<msg timestamp="20230623 13:37:16.079" level="INFO">Sending key </msg>
<status status="PASS" starttime="20230623 13:37:15.779" endtime="20230623 13:37:16.093"/>
</kw>
<kw name="Sleep" library="BuiltIn">
<arg>3s</arg>
<doc>Pauses the test executed for the given time.</doc>
<msg timestamp="20230623 13:37:19.093" level="INFO">Slept 3 seconds</msg>
<status status="PASS" starttime="20230623 13:37:16.093" endtime="20230623 13:37:19.094"/>
</kw>
<kw name="Wait Until Element Is Visible" library="SeleniumLibrary">
<arg>${selectproduct}</arg>
<doc>Waits until the element ``locator`` is visible.</doc>
<status status="PASS" starttime="20230623 13:37:19.094" endtime="20230623 13:37:19.124"/>
</kw>
<kw name="Click Element" library="SeleniumLibrary">
<arg>${selectproduct}</arg>
<doc>Click the element identified by ``locator``.</doc>
<msg timestamp="20230623 13:37:19.125" level="INFO">Clicking element '//*[@id="tb-product"]/tr/td/div/div[2]/button'.</msg>
<status status="PASS" starttime="20230623 13:37:19.124" endtime="20230623 13:37:19.228"/>
</kw>
<kw name="Wait Until Element Is Visible" library="SeleniumLibrary">
<arg>${basicproduct}</arg>
<doc>Waits until the element ``locator`` is visible.</doc>
<status status="PASS" starttime="20230623 13:37:19.228" endtime="20230623 13:37:19.266"/>
</kw>
<kw name="Click Element" library="SeleniumLibrary">
<arg>${basicproduct}</arg>
<doc>Click the element identified by ``locator``.</doc>
<msg timestamp="20230623 13:37:19.267" level="INFO">Clicking element '//*[@id="product_promotion"]/div[2]/div[2]/div/div/div[1]/div/ul/li[2]/a'.</msg>
<status status="PASS" starttime="20230623 13:37:19.266" endtime="20230623 13:37:19.490"/>
</kw>
<kw name="Wait Until Element Is Visible" library="SeleniumLibrary">
<arg>${firstproduct}</arg>
<doc>Waits until the element ``locator`` is visible.</doc>
<status status="PASS" starttime="20230623 13:37:19.490" endtime="20230623 13:37:19.775"/>
</kw>
<kw name="Click Element" library="SeleniumLibrary">
<arg>${firstproduct}</arg>
<doc>Click the element identified by ``locator``.</doc>
<msg timestamp="20230623 13:37:19.776" level="INFO">Clicking element '//*[@id="table_product_promotion"]/div/div/div/table/tbody/tr/td[1]/input'.</msg>
<status status="PASS" starttime="20230623 13:37:19.775" endtime="20230623 13:37:19.874"/>
</kw>
<kw name="Sleep" library="BuiltIn">
<arg>2s</arg>
<doc>Pauses the test executed for the given time.</doc>
<msg timestamp="20230623 13:37:21.875" level="INFO">Slept 2 seconds</msg>
<status status="PASS" starttime="20230623 13:37:19.874" endtime="20230623 13:37:21.875"/>
</kw>
<kw name="Wait Until Element Is Visible" library="SeleniumLibrary">
<arg>${confirmselectproduct}</arg>
<doc>Waits until the element ``locator`` is visible.</doc>
<status status="PASS" starttime="20230623 13:37:21.875" endtime="20230623 13:37:21.902"/>
</kw>
<kw name="Click Element" library="SeleniumLibrary">
<arg>${confirmselectproduct}</arg>
<doc>Click the element identified by ``locator``.</doc>
<msg timestamp="20230623 13:37:21.903" level="INFO">Clicking element '//*[@id="product_promotion"]/div[3]/div/button[1]'.</msg>
<status status="PASS" starttime="20230623 13:37:21.902" endtime="20230623 13:37:22.029"/>
</kw>
<kw name="Sleep" library="BuiltIn">
<arg>2s</arg>
<doc>Pauses the test executed for the given time.</doc>
<msg timestamp="20230623 13:37:24.030" level="INFO">Slept 2 seconds</msg>
<status status="PASS" starttime="20230623 13:37:22.029" endtime="20230623 13:37:24.030"/>
</kw>
<kw name="Wait Until Element Is Visible" library="SeleniumLibrary">
<arg>${confirmorder}</arg>
<doc>Waits until the element ``locator`` is visible.</doc>
<status status="PASS" starttime="20230623 13:37:24.031" endtime="20230623 13:37:24.066"/>
</kw>
<kw name="Click Element" library="SeleniumLibrary">
<arg>${confirmorder}</arg>
<doc>Click the element identified by ``locator``.</doc>
<msg timestamp="20230623 13:37:24.066" level="INFO">Clicking element '//*[@id="order_form_modal"]/div/div[3]/form/div[2]/div[1]/div[6]/button[1]'.</msg>
<status status="PASS" starttime="20230623 13:37:24.066" endtime="20230623 13:37:24.154"/>
</kw>
<kw name="Sleep" library="BuiltIn">
<arg>2s</arg>
<doc>Pauses the test executed for the given time.</doc>
<msg timestamp="20230623 13:37:26.155" level="INFO">Slept 2 seconds</msg>
<status status="PASS" starttime="20230623 13:37:24.154" endtime="20230623 13:37:26.155"/>
</kw>
<status status="PASS" starttime="20230623 13:37:07.306" endtime="20230623 13:37:26.155"/>
</kw>
<status status="PASS" starttime="20230623 13:37:07.306" endtime="20230623 13:37:26.155"/>
</test>
<test id="s1-t8" name="Confirm Order 4" line="328">
<kw name="Confirm Order 4">
<kw name="Wait Until Element Is Visible" library="SeleniumLibrary">
<arg>${selectorder1}</arg>
<doc>Waits until the element ``locator`` is visible.</doc>
<status status="PASS" starttime="20230623 13:37:26.157" endtime="20230623 13:37:26.203"/>
</kw>
<kw name="Click Element" library="SeleniumLibrary">
<arg>${selectorder1}</arg>
<doc>Click the element identified by ``locator``.</doc>
<msg timestamp="20230623 13:37:26.204" level="INFO">Clicking element '//*[@id="table-order"]/div/div/div/table/tbody/tr[1]/td[5]/div/span/a'.</msg>
<status status="PASS" starttime="20230623 13:37:26.203" endtime="20230623 13:37:26.403"/>
</kw>
<kw name="Sleep" library="BuiltIn">
<arg>10s</arg>
<doc>Pauses the test executed for the given time.</doc>
<msg timestamp="20230623 13:37:36.403" level="INFO">Slept 10 seconds</msg>
<status status="PASS" starttime="20230623 13:37:26.403" endtime="20230623 13:37:36.404"/>
</kw>
<kw name="Get Window Handles" library="SeleniumLibrary">
<var>${windows}</var>
<doc>Returns all child window handles of the selected browser as a list.</doc>
<msg timestamp="20230623 13:37:36.411" level="INFO">${windows} = ['D70D327430327A4E2E8E005C870EF00F', 'CF020D43B0FE043737F795368C1BFF9B']</msg>
<status status="PASS" starttime="20230623 13:37:36.404" endtime="20230623 13:37:36.411"/>
</kw>
<kw name="Switch Window" library="SeleniumLibrary">
<arg>${windows}[1]</arg>
<doc>Switches to browser window matching ``locator``.</doc>
<status status="PASS" starttime="20230623 13:37:36.412" endtime="20230623 13:37:36.548"/>
</kw>
<kw name="Wait Until Element Is Visible" library="SeleniumLibrary">
<arg>${option}</arg>
<doc>Waits until the element ``locator`` is visible.</doc>
<status status="PASS" starttime="20230623 13:37:36.548" endtime="20230623 13:37:36.615"/>
</kw>
<kw name="Click Element" library="SeleniumLibrary">
<arg>${option}</arg>
<doc>Click the element identified by ``locator``.</doc>
<msg timestamp="20230623 13:37:36.616" level="INFO">Clicking element '//html/body/section/div[2]/div[4]/div[4]/div/div[1]/div[1]/div[1]/div[2]/div[1]/button'.</msg>
<status status="PASS" starttime="20230623 13:37:36.615" endtime="20230623 13:37:36.706"/>
</kw>
<kw name="Sleep" library="BuiltIn">
<arg>2s</arg>
<doc>Pauses the test executed for the given time.</doc>
<msg timestamp="20230623 13:37:38.707" level="INFO">Slept 2 seconds</msg>
<status status="PASS" starttime="20230623 13:37:36.706" endtime="20230623 13:37:38.707"/>
</kw>
<kw name="Wait Until Element Is Visible" library="SeleniumLibrary">
<arg>${confirmcod}</arg>
<doc>Waits until the element ``locator`` is visible.</doc>
<status status="PASS" starttime="20230623 13:37:38.707" endtime="20230623 13:37:38.742"/>
</kw>
<kw name="Click Element" library="SeleniumLibrary">
<arg>${confirmcod}</arg>
<doc>Click the element identified by ``locator``.</doc>
<msg timestamp="20230623 13:37:38.743" level="INFO">Clicking element '//html/body/section/div[2]/div[4]/div[4]/div/div[1]/div[1]/div[1]/div[2]/div[1]/div/a[1]'.</msg>
<status status="PASS" starttime="20230623 13:37:38.742" endtime="20230623 13:37:38.913"/>
</kw>
<kw name="Sleep" library="BuiltIn">
<arg>2s</arg>
<doc>Pauses the test executed for the given time.</doc>
<msg timestamp="20230623 13:37:40.914" level="INFO">Slept 2 seconds</msg>
<status status="PASS" starttime="20230623 13:37:38.913" endtime="20230623 13:37:40.914"/>
</kw>
<kw name="Wait Until Element Is Visible" library="SeleniumLibrary">
<arg>${confirmbutton}</arg>
<doc>Waits until the element ``locator`` is visible.</doc>
<status status="PASS" starttime="20230623 13:37:40.914" endtime="20230623 13:37:40.946"/>
</kw>
<kw name="Click Element" library="SeleniumLibrary">
<arg>${confirmbutton}</arg>
<doc>Click the element identified by ``locator``.</doc>
<msg timestamp="20230623 13:37:40.947" level="INFO">Clicking element '//html/body/div[2]/div/div[6]/button[1]'.</msg>
<status status="PASS" starttime="20230623 13:37:40.946" endtime="20230623 13:37:41.007"/>
</kw>
<kw name="Sleep" library="BuiltIn">
<arg>5s</arg>
<doc>Pauses the test executed for the given time.</doc>
<msg timestamp="20230623 13:37:46.007" level="INFO">Slept 5 seconds</msg>
<status status="PASS" starttime="20230623 13:37:41.007" endtime="20230623 13:37:46.008"/>
</kw>
<kw name="Close Window" library="SeleniumLibrary">
<doc>Closes currently opened and selected browser window/tab.</doc>
<status status="PASS" starttime="20230623 13:37:46.008" endtime="20230623 13:37:46.123"/>
</kw>
<kw name="Sleep" library="BuiltIn">
<arg>2s</arg>
<doc>Pauses the test executed for the given time.</doc>
<msg timestamp="20230623 13:37:48.124" level="INFO">Slept 2 seconds</msg>
<status status="PASS" starttime="20230623 13:37:46.123" endtime="20230623 13:37:48.124"/>
</kw>
<kw name="Switch Window" library="SeleniumLibrary">
<arg>${windows}[0]</arg>
<doc>Switches to browser window matching ``locator``.</doc>
<status status="PASS" starttime="20230623 13:37:48.124" endtime="20230623 13:37:48.144"/>
</kw>
<status status="PASS" starttime="20230623 13:37:26.156" endtime="20230623 13:37:48.144"/>
</kw>
<status status="PASS" starttime="20230623 13:37:26.156" endtime="20230623 13:37:48.145"/>
</test>
<test id="s1-t9" name="Confirm Order 2" line="331">
<kw name="Confirm Order 2">
<kw name="Wait Until Element Is Visible" library="SeleniumLibrary">
<arg>${ordermenu}</arg>
<doc>Waits until the element ``locator`` is visible.</doc>
<status status="PASS" starttime="20230623 13:37:48.147" endtime="20230623 13:37:48.251"/>
</kw>
<kw name="Click Element" library="SeleniumLibrary">
<arg>${ordermenu}</arg>
<doc>Click the element identified by ``locator``.</doc>
<msg timestamp="20230623 13:37:48.251" level="INFO">Clicking element '//html/body/section/div[2]/div[2]/div[2]/div/ul/li[3]/a'.</msg>
<status status="PASS" starttime="20230623 13:37:48.251" endtime="20230623 13:37:48.400"/>
</kw>
<kw name="Sleep" library="BuiltIn">
<arg>2s</arg>
<doc>Pauses the test executed for the given time.</doc>
<msg timestamp="20230623 13:37:50.401" level="INFO">Slept 2 seconds</msg>
<status status="PASS" starttime="20230623 13:37:48.400" endtime="20230623 13:37:50.401"/>
</kw>
<kw name="Wait Until Element Is Visible" library="SeleniumLibrary">
<arg>${selectorder3}</arg>
<doc>Waits until the element ``locator`` is visible.</doc>
<status status="PASS" starttime="20230623 13:37:50.401" endtime="20230623 13:37:50.435"/>
</kw>
<kw name="Click Element" library="SeleniumLibrary">
<arg>${selectorder3}</arg>
<doc>Click the element identified by ``locator``.</doc>
<msg timestamp="20230623 13:37:50.436" level="INFO">Clicking element '//*[@id="table-order"]/div/div/div/table/tbody/tr[3]/td[5]/div/span/a'.</msg>
<status status="PASS" starttime="20230623 13:37:50.436" endtime="20230623 13:37:50.536"/>
</kw>
<kw name="Sleep" library="BuiltIn">
<arg>10s</arg>
<doc>Pauses the test executed for the given time.</doc>
<msg timestamp="20230623 13:38:00.537" level="INFO">Slept 10 seconds</msg>
<status status="PASS" starttime="20230623 13:37:50.536" endtime="20230623 13:38:00.537"/>
</kw>
<kw name="Get Window Handles" library="SeleniumLibrary">
<var>${windows}</var>
<doc>Returns all child window handles of the selected browser as a list.</doc>
<msg timestamp="20230623 13:38:00.550" level="INFO">${windows} = ['D70D327430327A4E2E8E005C870EF00F', '6914EEB5EA7B3DCBFAADDC9FFACF374A']</msg>
<status status="PASS" starttime="20230623 13:38:00.538" endtime="20230623 13:38:00.550"/>
</kw>
<kw name="Switch Window" library="SeleniumLibrary">
<arg>${windows}[1]</arg>
<doc>Switches to browser window matching ``locator``.</doc>
<status status="PASS" starttime="20230623 13:38:00.550" endtime="20230623 13:38:00.593"/>
</kw>
<kw name="Wait Until Element Is Visible" library="SeleniumLibrary">
<arg>${paymentbutton}</arg>
<doc>Waits until the element ``locator`` is visible.</doc>
<status status="PASS" starttime="20230623 13:38:00.593" endtime="20230623 13:38:00.662"/>
</kw>
<kw name="Click Element" library="SeleniumLibrary">
<arg>${paymentbutton}</arg>
<doc>Click the element identified by ``locator``.</doc>
<msg timestamp="20230623 13:38:00.664" level="INFO">Clicking element '//html/body/section/div[2]/div[4]/div[4]/div/div[1]/div[1]/div[1]/div[2]/button[1]'.</msg>
<status status="PASS" starttime="20230623 13:38:00.663" endtime="20230623 13:38:00.810"/>
</kw>
<kw name="Sleep" library="BuiltIn">
<arg>2s</arg>
<doc>Pauses the test executed for the given time.</doc>
<msg timestamp="20230623 13:38:02.811" level="INFO">Slept 2 seconds</msg>
<status status="PASS" starttime="20230623 13:38:00.811" endtime="20230623 13:38:02.812"/>
</kw>
<kw name="Wait Until Element Is Visible" library="SeleniumLibrary">
<arg>${selectbank}</arg>
<doc>Waits until the element ``locator`` is visible.</doc>
<status status="PASS" starttime="20230623 13:38:02.812" endtime="20230623 13:38:02.854"/>
</kw>
<kw name="Click Element" library="SeleniumLibrary">
<arg>${selectbank}</arg>
<doc>Click the element identified by ``locator``.</doc>
<msg timestamp="20230623 13:38:02.855" level="INFO">Clicking element '//*[@id="select2--container"]/span/div'.</msg>
<status status="PASS" starttime="20230623 13:38:02.854" endtime="20230623 13:38:02.942"/>
</kw>
<kw name="Sleep" library="BuiltIn">
<arg>2s</arg>
<doc>Pauses the test executed for the given time.</doc>
<msg timestamp="20230623 13:38:04.943" level="INFO">Slept 2 seconds</msg>
<status status="PASS" starttime="20230623 13:38:02.942" endtime="20230623 13:38:04.943"/>
</kw>
<kw name="Click Element" library="SeleniumLibrary">
<arg>${firstbank}</arg>
<doc>Click the element identified by ``locator``.</doc>
<msg timestamp="20230623 13:38:04.944" level="INFO">Clicking element '//*[contains(text(), "Simple Bank Account")]'.</msg>
<status status="PASS" starttime="20230623 13:38:04.943" endtime="20230623 13:38:05.033"/>
</kw>
<kw name="Sleep" library="BuiltIn">
<arg>2s</arg>
<doc>Pauses the test executed for the given time.</doc>
<msg timestamp="20230623 13:38:07.034" level="INFO">Slept 2 seconds</msg>
<status status="PASS" starttime="20230623 13:38:05.034" endtime="20230623 13:38:07.034"/>
</kw>
<kw name="Wait Until Page Contains Element" library="SeleniumLibrary">
<arg>${uploadfield}</arg>
<doc>Waits until the element ``locator`` appears on the current page.</doc>
<status status="PASS" starttime="20230623 13:38:07.035" endtime="20230623 13:38:07.055"/>
</kw>
<kw name="Sleep" library="BuiltIn">
<arg>2s</arg>
<doc>Pauses the test executed for the given time.</doc>
<msg timestamp="20230623 13:38:09.056" level="INFO">Slept 2 seconds</msg>
<status status="PASS" starttime="20230623 13:38:07.055" endtime="20230623 13:38:09.056"/>
</kw>
<kw name="Choose File" library="SeleniumLibrary">
<arg>${uploadfield}</arg>
<arg>${testpic2}</arg>
<doc>Inputs the ``file_path`` into the file input field ``locator``.</doc>
<msg timestamp="20230623 13:38:09.057" level="INFO">Sending /var/lib/jenkins/workspace/robot/slip.jpg to browser.</msg>
<status status="PASS" starttime="20230623 13:38:09.056" endtime="20230623 13:38:09.141"/>
</kw>
<kw name="Sleep" library="BuiltIn">
<arg>5s</arg>
<doc>Pauses the test executed for the given time.</doc>
<msg timestamp="20230623 13:38:14.142" level="INFO">Slept 5 seconds</msg>
<status status="PASS" starttime="20230623 13:38:09.141" endtime="20230623 13:38:14.142"/>
</kw>
<kw name="Wait Until Element Is Visible" library="SeleniumLibrary">
<arg>${confirmpaymentbutton}</arg>
<doc>Waits until the element ``locator`` is visible.</doc>
<status status="PASS" starttime="20230623 13:38:14.142" endtime="20230623 13:38:14.177"/>
</kw>
<kw name="Click Element" library="SeleniumLibrary">
<arg>${confirmpaymentbutton}</arg>
<doc>Click the element identified by ``locator``.</doc>
<msg timestamp="20230623 13:38:14.178" level="INFO">Clicking element '//*[@id="add_payment"]/div/div[2]/div/button[1]'.</msg>
<status status="PASS" starttime="20230623 13:38:14.178" endtime="20230623 13:38:14.253"/>
</kw>
<kw name="Sleep" library="BuiltIn">
<arg>10s</arg>
<doc>Pauses the test executed for the given time.</doc>
<msg timestamp="20230623 13:38:24.254" level="INFO">Slept 10 seconds</msg>
<status status="PASS" starttime="20230623 13:38:14.254" endtime="20230623 13:38:24.255"/>
</kw>
<kw name="Wait Until Element Is Visible" library="SeleniumLibrary">
<arg>${paymentbutton}</arg>
<doc>Waits until the element ``locator`` is visible.</doc>
<status status="PASS" starttime="20230623 13:38:24.255" endtime="20230623 13:38:24.279"/>
</kw>
<kw name="Click Element" library="SeleniumLibrary">
<arg>${paymentbutton}</arg>
<doc>Click the element identified by ``locator``.</doc>
<msg timestamp="20230623 13:38:24.280" level="INFO">Clicking element '//html/body/section/div[2]/div[4]/div[4]/div/div[1]/div[1]/div[1]/div[2]/button[1]'.</msg>
<status status="PASS" starttime="20230623 13:38:24.280" endtime="20230623 13:38:24.350"/>
</kw>
<kw name="Wait Until Element Is Visible" library="SeleniumLibrary">
<arg>${confirmallpayment}</arg>
<doc>Waits until the element ``locator`` is visible.</doc>
<status status="PASS" starttime="20230623 13:38:24.350" endtime="20230623 13:38:24.848"/>
</kw>
<kw name="Click Element" library="SeleniumLibrary">
<arg>${confirmallpayment}</arg>
<doc>Click the element identified by ``locator``.</doc>
<msg timestamp="20230623 13:38:24.850" level="INFO">Clicking element '//*[@id="list_payment"]/div[3]/div/button[2]'.</msg>
<status status="PASS" starttime="20230623 13:38:24.849" endtime="20230623 13:38:25.041"/>
</kw>
<kw name="Sleep" library="BuiltIn">
<arg>5s</arg>
<doc>Pauses the test executed for the given time.</doc>
<msg timestamp="20230623 13:38:30.042" level="INFO">Slept 5 seconds</msg>
<status status="PASS" starttime="20230623 13:38:25.041" endtime="20230623 13:38:30.042"/>
</kw>
<kw name="Wait Until Element Is Visible" library="SeleniumLibrary">
<arg>${confirmallpayment2}</arg>
<doc>Waits until the element ``locator`` is visible.</doc>
<status status="PASS" starttime="20230623 13:38:30.042" endtime="20230623 13:38:30.081"/>
</kw>
<kw name="Click Element" library="SeleniumLibrary">
<arg>${confirmallpayment2}</arg>
<doc>Click the element identified by ``locator``.</doc>
<msg timestamp="20230623 13:38:30.082" level="INFO">Clicking element '//html/body/div[3]/div/div[6]/button[1]'.</msg>
<status status="PASS" starttime="20230623 13:38:30.081" endtime="20230623 13:38:30.172"/>
</kw>
<kw name="Sleep" library="BuiltIn">
<arg>10s</arg>
<doc>Pauses the test executed for the given time.</doc>
<msg timestamp="20230623 13:38:40.173" level="INFO">Slept 10 seconds</msg>
<status status="PASS" starttime="20230623 13:38:30.172" endtime="20230623 13:38:40.173"/>
</kw>
<kw name="Close Window" library="SeleniumLibrary">
<doc>Closes currently opened and selected browser window/tab.</doc>
<status status="PASS" starttime="20230623 13:38:40.173" endtime="20230623 13:38:40.228"/>
</kw>
<kw name="Sleep" library="BuiltIn">
<arg>2s</arg>
<doc>Pauses the test executed for the given time.</doc>
<msg timestamp="20230623 13:38:42.229" level="INFO">Slept 2 seconds</msg>
<status status="PASS" starttime="20230623 13:38:40.228" endtime="20230623 13:38:42.229"/>
</kw>
<kw name="Switch Window" library="SeleniumLibrary">
<arg>${windows}[0]</arg>
<doc>Switches to browser window matching ``locator``.</doc>
<status status="PASS" starttime="20230623 13:38:42.229" endtime="20230623 13:38:42.244"/>
</kw>
<status status="PASS" starttime="20230623 13:37:48.146" endtime="20230623 13:38:42.246"/>
</kw>
<status status="PASS" starttime="20230623 13:37:48.146" endtime="20230623 13:38:42.246"/>
</test>
<test id="s1-t10" name="Shipment2" line="337">
<kw name="Shipment2">
<kw name="Sleep" library="BuiltIn">
<arg>5s</arg>
<doc>Pauses the test executed for the given time.</doc>
<msg timestamp="20230623 13:38:47.250" level="INFO">Slept 5 seconds</msg>
<status status="PASS" starttime="20230623 13:38:42.249" endtime="20230623 13:38:47.250"/>
</kw>
<kw name="Click Element" library="SeleniumLibrary">
<arg>${shipmentmenu}</arg>
<doc>Click the element identified by ``locator``.</doc>
<msg timestamp="20230623 13:38:47.251" level="INFO">Clicking element '//html/body/section/div[2]/div[2]/div[2]/div/ul/li[5]'.</msg>
<status status="PASS" starttime="20230623 13:38:47.250" endtime="20230623 13:38:47.377"/>
</kw>
<kw name="Sleep" library="BuiltIn">
<arg>2s</arg>
<doc>Pauses the test executed for the given time.</doc>
<msg timestamp="20230623 13:38:49.378" level="INFO">Slept 2 seconds</msg>
<status status="PASS" starttime="20230623 13:38:47.377" endtime="20230623 13:38:49.378"/>
</kw>
<kw name="Click Element" library="SeleniumLibrary">
<arg>${shipmentmenu}</arg>
<doc>Click the element identified by ``locator``.</doc>
<msg timestamp="20230623 13:38:49.379" level="INFO">Clicking element '//html/body/section/div[2]/div[2]/div[2]/div/ul/li[5]'.</msg>
<status status="PASS" starttime="20230623 13:38:49.378" endtime="20230623 13:38:49.428"/>
</kw>
<kw name="Sleep" library="BuiltIn">
<arg>2s</arg>
<doc>Pauses the test executed for the given time.</doc>
<msg timestamp="20230623 13:38:51.429" level="INFO">Slept 2 seconds</msg>
<status status="PASS" starttime="20230623 13:38:49.428" endtime="20230623 13:38:51.429"/>
</kw>
<kw name="Wait Until Element Is Visible" library="SeleniumLibrary">
<arg>${selectshipment}</arg>
<doc>Waits until the element ``locator`` is visible.</doc>
<status status="PASS" starttime="20230623 13:38:51.429" endtime="20230623 13:38:51.460"/>
</kw>
<kw name="Click Element" library="SeleniumLibrary">
<arg>${selectshipment}</arg>
<doc>Click the element identified by ``locator``.</doc>
<msg timestamp="20230623 13:38:51.461" level="INFO">Clicking element '//html/body/section/div[2]/div[4]/div[4]/div/div[1]/div[2]/div[3]/div[1]/div/div/div/table/tbody/tr[1]/td[1]/input'.</msg>
<status status="PASS" starttime="20230623 13:38:51.460" endtime="20230623 13:38:51.611"/>
</kw>
<kw name="Sleep" library="BuiltIn">
<arg>1s</arg>
<doc>Pauses the test executed for the given time.</doc>
<msg timestamp="20230623 13:38:52.611" level="INFO">Slept 1 second</msg>
<status status="PASS" starttime="20230623 13:38:51.611" endtime="20230623 13:38:52.612"/>
</kw>
<kw name="Wait Until Element Is Visible" library="SeleniumLibrary">
<arg>${selectshipment2}</arg>
<doc>Waits until the element ``locator`` is visible.</doc>
<status status="PASS" starttime="20230623 13:38:52.612" endtime="20230623 13:38:52.642"/>
</kw>
<kw name="Click Element" library="SeleniumLibrary">
<arg>${selectshipment2}</arg>
<doc>Click the element identified by ``locator``.</doc>
<msg timestamp="20230623 13:38:52.643" level="INFO">Clicking element '//*[@id="bulk-actions"]/div/button[2]'.</msg>
<status status="PASS" starttime="20230623 13:38:52.643" endtime="20230623 13:38:52.772"/>
</kw>
<kw name="Sleep" library="BuiltIn">
<arg>2s</arg>
<doc>Pauses the test executed for the given time.</doc>
<msg timestamp="20230623 13:38:54.773" level="INFO">Slept 2 seconds</msg>
<status status="PASS" starttime="20230623 13:38:52.772" endtime="20230623 13:38:54.773"/>
</kw>
<kw name="Wait Until Element Is Visible" library="SeleniumLibrary">
<arg>${shipthaipost}</arg>
<doc>Waits until the element ``locator`` is visible.</doc>
<status status="PASS" starttime="20230623 13:38:54.774" endtime="20230623 13:38:54.802"/>
</kw>
<kw name="Click Element" library="SeleniumLibrary">
<arg>${shipthaipost}</arg>
<doc>Click the element identified by ``locator``.</doc>
<msg timestamp="20230623 13:38:54.803" level="INFO">Clicking element '//*[@id="modal_change_carriers"]/div/div/div[3]/div/div/div/div[1]/div[1]/div[4]/button'.</msg>
<status status="PASS" starttime="20230623 13:38:54.802" endtime="20230623 13:38:54.888"/>
</kw>
<kw name="Sleep" library="BuiltIn">
<arg>5s</arg>
<doc>Pauses the test executed for the given time.</doc>
<msg timestamp="20230623 13:38:59.889" level="INFO">Slept 5 seconds</msg>
<status status="PASS" starttime="20230623 13:38:54.889" endtime="20230623 13:38:59.889"/>
</kw>
<kw name="Wait Until Element Is Visible" library="SeleniumLibrary">
<arg>${confirmselectship}</arg>
<doc>Waits until the element ``locator`` is visible.</doc>
<status status="PASS" starttime="20230623 13:38:59.889" endtime="20230623 13:38:59.923"/>
</kw>
<kw name="Click Element" library="SeleniumLibrary">
<arg>${confirmselectship}</arg>
<doc>Click the element identified by ``locator``.</doc>
<msg timestamp="20230623 13:38:59.924" level="INFO">Clicking element '//*[@id="carrier-checklist"]/div/div/div[3]/button[2]'.</msg>
<status status="PASS" starttime="20230623 13:38:59.923" endtime="20230623 13:39:00.096"/>
</kw>
<kw name="Sleep" library="BuiltIn">
<arg>5s</arg>
<doc>Pauses the test executed for the given time.</doc>
<msg timestamp="20230623 13:39:05.097" level="INFO">Slept 5 seconds</msg>
<status status="PASS" starttime="20230623 13:39:00.096" endtime="20230623 13:39:05.098"/>
</kw>
<kw name="Click Element" library="SeleniumLibrary">
<arg>${paymentship}</arg>
<doc>Click the element identified by ``locator``.</doc>
<msg timestamp="20230623 13:39:05.098" level="INFO">Clicking element '//*[@id="modal_pay_for_shipment"]/div/div/div[2]/div/div[2]/div/div[3]/button[1]'.</msg>
<status status="PASS" starttime="20230623 13:39:05.098" endtime="20230623 13:39:05.331"/>
</kw>
<kw name="Sleep" library="BuiltIn">
<arg>10s</arg>
<doc>Pauses the test executed for the given time.</doc>
<msg timestamp="20230623 13:39:15.331" level="INFO">Slept 10 seconds</msg>
<status status="PASS" starttime="20230623 13:39:05.331" endtime="20230623 13:39:15.332"/>
</kw>
<kw name="Wait Until Element Is Visible" library="SeleniumLibrary">
<arg>${confirmreadyship}</arg>
<doc>Waits until the element ``locator`` is visible.</doc>
<status status="PASS" starttime="20230623 13:39:15.332" endtime="20230623 13:39:15.364"/>
</kw>
<kw name="Click Element" library="SeleniumLibrary">
<arg>${confirmreadyship}</arg>
<doc>Click the element identified by ``locator``.</doc>
<msg timestamp="20230623 13:39:15.366" level="INFO">Clicking element '//html/body/div[2]/div/div[6]/button[1]'.</msg>
<status status="PASS" starttime="20230623 13:39:15.365" endtime="20230623 13:39:15.581"/>
</kw>
<kw name="Sleep" library="BuiltIn">
<arg>20s</arg>
<doc>Pauses the test executed for the given time.</doc>
<msg timestamp="20230623 13:39:35.582" level="INFO">Slept 20 seconds</msg>
<status status="PASS" starttime="20230623 13:39:15.582" endtime="20230623 13:39:35.582"/>
</kw>
<status status="PASS" starttime="20230623 13:38:42.248" endtime="20230623 13:39:35.583"/>
</kw>
<status status="PASS" starttime="20230623 13:38:42.247" endtime="20230623 13:39:35.583"/>
</test>
<test id="s1-t11" name="Shipment3" line="339">
<kw name="Shipment3">
<kw name="Sleep" library="BuiltIn">
<arg>5s</arg>
<doc>Pauses the test executed for the given time.</doc>
<msg timestamp="20230623 13:39:40.588" level="INFO">Slept 5 seconds</msg>
<status status="PASS" starttime="20230623 13:39:35.587" endtime="20230623 13:39:40.588"/>
</kw>
<kw name="Click Element" library="SeleniumLibrary">
<arg>${shipmentmenu}</arg>
<doc>Click the element identified by ``locator``.</doc>
<msg timestamp="20230623 13:39:40.589" level="INFO">Clicking element '//html/body/section/div[2]/div[2]/div[2]/div/ul/li[5]'.</msg>
<status status="PASS" starttime="20230623 13:39:40.588" endtime="20230623 13:39:40.642"/>
</kw>
<kw name="Sleep" library="BuiltIn">
<arg>2s</arg>
<doc>Pauses the test executed for the given time.</doc>
<msg timestamp="20230623 13:39:42.643" level="INFO">Slept 2 seconds</msg>
<status status="PASS" starttime="20230623 13:39:40.642" endtime="20230623 13:39:42.643"/>
</kw>
<kw name="Click Element" library="SeleniumLibrary">
<arg>${shipmentmenu}</arg>
<doc>Click the element identified by ``locator``.</doc>
<msg timestamp="20230623 13:39:42.644" level="INFO">Clicking element '//html/body/section/div[2]/div[2]/div[2]/div/ul/li[5]'.</msg>
<status status="PASS" starttime="20230623 13:39:42.643" endtime="20230623 13:39:42.703"/>
</kw>
<kw name="Sleep" library="BuiltIn">
<arg>2s</arg>
<doc>Pauses the test executed for the given time.</doc>
<msg timestamp="20230623 13:39:44.704" level="INFO">Slept 2 seconds</msg>
<status status="PASS" starttime="20230623 13:39:42.703" endtime="20230623 13:39:44.704"/>
</kw>
<kw name="Wait Until Element Is Visible" library="SeleniumLibrary">
<arg>${selectshipment}</arg>
<doc>Waits until the element ``locator`` is visible.</doc>
<status status="PASS" starttime="20230623 13:39:44.704" endtime="20230623 13:39:44.729"/>
</kw>
<kw name="Click Element" library="SeleniumLibrary">
<arg>${selectshipment}</arg>
<doc>Click the element identified by ``locator``.</doc>
<msg timestamp="20230623 13:39:44.730" level="INFO">Clicking element '//html/body/section/div[2]/div[4]/div[4]/div/div[1]/div[2]/div[3]/div[1]/div/div/div/table/tbody/tr[1]/td[1]/input'.</msg>
<status status="PASS" starttime="20230623 13:39:44.730" endtime="20230623 13:39:44.827"/>
</kw>
<kw name="Sleep" library="BuiltIn">
<arg>1s</arg>
<doc>Pauses the test executed for the given time.</doc>
<msg timestamp="20230623 13:39:45.828" level="INFO">Slept 1 second</msg>
<status status="PASS" starttime="20230623 13:39:44.827" endtime="20230623 13:39:45.828"/>
</kw>
<kw name="Wait Until Element Is Visible" library="SeleniumLibrary">
<arg>${selectshipment2}</arg>
<doc>Waits until the element ``locator`` is visible.</doc>
<status status="PASS" starttime="20230623 13:39:45.828" endtime="20230623 13:39:45.855"/>
</kw>
<kw name="Click Element" library="SeleniumLibrary">
<arg>${selectshipment2}</arg>
<doc>Click the element identified by ``locator``.</doc>
<msg timestamp="20230623 13:39:45.856" level="INFO">Clicking element '//*[@id="bulk-actions"]/div/button[2]'.</msg>
<status status="PASS" starttime="20230623 13:39:45.855" endtime="20230623 13:39:45.980"/>
</kw>
<kw name="Sleep" library="BuiltIn">
<arg>2s</arg>
<doc>Pauses the test executed for the given time.</doc>
<msg timestamp="20230623 13:39:47.981" level="INFO">Slept 2 seconds</msg>
<status status="PASS" starttime="20230623 13:39:45.980" endtime="20230623 13:39:47.981"/>
</kw>
<kw name="Wait Until Element Is Visible" library="SeleniumLibrary">
<arg>${shipflash}</arg>
<doc>Waits until the element ``locator`` is visible.</doc>
<status status="PASS" starttime="20230623 13:39:47.981" endtime="20230623 13:39:48.013"/>
</kw>
<kw name="Click Element" library="SeleniumLibrary">
<arg>${shipflash}</arg>
<doc>Click the element identified by ``locator``.</doc>
<msg timestamp="20230623 13:39:48.014" level="INFO">Clicking element '//*[@id="modal_change_carriers"]/div/div/div[3]/div/div/div/div[3]/div[1]/div[4]/button'.</msg>
<status status="PASS" starttime="20230623 13:39:48.013" endtime="20230623 13:39:48.094"/>
</kw>
<kw name="Sleep" library="BuiltIn">
<arg>5s</arg>
<doc>Pauses the test executed for the given time.</doc>
<msg timestamp="20230623 13:39:53.094" level="INFO">Slept 5 seconds</msg>
<status status="PASS" starttime="20230623 13:39:48.094" endtime="20230623 13:39:53.094"/>
</kw>
<kw name="Wait Until Element Is Visible" library="SeleniumLibrary">
<arg>${confirmselectship}</arg>
<doc>Waits until the element ``locator`` is visible.</doc>
<status status="PASS" starttime="20230623 13:39:53.095" endtime="20230623 13:39:53.123"/>
</kw>
<kw name="Click Element" library="SeleniumLibrary">
<arg>${confirmselectship}</arg>
<doc>Click the element identified by ``locator``.</doc>
<msg timestamp="20230623 13:39:53.124" level="INFO">Clicking element '//*[@id="carrier-checklist"]/div/div/div[3]/button[2]'.</msg>
<status status="PASS" starttime="20230623 13:39:53.124" endtime="20230623 13:39:53.265"/>
</kw>
<kw name="Sleep" library="BuiltIn">
<arg>5s</arg>
<doc>Pauses the test executed for the given time.</doc>
<msg timestamp="20230623 13:39:58.266" level="INFO">Slept 5 seconds</msg>
<status status="PASS" starttime="20230623 13:39:53.265" endtime="20230623 13:39:58.266"/>
</kw>
<kw name="Click Element" library="SeleniumLibrary">
<arg>${paymentship}</arg>
<doc>Click the element identified by ``locator``.</doc>
<msg timestamp="20230623 13:39:58.267" level="INFO">Clicking element '//*[@id="modal_pay_for_shipment"]/div/div/div[2]/div/div[2]/div/div[3]/button[1]'.</msg>
<status status="PASS" starttime="20230623 13:39:58.266" endtime="20230623 13:39:58.434"/>
</kw>
<kw name="Sleep" library="BuiltIn">
<arg>10s</arg>
<doc>Pauses the test executed for the given time.</doc>
<msg timestamp="20230623 13:40:08.435" level="INFO">Slept 10 seconds</msg>
<status status="PASS" starttime="20230623 13:39:58.434" endtime="20230623 13:40:08.435"/>
</kw>
<kw name="Wait Until Element Is Visible" library="SeleniumLibrary">
<arg>${confirmreadyship}</arg>
<doc>Waits until the element ``locator`` is visible.</doc>
<status status="PASS" starttime="20230623 13:40:08.435" endtime="20230623 13:40:08.467"/>
</kw>
<kw name="Click Element" library="SeleniumLibrary">
<arg>${confirmreadyship}</arg>
<doc>Click the element identified by ``locator``.</doc>
<msg timestamp="20230623 13:40:08.468" level="INFO">Clicking element '//html/body/div[2]/div/div[6]/button[1]'.</msg>
<status status="PASS" starttime="20230623 13:40:08.467" endtime="20230623 13:40:08.628"/>
</kw>
<kw name="Sleep" library="BuiltIn">
<arg>20s</arg>
<doc>Pauses the test executed for the given time.</doc>
<msg timestamp="20230623 13:40:28.629" level="INFO">Slept 20 seconds</msg>
<status status="PASS" starttime="20230623 13:40:08.628" endtime="20230623 13:40:28.629"/>
</kw>
<status status="PASS" starttime="20230623 13:39:35.586" endtime="20230623 13:40:28.630"/>
</kw>
<status status="PASS" starttime="20230623 13:39:35.584" endtime="20230623 13:40:28.630"/>
</test>
<test id="s1-t12" name="Click Shipment Thaipost" line="352">
<kw name="Thaipost Shipment 1" library="resource">
<kw name="Sleep" library="BuiltIn">
<arg>5s</arg>
<doc>Pauses the test executed for the given time.</doc>
<msg timestamp="20230623 13:40:33.636" level="INFO">Slept 5 seconds</msg>
<status status="PASS" starttime="20230623 13:40:28.636" endtime="20230623 13:40:33.637"/>
</kw>
<kw name="Wait Until Element Is Visible" library="SeleniumLibrary">
<arg>${shipmentmenu}</arg>
<doc>Waits until the element ``locator`` is visible.</doc>
<status status="PASS" starttime="20230623 13:40:33.637" endtime="20230623 13:40:33.668"/>
</kw>
<kw name="Click Element" library="SeleniumLibrary">
<arg>${shipmentmenu}</arg>
<doc>Click the element identified by ``locator``.</doc>
<msg timestamp="20230623 13:40:33.669" level="INFO">Clicking element '//html/body/section/div[2]/div[2]/div[2]/div/ul/li[5]'.</msg>
<status status="PASS" starttime="20230623 13:40:33.668" endtime="20230623 13:40:33.726"/>
</kw>
<kw name="Sleep" library="BuiltIn">
<arg>2s</arg>
<doc>Pauses the test executed for the given time.</doc>
<msg timestamp="20230623 13:40:35.727" level="INFO">Slept 2 seconds</msg>
<status status="PASS" starttime="20230623 13:40:33.726" endtime="20230623 13:40:35.727"/>
</kw>
<kw name="Wait Until Element Is Visible" library="SeleniumLibrary">
<arg>${packing}</arg>
<doc>Waits until the element ``locator`` is visible.</doc>
<status status="PASS" starttime="20230623 13:40:35.727" endtime="20230623 13:40:35.761"/>
</kw>
<kw name="Click Element" library="SeleniumLibrary">
<arg>${packing}</arg>
<doc>Click the element identified by ``locator``.</doc>
<msg timestamp="20230623 13:40:35.762" level="INFO">Clicking element '//html/body/section/div[2]/div[4]/div[4]/div/div[1]/div[2]/div[1]/ul/li[2]/a'.</msg>
<status status="PASS" starttime="20230623 13:40:35.761" endtime="20230623 13:40:36.123"/>
</kw>
<kw name="Sleep" library="BuiltIn">
<arg>2s</arg>
<doc>Pauses the test executed for the given time.</doc>
<msg timestamp="20230623 13:40:38.124" level="INFO">Slept 2 seconds</msg>
<status status="PASS" starttime="20230623 13:40:36.123" endtime="20230623 13:40:38.124"/>
</kw>
<kw name="Wait Until Element Is Visible" library="SeleniumLibrary">
<arg>${packingcheckbox}</arg>
<doc>Waits until the element ``locator`` is visible.</doc>
<status status="PASS" starttime="20230623 13:40:38.124" endtime="20230623 13:40:38.155"/>
</kw>
<kw name="Click Element" library="SeleniumLibrary">
<arg>${packingcheckbox}</arg>
<doc>Click the element identified by ``locator``.</doc>
<msg timestamp="20230623 13:40:38.156" level="INFO">Clicking element '//html/body/section/div[2]/div[4]/div[4]/div/div[1]/div[2]/div[3]/div[1]/div/div/div/table/tbody/tr[1]/td[1]'.</msg>
<status status="PASS" starttime="20230623 13:40:38.156" endtime="20230623 13:40:38.258"/>
</kw>
<kw name="Sleep" library="BuiltIn">
<arg>2s</arg>
<doc>Pauses the test executed for the given time.</doc>
<msg timestamp="20230623 13:40:40.259" level="INFO">Slept 2 seconds</msg>
<status status="PASS" starttime="20230623 13:40:38.258" endtime="20230623 13:40:40.259"/>
</kw>
<kw name="Wait Until Element Is Visible" library="SeleniumLibrary">
<arg>${print}</arg>
<doc>Waits until the element ``locator`` is visible.</doc>
<status status="PASS" starttime="20230623 13:40:40.259" endtime="20230623 13:40:40.295"/>
</kw>
<kw name="Click Element" library="SeleniumLibrary">
<arg>${print}</arg>
<doc>Click the element identified by ``locator``.</doc>
<msg timestamp="20230623 13:40:40.296" level="INFO">Clicking element '//*[@id="bulk-actions"]/div/button[3]'.</msg>
<status status="PASS" starttime="20230623 13:40:40.295" endtime="20230623 13:40:40.398"/>
</kw>
<kw name="Wait Until Element Is Visible" library="SeleniumLibrary">
<arg>${printdetail}</arg>
<doc>Waits until the element ``locator`` is visible.</doc>
<status status="PASS" starttime="20230623 13:40:40.398" endtime="20230623 13:40:40.526"/>
</kw>
<kw name="Click Element" library="SeleniumLibrary">
<arg>${printdetail}</arg>
<doc>Click the element identified by ``locator``.</doc>
[...]
<msg timestamp="20230623 13:49:02.488" level="INFO">Clicking element '//html/body/section/div[2]/div[2]/div[2]/div/ul/li[16]/a'.</msg>
<status status="PASS" starttime="20230623 13:49:02.487" endtime="20230623 13:49:02.622"/>
</kw>
<kw name="Sleep" library="BuiltIn">
<arg>2s</arg>
<doc>Pauses the test executed for the given time.</doc>
<msg timestamp="20230623 13:49:04.623" level="INFO">Slept 2 seconds</msg>
<status status="PASS" starttime="20230623 13:49:02.622" endtime="20230623 13:49:04.623"/>
</kw>
<kw name="Click Element" library="SeleniumLibrary">
<arg>${settingshipdetail}</arg>
<doc>Click the element identified by ``locator``.</doc>
<msg timestamp="20230623 13:49:04.624" level="INFO">Clicking element '//html/body/section/div[2]/div[4]/div[4]/div/div/div/div[6]/div[2]/div/ul/li[1]'.</msg>
<status status="PASS" starttime="20230623 13:49:04.623" endtime="20230623 13:49:04.739"/>
</kw>
<kw name="Sleep" library="BuiltIn">
<arg>10s</arg>
<doc>Pauses the test executed for the given time.</doc>
<msg timestamp="20230623 13:49:14.740" level="INFO">Slept 10 seconds</msg>
<status status="PASS" starttime="20230623 13:49:04.739" endtime="20230623 13:49:14.740"/>
</kw>
<kw name="Mouse Over" library="SeleniumLibrary">
<arg>${makedefaultflash5}</arg>
<doc>Simulates hovering the mouse over the element ``locator``.</doc>
<msg timestamp="20230623 13:49:14.741" level="INFO">Simulating Mouse Over on element '//html/body/section/div[2]/div[4]/div[4]/div/div/div[2]/div[3]/div/div[2]/div[5]/div/div[1]/div[2]/div'.</msg>
<status status="PASS" starttime="20230623 13:49:14.741" endtime="20230623 13:49:15.046"/>
</kw>
<kw name="Sleep" library="BuiltIn">
<arg>1s</arg>
<doc>Pauses the test executed for the given time.</doc>
<msg timestamp="20230623 13:49:16.047" level="INFO">Slept 1 second</msg>
<status status="PASS" starttime="20230623 13:49:15.046" endtime="20230623 13:49:16.047"/>
</kw>
<kw name="Click Element" library="SeleniumLibrary">
<arg>${makedefaultflash5}</arg>
<doc>Click the element identified by ``locator``.</doc>
<msg timestamp="20230623 13:49:16.048" level="INFO">Clicking element '//html/body/section/div[2]/div[4]/div[4]/div/div/div[2]/div[3]/div/div[2]/div[5]/div/div[1]/div[2]/div'.</msg>
<status status="PASS" starttime="20230623 13:49:16.047" endtime="20230623 13:49:16.159"/>
</kw>
<kw name="Sleep" library="BuiltIn">
<arg>3s</arg>
<doc>Pauses the test executed for the given time.</doc>
<msg timestamp="20230623 13:49:19.160" level="INFO">Slept 3 seconds</msg>
<status status="PASS" starttime="20230623 13:49:16.159" endtime="20230623 13:49:19.160"/>
</kw>
<kw name="Wait Until Element Is Visible" library="SeleniumLibrary">
<arg>${confirmbutton}</arg>
<doc>Waits until the element ``locator`` is visible.</doc>
<status status="PASS" starttime="20230623 13:49:19.160" endtime="20230623 13:49:19.197"/>
</kw>
<kw name="Click Element" library="SeleniumLibrary">
<arg>${confirmbutton}</arg>
<doc>Click the element identified by ``locator``.</doc>
<msg timestamp="20230623 13:49:19.198" level="INFO">Clicking element '//html/body/div[2]/div/div[6]/button[1]'.</msg>
<status status="PASS" starttime="20230623 13:49:19.197" endtime="20230623 13:49:19.260"/>
</kw>
<kw name="Sleep" library="BuiltIn">
<arg>10s</arg>
<doc>Pauses the test executed for the given time.</doc>
<msg timestamp="20230623 13:49:29.261" level="INFO">Slept 10 seconds</msg>
<status status="PASS" starttime="20230623 13:49:19.260" endtime="20230623 13:49:29.261"/>
</kw>
<status status="PASS" starttime="20230623 13:48:30.047" endtime="20230623 13:49:29.261"/>
</kw>
<kw name="Flash Shipment 5" library="resource">
<kw name="Sleep" library="BuiltIn">
<arg>5s</arg>
<doc>Pauses the test executed for the given time.</doc>
<msg timestamp="20230623 13:49:34.264" level="INFO">Slept 5 seconds</msg>
<status status="PASS" starttime="20230623 13:49:29.263" endtime="20230623 13:49:34.264"/>
</kw>
<kw name="Wait Until Element Is Visible" library="SeleniumLibrary">
<arg>${shipmentmenu}</arg>
<doc>Waits until the element ``locator`` is visible.</doc>
<status status="PASS" starttime="20230623 13:49:34.264" endtime="20230623 13:49:34.291"/>
</kw>
<kw name="Click Element" library="SeleniumLibrary">
<arg>${shipmentmenu}</arg>
<doc>Click the element identified by ``locator``.</doc>
<msg timestamp="20230623 13:49:34.292" level="INFO">Clicking element '//html/body/section/div[2]/div[2]/div[2]/div/ul/li[5]'.</msg>
<status status="PASS" starttime="20230623 13:49:34.291" endtime="20230623 13:49:34.528"/>
</kw>
<kw name="Sleep" library="BuiltIn">
<arg>2s</arg>
<doc>Pauses the test executed for the given time.</doc>
<msg timestamp="20230623 13:49:36.529" level="INFO">Slept 2 seconds</msg>
<status status="PASS" starttime="20230623 13:49:34.528" endtime="20230623 13:49:36.529"/>
</kw>
<kw name="Wait Until Element Is Visible" library="SeleniumLibrary">
<arg>${packing}</arg>
<doc>Waits until the element ``locator`` is visible.</doc>
<status status="PASS" starttime="20230623 13:49:36.530" endtime="20230623 13:49:36.556"/>
</kw>
<kw name="Click Element" library="SeleniumLibrary">
<arg>${packing}</arg>
<doc>Click the element identified by ``locator``.</doc>
<msg timestamp="20230623 13:49:36.557" level="INFO">Clicking element '//html/body/section/div[2]/div[4]/div[4]/div/div[1]/div[2]/div[1]/ul/li[2]/a'.</msg>
<status status="PASS" starttime="20230623 13:49:36.556" endtime="20230623 13:49:36.797"/>
</kw>
<kw name="Sleep" library="BuiltIn">
<arg>2s</arg>
<doc>Pauses the test executed for the given time.</doc>
<msg timestamp="20230623 13:49:38.797" level="INFO">Slept 2 seconds</msg>
<status status="PASS" starttime="20230623 13:49:36.797" endtime="20230623 13:49:38.798"/>
</kw>
<kw name="Wait Until Element Is Visible" library="SeleniumLibrary">
<arg>${packingcheckbox}</arg>
<doc>Waits until the element ``locator`` is visible.</doc>
<status status="PASS" starttime="20230623 13:49:38.798" endtime="20230623 13:49:38.829"/>
</kw>
<kw name="Click Element" library="SeleniumLibrary">
<arg>${packingcheckbox}</arg>
<doc>Click the element identified by ``locator``.</doc>
<msg timestamp="20230623 13:49:38.830" level="INFO">Clicking element '//html/body/section/div[2]/div[4]/div[4]/div/div[1]/div[2]/div[3]/div[1]/div/div/div/table/tbody/tr[1]/td[1]'.</msg>
<status status="PASS" starttime="20230623 13:49:38.829" endtime="20230623 13:49:38.922"/>
</kw>
<kw name="Wait Until Element Is Visible" library="SeleniumLibrary">
<arg>${print}</arg>
<doc>Waits until the element ``locator`` is visible.</doc>
<status status="PASS" starttime="20230623 13:49:38.922" endtime="20230623 13:49:38.955"/>
</kw>
<kw name="Click Element" library="SeleniumLibrary">
<arg>${print}</arg>
<doc>Click the element identified by ``locator``.</doc>
<msg timestamp="20230623 13:49:38.957" level="INFO">Clicking element '//*[@id="bulk-actions"]/div/button[3]'.</msg>
<status status="PASS" starttime="20230623 13:49:38.956" endtime="20230623 13:49:39.040"/>
</kw>
<kw name="Wait Until Element Is Visible" library="SeleniumLibrary">
<arg>${printdetail}</arg>
<doc>Waits until the element ``locator`` is visible.</doc>
<status status="PASS" starttime="20230623 13:49:39.040" endtime="20230623 13:49:39.082"/>
</kw>
<kw name="Click Element" library="SeleniumLibrary">
<arg>${printdetail}</arg>
<doc>Click the element identified by ``locator``.</doc>
<msg timestamp="20230623 13:49:39.083" level="INFO">Clicking element '//*[@id="bulk-actions"]/div/div/a[1]'.</msg>
<status status="PASS" starttime="20230623 13:49:39.083" endtime="20230623 13:49:39.162"/>
</kw>
<kw name="Wait Until Element Is Visible" library="SeleniumLibrary">
<arg>${firstdropcarrier}</arg>
<doc>Waits until the element ``locator`` is visible.</doc>
<status status="PASS" starttime="20230623 13:49:39.162" endtime="20230623 13:49:39.193"/>
</kw>
<kw name="Click Element" library="SeleniumLibrary">
<arg>${firstdropcarrier}</arg>
<doc>Click the element identified by ``locator``.</doc>
<msg timestamp="20230623 13:49:39.194" level="INFO">Clicking element '//*[@id="dropCarrier"]/div/a'.</msg>
<status status="PASS" starttime="20230623 13:49:39.193" endtime="20230623 13:49:39.337"/>
</kw>
<kw name="Sleep" library="BuiltIn">
<arg>3s</arg>
<doc>Pauses the test executed for the given time.</doc>
<msg timestamp="20230623 13:49:42.337" level="INFO">Slept 3 seconds</msg>
<status status="PASS" starttime="20230623 13:49:39.337" endtime="20230623 13:49:42.337"/>
</kw>
<kw name="Get Window Handles" library="SeleniumLibrary">
<var>${windows}</var>
<doc>Returns all child window handles of the selected browser as a list.</doc>
<msg timestamp="20230623 13:49:42.347" level="INFO">${windows} = ['D70D327430327A4E2E8E005C870EF00F', '02BF372AA59E82C70CDDFC7C26D1FAAA']</msg>
<status status="PASS" starttime="20230623 13:49:42.338" endtime="20230623 13:49:42.347"/>
</kw>
<kw name="Switch Window" library="SeleniumLibrary">
<arg>${windows}[1]</arg>
<doc>Switches to browser window matching ``locator``.</doc>
<status status="PASS" starttime="20230623 13:49:42.347" endtime="20230623 13:49:42.419"/>
</kw>
<kw name="Sleep" library="BuiltIn">
<arg>10s</arg>
<doc>Pauses the test executed for the given time.</doc>
<msg timestamp="20230623 13:49:52.420" level="INFO">Slept 10 seconds</msg>
<status status="PASS" starttime="20230623 13:49:42.419" endtime="20230623 13:49:52.420"/>
</kw>
<kw name="Capture Page Screenshot" library="SeleniumLibrary">
<doc>Takes a screenshot of the current page and embeds it into a log file.</doc>
<msg timestamp="20230623 13:49:52.609" level="INFO" html="true">&lt;/td&gt;&lt;/tr&gt;&lt;tr&gt;&lt;td colspan="3"&gt;&lt;a href="selenium-screenshot-10.png"&gt;&lt;img src="selenium-screenshot-10.png" width="800px"&gt;&lt;/a&gt;</msg>
<status status="PASS" starttime="20230623 13:49:52.420" endtime="20230623 13:49:52.609"/>
</kw>
<kw name="Sleep" library="BuiltIn">
<arg>5s</arg>
<doc>Pauses the test executed for the given time.</doc>
<msg timestamp="20230623 13:49:57.610" level="INFO">Slept 5 seconds</msg>
<status status="PASS" starttime="20230623 13:49:52.609" endtime="20230623 13:49:57.610"/>
</kw>
<kw name="Close Window" library="SeleniumLibrary">
<doc>Closes currently opened and selected browser window/tab.</doc>
<status status="PASS" starttime="20230623 13:49:57.610" endtime="20230623 13:49:57.666"/>
</kw>
<kw name="Sleep" library="BuiltIn">
<arg>2s</arg>
<doc>Pauses the test executed for the given time.</doc>
<msg timestamp="20230623 13:49:59.667" level="INFO">Slept 2 seconds</msg>
<status status="PASS" starttime="20230623 13:49:57.666" endtime="20230623 13:49:59.667"/>
</kw>
<kw name="Switch Window" library="SeleniumLibrary">
<arg>${windows}[0]</arg>
<doc>Switches to browser window matching ``locator``.</doc>
<status status="PASS" starttime="20230623 13:49:59.667" endtime="20230623 13:49:59.680"/>
</kw>
<kw name="Sleep" library="BuiltIn">
<arg>2s</arg>
<doc>Pauses the test executed for the given time.</doc>
<msg timestamp="20230623 13:50:01.681" level="INFO">Slept 2 seconds</msg>
<status status="PASS" starttime="20230623 13:49:59.680" endtime="20230623 13:50:01.681"/>
</kw>
<kw name="Wait Until Element Is Visible" library="SeleniumLibrary">
<arg>${settingmenu}</arg>
<doc>Waits until the element ``locator`` is visible.</doc>
<status status="PASS" starttime="20230623 13:50:01.681" endtime="20230623 13:50:01.790"/>
</kw>
<kw name="Click Element" library="SeleniumLibrary">
<arg>${settingmenu}</arg>
<doc>Click the element identified by ``locator``.</doc>
<msg timestamp="20230623 13:50:01.793" level="INFO">Clicking element '//html/body/section/div[2]/div[2]/div[2]/div/ul/li[16]/a'.</msg>
<status status="PASS" starttime="20230623 13:50:01.791" endtime="20230623 13:50:02.161"/>
</kw>
<kw name="Sleep" library="BuiltIn">
<arg>2s</arg>
<doc>Pauses the test executed for the given time.</doc>
<msg timestamp="20230623 13:50:04.162" level="INFO">Slept 2 seconds</msg>
<status status="PASS" starttime="20230623 13:50:02.161" endtime="20230623 13:50:04.162"/>
</kw>
<kw name="Click Element" library="SeleniumLibrary">
<arg>${settingshipdetail}</arg>
<doc>Click the element identified by ``locator``.</doc>
<msg timestamp="20230623 13:50:04.164" level="INFO">Clicking element '//html/body/section/div[2]/div[4]/div[4]/div/div/div/div[6]/div[2]/div/ul/li[1]'.</msg>
<status status="PASS" starttime="20230623 13:50:04.163" endtime="20230623 13:50:04.309"/>
</kw>
<kw name="Sleep" library="BuiltIn">
<arg>10s</arg>
<doc>Pauses the test executed for the given time.</doc>
<msg timestamp="20230623 13:50:14.310" level="INFO">Slept 10 seconds</msg>
<status status="PASS" starttime="20230623 13:50:04.310" endtime="20230623 13:50:14.311"/>
</kw>
<kw name="Mouse Over" library="SeleniumLibrary">
<arg>${makedefaultflash1}</arg>
<doc>Simulates hovering the mouse over the element ``locator``.</doc>
<msg timestamp="20230623 13:50:14.312" level="INFO">Simulating Mouse Over on element '//html/body/section/div[2]/div[4]/div[4]/div/div/div[2]/div[3]/div/div[2]/div[1]/div/div[1]/div[2]/div'.</msg>
<status status="PASS" starttime="20230623 13:50:14.311" endtime="20230623 13:50:14.610"/>
</kw>
<kw name="Sleep" library="BuiltIn">
<arg>1s</arg>
<doc>Pauses the test executed for the given time.</doc>
<msg timestamp="20230623 13:50:15.611" level="INFO">Slept 1 second</msg>
<status status="PASS" starttime="20230623 13:50:14.610" endtime="20230623 13:50:15.611"/>
</kw>
<kw name="Click Element" library="SeleniumLibrary">
<arg>${makedefaultflash1}</arg>
<doc>Click the element identified by ``locator``.</doc>
<msg timestamp="20230623 13:50:15.612" level="INFO">Clicking element '//html/body/section/div[2]/div[4]/div[4]/div/div/div[2]/div[3]/div/div[2]/div[1]/div/div[1]/div[2]/div'.</msg>
<status status="PASS" starttime="20230623 13:50:15.611" endtime="20230623 13:50:15.696"/>
</kw>
<kw name="Sleep" library="BuiltIn">
<arg>3s</arg>
<doc>Pauses the test executed for the given time.</doc>
<msg timestamp="20230623 13:50:18.696" level="INFO">Slept 3 seconds</msg>
<status status="PASS" starttime="20230623 13:50:15.696" endtime="20230623 13:50:18.697"/>
</kw>
<kw name="Wait Until Element Is Visible" library="SeleniumLibrary">
<arg>${confirmbutton}</arg>
<doc>Waits until the element ``locator`` is visible.</doc>
<status status="PASS" starttime="20230623 13:50:18.697" endtime="20230623 13:50:18.722"/>
</kw>
<kw name="Click Element" library="SeleniumLibrary">
<arg>${confirmbutton}</arg>
<doc>Click the element identified by ``locator``.</doc>
<msg timestamp="20230623 13:50:18.723" level="INFO">Clicking element '//html/body/div[2]/div/div[6]/button[1]'.</msg>
<status status="PASS" starttime="20230623 13:50:18.722" endtime="20230623 13:50:18.788"/>
</kw>
<kw name="Sleep" library="BuiltIn">
<arg>10s</arg>
<doc>Pauses the test executed for the given time.</doc>
<msg timestamp="20230623 13:50:28.789" level="INFO">Slept 10 seconds</msg>
<status status="PASS" starttime="20230623 13:50:18.788" endtime="20230623 13:50:28.789"/>
</kw>
<status status="PASS" starttime="20230623 13:49:29.262" endtime="20230623 13:50:28.790"/>
</kw>
<kw name="Packing" library="resource">
<kw name="Sleep" library="BuiltIn">
<arg>5s</arg>
<doc>Pauses the test executed for the given time.</doc>
<msg timestamp="20230623 13:50:33.791" level="INFO">Slept 5 seconds</msg>
<status status="PASS" starttime="20230623 13:50:28.790" endtime="20230623 13:50:33.791"/>
</kw>
<kw name="Wait Until Element Is Visible" library="SeleniumLibrary">
<arg>${shipmentmenu}</arg>
<doc>Waits until the element ``locator`` is visible.</doc>
<status status="PASS" starttime="20230623 13:50:33.791" endtime="20230623 13:50:33.827"/>
</kw>
<kw name="Click Element" library="SeleniumLibrary">
<arg>${shipmentmenu}</arg>
<doc>Click the element identified by ``locator``.</doc>
<msg timestamp="20230623 13:50:33.829" level="INFO">Clicking element '//html/body/section/div[2]/div[2]/div[2]/div/ul/li[5]'.</msg>
<status status="PASS" starttime="20230623 13:50:33.827" endtime="20230623 13:50:34.106"/>
</kw>
<kw name="Sleep" library="BuiltIn">
<arg>5s</arg>
<doc>Pauses the test executed for the given time.</doc>
<msg timestamp="20230623 13:50:39.107" level="INFO">Slept 5 seconds</msg>
<status status="PASS" starttime="20230623 13:50:34.107" endtime="20230623 13:50:39.108"/>
</kw>
<kw name="Wait Until Element Is Visible" library="SeleniumLibrary">
<arg>${packing}</arg>
<doc>Waits until the element ``locator`` is visible.</doc>
<status status="PASS" starttime="20230623 13:50:39.108" endtime="20230623 13:50:39.137"/>
</kw>
<kw name="Click Element" library="SeleniumLibrary">
<arg>${packing}</arg>
<doc>Click the element identified by ``locator``.</doc>
<msg timestamp="20230623 13:50:39.138" level="INFO">Clicking element '//html/body/section/div[2]/div[4]/div[4]/div/div[1]/div[2]/div[1]/ul/li[2]/a'.</msg>
<status status="PASS" starttime="20230623 13:50:39.138" endtime="20230623 13:50:39.342"/>
</kw>
<kw name="Sleep" library="BuiltIn">
<arg>5s</arg>
<doc>Pauses the test executed for the given time.</doc>
<msg timestamp="20230623 13:50:44.343" level="INFO">Slept 5 seconds</msg>
<status status="PASS" starttime="20230623 13:50:39.343" endtime="20230623 13:50:44.344"/>
</kw>
<kw name="Wait Until Element Is Visible" library="SeleniumLibrary">
<arg>${readyship}</arg>
<doc>Waits until the element ``locator`` is visible.</doc>
<status status="PASS" starttime="20230623 13:50:44.344" endtime="20230623 13:50:44.377"/>
</kw>
<kw name="Click Element" library="SeleniumLibrary">
<arg>${readyship}</arg>
<doc>Click the element identified by ``locator``.</doc>
<msg timestamp="20230623 13:50:44.378" level="INFO">Clicking element '//*[@id="sweet_ready_to_ship_item"]'.</msg>
<status status="PASS" starttime="20230623 13:50:44.377" endtime="20230623 13:50:44.582"/>
</kw>
<kw name="Wait Until Element Is Visible" library="SeleniumLibrary">
<arg>${confirmreadyship}</arg>
<doc>Waits until the element ``locator`` is visible.</doc>
<status status="PASS" starttime="20230623 13:50:44.582" endtime="20230623 13:50:44.856"/>
</kw>
<kw name="Click Element" library="SeleniumLibrary">
<arg>${confirmreadyship}</arg>
<doc>Click the element identified by ``locator``.</doc>
<msg timestamp="20230623 13:50:44.857" level="INFO">Clicking element '//html/body/div[2]/div/div[6]/button[1]'.</msg>
<status status="PASS" starttime="20230623 13:50:44.856" endtime="20230623 13:50:44.978"/>
</kw>
<kw name="Sleep" library="BuiltIn">
<arg>3s</arg>
<doc>Pauses the test executed for the given time.</doc>
<msg timestamp="20230623 13:50:47.978" level="INFO">Slept 3 seconds</msg>
<status status="PASS" starttime="20230623 13:50:44.978" endtime="20230623 13:50:47.979"/>
</kw>
<kw name="Wait Until Element Is Visible" library="SeleniumLibrary">
<arg>${ordermenu}</arg>
<doc>Waits until the element ``locator`` is visible.</doc>
<status status="PASS" starttime="20230623 13:50:47.979" endtime="20230623 13:50:48.013"/>
</kw>
<kw name="Click Element" library="SeleniumLibrary">
<arg>${ordermenu}</arg>
<doc>Click the element identified by ``locator``.</doc>
<msg timestamp="20230623 13:50:48.014" level="INFO">Clicking element '//html/body/section/div[2]/div[2]/div[2]/div/ul/li[3]/a'.</msg>
<status status="PASS" starttime="20230623 13:50:48.013" endtime="20230623 13:50:48.126"/>
</kw>
<kw name="Sleep" library="BuiltIn">
<arg>3s</arg>
<doc>Pauses the test executed for the given time.</doc>
<msg timestamp="20230623 13:50:51.126" level="INFO">Slept 3 seconds</msg>
<status status="PASS" starttime="20230623 13:50:48.126" endtime="20230623 13:50:51.126"/>
</kw>
<status status="PASS" starttime="20230623 13:50:28.790" endtime="20230623 13:50:51.127"/>
</kw>
<status status="PASS" starttime="20230623 13:45:39.787" endtime="20230623 13:50:51.127"/>
</test>
<status status="PASS" starttime="20230623 13:35:47.871" endtime="20230623 13:50:51.129"/>
</suite>
<statistics>
<total>
<stat pass="13" fail="0" skip="0">All Tests</stat>
</total>
<tag>
</tag>
<suite>
<stat pass="13" fail="0" skip="0" id="s1" name="Fullflow">Fullflow</stat>
</suite>
</statistics>
<errors>
</errors>
</robot>
