<?xml version="1.0" encoding="UTF-8"?>
<robot generator="Robot 6.0.2 (Python 3.10.7 on linux)" generated="20230701 02:00:02.213" rpa="false" schemaversion="3">
<suite id="s1" name="Fullflow" source="/home/automatetest/Desktop/winwinwin/fullflow.robot">
<test id="s1-t1" name="Login Dev Env" line="306">
<kw name="Login">
<kw name="Open Browser" library="SeleniumLibrary">
<arg>${urlprod}</arg>
<arg>chrome</arg>
<doc>Opens a new browser instance to the optional ``url``.</doc>
<msg timestamp="20230701 02:00:02.657" level="INFO">Opening browser 'chrome' to base url 'https://gosaas.app/login'.</msg>
<status status="PASS" starttime="20230701 02:00:02.656" endtime="20230701 02:00:06.942"/>
</kw>
<kw name="Element Should Be Visible" library="SeleniumLibrary">
<arg>${email}</arg>
<doc>Verifies that the element identified by ``locator`` is visible.</doc>
<msg timestamp="20230701 02:00:06.984" level="INFO">Element '//*[@id="LoginForm"]/div[1]/input' is displayed.</msg>
<status status="PASS" starttime="20230701 02:00:06.942" endtime="20230701 02:00:06.984"/>
</kw>
<kw name="Input Text" library="SeleniumLibrary">
<arg>${email}</arg>
<arg>thanawin@atcreative.co.th</arg>
<doc>Types the given ``text`` into the text field identified by ``locator``.</doc>
<msg timestamp="20230701 02:00:06.986" level="INFO">Typing text 'thanawin@atcreative.co.th' into text field '//*[@id="LoginForm"]/div[1]/input'.</msg>
<status status="PASS" starttime="20230701 02:00:06.985" endtime="20230701 02:00:07.190"/>
</kw>
<kw name="Element Should Be Visible" library="SeleniumLibrary">
<arg>${password}</arg>
<doc>Verifies that the element identified by ``locator`` is visible.</doc>
<msg timestamp="20230701 02:00:07.239" level="INFO">Element '//*[@id="LoginForm"]/div[2]/input' is displayed.</msg>
<status status="PASS" starttime="20230701 02:00:07.191" endtime="20230701 02:00:07.239"/>
</kw>
<kw name="Input Text" library="SeleniumLibrary">
<arg>${password}</arg>
<arg>!@#Win123</arg>
<doc>Types the given ``text`` into the text field identified by ``locator``.</doc>
<msg timestamp="20230701 02:00:07.240" level="INFO">Typing text '!@#Win123' into text field '//*[@id="LoginForm"]/div[2]/input'.</msg>
<status status="PASS" starttime="20230701 02:00:07.240" endtime="20230701 02:00:07.394"/>
</kw>
<kw name="Element Should Be Visible" library="SeleniumLibrary">
<arg>${loginbutton}</arg>
<doc>Verifies that the element identified by ``locator`` is visible.</doc>
<msg timestamp="20230701 02:00:07.434" level="INFO">Element '//*[@id="LoginForm"]/div[4]/button' is displayed.</msg>
<status status="PASS" starttime="20230701 02:00:07.395" endtime="20230701 02:00:07.434"/>
</kw>
<kw name="Click Element" library="SeleniumLibrary">
<arg>${loginbutton}</arg>
<doc>Click the element identified by ``locator``.</doc>
<msg timestamp="20230701 02:00:07.435" level="INFO">Clicking element '//*[@id="LoginForm"]/div[4]/button'.</msg>
<status status="PASS" starttime="20230701 02:00:07.434" endtime="20230701 02:00:07.528"/>
</kw>
<kw name="Wait Until Element Is Visible" library="SeleniumLibrary">
<arg>${winwinwinshop}</arg>
<doc>Waits until the element ``locator`` is visible.</doc>
<status status="PASS" starttime="20230701 02:00:07.529" endtime="20230701 02:00:13.645"/>
</kw>
<status status="PASS" starttime="20230701 02:00:02.655" endtime="20230701 02:00:13.645"/>
</kw>
<status status="PASS" starttime="20230701 02:00:02.654" endtime="20230701 02:00:13.645"/>
</test>
<test id="s1-t2" name="Click shop" line="309">
<kw name="Click Shop">
<kw name="Sleep" library="BuiltIn">
<arg>4s</arg>
<doc>Pauses the test executed for the given time.</doc>
<msg timestamp="20230701 02:00:17.647" level="INFO">Slept 4 seconds</msg>
<status status="PASS" starttime="20230701 02:00:13.647" endtime="20230701 02:00:17.648"/>
</kw>
<kw name="Wait Until Element Is Visible" library="SeleniumLibrary">
<arg>${winwinwinshop}</arg>
<doc>Waits until the element ``locator`` is visible.</doc>
<status status="PASS" starttime="20230701 02:00:17.648" endtime="20230701 02:00:17.672"/>
</kw>
<kw name="Click Element" library="SeleniumLibrary">
<arg>${winwinwinshop}</arg>
<doc>Click the element identified by ``locator``.</doc>
<msg timestamp="20230701 02:00:17.673" level="INFO">Clicking element '//*[contains(text(), "winwinwin shop")]'.</msg>
<status status="PASS" starttime="20230701 02:00:17.673" endtime="20230701 02:00:17.753"/>
</kw>
<kw name="Wait Until Element Is Visible" library="SeleniumLibrary">
<arg>${confirmbutton}</arg>
<doc>Waits until the element ``locator`` is visible.</doc>
<status status="PASS" starttime="20230701 02:00:17.753" endtime="20230701 02:00:18.842"/>
</kw>
<kw name="Click Element" library="SeleniumLibrary">
<arg>${confirmbutton}</arg>
<doc>Click the element identified by ``locator``.</doc>
<msg timestamp="20230701 02:00:18.843" level="INFO">Clicking element '//html/body/div[2]/div/div[6]/button[1]'.</msg>
<status status="PASS" starttime="20230701 02:00:18.842" endtime="20230701 02:00:18.916"/>
</kw>
<kw name="Sleep" library="BuiltIn">
<arg>10s</arg>
<doc>Pauses the test executed for the given time.</doc>
<msg timestamp="20230701 02:00:28.917" level="INFO">Slept 10 seconds</msg>
<status status="PASS" starttime="20230701 02:00:18.916" endtime="20230701 02:00:28.917"/>
</kw>
<kw name="Get Element Count" library="SeleniumLibrary">
<var>${p}</var>
<arg>${confirmpack}</arg>
<doc>Returns the number of elements matching ``locator``.</doc>
<msg timestamp="20230701 02:00:28.940" level="INFO">${p} = 0</msg>
<status status="PASS" starttime="20230701 02:00:28.917" endtime="20230701 02:00:28.940"/>
</kw>
<kw name="Run Keyword If" library="BuiltIn">
<arg>${p}&gt;0</arg>
<arg>Click pack</arg>
<doc>Runs the given keyword with the given arguments, if ``condition`` is true.</doc>
<status status="PASS" starttime="20230701 02:00:28.941" endtime="20230701 02:00:28.941"/>
</kw>
<kw name="Sleep" library="BuiltIn">
<arg>3s</arg>
<doc>Pauses the test executed for the given time.</doc>
<msg timestamp="20230701 02:00:31.942" level="INFO">Slept 3 seconds</msg>
<status status="PASS" starttime="20230701 02:00:28.941" endtime="20230701 02:00:31.942"/>
</kw>
<kw name="Get Element Count" library="SeleniumLibrary">
<var>${c}</var>
<arg>${announcementconfirm}</arg>
<doc>Returns the number of elements matching ``locator``.</doc>
<msg timestamp="20230701 02:00:31.961" level="INFO">${c} = 1</msg>
<status status="PASS" starttime="20230701 02:00:31.942" endtime="20230701 02:00:31.961"/>
</kw>
<kw name="Run Keyword If" library="BuiltIn">
<arg>${c}&gt;0</arg>
<arg>Click announcement</arg>
<doc>Runs the given keyword with the given arguments, if ``condition`` is true.</doc>
<kw name="Click announcement" library="resource">
<kw name="Click Element" library="SeleniumLibrary">
<arg>${announcementconfirm}</arg>
<doc>Click the element identified by ``locator``.</doc>
<msg timestamp="20230701 02:00:31.962" level="INFO">Clicking element '//*[@id="announcement"]/div/div/div[1]/button'.</msg>
<status status="PASS" starttime="20230701 02:00:31.962" endtime="20230701 02:00:32.040"/>
</kw>
<status status="PASS" starttime="20230701 02:00:31.961" endtime="20230701 02:00:32.040"/>
</kw>
<status status="PASS" starttime="20230701 02:00:31.961" endtime="20230701 02:00:32.040"/>
</kw>
<status status="PASS" starttime="20230701 02:00:13.647" endtime="20230701 02:00:32.040"/>
</kw>
<status status="PASS" starttime="20230701 02:00:13.646" endtime="20230701 02:00:32.040"/>
</test>
<test id="s1-t3" name="Click Order Menu" line="312">
<kw name="Click Order Menu">
<kw name="Wait Until Element Is Visible" library="SeleniumLibrary">
<arg>${ordermenu}</arg>
<doc>Waits until the element ``locator`` is visible.</doc>
<status status="PASS" starttime="20230701 02:00:32.042" endtime="20230701 02:00:32.078"/>
</kw>
<kw name="Click Element" library="SeleniumLibrary">
<arg>${ordermenu}</arg>
<doc>Click the element identified by ``locator``.</doc>
<msg timestamp="20230701 02:00:32.079" level="INFO">Clicking element '//html/body/section/div[2]/div[2]/div[2]/div/ul/li[3]/a'.</msg>
<status status="PASS" starttime="20230701 02:00:32.078" endtime="20230701 02:00:32.396"/>
</kw>
<kw name="Wait Until Element Is Visible" library="SeleniumLibrary">
<arg>${createorder}</arg>
<doc>Waits until the element ``locator`` is visible.</doc>
<status status="PASS" starttime="20230701 02:00:32.397" endtime="20230701 02:00:34.369"/>
</kw>
<kw name="Click Element" library="SeleniumLibrary">
<arg>${createorder}</arg>
<doc>Click the element identified by ``locator``.</doc>
<msg timestamp="20230701 02:00:34.371" level="INFO">Clicking element '//html/body/section/div[2]/div[4]/div[4]/div/div[2]/div/div[1]/div[2]/div/div/div[1]/div[1]/button'.</msg>
<status status="PASS" starttime="20230701 02:00:34.370" endtime="20230701 02:00:34.558"/>
</kw>
<kw name="Sleep" library="BuiltIn">
<arg>4s</arg>
<doc>Pauses the test executed for the given time.</doc>
<msg timestamp="20230701 02:00:38.559" level="INFO">Slept 4 seconds</msg>
<status status="PASS" starttime="20230701 02:00:34.558" endtime="20230701 02:00:38.559"/>
</kw>
<status status="PASS" starttime="20230701 02:00:32.041" endtime="20230701 02:00:38.559"/>
</kw>
<status status="PASS" starttime="20230701 02:00:32.041" endtime="20230701 02:00:38.560"/>
</test>
<test id="s1-t4" name="Add Order 1" line="315">
<kw name="Add Order 1">
<kw name="Evaluate" library="BuiltIn">
<var>${value}</var>
<arg>random.choice($random)</arg>
<arg>random</arg>
<doc>Evaluates the given expression in Python and returns the result.</doc>
<msg timestamp="20230701 02:00:38.565" level="INFO">${value} = //*[@id="order_form_modal"]/div/div[3]/form/div[2]/div[1]/div[2]/div/div/div[2]/div/div/div/div/div[8]/label/div</msg>
<status status="PASS" starttime="20230701 02:00:38.561" endtime="20230701 02:00:38.565"/>
</kw>
<kw name="Wait Until Element Is Visible" library="SeleniumLibrary">
<arg>${fromfacebook}</arg>
<doc>Waits until the element ``locator`` is visible.</doc>
<status status="PASS" starttime="20230701 02:00:38.565" endtime="20230701 02:00:38.595"/>
</kw>
<kw name="Click Element" library="SeleniumLibrary">
<arg>${value}</arg>
<doc>Click the element identified by ``locator``.</doc>
<msg timestamp="20230701 02:00:38.596" level="INFO">Clicking element '//*[@id="order_form_modal"]/div/div[3]/form/div[2]/div[1]/div[2]/div/div/div[2]/div/div/div/div/div[8]/label/div'.</msg>
<status status="PASS" starttime="20230701 02:00:38.595" endtime="20230701 02:00:38.668"/>
</kw>
<kw name="Sleep" library="BuiltIn">
<arg>4s</arg>
<doc>Pauses the test executed for the given time.</doc>
<msg timestamp="20230701 02:00:42.668" level="INFO">Slept 4 seconds</msg>
<status status="PASS" starttime="20230701 02:00:38.668" endtime="20230701 02:00:42.668"/>
</kw>
<kw name="Wait Until Element Is Visible" library="SeleniumLibrary">
<arg>${userbox}</arg>
<doc>Waits until the element ``locator`` is visible.</doc>
<status status="PASS" starttime="20230701 02:00:42.668" endtime="20230701 02:00:42.699"/>
</kw>
<kw name="Click Element" library="SeleniumLibrary">
<arg>${userbox}</arg>
<doc>Click the element identified by ``locator``.</doc>
<msg timestamp="20230701 02:00:42.700" level="INFO">Clicking element '//*[@id="customer-search"]/div/span/span[1]/span/ul/li/input'.</msg>
<status status="PASS" starttime="20230701 02:00:42.700" endtime="20230701 02:00:42.785"/>
</kw>
<kw name="Sleep" library="BuiltIn">
<arg>4s</arg>
<doc>Pauses the test executed for the given time.</doc>
<msg timestamp="20230701 02:00:46.787" level="INFO">Slept 4 seconds</msg>
<status status="PASS" starttime="20230701 02:00:42.785" endtime="20230701 02:00:46.787"/>
</kw>
<kw name="Click Element" library="SeleniumLibrary">
<arg>${firstuser}</arg>
<doc>Click the element identified by ``locator``.</doc>
<msg timestamp="20230701 02:00:46.788" level="INFO">Clicking element '//*[@id="select2--results"]/li[1]/div'.</msg>
<status status="PASS" starttime="20230701 02:00:46.787" endtime="20230701 02:00:46.898"/>
</kw>
<kw name="Press Keys" library="SeleniumLibrary">
<arg>xpath=//body</arg>
<arg>\ue00f</arg>
<doc>Simulates the user pressing key(s) to an element or on the active browser.</doc>
<msg timestamp="20230701 02:00:46.899" level="INFO">Sending key(s) ('\ue00f',) to xpath=//body element.</msg>
<msg timestamp="20230701 02:00:47.202" level="INFO">Sending key </msg>
<status status="PASS" starttime="20230701 02:00:46.898" endtime="20230701 02:00:47.210"/>
</kw>
<kw name="Sleep" library="BuiltIn">
<arg>4s</arg>
<doc>Pauses the test executed for the given time.</doc>
<msg timestamp="20230701 02:00:51.211" level="INFO">Slept 4 seconds</msg>
<status status="PASS" starttime="20230701 02:00:47.210" endtime="20230701 02:00:51.211"/>
</kw>
<kw name="Click Element" library="SeleniumLibrary">
<arg>${selectproduct}</arg>
<doc>Click the element identified by ``locator``.</doc>
<msg timestamp="20230701 02:00:51.212" level="INFO">Clicking element '//*[@id="tb-product"]/tr/td/div/div[2]/button'.</msg>
<status status="PASS" starttime="20230701 02:00:51.211" endtime="20230701 02:00:51.314"/>
</kw>
<kw name="Wait Until Element Is Visible" library="SeleniumLibrary">
<arg>${basicproduct}</arg>
<doc>Waits until the element ``locator`` is visible.</doc>
<status status="PASS" starttime="20230701 02:00:51.314" endtime="20230701 02:00:51.374"/>
</kw>
<kw name="Click Element" library="SeleniumLibrary">
<arg>${basicproduct}</arg>
<doc>Click the element identified by ``locator``.</doc>
<msg timestamp="20230701 02:00:51.375" level="INFO">Clicking element '//*[@id="product_promotion"]/div[2]/div[2]/div/div/div[1]/div/ul/li[2]/a'.</msg>
<msg timestamp="20230701 02:00:52.580" level="INFO" html="true">&lt;/td&gt;&lt;/tr&gt;&lt;tr&gt;&lt;td colspan="3"&gt;&lt;a href="selenium-screenshot-34.png"&gt;&lt;img src="selenium-screenshot-34.png" width="800px"&gt;&lt;/a&gt;</msg>
<msg timestamp="20230701 02:00:52.580" level="FAIL">ElementClickInterceptedException: Message: element click intercepted: Element &lt;a data-v-4a0e1585="" href="#products_simple" data-toggle="tab" class="nav-link align-items-center d-flex cursor-pointer "&gt;...&lt;/a&gt; is not clickable at point (257, 194). Other element would receive the click: &lt;div data-v-ef9d08c0="" class="loading"&gt;...&lt;/div&gt;
  (Session info: chrome=114.0.5735.106)
Stacktrace:
#0 0x56431956a4e3 &lt;unknown&gt;
#1 0x564319299c76 &lt;unknown&gt;
#2 0x5643192db9d4 &lt;unknown&gt;
#3 0x5643192d9cbd &lt;unknown&gt;
#4 0x5643192d7d2e &lt;unknown&gt;
#5 0x5643192d710f &lt;unknown&gt;
#6 0x5643192cc1da &lt;unknown&gt;
#7 0x5643192f5012 &lt;unknown&gt;
#8 0x5643192cbb03 &lt;unknown&gt;
#9 0x5643192f51de &lt;unknown&gt;
#10 0x56431930d30e &lt;unknown&gt;
#11 0x5643192f4de3 &lt;unknown&gt;
#12 0x5643192ca2dd &lt;unknown&gt;
#13 0x5643192cb34e &lt;unknown&gt;
#14 0x56431952a3e4 &lt;unknown&gt;
#15 0x56431952e3d7 &lt;unknown&gt;
#16 0x564319538b20 &lt;unknown&gt;
#17 0x56431952f023 &lt;unknown&gt;
#18 0x5643194fd1aa &lt;unknown&gt;
#19 0x5643195536b8 &lt;unknown&gt;
#20 0x564319553847 &lt;unknown&gt;
#21 0x564319563243 &lt;unknown&gt;
#22 0x7f8b4f090402 &lt;unknown&gt;
</msg>
<status status="FAIL" starttime="20230701 02:00:51.374" endtime="20230701 02:00:52.582"/>
</kw>
<kw name="Wait Until Element Is Visible" library="SeleniumLibrary">
<arg>${firstproduct}</arg>
<doc>Waits until the element ``locator`` is visible.</doc>
<status status="NOT RUN" starttime="20230701 02:00:52.582" endtime="20230701 02:00:52.582"/>
</kw>
<kw name="Click Element" library="SeleniumLibrary">
<arg>${firstproduct}</arg>
<doc>Click the element identified by ``locator``.</doc>
<status status="NOT RUN" starttime="20230701 02:00:52.582" endtime="20230701 02:00:52.582"/>
</kw>
<kw name="Wait Until Element Is Visible" library="SeleniumLibrary">
<arg>${confirmselectproduct}</arg>
<doc>Waits until the element ``locator`` is visible.</doc>
<status status="NOT RUN" starttime="20230701 02:00:52.582" endtime="20230701 02:00:52.583"/>
</kw>
<kw name="Click Element" library="SeleniumLibrary">
<arg>${confirmselectproduct}</arg>
<doc>Click the element identified by ``locator``.</doc>
<status status="NOT RUN" starttime="20230701 02:00:52.583" endtime="20230701 02:00:52.583"/>
</kw>
<kw name="Press Keys" library="SeleniumLibrary">
<arg>xpath=//body</arg>
<arg>\ue00e</arg>
<doc>Simulates the user pressing key(s) to an element or on the active browser.</doc>
<status status="NOT RUN" starttime="20230701 02:00:52.583" endtime="20230701 02:00:52.583"/>
</kw>
<kw name="Sleep" library="BuiltIn">
<arg>4s</arg>
<doc>Pauses the test executed for the given time.</doc>
<status status="NOT RUN" starttime="20230701 02:00:52.583" endtime="20230701 02:00:52.583"/>
</kw>
<kw name="Wait Until Element Is Visible" library="SeleniumLibrary">
<arg>${addpayment}</arg>
<doc>Waits until the element ``locator`` is visible.</doc>
<status status="NOT RUN" starttime="20230701 02:00:52.583" endtime="20230701 02:00:52.583"/>
</kw>
<kw name="Click Element" library="SeleniumLibrary">
<arg>${addpayment}</arg>
<doc>Click the element identified by ``locator``.</doc>
<status status="NOT RUN" starttime="20230701 02:00:52.583" endtime="20230701 02:00:52.583"/>
</kw>
<kw name="Sleep" library="BuiltIn">
<arg>4s</arg>
<doc>Pauses the test executed for the given time.</doc>
<status status="NOT RUN" starttime="20230701 02:00:52.583" endtime="20230701 02:00:52.584"/>
</kw>
<kw name="Wait Until Page Contains Element" library="SeleniumLibrary">
<arg>${uploadfield}</arg>
<doc>Waits until the element ``locator`` appears on the current page.</doc>
<status status="NOT RUN" starttime="20230701 02:00:52.584" endtime="20230701 02:00:52.584"/>
</kw>
<kw name="Sleep" library="BuiltIn">
<arg>4s</arg>
<doc>Pauses the test executed for the given time.</doc>
<status status="NOT RUN" starttime="20230701 02:00:52.584" endtime="20230701 02:00:52.584"/>
</kw>
<kw name="Choose File" library="SeleniumLibrary">
<arg>${uploadfield}</arg>
<arg>${testpic2}</arg>
<doc>Inputs the ``file_path`` into the file input field ``locator``.</doc>
<status status="NOT RUN" starttime="20230701 02:00:52.584" endtime="20230701 02:00:52.584"/>
</kw>
<kw name="Sleep" library="BuiltIn">
<arg>3s</arg>
<doc>Pauses the test executed for the given time.</doc>
<status status="NOT RUN" starttime="20230701 02:00:52.584" endtime="20230701 02:00:52.584"/>
</kw>
<kw name="Press Keys" library="SeleniumLibrary">
<arg>xpath=//body</arg>
<arg>\ue00f</arg>
<doc>Simulates the user pressing key(s) to an element or on the active browser.</doc>
<status status="NOT RUN" starttime="20230701 02:00:52.584" endtime="20230701 02:00:52.584"/>
</kw>
<kw name="Sleep" library="BuiltIn">
<arg>3s</arg>
<doc>Pauses the test executed for the given time.</doc>
<status status="NOT RUN" starttime="20230701 02:00:52.584" endtime="20230701 02:00:52.584"/>
</kw>
<kw name="Wait Until Element Is Visible" library="SeleniumLibrary">
<arg>${paymentcompleted}</arg>
<doc>Waits until the element ``locator`` is visible.</doc>
<status status="NOT RUN" starttime="20230701 02:00:52.584" endtime="20230701 02:00:52.585"/>
</kw>
<kw name="Click Element" library="SeleniumLibrary">
<arg>${paymentcompleted}</arg>
<doc>Click the element identified by ``locator``.</doc>
<status status="NOT RUN" starttime="20230701 02:00:52.585" endtime="20230701 02:00:52.585"/>
</kw>
<kw name="Wait Until Element Is Visible" library="SeleniumLibrary">
<arg>${confirmandreorder}</arg>
<doc>Waits until the element ``locator`` is visible.</doc>
<status status="NOT RUN" starttime="20230701 02:00:52.585" endtime="20230701 02:00:52.585"/>
</kw>
<kw name="Click Element" library="SeleniumLibrary">
<arg>${confirmandreorder}</arg>
<doc>Click the element identified by ``locator``.</doc>
<status status="NOT RUN" starttime="20230701 02:00:52.585" endtime="20230701 02:00:52.585"/>
</kw>
<kw name="Sleep" library="BuiltIn">
<arg>4s</arg>
<doc>Pauses the test executed for the given time.</doc>
<status status="NOT RUN" starttime="20230701 02:00:52.585" endtime="20230701 02:00:52.585"/>
</kw>
<status status="FAIL" starttime="20230701 02:00:38.561" endtime="20230701 02:00:52.585"/>
</kw>
<status status="FAIL" starttime="20230701 02:00:38.560" endtime="20230701 02:00:52.586">ElementClickInterceptedException: Message: element click intercepted: Element &lt;a data-v-4a0e1585="" href="#products_simple" data-toggle="tab" class="nav-link align-items-center d-flex cursor-pointer "&gt;...&lt;/a&gt; is not clickable at point (257, 194). Other element would receive the click: &lt;div data-v-ef9d08c0="" class="loading"&gt;...&lt;/div&gt;
  (Session info: chrome=114.0.5735.106)
Stacktrace:
#0 0x56431956a4e3 &lt;unknown&gt;
#1 0x564319299c76 &lt;unknown&gt;
#2 0x5643192db9d4 &lt;unknown&gt;
#3 0x5643192d9cbd &lt;unknown&gt;
#4 0x5643192d7d2e &lt;unknown&gt;
#5 0x5643192d710f &lt;unknown&gt;
#6 0x5643192cc1da &lt;unknown&gt;
#7 0x5643192f5012 &lt;unknown&gt;
#8 0x5643192cbb03 &lt;unknown&gt;
#9 0x5643192f51de &lt;unknown&gt;
#10 0x56431930d30e &lt;unknown&gt;
#11 0x5643192f4de3 &lt;unknown&gt;
#12 0x5643192ca2dd &lt;unknown&gt;
#13 0x5643192cb34e &lt;unknown&gt;
#14 0x56431952a3e4 &lt;unknown&gt;
#15 0x56431952e3d7 &lt;unknown&gt;
#16 0x564319538b20 &lt;unknown&gt;
#17 0x56431952f023 &lt;unknown&gt;
#18 0x5643194fd1aa &lt;unknown&gt;
#19 0x5643195536b8 &lt;unknown&gt;
#20 0x564319553847 &lt;unknown&gt;
#21 0x564319563243 &lt;unknown&gt;
#22 0x7f8b4f090402 &lt;unknown&gt;
</status>
</test>
<test id="s1-t5" name="Add Order 2" line="318">
<kw name="Add Order 2">
<kw name="Sleep" library="BuiltIn">
<arg>4s</arg>
<doc>Pauses the test executed for the given time.</doc>
<msg timestamp="20230701 02:00:56.588" level="INFO">Slept 4 seconds</msg>
<status status="PASS" starttime="20230701 02:00:52.588" endtime="20230701 02:00:56.588"/>
</kw>
<kw name="Evaluate" library="BuiltIn">
<var>${value}</var>
<arg>random.choice($random)</arg>
<arg>random</arg>
<doc>Evaluates the given expression in Python and returns the result.</doc>
<msg timestamp="20230701 02:00:56.589" level="INFO">${value} = //*[@id="order_form_modal"]/div/div[3]/form/div[2]/div[1]/div[2]/div/div/div[2]/div/div/div/div/div[12]/label/div</msg>
<status status="PASS" starttime="20230701 02:00:56.588" endtime="20230701 02:00:56.589"/>
</kw>
<kw name="Wait Until Element Is Visible" library="SeleniumLibrary">
<arg>${fromfacebook}</arg>
<doc>Waits until the element ``locator`` is visible.</doc>
<msg timestamp="20230701 02:01:16.744" level="INFO" html="true">&lt;/td&gt;&lt;/tr&gt;&lt;tr&gt;&lt;td colspan="3"&gt;&lt;a href="selenium-screenshot-35.png"&gt;&lt;img src="selenium-screenshot-35.png" width="800px"&gt;&lt;/a&gt;</msg>
<msg timestamp="20230701 02:01:16.745" level="FAIL">Element '//*[@id="order_form_modal"]/div/div[3]/form/div[2]/div[1]/div[2]/div/div/div[2]/div/div/div/div/div[1]/label/div' not visible after 20 seconds.</msg>
<status status="FAIL" starttime="20230701 02:00:56.589" endtime="20230701 02:01:16.745"/>
</kw>
<kw name="Click Element" library="SeleniumLibrary">
<arg>${value}</arg>
<doc>Click the element identified by ``locator``.</doc>
<status status="NOT RUN" starttime="20230701 02:01:16.746" endtime="20230701 02:01:16.746"/>
</kw>
<kw name="Sleep" library="BuiltIn">
<arg>4s</arg>
<doc>Pauses the test executed for the given time.</doc>
<status status="NOT RUN" starttime="20230701 02:01:16.746" endtime="20230701 02:01:16.746"/>
</kw>
<kw name="Wait Until Element Is Visible" library="SeleniumLibrary">
<arg>${userbox}</arg>
<doc>Waits until the element ``locator`` is visible.</doc>
<status status="NOT RUN" starttime="20230701 02:01:16.746" endtime="20230701 02:01:16.746"/>
</kw>
<kw name="Click Element" library="SeleniumLibrary">
<arg>${userbox}</arg>
<doc>Click the element identified by ``locator``.</doc>
<status status="NOT RUN" starttime="20230701 02:01:16.747" endtime="20230701 02:01:16.747"/>
</kw>
<kw name="Sleep" library="BuiltIn">
<arg>4s</arg>
<doc>Pauses the test executed for the given time.</doc>
<status status="NOT RUN" starttime="20230701 02:01:16.747" endtime="20230701 02:01:16.747"/>
</kw>
<kw name="Wait Until Element Is Visible" library="SeleniumLibrary">
<arg>${firstuser}</arg>
<doc>Waits until the element ``locator`` is visible.</doc>
<status status="NOT RUN" starttime="20230701 02:01:16.747" endtime="20230701 02:01:16.747"/>
</kw>
<kw name="Click Element" library="SeleniumLibrary">
<arg>${firstuser}</arg>
<doc>Click the element identified by ``locator``.</doc>
<status status="NOT RUN" starttime="20230701 02:01:16.747" endtime="20230701 02:01:16.748"/>
</kw>
<kw name="Press Keys" library="SeleniumLibrary">
<arg>xpath=//body</arg>
<arg>\ue00f</arg>
<doc>Simulates the user pressing key(s) to an element or on the active browser.</doc>
<status status="NOT RUN" starttime="20230701 02:01:16.748" endtime="20230701 02:01:16.748"/>
</kw>
<kw name="Sleep" library="BuiltIn">
<arg>3s</arg>
<doc>Pauses the test executed for the given time.</doc>
<status status="NOT RUN" starttime="20230701 02:01:16.748" endtime="20230701 02:01:16.749"/>
</kw>
<kw name="Wait Until Element Is Visible" library="SeleniumLibrary">
<arg>${searchproduct}</arg>
<doc>Waits until the element ``locator`` is visible.</doc>
<status status="NOT RUN" starttime="20230701 02:01:16.749" endtime="20230701 02:01:16.749"/>
</kw>
<kw name="Click Element" library="SeleniumLibrary">
<arg>${searchproduct}</arg>
<doc>Click the element identified by ``locator``.</doc>
<status status="NOT RUN" starttime="20230701 02:01:16.749" endtime="20230701 02:01:16.749"/>
</kw>
<kw name="Sleep" library="BuiltIn">
<arg>3s</arg>
<doc>Pauses the test executed for the given time.</doc>
<status status="NOT RUN" starttime="20230701 02:01:16.749" endtime="20230701 02:01:16.749"/>
</kw>
<kw name="Wait Until Element Is Visible" library="SeleniumLibrary">
<arg>${searchresult1}</arg>
<doc>Waits until the element ``locator`` is visible.</doc>
<status status="NOT RUN" starttime="20230701 02:01:16.749" endtime="20230701 02:01:16.749"/>
</kw>
<kw name="Click Element" library="SeleniumLibrary">
<arg>${searchresult1}</arg>
<doc>Click the element identified by ``locator``.</doc>
<status status="NOT RUN" starttime="20230701 02:01:16.750" endtime="20230701 02:01:16.750"/>
</kw>
<kw name="Sleep" library="BuiltIn">
<arg>4s</arg>
<doc>Pauses the test executed for the given time.</doc>
<status status="NOT RUN" starttime="20230701 02:01:16.750" endtime="20230701 02:01:16.750"/>
</kw>
<kw name="Wait Until Element Is Visible" library="SeleniumLibrary">
<arg>${confirmandreorder}</arg>
<doc>Waits until the element ``locator`` is visible.</doc>
<status status="NOT RUN" starttime="20230701 02:01:16.750" endtime="20230701 02:01:16.750"/>
</kw>
<kw name="Click Element" library="SeleniumLibrary">
<arg>${confirmandreorder}</arg>
<doc>Click the element identified by ``locator``.</doc>
<status status="NOT RUN" starttime="20230701 02:01:16.750" endtime="20230701 02:01:16.750"/>
</kw>
<kw name="Sleep" library="BuiltIn">
<arg>4s</arg>
<doc>Pauses the test executed for the given time.</doc>
<status status="NOT RUN" starttime="20230701 02:01:16.750" endtime="20230701 02:01:16.751"/>
</kw>
<status status="FAIL" starttime="20230701 02:00:52.587" endtime="20230701 02:01:16.751"/>
</kw>
<status status="FAIL" starttime="20230701 02:00:52.586" endtime="20230701 02:01:16.752">Element '//*[@id="order_form_modal"]/div/div[3]/form/div[2]/div[1]/div[2]/div/div/div[2]/div/div/div/div/div[1]/label/div' not visible after 20 seconds.</status>
</test>
<test id="s1-t6" name="Add Order 3" line="321">
<kw name="Add Order 3">
<kw name="Sleep" library="BuiltIn">
<arg>4s</arg>
<doc>Pauses the test executed for the given time.</doc>
<msg timestamp="20230701 02:01:20.755" level="INFO">Slept 4 seconds</msg>
<status status="PASS" starttime="20230701 02:01:16.755" endtime="20230701 02:01:20.755"/>
</kw>
<kw name="Evaluate" library="BuiltIn">
<var>${value}</var>
<arg>random.choice($random)</arg>
<arg>random</arg>
<doc>Evaluates the given expression in Python and returns the result.</doc>
<msg timestamp="20230701 02:01:20.756" level="INFO">${value} = //*[@id="order_form_modal"]/div/div[3]/form/div[2]/div[1]/div[2]/div/div/div[2]/div/div/div/div/div[8]/label/div</msg>
<status status="PASS" starttime="20230701 02:01:20.756" endtime="20230701 02:01:20.756"/>
</kw>
<kw name="Wait Until Element Is Visible" library="SeleniumLibrary">
<arg>${fromfacebook}</arg>
<doc>Waits until the element ``locator`` is visible.</doc>
<msg timestamp="20230701 02:01:40.992" level="INFO" html="true">&lt;/td&gt;&lt;/tr&gt;&lt;tr&gt;&lt;td colspan="3"&gt;&lt;a href="selenium-screenshot-36.png"&gt;&lt;img src="selenium-screenshot-36.png" width="800px"&gt;&lt;/a&gt;</msg>
<msg timestamp="20230701 02:01:40.992" level="FAIL">Element '//*[@id="order_form_modal"]/div/div[3]/form/div[2]/div[1]/div[2]/div/div/div[2]/div/div/div/div/div[1]/label/div' not visible after 20 seconds.</msg>
<status status="FAIL" starttime="20230701 02:01:20.756" endtime="20230701 02:01:40.992"/>
</kw>
<kw name="Click Element" library="SeleniumLibrary">
<arg>${value}</arg>
<doc>Click the element identified by ``locator``.</doc>
<status status="NOT RUN" starttime="20230701 02:01:40.992" endtime="20230701 02:01:40.992"/>
</kw>
<kw name="Sleep" library="BuiltIn">
<arg>4s</arg>
<doc>Pauses the test executed for the given time.</doc>
<status status="NOT RUN" starttime="20230701 02:01:40.993" endtime="20230701 02:01:40.993"/>
</kw>
<kw name="Wait Until Element Is Visible" library="SeleniumLibrary">
<arg>${userbox}</arg>
<doc>Waits until the element ``locator`` is visible.</doc>
<status status="NOT RUN" starttime="20230701 02:01:40.993" endtime="20230701 02:01:40.993"/>
</kw>
<kw name="Click Element" library="SeleniumLibrary">
<arg>${userbox}</arg>
<doc>Click the element identified by ``locator``.</doc>
<status status="NOT RUN" starttime="20230701 02:01:40.993" endtime="20230701 02:01:40.993"/>
</kw>
<kw name="Sleep" library="BuiltIn">
<arg>4s</arg>
<doc>Pauses the test executed for the given time.</doc>
<status status="NOT RUN" starttime="20230701 02:01:40.993" endtime="20230701 02:01:40.993"/>
</kw>
<kw name="Wait Until Element Is Visible" library="SeleniumLibrary">
<arg>${firstuser}</arg>
<doc>Waits until the element ``locator`` is visible.</doc>
<status status="NOT RUN" starttime="20230701 02:01:40.993" endtime="20230701 02:01:40.993"/>
</kw>
<kw name="Click Element" library="SeleniumLibrary">
<arg>${firstuser}</arg>
<doc>Click the element identified by ``locator``.</doc>
<status status="NOT RUN" starttime="20230701 02:01:40.993" endtime="20230701 02:01:40.993"/>
</kw>
<kw name="Sleep" library="BuiltIn">
<arg>3s</arg>
<doc>Pauses the test executed for the given time.</doc>
<status status="NOT RUN" starttime="20230701 02:01:40.993" endtime="20230701 02:01:40.993"/>
</kw>
<kw name="Wait Until Element Is Visible" library="SeleniumLibrary">
<arg>${cod}</arg>
<doc>Waits until the element ``locator`` is visible.</doc>
<status status="NOT RUN" starttime="20230701 02:01:40.993" endtime="20230701 02:01:40.993"/>
</kw>
<kw name="Click Element" library="SeleniumLibrary">
<arg>${cod}</arg>
<doc>Click the element identified by ``locator``.</doc>
<status status="NOT RUN" starttime="20230701 02:01:40.993" endtime="20230701 02:01:40.993"/>
</kw>
<kw name="Sleep" library="BuiltIn">
<arg>3s</arg>
<doc>Pauses the test executed for the given time.</doc>
<status status="NOT RUN" starttime="20230701 02:01:40.993" endtime="20230701 02:01:40.993"/>
</kw>
<kw name="Wait Until Element Is Visible" library="SeleniumLibrary">
<arg>${checkboxcod}</arg>
<doc>Waits until the element ``locator`` is visible.</doc>
<status status="NOT RUN" starttime="20230701 02:01:40.993" endtime="20230701 02:01:40.993"/>
</kw>
<kw name="Click Element" library="SeleniumLibrary">
<arg>${checkboxcod}</arg>
<doc>Click the element identified by ``locator``.</doc>
<status status="NOT RUN" starttime="20230701 02:01:40.994" endtime="20230701 02:01:40.994"/>
</kw>
<kw name="Press Keys" library="SeleniumLibrary">
<arg>xpath=//body</arg>
<arg>\ue00f</arg>
<doc>Simulates the user pressing key(s) to an element or on the active browser.</doc>
<status status="NOT RUN" starttime="20230701 02:01:40.994" endtime="20230701 02:01:40.994"/>
</kw>
<kw name="Sleep" library="BuiltIn">
<arg>3s</arg>
<doc>Pauses the test executed for the given time.</doc>
<status status="NOT RUN" starttime="20230701 02:01:40.994" endtime="20230701 02:01:40.994"/>
</kw>
<kw name="Click Element" library="SeleniumLibrary">
<arg>${selectproduct}</arg>
<doc>Click the element identified by ``locator``.</doc>
<status status="NOT RUN" starttime="20230701 02:01:40.994" endtime="20230701 02:01:40.994"/>
</kw>
<kw name="Wait Until Element Is Visible" library="SeleniumLibrary">
<arg>${basicproduct}</arg>
<doc>Waits until the element ``locator`` is visible.</doc>
<status status="NOT RUN" starttime="20230701 02:01:40.994" endtime="20230701 02:01:40.994"/>
</kw>
<kw name="Click Element" library="SeleniumLibrary">
<arg>${basicproduct}</arg>
<doc>Click the element identified by ``locator``.</doc>
<status status="NOT RUN" starttime="20230701 02:01:40.994" endtime="20230701 02:01:40.994"/>
</kw>
<kw name="Wait Until Element Is Visible" library="SeleniumLibrary">
<arg>${firstproduct}</arg>
<doc>Waits until the element ``locator`` is visible.</doc>
<status status="NOT RUN" starttime="20230701 02:01:40.994" endtime="20230701 02:01:40.994"/>
</kw>
<kw name="Click Element" library="SeleniumLibrary">
<arg>${firstproduct}</arg>
<doc>Click the element identified by ``locator``.</doc>
<status status="NOT RUN" starttime="20230701 02:01:40.994" endtime="20230701 02:01:40.994"/>
</kw>
<kw name="Wait Until Element Is Visible" library="SeleniumLibrary">
<arg>${confirmselectproduct}</arg>
<doc>Waits until the element ``locator`` is visible.</doc>
<status status="NOT RUN" starttime="20230701 02:01:40.994" endtime="20230701 02:01:40.994"/>
</kw>
<kw name="Click Element" library="SeleniumLibrary">
<arg>${confirmselectproduct}</arg>
<doc>Click the element identified by ``locator``.</doc>
<status status="NOT RUN" starttime="20230701 02:01:40.995" endtime="20230701 02:01:40.995"/>
</kw>
<kw name="Press Keys" library="SeleniumLibrary">
<arg>xpath=//body</arg>
<arg>\ue00e</arg>
<doc>Simulates the user pressing key(s) to an element or on the active browser.</doc>
<status status="NOT RUN" starttime="20230701 02:01:40.995" endtime="20230701 02:01:40.995"/>
</kw>
<kw name="Sleep" library="BuiltIn">
<arg>4s</arg>
<doc>Pauses the test executed for the given time.</doc>
<status status="NOT RUN" starttime="20230701 02:01:40.995" endtime="20230701 02:01:40.995"/>
</kw>
<kw name="Wait Until Element Is Visible" library="SeleniumLibrary">
<arg>${confirmandreorder}</arg>
<doc>Waits until the element ``locator`` is visible.</doc>
<status status="NOT RUN" starttime="20230701 02:01:40.995" endtime="20230701 02:01:40.995"/>
</kw>
<kw name="Click Element" library="SeleniumLibrary">
<arg>${confirmandreorder}</arg>
<doc>Click the element identified by ``locator``.</doc>
<status status="NOT RUN" starttime="20230701 02:01:40.995" endtime="20230701 02:01:40.995"/>
</kw>
<kw name="Sleep" library="BuiltIn">
<arg>4s</arg>
<doc>Pauses the test executed for the given time.</doc>
<status status="NOT RUN" starttime="20230701 02:01:40.995" endtime="20230701 02:01:40.995"/>
</kw>
<status status="FAIL" starttime="20230701 02:01:16.754" endtime="20230701 02:01:40.995"/>
</kw>
<status status="FAIL" starttime="20230701 02:01:16.753" endtime="20230701 02:01:40.996">Element '//*[@id="order_form_modal"]/div/div[3]/form/div[2]/div[1]/div[2]/div/div/div[2]/div/div/div/div/div[1]/label/div' not visible after 20 seconds.</status>
</test>
<test id="s1-t7" name="Add Order 4" line="324">
<kw name="Add Order 4">
<kw name="Sleep" library="BuiltIn">
<arg>4s</arg>
<doc>Pauses the test executed for the given time.</doc>
<msg timestamp="20230701 02:01:44.997" level="INFO">Slept 4 seconds</msg>
<status status="PASS" starttime="20230701 02:01:40.997" endtime="20230701 02:01:44.998"/>
</kw>
<kw name="Evaluate" library="BuiltIn">
<var>${value}</var>
<arg>random.choice($random)</arg>
<arg>random</arg>
<doc>Evaluates the given expression in Python and returns the result.</doc>
<msg timestamp="20230701 02:01:44.998" level="INFO">${value} = //*[@id="order_form_modal"]/div/div[3]/form/div[2]/div[1]/div[2]/div/div/div[2]/div/div/div/div/div[4]/label/div</msg>
<status status="PASS" starttime="20230701 02:01:44.998" endtime="20230701 02:01:44.999"/>
</kw>
<kw name="Wait Until Element Is Visible" library="SeleniumLibrary">
<arg>${fromfacebook}</arg>
<doc>Waits until the element ``locator`` is visible.</doc>
<msg timestamp="20230701 02:02:05.175" level="INFO" html="true">&lt;/td&gt;&lt;/tr&gt;&lt;tr&gt;&lt;td colspan="3"&gt;&lt;a href="selenium-screenshot-37.png"&gt;&lt;img src="selenium-screenshot-37.png" width="800px"&gt;&lt;/a&gt;</msg>
<msg timestamp="20230701 02:02:05.175" level="FAIL">Element '//*[@id="order_form_modal"]/div/div[3]/form/div[2]/div[1]/div[2]/div/div/div[2]/div/div/div/div/div[1]/label/div' not visible after 20 seconds.</msg>
<status status="FAIL" starttime="20230701 02:01:44.999" endtime="20230701 02:02:05.175"/>
</kw>
<kw name="Click Element" library="SeleniumLibrary">
<arg>${value}</arg>
<doc>Click the element identified by ``locator``.</doc>
<status status="NOT RUN" starttime="20230701 02:02:05.175" endtime="20230701 02:02:05.175"/>
</kw>
<kw name="Sleep" library="BuiltIn">
<arg>4s</arg>
<doc>Pauses the test executed for the given time.</doc>
<status status="NOT RUN" starttime="20230701 02:02:05.175" endtime="20230701 02:02:05.175"/>
</kw>
<kw name="Wait Until Element Is Visible" library="SeleniumLibrary">
<arg>${userbox}</arg>
<doc>Waits until the element ``locator`` is visible.</doc>
<status status="NOT RUN" starttime="20230701 02:02:05.175" endtime="20230701 02:02:05.175"/>
</kw>
<kw name="Click Element" library="SeleniumLibrary">
<arg>${userbox}</arg>
<doc>Click the element identified by ``locator``.</doc>
<status status="NOT RUN" starttime="20230701 02:02:05.176" endtime="20230701 02:02:05.176"/>
</kw>
<kw name="Sleep" library="BuiltIn">
<arg>4s</arg>
<doc>Pauses the test executed for the given time.</doc>
<status status="NOT RUN" starttime="20230701 02:02:05.176" endtime="20230701 02:02:05.176"/>
</kw>
<kw name="Wait Until Element Is Visible" library="SeleniumLibrary">
<arg>${firstuser}</arg>
<doc>Waits until the element ``locator`` is visible.</doc>
<status status="NOT RUN" starttime="20230701 02:02:05.176" endtime="20230701 02:02:05.176"/>
</kw>
<kw name="Click Element" library="SeleniumLibrary">
<arg>${firstuser}</arg>
<doc>Click the element identified by ``locator``.</doc>
<status status="NOT RUN" starttime="20230701 02:02:05.176" endtime="20230701 02:02:05.177"/>
</kw>
<kw name="Sleep" library="BuiltIn">
<arg>3s</arg>
<doc>Pauses the test executed for the given time.</doc>
<status status="NOT RUN" starttime="20230701 02:02:05.177" endtime="20230701 02:02:05.177"/>
</kw>
<kw name="Wait Until Element Is Visible" library="SeleniumLibrary">
<arg>${cod}</arg>
<doc>Waits until the element ``locator`` is visible.</doc>
<status status="NOT RUN" starttime="20230701 02:02:05.177" endtime="20230701 02:02:05.177"/>
</kw>
<kw name="Click Element" library="SeleniumLibrary">
<arg>${cod}</arg>
<doc>Click the element identified by ``locator``.</doc>
<status status="NOT RUN" starttime="20230701 02:02:05.177" endtime="20230701 02:02:05.177"/>
</kw>
<kw name="Sleep" library="BuiltIn">
<arg>3s</arg>
<doc>Pauses the test executed for the given time.</doc>
<status status="NOT RUN" starttime="20230701 02:02:05.178" endtime="20230701 02:02:05.178"/>
</kw>
<kw name="Press Keys" library="SeleniumLibrary">
<arg>xpath=//body</arg>
<arg>\ue00f</arg>
<doc>Simulates the user pressing key(s) to an element or on the active browser.</doc>
<status status="NOT RUN" starttime="20230701 02:02:05.178" endtime="20230701 02:02:05.178"/>
</kw>
<kw name="Sleep" library="BuiltIn">
<arg>3s</arg>
<doc>Pauses the test executed for the given time.</doc>
<status status="NOT RUN" starttime="20230701 02:02:05.178" endtime="20230701 02:02:05.178"/>
</kw>
<kw name="Click Element" library="SeleniumLibrary">
<arg>${selectproduct}</arg>
<doc>Click the element identified by ``locator``.</doc>
<status status="NOT RUN" starttime="20230701 02:02:05.178" endtime="20230701 02:02:05.178"/>
</kw>
<kw name="Wait Until Element Is Visible" library="SeleniumLibrary">
<arg>${basicproduct}</arg>
<doc>Waits until the element ``locator`` is visible.</doc>
<status status="NOT RUN" starttime="20230701 02:02:05.178" endtime="20230701 02:02:05.178"/>
</kw>
<kw name="Click Element" library="SeleniumLibrary">
<arg>${basicproduct}</arg>
<doc>Click the element identified by ``locator``.</doc>
<status status="NOT RUN" starttime="20230701 02:02:05.178" endtime="20230701 02:02:05.178"/>
</kw>
<kw name="Wait Until Element Is Visible" library="SeleniumLibrary">
<arg>${firstproduct}</arg>
<doc>Waits until the element ``locator`` is visible.</doc>
<status status="NOT RUN" starttime="20230701 02:02:05.178" endtime="20230701 02:02:05.178"/>
</kw>
<kw name="Click Element" library="SeleniumLibrary">
<arg>${firstproduct}</arg>
<doc>Click the element identified by ``locator``.</doc>
<status status="NOT RUN" starttime="20230701 02:02:05.178" endtime="20230701 02:02:05.178"/>
</kw>
<kw name="Wait Until Element Is Visible" library="SeleniumLibrary">
<arg>${confirmselectproduct}</arg>
<doc>Waits until the element ``locator`` is visible.</doc>
<status status="NOT RUN" starttime="20230701 02:02:05.178" endtime="20230701 02:02:05.178"/>
</kw>
<kw name="Click Element" library="SeleniumLibrary">
<arg>${confirmselectproduct}</arg>
<doc>Click the element identified by ``locator``.</doc>
<status status="NOT RUN" starttime="20230701 02:02:05.179" endtime="20230701 02:02:05.179"/>
</kw>
<kw name="Press Keys" library="SeleniumLibrary">
<arg>xpath=//body</arg>
<arg>\ue00e</arg>
<doc>Simulates the user pressing key(s) to an element or on the active browser.</doc>
<status status="NOT RUN" starttime="20230701 02:02:05.179" endtime="20230701 02:02:05.179"/>
</kw>
<kw name="Sleep" library="BuiltIn">
<arg>4s</arg>
<doc>Pauses the test executed for the given time.</doc>
<status status="NOT RUN" starttime="20230701 02:02:05.179" endtime="20230701 02:02:05.179"/>
</kw>
<kw name="Wait Until Element Is Visible" library="SeleniumLibrary">
<arg>${confirmorder}</arg>
<doc>Waits until the element ``locator`` is visible.</doc>
<status status="NOT RUN" starttime="20230701 02:02:05.179" endtime="20230701 02:02:05.179"/>
</kw>
<kw name="Click Element" library="SeleniumLibrary">
<arg>${confirmorder}</arg>
<doc>Click the element identified by ``locator``.</doc>
<status status="NOT RUN" starttime="20230701 02:02:05.179" endtime="20230701 02:02:05.179"/>
</kw>
<kw name="Sleep" library="BuiltIn">
<arg>4s</arg>
<doc>Pauses the test executed for the given time.</doc>
<status status="NOT RUN" starttime="20230701 02:02:05.179" endtime="20230701 02:02:05.179"/>
</kw>
<status status="FAIL" starttime="20230701 02:01:40.997" endtime="20230701 02:02:05.179"/>
</kw>
<status status="FAIL" starttime="20230701 02:01:40.996" endtime="20230701 02:02:05.179">Element '//*[@id="order_form_modal"]/div/div[3]/form/div[2]/div[1]/div[2]/div/div/div[2]/div/div/div/div/div[1]/label/div' not visible after 20 seconds.</status>
</test>
<test id="s1-t8" name="Confirm Order 4" line="327">
<kw name="Confirm Order 4">
<kw name="Wait Until Element Is Visible" library="SeleniumLibrary">
<arg>${selectorder1}</arg>
<doc>Waits until the element ``locator`` is visible.</doc>
<status status="PASS" starttime="20230701 02:02:05.181" endtime="20230701 02:02:05.214"/>
</kw>
<kw name="Click Element" library="SeleniumLibrary">
<arg>${selectorder1}</arg>
<doc>Click the element identified by ``locator``.</doc>
<msg timestamp="20230701 02:02:05.215" level="INFO">Clicking element '//*[@id="table-order"]/div/div/div/table/tbody/tr[1]/td[5]/div/span/a'.</msg>
<msg timestamp="20230701 02:02:06.423" level="INFO" html="true">&lt;/td&gt;&lt;/tr&gt;&lt;tr&gt;&lt;td colspan="3"&gt;&lt;a href="selenium-screenshot-38.png"&gt;&lt;img src="selenium-screenshot-38.png" width="800px"&gt;&lt;/a&gt;</msg>
<msg timestamp="20230701 02:02:06.423" level="FAIL">ElementClickInterceptedException: Message: element click intercepted: Element &lt;a data-v-6373fd1d="" href="/app/orders/220" target="_blank" class="text-dark"&gt;...&lt;/a&gt; is not clickable at point (694, 463). Other element would receive the click: &lt;div data-v-4a0e1585="" id="product_promotion" class="mb-5 pb-5"&gt;...&lt;/div&gt;
  (Session info: chrome=114.0.5735.106)
Stacktrace:
#0 0x56431956a4e3 &lt;unknown&gt;
#1 0x564319299c76 &lt;unknown&gt;
#2 0x5643192db9d4 &lt;unknown&gt;
#3 0x5643192d9cbd &lt;unknown&gt;
#4 0x5643192d7d2e &lt;unknown&gt;
#5 0x5643192d710f &lt;unknown&gt;
#6 0x5643192cc1da &lt;unknown&gt;
#7 0x5643192f5012 &lt;unknown&gt;
#8 0x5643192cbb03 &lt;unknown&gt;
#9 0x5643192f51de &lt;unknown&gt;
#10 0x56431930d30e &lt;unknown&gt;
#11 0x5643192f4de3 &lt;unknown&gt;
#12 0x5643192ca2dd &lt;unknown&gt;
#13 0x5643192cb34e &lt;unknown&gt;
#14 0x56431952a3e4 &lt;unknown&gt;
#15 0x56431952e3d7 &lt;unknown&gt;
#16 0x564319538b20 &lt;unknown&gt;
#17 0x56431952f023 &lt;unknown&gt;
#18 0x5643194fd1aa &lt;unknown&gt;
#19 0x5643195536b8 &lt;unknown&gt;
#20 0x564319553847 &lt;unknown&gt;
#21 0x564319563243 &lt;unknown&gt;
#22 0x7f8b4f090402 &lt;unknown&gt;
</msg>
<status status="FAIL" starttime="20230701 02:02:05.214" endtime="20230701 02:02:06.424"/>
</kw>
<kw name="Sleep" library="BuiltIn">
<arg>10s</arg>
<doc>Pauses the test executed for the given time.</doc>
<status status="NOT RUN" starttime="20230701 02:02:06.424" endtime="20230701 02:02:06.424"/>
</kw>
<kw name="Get Window Handles" library="SeleniumLibrary">
<var>${windows}</var>
<doc>Returns all child window handles of the selected browser as a list.</doc>
<status status="NOT RUN" starttime="20230701 02:02:06.424" endtime="20230701 02:02:06.424"/>
</kw>
<kw name="Switch Window" library="SeleniumLibrary">
<arg>${windows}[1]</arg>
<doc>Switches to browser window matching ``locator``.</doc>
<status status="NOT RUN" starttime="20230701 02:02:06.424" endtime="20230701 02:02:06.424"/>
</kw>
<kw name="Wait Until Element Is Visible" library="SeleniumLibrary">
<arg>${option}</arg>
<doc>Waits until the element ``locator`` is visible.</doc>
<status status="NOT RUN" starttime="20230701 02:02:06.424" endtime="20230701 02:02:06.424"/>
</kw>
<kw name="Click Element" library="SeleniumLibrary">
<arg>${option}</arg>
<doc>Click the element identified by ``locator``.</doc>
<status status="NOT RUN" starttime="20230701 02:02:06.424" endtime="20230701 02:02:06.424"/>
</kw>
<kw name="Sleep" library="BuiltIn">
<arg>4s</arg>
<doc>Pauses the test executed for the given time.</doc>
<status status="NOT RUN" starttime="20230701 02:02:06.424" endtime="20230701 02:02:06.424"/>
</kw>
<kw name="Wait Until Element Is Visible" library="SeleniumLibrary">
<arg>${confirmcod}</arg>
<doc>Waits until the element ``locator`` is visible.</doc>
<status status="NOT RUN" starttime="20230701 02:02:06.424" endtime="20230701 02:02:06.424"/>
</kw>
<kw name="Click Element" library="SeleniumLibrary">
<arg>${confirmcod}</arg>
<doc>Click the element identified by ``locator``.</doc>
<status status="NOT RUN" starttime="20230701 02:02:06.424" endtime="20230701 02:02:06.425"/>
</kw>
<kw name="Sleep" library="BuiltIn">
<arg>4s</arg>
<doc>Pauses the test executed for the given time.</doc>
<status status="NOT RUN" starttime="20230701 02:02:06.425" endtime="20230701 02:02:06.425"/>
</kw>
<kw name="Wait Until Element Is Visible" library="SeleniumLibrary">
<arg>${confirmbutton}</arg>
<doc>Waits until the element ``locator`` is visible.</doc>
<status status="NOT RUN" starttime="20230701 02:02:06.425" endtime="20230701 02:02:06.425"/>
</kw>
<kw name="Click Element" library="SeleniumLibrary">
<arg>${confirmbutton}</arg>
<doc>Click the element identified by ``locator``.</doc>
<status status="NOT RUN" starttime="20230701 02:02:06.425" endtime="20230701 02:02:06.425"/>
</kw>
<kw name="Sleep" library="BuiltIn">
<arg>5s</arg>
<doc>Pauses the test executed for the given time.</doc>
<status status="NOT RUN" starttime="20230701 02:02:06.425" endtime="20230701 02:02:06.425"/>
</kw>
<kw name="Close Window" library="SeleniumLibrary">
<doc>Closes currently opened and selected browser window/tab.</doc>
<status status="NOT RUN" starttime="20230701 02:02:06.425" endtime="20230701 02:02:06.425"/>
</kw>
<kw name="Sleep" library="BuiltIn">
<arg>4s</arg>
<doc>Pauses the test executed for the given time.</doc>
<status status="NOT RUN" starttime="20230701 02:02:06.425" endtime="20230701 02:02:06.425"/>
</kw>
<kw name="Switch Window" library="SeleniumLibrary">
<arg>${windows}[0]</arg>
<doc>Switches to browser window matching ``locator``.</doc>
<status status="NOT RUN" starttime="20230701 02:02:06.425" endtime="20230701 02:02:06.425"/>
</kw>
<status status="FAIL" starttime="20230701 02:02:05.181" endtime="20230701 02:02:06.426"/>
</kw>
<status status="FAIL" starttime="20230701 02:02:05.180" endtime="20230701 02:02:06.426">ElementClickInterceptedException: Message: element click intercepted: Element &lt;a data-v-6373fd1d="" href="/app/orders/220" target="_blank" class="text-dark"&gt;...&lt;/a&gt; is not clickable at point (694, 463). Other element would receive the click: &lt;div data-v-4a0e1585="" id="product_promotion" class="mb-5 pb-5"&gt;...&lt;/div&gt;
  (Session info: chrome=114.0.5735.106)
Stacktrace:
#0 0x56431956a4e3 &lt;unknown&gt;
#1 0x564319299c76 &lt;unknown&gt;
#2 0x5643192db9d4 &lt;unknown&gt;
#3 0x5643192d9cbd &lt;unknown&gt;
#4 0x5643192d7d2e &lt;unknown&gt;
#5 0x5643192d710f &lt;unknown&gt;
#6 0x5643192cc1da &lt;unknown&gt;
#7 0x5643192f5012 &lt;unknown&gt;
#8 0x5643192cbb03 &lt;unknown&gt;
#9 0x5643192f51de &lt;unknown&gt;
#10 0x56431930d30e &lt;unknown&gt;
#11 0x5643192f4de3 &lt;unknown&gt;
#12 0x5643192ca2dd &lt;unknown&gt;
#13 0x5643192cb34e &lt;unknown&gt;
#14 0x56431952a3e4 &lt;unknown&gt;
#15 0x56431952e3d7 &lt;unknown&gt;
#16 0x564319538b20 &lt;unknown&gt;
#17 0x56431952f023 &lt;unknown&gt;
#18 0x5643194fd1aa &lt;unknown&gt;
#19 0x5643195536b8 &lt;unknown&gt;
#20 0x564319553847 &lt;unknown&gt;
#21 0x564319563243 &lt;unknown&gt;
#22 0x7f8b4f090402 &lt;unknown&gt;
</status>
</test>
<test id="s1-t9" name="Confirm Order 2" line="330">
<kw name="Confirm Order 2">
<kw name="Wait Until Element Is Visible" library="SeleniumLibrary">
<arg>${ordermenu}</arg>
<doc>Waits until the element ``locator`` is visible.</doc>
<status status="PASS" starttime="20230701 02:02:06.428" endtime="20230701 02:02:06.459"/>
</kw>
<kw name="Click Element" library="SeleniumLibrary">
<arg>${ordermenu}</arg>
<doc>Click the element identified by ``locator``.</doc>
<msg timestamp="20230701 02:02:06.460" level="INFO">Clicking element '//html/body/section/div[2]/div[2]/div[2]/div/ul/li[3]/a'.</msg>
<msg timestamp="20230701 02:02:07.624" level="INFO" html="true">&lt;/td&gt;&lt;/tr&gt;&lt;tr&gt;&lt;td colspan="3"&gt;&lt;a href="selenium-screenshot-39.png"&gt;&lt;img src="selenium-screenshot-39.png" width="800px"&gt;&lt;/a&gt;</msg>
<msg timestamp="20230701 02:02:07.624" level="FAIL">ElementClickInterceptedException: Message: element click intercepted: Element &lt;a data-v-7bb16432="" href="/app/orders/index" class="nav-link actives router-link-exact-active router-link-active" aria-current="page"&gt;...&lt;/a&gt; is not clickable at point (136, 175). Other element would receive the click: &lt;a data-v-4a0e1585="" href="#products_latest" data-toggle="tab" class="nav-link align-items-center d-flex cursor-pointer  active"&gt;...&lt;/a&gt;
  (Session info: chrome=114.0.5735.106)
Stacktrace:
#0 0x56431956a4e3 &lt;unknown&gt;
#1 0x564319299c76 &lt;unknown&gt;
#2 0x5643192db9d4 &lt;unknown&gt;
#3 0x5643192d9cbd &lt;unknown&gt;
#4 0x5643192d7d2e &lt;unknown&gt;
#5 0x5643192d710f &lt;unknown&gt;
#6 0x5643192cc1da &lt;unknown&gt;
#7 0x5643192f5012 &lt;unknown&gt;
#8 0x5643192cbb03 &lt;unknown&gt;
#9 0x5643192f51de &lt;unknown&gt;
#10 0x56431930d30e &lt;unknown&gt;
#11 0x5643192f4de3 &lt;unknown&gt;
#12 0x5643192ca2dd &lt;unknown&gt;
#13 0x5643192cb34e &lt;unknown&gt;
#14 0x56431952a3e4 &lt;unknown&gt;
#15 0x56431952e3d7 &lt;unknown&gt;
#16 0x564319538b20 &lt;unknown&gt;
#17 0x56431952f023 &lt;unknown&gt;
#18 0x5643194fd1aa &lt;unknown&gt;
#19 0x5643195536b8 &lt;unknown&gt;
#20 0x564319553847 &lt;unknown&gt;
#21 0x564319563243 &lt;unknown&gt;
#22 0x7f8b4f090402 &lt;unknown&gt;
</msg>
<status status="FAIL" starttime="20230701 02:02:06.459" endtime="20230701 02:02:07.625"/>
</kw>
<kw name="Sleep" library="BuiltIn">
<arg>4s</arg>
<doc>Pauses the test executed for the given time.</doc>
<status status="NOT RUN" starttime="20230701 02:02:07.625" endtime="20230701 02:02:07.625"/>
</kw>
<kw name="Wait Until Element Is Visible" library="SeleniumLibrary">
<arg>${selectorder3}</arg>
<doc>Waits until the element ``locator`` is visible.</doc>
<status status="NOT RUN" starttime="20230701 02:02:07.625" endtime="20230701 02:02:07.625"/>
</kw>
<kw name="Click Element" library="SeleniumLibrary">
<arg>${selectorder3}</arg>
<doc>Click the element identified by ``locator``.</doc>
<status status="NOT RUN" starttime="20230701 02:02:07.625" endtime="20230701 02:02:07.625"/>
</kw>
<kw name="Sleep" library="BuiltIn">
<arg>10s</arg>
<doc>Pauses the test executed for the given time.</doc>
<status status="NOT RUN" starttime="20230701 02:02:07.625" endtime="20230701 02:02:07.625"/>
</kw>
<kw name="Get Window Handles" library="SeleniumLibrary">
<var>${windows}</var>
<doc>Returns all child window handles of the selected browser as a list.</doc>
<status status="NOT RUN" starttime="20230701 02:02:07.625" endtime="20230701 02:02:07.626"/>
</kw>
<kw name="Switch Window" library="SeleniumLibrary">
<arg>${windows}[1]</arg>
<doc>Switches to browser window matching ``locator``.</doc>
<status status="NOT RUN" starttime="20230701 02:02:07.626" endtime="20230701 02:02:07.626"/>
</kw>
<kw name="Wait Until Element Is Visible" library="SeleniumLibrary">
<arg>${paymentbutton}</arg>
<doc>Waits until the element ``locator`` is visible.</doc>
<status status="NOT RUN" starttime="20230701 02:02:07.626" endtime="20230701 02:02:07.626"/>
</kw>
<kw name="Click Element" library="SeleniumLibrary">
<arg>${paymentbutton}</arg>
<doc>Click the element identified by ``locator``.</doc>
<status status="NOT RUN" starttime="20230701 02:02:07.626" endtime="20230701 02:02:07.626"/>
</kw>
<kw name="Sleep" library="BuiltIn">
<arg>4s</arg>
<doc>Pauses the test executed for the given time.</doc>
<status status="NOT RUN" starttime="20230701 02:02:07.626" endtime="20230701 02:02:07.626"/>
</kw>
<kw name="Wait Until Element Is Visible" library="SeleniumLibrary">
<arg>${selectbank}</arg>
<doc>Waits until the element ``locator`` is visible.</doc>
<status status="NOT RUN" starttime="20230701 02:02:07.626" endtime="20230701 02:02:07.626"/>
</kw>
<kw name="Click Element" library="SeleniumLibrary">
<arg>${selectbank}</arg>
<doc>Click the element identified by ``locator``.</doc>
<status status="NOT RUN" starttime="20230701 02:02:07.626" endtime="20230701 02:02:07.626"/>
</kw>
<kw name="Sleep" library="BuiltIn">
<arg>4s</arg>
<doc>Pauses the test executed for the given time.</doc>
<status status="NOT RUN" starttime="20230701 02:02:07.626" endtime="20230701 02:02:07.626"/>
</kw>
<kw name="Click Element" library="SeleniumLibrary">
<arg>${firstbank}</arg>
<doc>Click the element identified by ``locator``.</doc>
<status status="NOT RUN" starttime="20230701 02:02:07.626" endtime="20230701 02:02:07.626"/>
</kw>
<kw name="Sleep" library="BuiltIn">
<arg>4s</arg>
<doc>Pauses the test executed for the given time.</doc>
<status status="NOT RUN" starttime="20230701 02:02:07.626" endtime="20230701 02:02:07.626"/>
</kw>
<kw name="Wait Until Page Contains Element" library="SeleniumLibrary">
<arg>${uploadfield}</arg>
<doc>Waits until the element ``locator`` appears on the current page.</doc>
<status status="NOT RUN" starttime="20230701 02:02:07.626" endtime="20230701 02:02:07.626"/>
</kw>
<kw name="Sleep" library="BuiltIn">
<arg>4s</arg>
<doc>Pauses the test executed for the given time.</doc>
<status status="NOT RUN" starttime="20230701 02:02:07.627" endtime="20230701 02:02:07.627"/>
</kw>
<kw name="Choose File" library="SeleniumLibrary">
<arg>${uploadfield}</arg>
<arg>${testpic2}</arg>
<doc>Inputs the ``file_path`` into the file input field ``locator``.</doc>
<status status="NOT RUN" starttime="20230701 02:02:07.627" endtime="20230701 02:02:07.627"/>
</kw>
<kw name="Sleep" library="BuiltIn">
<arg>5s</arg>
<doc>Pauses the test executed for the given time.</doc>
<status status="NOT RUN" starttime="20230701 02:02:07.627" endtime="20230701 02:02:07.627"/>
</kw>
<kw name="Wait Until Element Is Visible" library="SeleniumLibrary">
<arg>${confirmpaymentbutton}</arg>
<doc>Waits until the element ``locator`` is visible.</doc>
<status status="NOT RUN" starttime="20230701 02:02:07.627" endtime="20230701 02:02:07.627"/>
</kw>
<kw name="Click Element" library="SeleniumLibrary">
<arg>${confirmpaymentbutton}</arg>
<doc>Click the element identified by ``locator``.</doc>
<status status="NOT RUN" starttime="20230701 02:02:07.627" endtime="20230701 02:02:07.627"/>
</kw>
<kw name="Sleep" library="BuiltIn">
<arg>10s</arg>
<doc>Pauses the test executed for the given time.</doc>
<status status="NOT RUN" starttime="20230701 02:02:07.627" endtime="20230701 02:02:07.627"/>
</kw>
<kw name="Wait Until Element Is Visible" library="SeleniumLibrary">
<arg>${paymentbutton}</arg>
<doc>Waits until the element ``locator`` is visible.</doc>
<status status="NOT RUN" starttime="20230701 02:02:07.627" endtime="20230701 02:02:07.627"/>
</kw>
<kw name="Click Element" library="SeleniumLibrary">
<arg>${paymentbutton}</arg>
<doc>Click the element identified by ``locator``.</doc>
<status status="NOT RUN" starttime="20230701 02:02:07.627" endtime="20230701 02:02:07.627"/>
</kw>
<kw name="Wait Until Element Is Visible" library="SeleniumLibrary">
<arg>${confirmallpayment}</arg>
<doc>Waits until the element ``locator`` is visible.</doc>
<status status="NOT RUN" starttime="20230701 02:02:07.627" endtime="20230701 02:02:07.627"/>
</kw>
<kw name="Click Element" library="SeleniumLibrary">
<arg>${confirmallpayment}</arg>
<doc>Click the element identified by ``locator``.</doc>
<status status="NOT RUN" starttime="20230701 02:02:07.628" endtime="20230701 02:02:07.628"/>
</kw>
<kw name="Sleep" library="BuiltIn">
<arg>5s</arg>
<doc>Pauses the test executed for the given time.</doc>
<status status="NOT RUN" starttime="20230701 02:02:07.628" endtime="20230701 02:02:07.628"/>
</kw>
<kw name="Wait Until Element Is Visible" library="SeleniumLibrary">
<arg>${confirmallpayment2}</arg>
<doc>Waits until the element ``locator`` is visible.</doc>
<status status="NOT RUN" starttime="20230701 02:02:07.628" endtime="20230701 02:02:07.628"/>
</kw>
<kw name="Click Element" library="SeleniumLibrary">
<arg>${confirmallpayment2}</arg>
<doc>Click the element identified by ``locator``.</doc>
<status status="NOT RUN" starttime="20230701 02:02:07.628" endtime="20230701 02:02:07.628"/>
</kw>
<kw name="Sleep" library="BuiltIn">
<arg>10s</arg>
<doc>Pauses the test executed for the given time.</doc>
<status status="NOT RUN" starttime="20230701 02:02:07.628" endtime="20230701 02:02:07.628"/>
</kw>
<kw name="Close Window" library="SeleniumLibrary">
<doc>Closes currently opened and selected browser window/tab.</doc>
<status status="NOT RUN" starttime="20230701 02:02:07.628" endtime="20230701 02:02:07.628"/>
</kw>
<kw name="Sleep" library="BuiltIn">
<arg>4s</arg>
<doc>Pauses the test executed for the given time.</doc>
<status status="NOT RUN" starttime="20230701 02:02:07.628" endtime="20230701 02:02:07.628"/>
</kw>
<kw name="Switch Window" library="SeleniumLibrary">
<arg>${windows}[0]</arg>
<doc>Switches to browser window matching ``locator``.</doc>
<status status="NOT RUN" starttime="20230701 02:02:07.628" endtime="20230701 02:02:07.628"/>
</kw>
<status status="FAIL" starttime="20230701 02:02:06.428" endtime="20230701 02:02:07.628"/>
</kw>
<status status="FAIL" starttime="20230701 02:02:06.427" endtime="20230701 02:02:07.629">ElementClickInterceptedException: Message: element click intercepted: Element &lt;a data-v-7bb16432="" href="/app/orders/index" class="nav-link actives router-link-exact-active router-link-active" aria-current="page"&gt;...&lt;/a&gt; is not clickable at point (136, 175). Other element would receive the click: &lt;a data-v-4a0e1585="" href="#products_latest" data-toggle="tab" class="nav-link align-items-center d-flex cursor-pointer  active"&gt;...&lt;/a&gt;
  (Session info: chrome=114.0.5735.106)
Stacktrace:
#0 0x56431956a4e3 &lt;unknown&gt;
#1 0x564319299c76 &lt;unknown&gt;
#2 0x5643192db9d4 &lt;unknown&gt;
#3 0x5643192d9cbd &lt;unknown&gt;
#4 0x5643192d7d2e &lt;unknown&gt;
#5 0x5643192d710f &lt;unknown&gt;
#6 0x5643192cc1da &lt;unknown&gt;
#7 0x5643192f5012 &lt;unknown&gt;
#8 0x5643192cbb03 &lt;unknown&gt;
#9 0x5643192f51de &lt;unknown&gt;
#10 0x56431930d30e &lt;unknown&gt;
#11 0x5643192f4de3 &lt;unknown&gt;
#12 0x5643192ca2dd &lt;unknown&gt;
#13 0x5643192cb34e &lt;unknown&gt;
#14 0x56431952a3e4 &lt;unknown&gt;
#15 0x56431952e3d7 &lt;unknown&gt;
#16 0x564319538b20 &lt;unknown&gt;
#17 0x56431952f023 &lt;unknown&gt;
#18 0x5643194fd1aa &lt;unknown&gt;
#19 0x5643195536b8 &lt;unknown&gt;
#20 0x564319553847 &lt;unknown&gt;
#21 0x564319563243 &lt;unknown&gt;
#22 0x7f8b4f090402 &lt;unknown&gt;
</status>
</test>
<test id="s1-t10" name="Shipment2" line="336">
<kw name="Shipment2">
<kw name="Sleep" library="BuiltIn">
<arg>5s</arg>
<doc>Pauses the test executed for the given time.</doc>
<msg timestamp="20230701 02:02:12.631" level="INFO">Slept 5 seconds</msg>
<status status="PASS" starttime="20230701 02:02:07.630" endtime="20230701 02:02:12.631"/>
</kw>
<kw name="Click Element" library="SeleniumLibrary">
<arg>${shipmentmenu}</arg>
<doc>Click the element identified by ``locator``.</doc>
<msg timestamp="20230701 02:02:12.632" level="INFO">Clicking element '//html/body/section/div[2]/div[2]/div[2]/div/ul/li[5]'.</msg>
<msg timestamp="20230701 02:02:13.806" level="INFO" html="true">&lt;/td&gt;&lt;/tr&gt;&lt;tr&gt;&lt;td colspan="3"&gt;&lt;a href="selenium-screenshot-40.png"&gt;&lt;img src="selenium-screenshot-40.png" width="800px"&gt;&lt;/a&gt;</msg>
<msg timestamp="20230701 02:02:13.807" level="FAIL">ElementClickInterceptedException: Message: element click intercepted: Element &lt;li data-v-7bb16432="" class="nav-item"&gt;...&lt;/li&gt; is not clickable at point (136, 265). Other element would receive the click: &lt;th class="vuetable-th-slot-image" style="width: 50px;"&gt;...&lt;/th&gt;
  (Session info: chrome=114.0.5735.106)
Stacktrace:
#0 0x56431956a4e3 &lt;unknown&gt;
#1 0x564319299c76 &lt;unknown&gt;
#2 0x5643192db9d4 &lt;unknown&gt;
#3 0x5643192d9cbd &lt;unknown&gt;
#4 0x5643192d7d2e &lt;unknown&gt;
#5 0x5643192d710f &lt;unknown&gt;
#6 0x5643192cc1da &lt;unknown&gt;
#7 0x5643192f5012 &lt;unknown&gt;
#8 0x5643192cbb03 &lt;unknown&gt;
#9 0x5643192f51de &lt;unknown&gt;
#10 0x56431930d30e &lt;unknown&gt;
#11 0x5643192f4de3 &lt;unknown&gt;
#12 0x5643192ca2dd &lt;unknown&gt;
#13 0x5643192cb34e &lt;unknown&gt;
#14 0x56431952a3e4 &lt;unknown&gt;
#15 0x56431952e3d7 &lt;unknown&gt;
#16 0x564319538b20 &lt;unknown&gt;
#17 0x56431952f023 &lt;unknown&gt;
#18 0x5643194fd1aa &lt;unknown&gt;
#19 0x5643195536b8 &lt;unknown&gt;
#20 0x564319553847 &lt;unknown&gt;
#21 0x564319563243 &lt;unknown&gt;
#22 0x7f8b4f090402 &lt;unknown&gt;
</msg>
<status status="FAIL" starttime="20230701 02:02:12.631" endtime="20230701 02:02:13.807"/>
</kw>
<kw name="Sleep" library="BuiltIn">
<arg>4s</arg>
<doc>Pauses the test executed for the given time.</doc>
<status status="NOT RUN" starttime="20230701 02:02:13.807" endtime="20230701 02:02:13.807"/>
</kw>
<kw name="Click Element" library="SeleniumLibrary">
<arg>${shipmentmenu}</arg>
<doc>Click the element identified by ``locator``.</doc>
<status status="NOT RUN" starttime="20230701 02:02:13.807" endtime="20230701 02:02:13.807"/>
</kw>
<kw name="Sleep" library="BuiltIn">
<arg>4s</arg>
<doc>Pauses the test executed for the given time.</doc>
<status status="NOT RUN" starttime="20230701 02:02:13.807" endtime="20230701 02:02:13.807"/>
</kw>
<kw name="Wait Until Element Is Visible" library="SeleniumLibrary">
<arg>${selectshipment}</arg>
<doc>Waits until the element ``locator`` is visible.</doc>
<status status="NOT RUN" starttime="20230701 02:02:13.807" endtime="20230701 02:02:13.807"/>
</kw>
<kw name="Click Element" library="SeleniumLibrary">
<arg>${selectshipment}</arg>
<doc>Click the element identified by ``locator``.</doc>
<status status="NOT RUN" starttime="20230701 02:02:13.807" endtime="20230701 02:02:13.808"/>
</kw>
<kw name="Sleep" library="BuiltIn">
<arg>3s</arg>
<doc>Pauses the test executed for the given time.</doc>
<status status="NOT RUN" starttime="20230701 02:02:13.808" endtime="20230701 02:02:13.808"/>
</kw>
<kw name="Wait Until Element Is Visible" library="SeleniumLibrary">
<arg>${selectshipment2}</arg>
<doc>Waits until the element ``locator`` is visible.</doc>
<status status="NOT RUN" starttime="20230701 02:02:13.808" endtime="20230701 02:02:13.808"/>
</kw>
<kw name="Click Element" library="SeleniumLibrary">
<arg>${selectshipment2}</arg>
<doc>Click the element identified by ``locator``.</doc>
<status status="NOT RUN" starttime="20230701 02:02:13.808" endtime="20230701 02:02:13.808"/>
</kw>
<kw name="Sleep" library="BuiltIn">
<arg>4s</arg>
<doc>Pauses the test executed for the given time.</doc>
<status status="NOT RUN" starttime="20230701 02:02:13.808" endtime="20230701 02:02:13.808"/>
</kw>
<kw name="Wait Until Element Is Visible" library="SeleniumLibrary">
<arg>${shipthaipost}</arg>
<doc>Waits until the element ``locator`` is visible.</doc>
<status status="NOT RUN" starttime="20230701 02:02:13.808" endtime="20230701 02:02:13.808"/>
</kw>
<kw name="Click Element" library="SeleniumLibrary">
<arg>${shipthaipost}</arg>
<doc>Click the element identified by ``locator``.</doc>
<status status="NOT RUN" starttime="20230701 02:02:13.808" endtime="20230701 02:02:13.808"/>
</kw>
<kw name="Sleep" library="BuiltIn">
<arg>5s</arg>
<doc>Pauses the test executed for the given time.</doc>
<status status="NOT RUN" starttime="20230701 02:02:13.808" endtime="20230701 02:02:13.808"/>
</kw>
<kw name="Wait Until Element Is Visible" library="SeleniumLibrary">
<arg>${confirmselectship}</arg>
<doc>Waits until the element ``locator`` is visible.</doc>
<status status="NOT RUN" starttime="20230701 02:02:13.808" endtime="20230701 02:02:13.808"/>
</kw>
<kw name="Click Element" library="SeleniumLibrary">
<arg>${confirmselectship}</arg>
<doc>Click the element identified by ``locator``.</doc>
<status status="NOT RUN" starttime="20230701 02:02:13.808" endtime="20230701 02:02:13.809"/>
</kw>
<kw name="Sleep" library="BuiltIn">
<arg>5s</arg>
<doc>Pauses the test executed for the given time.</doc>
<status status="NOT RUN" starttime="20230701 02:02:13.809" endtime="20230701 02:02:13.809"/>
</kw>
<kw name="Click Element" library="SeleniumLibrary">
<arg>${paymentship}</arg>
<doc>Click the element identified by ``locator``.</doc>
<status status="NOT RUN" starttime="20230701 02:02:13.809" endtime="20230701 02:02:13.809"/>
</kw>
<kw name="Sleep" library="BuiltIn">
<arg>20s</arg>
<doc>Pauses the test executed for the given time.</doc>
<status status="NOT RUN" starttime="20230701 02:02:13.809" endtime="20230701 02:02:13.809"/>
</kw>
<kw name="Wait Until Element Is Visible" library="SeleniumLibrary">
<arg>${confirmreadyship}</arg>
<doc>Waits until the element ``locator`` is visible.</doc>
<status status="NOT RUN" starttime="20230701 02:02:13.809" endtime="20230701 02:02:13.809"/>
</kw>
<kw name="Click Element" library="SeleniumLibrary">
<arg>${confirmreadyship}</arg>
<doc>Click the element identified by ``locator``.</doc>
<status status="NOT RUN" starttime="20230701 02:02:13.809" endtime="20230701 02:02:13.809"/>
</kw>
<kw name="Sleep" library="BuiltIn">
<arg>20s</arg>
<doc>Pauses the test executed for the given time.</doc>
<status status="NOT RUN" starttime="20230701 02:02:13.809" endtime="20230701 02:02:13.809"/>
</kw>
<status status="FAIL" starttime="20230701 02:02:07.630" endtime="20230701 02:02:13.809"/>
</kw>
<status status="FAIL" starttime="20230701 02:02:07.629" endtime="20230701 02:02:13.809">ElementClickInterceptedException: Message: element click intercepted: Element &lt;li data-v-7bb16432="" class="nav-item"&gt;...&lt;/li&gt; is not clickable at point (136, 265). Other element would receive the click: &lt;th class="vuetable-th-slot-image" style="width: 50px;"&gt;...&lt;/th&gt;
  (Session info: chrome=114.0.5735.106)
Stacktrace:
#0 0x56431956a4e3 &lt;unknown&gt;
#1 0x564319299c76 &lt;unknown&gt;
#2 0x5643192db9d4 &lt;unknown&gt;
#3 0x5643192d9cbd &lt;unknown&gt;
#4 0x5643192d7d2e &lt;unknown&gt;
#5 0x5643192d710f &lt;unknown&gt;
#6 0x5643192cc1da &lt;unknown&gt;
#7 0x5643192f5012 &lt;unknown&gt;
#8 0x5643192cbb03 &lt;unknown&gt;
#9 0x5643192f51de &lt;unknown&gt;
#10 0x56431930d30e &lt;unknown&gt;
#11 0x5643192f4de3 &lt;unknown&gt;
#12 0x5643192ca2dd &lt;unknown&gt;
#13 0x5643192cb34e &lt;unknown&gt;
#14 0x56431952a3e4 &lt;unknown&gt;
#15 0x56431952e3d7 &lt;unknown&gt;
#16 0x564319538b20 &lt;unknown&gt;
#17 0x56431952f023 &lt;unknown&gt;
#18 0x5643194fd1aa &lt;unknown&gt;
#19 0x5643195536b8 &lt;unknown&gt;
#20 0x564319553847 &lt;unknown&gt;
#21 0x564319563243 &lt;unknown&gt;
#22 0x7f8b4f090402 &lt;unknown&gt;
</status>
</test>
<test id="s1-t11" name="Shipment3" line="338">
<kw name="Shipment3">
<kw name="Sleep" library="BuiltIn">
<arg>5s</arg>
<doc>Pauses the test executed for the given time.</doc>
<msg timestamp="20230701 02:02:18.811" level="INFO">Slept 5 seconds</msg>
<status status="PASS" starttime="20230701 02:02:13.811" endtime="20230701 02:02:18.812"/>
</kw>
<kw name="Click Element" library="SeleniumLibrary">
<arg>${shipmentmenu}</arg>
<doc>Click the element identified by ``locator``.</doc>
<msg timestamp="20230701 02:02:18.812" level="INFO">Clicking element '//html/body/section/div[2]/div[2]/div[2]/div/ul/li[5]'.</msg>
<msg timestamp="20230701 02:02:19.959" level="INFO" html="true">&lt;/td&gt;&lt;/tr&gt;&lt;tr&gt;&lt;td colspan="3"&gt;&lt;a href="selenium-screenshot-41.png"&gt;&lt;img src="selenium-screenshot-41.png" width="800px"&gt;&lt;/a&gt;</msg>
<msg timestamp="20230701 02:02:19.959" level="FAIL">ElementClickInterceptedException: Message: element click intercepted: Element &lt;li data-v-7bb16432="" class="nav-item"&gt;...&lt;/li&gt; is not clickable at point (136, 265). Other element would receive the click: &lt;th class="vuetable-th-slot-image" style="width: 50px;"&gt;...&lt;/th&gt;
  (Session info: chrome=114.0.5735.106)
Stacktrace:
#0 0x56431956a4e3 &lt;unknown&gt;
#1 0x564319299c76 &lt;unknown&gt;
#2 0x5643192db9d4 &lt;unknown&gt;
#3 0x5643192d9cbd &lt;unknown&gt;
#4 0x5643192d7d2e &lt;unknown&gt;
#5 0x5643192d710f &lt;unknown&gt;
#6 0x5643192cc1da &lt;unknown&gt;
#7 0x5643192f5012 &lt;unknown&gt;
#8 0x5643192cbb03 &lt;unknown&gt;
#9 0x5643192f51de &lt;unknown&gt;
#10 0x56431930d30e &lt;unknown&gt;
#11 0x5643192f4de3 &lt;unknown&gt;
#12 0x5643192ca2dd &lt;unknown&gt;
#13 0x5643192cb34e &lt;unknown&gt;
#14 0x56431952a3e4 &lt;unknown&gt;
#15 0x56431952e3d7 &lt;unknown&gt;
#16 0x564319538b20 &lt;unknown&gt;
#17 0x56431952f023 &lt;unknown&gt;
#18 0x5643194fd1aa &lt;unknown&gt;
#19 0x5643195536b8 &lt;unknown&gt;
#20 0x564319553847 &lt;unknown&gt;
#21 0x564319563243 &lt;unknown&gt;
#22 0x7f8b4f090402 &lt;unknown&gt;
</msg>
<status status="FAIL" starttime="20230701 02:02:18.812" endtime="20230701 02:02:19.959"/>
</kw>
<kw name="Sleep" library="BuiltIn">
<arg>4s</arg>
<doc>Pauses the test executed for the given time.</doc>
<status status="NOT RUN" starttime="20230701 02:02:19.959" endtime="20230701 02:02:19.959"/>
</kw>
<kw name="Click Element" library="SeleniumLibrary">
<arg>${shipmentmenu}</arg>
<doc>Click the element identified by ``locator``.</doc>
<status status="NOT RUN" starttime="20230701 02:02:19.960" endtime="20230701 02:02:19.960"/>
</kw>
<kw name="Sleep" library="BuiltIn">
<arg>4s</arg>
<doc>Pauses the test executed for the given time.</doc>
<status status="NOT RUN" starttime="20230701 02:02:19.960" endtime="20230701 02:02:19.960"/>
</kw>
<kw name="Wait Until Element Is Visible" library="SeleniumLibrary">
<arg>${selectshipment}</arg>
<doc>Waits until the element ``locator`` is visible.</doc>
<status status="NOT RUN" starttime="20230701 02:02:19.960" endtime="20230701 02:02:19.960"/>
</kw>
<kw name="Click Element" library="SeleniumLibrary">
<arg>${selectshipment}</arg>
<doc>Click the element identified by ``locator``.</doc>
<status status="NOT RUN" starttime="20230701 02:02:19.960" endtime="20230701 02:02:19.960"/>
</kw>
<kw name="Sleep" library="BuiltIn">
<arg>3s</arg>
<doc>Pauses the test executed for the given time.</doc>
<status status="NOT RUN" starttime="20230701 02:02:19.960" endtime="20230701 02:02:19.960"/>
</kw>
<kw name="Wait Until Element Is Visible" library="SeleniumLibrary">
<arg>${selectshipment2}</arg>
<doc>Waits until the element ``locator`` is visible.</doc>
<status status="NOT RUN" starttime="20230701 02:02:19.960" endtime="20230701 02:02:19.960"/>
</kw>
<kw name="Click Element" library="SeleniumLibrary">
<arg>${selectshipment2}</arg>
<doc>Click the element identified by ``locator``.</doc>
<status status="NOT RUN" starttime="20230701 02:02:19.960" endtime="20230701 02:02:19.960"/>
</kw>
<kw name="Sleep" library="BuiltIn">
<arg>4s</arg>
<doc>Pauses the test executed for the given time.</doc>
<status status="NOT RUN" starttime="20230701 02:02:19.961" endtime="20230701 02:02:19.961"/>
</kw>
<kw name="Wait Until Element Is Visible" library="SeleniumLibrary">
<arg>${shipflash}</arg>
<doc>Waits until the element ``locator`` is visible.</doc>
<status status="NOT RUN" starttime="20230701 02:02:19.961" endtime="20230701 02:02:19.961"/>
</kw>
<kw name="Click Element" library="SeleniumLibrary">
<arg>${shipflash}</arg>
<doc>Click the element identified by ``locator``.</doc>
<status status="NOT RUN" starttime="20230701 02:02:19.961" endtime="20230701 02:02:19.961"/>
</kw>
<kw name="Sleep" library="BuiltIn">
<arg>5s</arg>
<doc>Pauses the test executed for the given time.</doc>
<status status="NOT RUN" starttime="20230701 02:02:19.961" endtime="20230701 02:02:19.961"/>
</kw>
<kw name="Wait Until Element Is Visible" library="SeleniumLibrary">
<arg>${confirmselectship}</arg>
<doc>Waits until the element ``locator`` is visible.</doc>
<status status="NOT RUN" starttime="20230701 02:02:19.961" endtime="20230701 02:02:19.961"/>
</kw>
<kw name="Click Element" library="SeleniumLibrary">
<arg>${confirmselectship}</arg>
<doc>Click the element identified by ``locator``.</doc>
<status status="NOT RUN" starttime="20230701 02:02:19.961" endtime="20230701 02:02:19.961"/>
</kw>
<kw name="Sleep" library="BuiltIn">
<arg>5s</arg>
<doc>Pauses the test executed for the given time.</doc>
<status status="NOT RUN" starttime="20230701 02:02:19.961" endtime="20230701 02:02:19.961"/>
</kw>
<kw name="Click Element" library="SeleniumLibrary">
<arg>${paymentship}</arg>
<doc>Click the element identified by ``locator``.</doc>
<status status="NOT RUN" starttime="20230701 02:02:19.961" endtime="20230701 02:02:19.961"/>
</kw>
<kw name="Sleep" library="BuiltIn">
<arg>20s</arg>
<doc>Pauses the test executed for the given time.</doc>
<status status="NOT RUN" starttime="20230701 02:02:19.961" endtime="20230701 02:02:19.961"/>
</kw>
<kw name="Wait Until Element Is Visible" library="SeleniumLibrary">
<arg>${confirmreadyship}</arg>
<doc>Waits until the element ``locator`` is visible.</doc>
<status status="NOT RUN" starttime="20230701 02:02:19.962" endtime="20230701 02:02:19.962"/>
</kw>
<kw name="Click Element" library="SeleniumLibrary">
<arg>${confirmreadyship}</arg>
<doc>Click the element identified by ``locator``.</doc>
<status status="NOT RUN" starttime="20230701 02:02:19.962" endtime="20230701 02:02:19.962"/>
</kw>
<kw name="Sleep" library="BuiltIn">
<arg>20s</arg>
<doc>Pauses the test executed for the given time.</doc>
<status status="NOT RUN" starttime="20230701 02:02:19.962" endtime="20230701 02:02:19.962"/>
</kw>
<status status="FAIL" starttime="20230701 02:02:13.811" endtime="20230701 02:02:19.962"/>
</kw>
<status status="FAIL" starttime="20230701 02:02:13.810" endtime="20230701 02:02:19.962">ElementClickInterceptedException: Message: element click intercepted: Element &lt;li data-v-7bb16432="" class="nav-item"&gt;...&lt;/li&gt; is not clickable at point (136, 265). Other element would receive the click: &lt;th class="vuetable-th-slot-image" style="width: 50px;"&gt;...&lt;/th&gt;
  (Session info: chrome=114.0.5735.106)
Stacktrace:
#0 0x56431956a4e3 &lt;unknown&gt;
#1 0x564319299c76 &lt;unknown&gt;
#2 0x5643192db9d4 &lt;unknown&gt;
#3 0x5643192d9cbd &lt;unknown&gt;
#4 0x5643192d7d2e &lt;unknown&gt;
#5 0x5643192d710f &lt;unknown&gt;
#6 0x5643192cc1da &lt;unknown&gt;
#7 0x5643192f5012 &lt;unknown&gt;
#8 0x5643192cbb03 &lt;unknown&gt;
#9 0x5643192f51de &lt;unknown&gt;
#10 0x56431930d30e &lt;unknown&gt;
#11 0x5643192f4de3 &lt;unknown&gt;
#12 0x5643192ca2dd &lt;unknown&gt;
#13 0x5643192cb34e &lt;unknown&gt;
#14 0x56431952a3e4 &lt;unknown&gt;
#15 0x56431952e3d7 &lt;unknown&gt;
#16 0x564319538b20 &lt;unknown&gt;
#17 0x56431952f023 &lt;unknown&gt;
#18 0x5643194fd1aa &lt;unknown&gt;
#19 0x5643195536b8 &lt;unknown&gt;
#20 0x564319553847 &lt;unknown&gt;
#21 0x564319563243 &lt;unknown&gt;
#22 0x7f8b4f090402 &lt;unknown&gt;
</status>
</test>
<test id="s1-t12" name="Click Shipment Thaipost" line="351">
<kw name="Thaipost Shipment 1" library="resource">
<kw name="Sleep" library="BuiltIn">
<arg>5s</arg>
<doc>Pauses the test executed for the given time.</doc>
<msg timestamp="20230701 02:02:24.965" level="INFO">Slept 5 seconds</msg>
<status status="PASS" starttime="20230701 02:02:19.964" endtime="20230701 02:02:24.965"/>
</kw>
<kw name="Wait Until Element Is Visible" library="SeleniumLibrary">
<arg>${shipmentmenu}</arg>
<doc>Waits until the element ``locator`` is visible.</doc>
<status status="PASS" starttime="20230701 02:02:24.965" endtime="20230701 02:02:24.991"/>
</kw>
<kw name="Click Element" library="SeleniumLibrary">
<arg>${shipmentmenu}</arg>
<doc>Click the element identified by ``locator``.</doc>
<msg timestamp="20230701 02:02:24.992" level="INFO">Clicking element '//html/body/section/div[2]/div[2]/div[2]/div/ul/li[5]'.</msg>
<msg timestamp="20230701 02:02:26.210" level="INFO" html="true">&lt;/td&gt;&lt;/tr&gt;&lt;tr&gt;&lt;td colspan="3"&gt;&lt;a href="selenium-screenshot-42.png"&gt;&lt;img src="selenium-screenshot-42.png" width="800px"&gt;&lt;/a&gt;</msg>
<msg timestamp="20230701 02:02:26.210" level="FAIL">ElementClickInterceptedException: Message: element click intercepted: Element &lt;li data-v-7bb16432="" class="nav-item"&gt;...&lt;/li&gt; is not clickable at point (136, 265). Other element would receive the click: &lt;th class="vuetable-th-slot-image" style="width: 50px;"&gt;...&lt;/th&gt;
  (Session info: chrome=114.0.5735.106)
Stacktrace:
#0 0x56431956a4e3 &lt;unknown&gt;
#1 0x564319299c76 &lt;unknown&gt;
#2 0x5643192db9d4 &lt;unknown&gt;
#3 0x5643192d9cbd &lt;unknown&gt;
#4 0x5643192d7d2e &lt;unknown&gt;
#5 0x5643192d710f &lt;unknown&gt;
#6 0x5643192cc1da &lt;unknown&gt;
#7 0x5643192f5012 &lt;unknown&gt;
#8 0x5643192cbb03 &lt;unknown&gt;
#9 0x5643192f51de &lt;unknown&gt;
#10 0x56431930d30e &lt;unknown&gt;
#11 0x5643192f4de3 &lt;unknown&gt;
#12 0x5643192ca2dd &lt;unknown&gt;
#13 0x5643192cb34e &lt;unknown&gt;
#14 0x56431952a3e4 &lt;unknown&gt;
#15 0x56431952e3d7 &lt;unknown&gt;
#16 0x564319538b20 &lt;unknown&gt;
#17 0x56431952f023 &lt;unknown&gt;
#18 0x5643194fd1aa &lt;unknown&gt;
#19 0x5643195536b8 &lt;unknown&gt;
#20 0x564319553847 &lt;unknown&gt;
#21 0x564319563243 &lt;unknown&gt;
[...]
#4 0x5643192d7d2e &lt;unknown&gt;
#5 0x5643192d710f &lt;unknown&gt;
#6 0x5643192cc1da &lt;unknown&gt;
#7 0x5643192f5012 &lt;unknown&gt;
#8 0x5643192cbb03 &lt;unknown&gt;
#9 0x5643192f51de &lt;unknown&gt;
#10 0x56431930d30e &lt;unknown&gt;
#11 0x5643192f4de3 &lt;unknown&gt;
#12 0x5643192ca2dd &lt;unknown&gt;
#13 0x5643192cb34e &lt;unknown&gt;
#14 0x56431952a3e4 &lt;unknown&gt;
#15 0x56431952e3d7 &lt;unknown&gt;
#16 0x564319538b20 &lt;unknown&gt;
#17 0x56431952f023 &lt;unknown&gt;
#18 0x5643194fd1aa &lt;unknown&gt;
#19 0x5643195536b8 &lt;unknown&gt;
#20 0x564319553847 &lt;unknown&gt;
#21 0x564319563243 &lt;unknown&gt;
#22 0x7f8b4f090402 &lt;unknown&gt;
</msg>
<status status="FAIL" starttime="20230701 02:03:22.646" endtime="20230701 02:03:23.853"/>
</kw>
<kw name="Sleep" library="BuiltIn">
<arg>5s</arg>
<doc>Pauses the test executed for the given time.</doc>
<status status="NOT RUN" starttime="20230701 02:03:23.853" endtime="20230701 02:03:23.853"/>
</kw>
<kw name="Wait Until Element Is Visible" library="SeleniumLibrary">
<arg>${selectshipment}</arg>
<doc>Waits until the element ``locator`` is visible.</doc>
<status status="NOT RUN" starttime="20230701 02:03:23.853" endtime="20230701 02:03:23.853"/>
</kw>
<kw name="Click Element" library="SeleniumLibrary">
<arg>${selectshipment}</arg>
<doc>Click the element identified by ``locator``.</doc>
<status status="NOT RUN" starttime="20230701 02:03:23.853" endtime="20230701 02:03:23.853"/>
</kw>
<kw name="Sleep" library="BuiltIn">
<arg>1s</arg>
<doc>Pauses the test executed for the given time.</doc>
<status status="NOT RUN" starttime="20230701 02:03:23.853" endtime="20230701 02:03:23.854"/>
</kw>
<kw name="Wait Until Element Is Visible" library="SeleniumLibrary">
<arg>${selectshipment2}</arg>
<doc>Waits until the element ``locator`` is visible.</doc>
<status status="NOT RUN" starttime="20230701 02:03:23.854" endtime="20230701 02:03:23.854"/>
</kw>
<kw name="Click Element" library="SeleniumLibrary">
<arg>${selectshipment2}</arg>
<doc>Click the element identified by ``locator``.</doc>
<status status="NOT RUN" starttime="20230701 02:03:23.854" endtime="20230701 02:03:23.854"/>
</kw>
<kw name="Sleep" library="BuiltIn">
<arg>2s</arg>
<doc>Pauses the test executed for the given time.</doc>
<status status="NOT RUN" starttime="20230701 02:03:23.854" endtime="20230701 02:03:23.854"/>
</kw>
<kw name="Wait Until Element Is Visible" library="SeleniumLibrary">
<arg>${shipthaipost}</arg>
<doc>Waits until the element ``locator`` is visible.</doc>
<status status="NOT RUN" starttime="20230701 02:03:23.854" endtime="20230701 02:03:23.854"/>
</kw>
<kw name="Click Element" library="SeleniumLibrary">
<arg>${shipthaipost}</arg>
<doc>Click the element identified by ``locator``.</doc>
<status status="NOT RUN" starttime="20230701 02:03:23.854" endtime="20230701 02:03:23.854"/>
</kw>
<kw name="Sleep" library="BuiltIn">
<arg>5s</arg>
<doc>Pauses the test executed for the given time.</doc>
<status status="NOT RUN" starttime="20230701 02:03:23.854" endtime="20230701 02:03:23.854"/>
</kw>
<kw name="Wait Until Element Is Visible" library="SeleniumLibrary">
<arg>${confirmselectship}</arg>
<doc>Waits until the element ``locator`` is visible.</doc>
<status status="NOT RUN" starttime="20230701 02:03:23.854" endtime="20230701 02:03:23.854"/>
</kw>
<kw name="Click Element" library="SeleniumLibrary">
<arg>${confirmselectship}</arg>
<doc>Click the element identified by ``locator``.</doc>
<status status="NOT RUN" starttime="20230701 02:03:23.854" endtime="20230701 02:03:23.854"/>
</kw>
<kw name="Sleep" library="BuiltIn">
<arg>5s</arg>
<doc>Pauses the test executed for the given time.</doc>
<status status="NOT RUN" starttime="20230701 02:03:23.854" endtime="20230701 02:03:23.854"/>
</kw>
<kw name="Click Element" library="SeleniumLibrary">
<arg>${paymentship}</arg>
<doc>Click the element identified by ``locator``.</doc>
<status status="NOT RUN" starttime="20230701 02:03:23.854" endtime="20230701 02:03:23.854"/>
</kw>
<kw name="Sleep" library="BuiltIn">
<arg>10s</arg>
<doc>Pauses the test executed for the given time.</doc>
<status status="NOT RUN" starttime="20230701 02:03:23.854" endtime="20230701 02:03:23.854"/>
</kw>
<kw name="Wait Until Element Is Visible" library="SeleniumLibrary">
<arg>${confirmreadyship}</arg>
<doc>Waits until the element ``locator`` is visible.</doc>
<status status="NOT RUN" starttime="20230701 02:03:23.855" endtime="20230701 02:03:23.855"/>
</kw>
<kw name="Click Element" library="SeleniumLibrary">
<arg>${confirmreadyship}</arg>
<doc>Click the element identified by ``locator``.</doc>
<status status="NOT RUN" starttime="20230701 02:03:23.855" endtime="20230701 02:03:23.855"/>
</kw>
<kw name="Sleep" library="BuiltIn">
<arg>5s</arg>
<doc>Pauses the test executed for the given time.</doc>
<status status="NOT RUN" starttime="20230701 02:03:23.855" endtime="20230701 02:03:23.855"/>
</kw>
<status status="FAIL" starttime="20230701 02:03:17.644" endtime="20230701 02:03:23.855"/>
</kw>
<kw name="Packing" library="resource">
<status status="NOT RUN" starttime="20230701 02:03:23.855" endtime="20230701 02:03:23.855"/>
</kw>
<status status="FAIL" starttime="20230701 02:03:17.644" endtime="20230701 02:03:23.855">ElementClickInterceptedException: Message: element click intercepted: Element &lt;li data-v-7bb16432="" class="nav-item"&gt;...&lt;/li&gt; is not clickable at point (136, 265). Other element would receive the click: &lt;th class="vuetable-th-slot-image" style="width: 50px;"&gt;...&lt;/th&gt;
  (Session info: chrome=114.0.5735.106)
Stacktrace:
#0 0x56431956a4e3 &lt;unknown&gt;
#1 0x564319299c76 &lt;unknown&gt;
#2 0x5643192db9d4 &lt;unknown&gt;
#3 0x5643192d9cbd &lt;unknown&gt;
#4 0x5643192d7d2e &lt;unknown&gt;
#5 0x5643192d710f &lt;unknown&gt;
#6 0x5643192cc1da &lt;unknown&gt;
#7 0x5643192f5012 &lt;unknown&gt;
#8 0x5643192cbb03 &lt;unknown&gt;
#9 0x5643192f51de &lt;unknown&gt;
#10 0x56431930d30e &lt;unknown&gt;
#11 0x5643192f4de3 &lt;unknown&gt;
#12 0x5643192ca2dd &lt;unknown&gt;
#13 0x5643192cb34e &lt;unknown&gt;
#14 0x56431952a3e4 &lt;unknown&gt;
#15 0x56431952e3d7 &lt;unknown&gt;
#16 0x564319538b20 &lt;unknown&gt;
#17 0x56431952f023 &lt;unknown&gt;
#18 0x5643194fd1aa &lt;unknown&gt;
#19 0x5643195536b8 &lt;unknown&gt;
#20 0x564319553847 &lt;unknown&gt;
#21 0x564319563243 &lt;unknown&gt;
#22 0x7f8b4f090402 &lt;unknown&gt;
</status>
</test>
<test id="s1-t21" name="Shipment2" line="398">
<kw name="Shipment" library="resource">
<kw name="Sleep" library="BuiltIn">
<arg>5s</arg>
<doc>Pauses the test executed for the given time.</doc>
<msg timestamp="20230701 02:03:28.857" level="INFO">Slept 5 seconds</msg>
<status status="PASS" starttime="20230701 02:03:23.857" endtime="20230701 02:03:28.858"/>
</kw>
<kw name="Click Element" library="SeleniumLibrary">
<arg>${shipmentmenu}</arg>
<doc>Click the element identified by ``locator``.</doc>
<msg timestamp="20230701 02:03:28.858" level="INFO">Clicking element '//html/body/section/div[2]/div[2]/div[2]/div/ul/li[5]'.</msg>
<msg timestamp="20230701 02:03:30.029" level="INFO" html="true">&lt;/td&gt;&lt;/tr&gt;&lt;tr&gt;&lt;td colspan="3"&gt;&lt;a href="selenium-screenshot-51.png"&gt;&lt;img src="selenium-screenshot-51.png" width="800px"&gt;&lt;/a&gt;</msg>
<msg timestamp="20230701 02:03:30.029" level="FAIL">ElementClickInterceptedException: Message: element click intercepted: Element &lt;li data-v-7bb16432="" class="nav-item"&gt;...&lt;/li&gt; is not clickable at point (136, 265). Other element would receive the click: &lt;th class="vuetable-th-slot-image" style="width: 50px;"&gt;...&lt;/th&gt;
  (Session info: chrome=114.0.5735.106)
Stacktrace:
#0 0x56431956a4e3 &lt;unknown&gt;
#1 0x564319299c76 &lt;unknown&gt;
#2 0x5643192db9d4 &lt;unknown&gt;
#3 0x5643192d9cbd &lt;unknown&gt;
#4 0x5643192d7d2e &lt;unknown&gt;
#5 0x5643192d710f &lt;unknown&gt;
#6 0x5643192cc1da &lt;unknown&gt;
#7 0x5643192f5012 &lt;unknown&gt;
#8 0x5643192cbb03 &lt;unknown&gt;
#9 0x5643192f51de &lt;unknown&gt;
#10 0x56431930d30e &lt;unknown&gt;
#11 0x5643192f4de3 &lt;unknown&gt;
#12 0x5643192ca2dd &lt;unknown&gt;
#13 0x5643192cb34e &lt;unknown&gt;
#14 0x56431952a3e4 &lt;unknown&gt;
#15 0x56431952e3d7 &lt;unknown&gt;
#16 0x564319538b20 &lt;unknown&gt;
#17 0x56431952f023 &lt;unknown&gt;
#18 0x5643194fd1aa &lt;unknown&gt;
#19 0x5643195536b8 &lt;unknown&gt;
#20 0x564319553847 &lt;unknown&gt;
#21 0x564319563243 &lt;unknown&gt;
#22 0x7f8b4f090402 &lt;unknown&gt;
</msg>
<status status="FAIL" starttime="20230701 02:03:28.858" endtime="20230701 02:03:30.029"/>
</kw>
<kw name="Sleep" library="BuiltIn">
<arg>5s</arg>
<doc>Pauses the test executed for the given time.</doc>
<status status="NOT RUN" starttime="20230701 02:03:30.030" endtime="20230701 02:03:30.030"/>
</kw>
<kw name="Wait Until Element Is Visible" library="SeleniumLibrary">
<arg>${selectshipment}</arg>
<doc>Waits until the element ``locator`` is visible.</doc>
<status status="NOT RUN" starttime="20230701 02:03:30.030" endtime="20230701 02:03:30.030"/>
</kw>
<kw name="Click Element" library="SeleniumLibrary">
<arg>${selectshipment}</arg>
<doc>Click the element identified by ``locator``.</doc>
<status status="NOT RUN" starttime="20230701 02:03:30.030" endtime="20230701 02:03:30.030"/>
</kw>
<kw name="Sleep" library="BuiltIn">
<arg>1s</arg>
<doc>Pauses the test executed for the given time.</doc>
<status status="NOT RUN" starttime="20230701 02:03:30.030" endtime="20230701 02:03:30.030"/>
</kw>
<kw name="Wait Until Element Is Visible" library="SeleniumLibrary">
<arg>${selectshipment2}</arg>
<doc>Waits until the element ``locator`` is visible.</doc>
<status status="NOT RUN" starttime="20230701 02:03:30.030" endtime="20230701 02:03:30.030"/>
</kw>
<kw name="Click Element" library="SeleniumLibrary">
<arg>${selectshipment2}</arg>
<doc>Click the element identified by ``locator``.</doc>
<status status="NOT RUN" starttime="20230701 02:03:30.030" endtime="20230701 02:03:30.030"/>
</kw>
<kw name="Sleep" library="BuiltIn">
<arg>2s</arg>
<doc>Pauses the test executed for the given time.</doc>
<status status="NOT RUN" starttime="20230701 02:03:30.030" endtime="20230701 02:03:30.030"/>
</kw>
<kw name="Wait Until Element Is Visible" library="SeleniumLibrary">
<arg>${shipthaipost}</arg>
<doc>Waits until the element ``locator`` is visible.</doc>
<status status="NOT RUN" starttime="20230701 02:03:30.031" endtime="20230701 02:03:30.031"/>
</kw>
<kw name="Click Element" library="SeleniumLibrary">
<arg>${shipthaipost}</arg>
<doc>Click the element identified by ``locator``.</doc>
<status status="NOT RUN" starttime="20230701 02:03:30.031" endtime="20230701 02:03:30.031"/>
</kw>
<kw name="Sleep" library="BuiltIn">
<arg>5s</arg>
<doc>Pauses the test executed for the given time.</doc>
<status status="NOT RUN" starttime="20230701 02:03:30.031" endtime="20230701 02:03:30.031"/>
</kw>
<kw name="Wait Until Element Is Visible" library="SeleniumLibrary">
<arg>${confirmselectship}</arg>
<doc>Waits until the element ``locator`` is visible.</doc>
<status status="NOT RUN" starttime="20230701 02:03:30.031" endtime="20230701 02:03:30.031"/>
</kw>
<kw name="Click Element" library="SeleniumLibrary">
<arg>${confirmselectship}</arg>
<doc>Click the element identified by ``locator``.</doc>
<status status="NOT RUN" starttime="20230701 02:03:30.031" endtime="20230701 02:03:30.031"/>
</kw>
<kw name="Sleep" library="BuiltIn">
<arg>5s</arg>
<doc>Pauses the test executed for the given time.</doc>
<status status="NOT RUN" starttime="20230701 02:03:30.031" endtime="20230701 02:03:30.031"/>
</kw>
<kw name="Click Element" library="SeleniumLibrary">
<arg>${paymentship}</arg>
<doc>Click the element identified by ``locator``.</doc>
<status status="NOT RUN" starttime="20230701 02:03:30.031" endtime="20230701 02:03:30.031"/>
</kw>
<kw name="Sleep" library="BuiltIn">
<arg>10s</arg>
<doc>Pauses the test executed for the given time.</doc>
<status status="NOT RUN" starttime="20230701 02:03:30.031" endtime="20230701 02:03:30.031"/>
</kw>
<kw name="Wait Until Element Is Visible" library="SeleniumLibrary">
<arg>${confirmreadyship}</arg>
<doc>Waits until the element ``locator`` is visible.</doc>
<status status="NOT RUN" starttime="20230701 02:03:30.031" endtime="20230701 02:03:30.031"/>
</kw>
<kw name="Click Element" library="SeleniumLibrary">
<arg>${confirmreadyship}</arg>
<doc>Click the element identified by ``locator``.</doc>
<status status="NOT RUN" starttime="20230701 02:03:30.031" endtime="20230701 02:03:30.032"/>
</kw>
<kw name="Sleep" library="BuiltIn">
<arg>5s</arg>
<doc>Pauses the test executed for the given time.</doc>
<status status="NOT RUN" starttime="20230701 02:03:30.032" endtime="20230701 02:03:30.032"/>
</kw>
<status status="FAIL" starttime="20230701 02:03:23.857" endtime="20230701 02:03:30.032"/>
</kw>
<kw name="Packing" library="resource">
<status status="NOT RUN" starttime="20230701 02:03:30.032" endtime="20230701 02:03:30.032"/>
</kw>
<status status="FAIL" starttime="20230701 02:03:23.856" endtime="20230701 02:03:30.032">ElementClickInterceptedException: Message: element click intercepted: Element &lt;li data-v-7bb16432="" class="nav-item"&gt;...&lt;/li&gt; is not clickable at point (136, 265). Other element would receive the click: &lt;th class="vuetable-th-slot-image" style="width: 50px;"&gt;...&lt;/th&gt;
  (Session info: chrome=114.0.5735.106)
Stacktrace:
#0 0x56431956a4e3 &lt;unknown&gt;
#1 0x564319299c76 &lt;unknown&gt;
#2 0x5643192db9d4 &lt;unknown&gt;
#3 0x5643192d9cbd &lt;unknown&gt;
#4 0x5643192d7d2e &lt;unknown&gt;
#5 0x5643192d710f &lt;unknown&gt;
#6 0x5643192cc1da &lt;unknown&gt;
#7 0x5643192f5012 &lt;unknown&gt;
#8 0x5643192cbb03 &lt;unknown&gt;
#9 0x5643192f51de &lt;unknown&gt;
#10 0x56431930d30e &lt;unknown&gt;
#11 0x5643192f4de3 &lt;unknown&gt;
#12 0x5643192ca2dd &lt;unknown&gt;
#13 0x5643192cb34e &lt;unknown&gt;
#14 0x56431952a3e4 &lt;unknown&gt;
#15 0x56431952e3d7 &lt;unknown&gt;
#16 0x564319538b20 &lt;unknown&gt;
#17 0x56431952f023 &lt;unknown&gt;
#18 0x5643194fd1aa &lt;unknown&gt;
#19 0x5643195536b8 &lt;unknown&gt;
#20 0x564319553847 &lt;unknown&gt;
#21 0x564319563243 &lt;unknown&gt;
#22 0x7f8b4f090402 &lt;unknown&gt;
</status>
</test>
<test id="s1-t22" name="Open Upsale" line="402">
<kw name="Upsale" library="resource">
<kw name="Wait Until Element Is Visible" library="SeleniumLibrary">
<arg>${settingmenu}</arg>
<doc>Waits until the element ``locator`` is visible.</doc>
<status status="PASS" starttime="20230701 02:03:30.035" endtime="20230701 02:03:30.065"/>
</kw>
<kw name="Click Element" library="SeleniumLibrary">
<arg>${settingmenu}</arg>
<doc>Click the element identified by ``locator``.</doc>
<msg timestamp="20230701 02:03:30.066" level="INFO">Clicking element '//html/body/section/div[2]/div[2]/div[2]/div/ul/li[17]/a'.</msg>
<msg timestamp="20230701 02:03:31.266" level="INFO" html="true">&lt;/td&gt;&lt;/tr&gt;&lt;tr&gt;&lt;td colspan="3"&gt;&lt;a href="selenium-screenshot-52.png"&gt;&lt;img src="selenium-screenshot-52.png" width="800px"&gt;&lt;/a&gt;</msg>
<msg timestamp="20230701 02:03:31.266" level="FAIL">ElementClickInterceptedException: Message: element click intercepted: Element &lt;a data-v-7bb16432="" href="/app/settings" class="nav-link actives"&gt;...&lt;/a&gt; is not clickable at point (136, 760). Other element would receive the click: &lt;div class="modal-content" style=""&gt;...&lt;/div&gt;
  (Session info: chrome=114.0.5735.106)
Stacktrace:
#0 0x56431956a4e3 &lt;unknown&gt;
#1 0x564319299c76 &lt;unknown&gt;
#2 0x5643192db9d4 &lt;unknown&gt;
#3 0x5643192d9cbd &lt;unknown&gt;
#4 0x5643192d7d2e &lt;unknown&gt;
#5 0x5643192d710f &lt;unknown&gt;
#6 0x5643192cc1da &lt;unknown&gt;
#7 0x5643192f5012 &lt;unknown&gt;
#8 0x5643192cbb03 &lt;unknown&gt;
#9 0x5643192f51de &lt;unknown&gt;
#10 0x56431930d30e &lt;unknown&gt;
#11 0x5643192f4de3 &lt;unknown&gt;
#12 0x5643192ca2dd &lt;unknown&gt;
#13 0x5643192cb34e &lt;unknown&gt;
#14 0x56431952a3e4 &lt;unknown&gt;
#15 0x56431952e3d7 &lt;unknown&gt;
#16 0x564319538b20 &lt;unknown&gt;
#17 0x56431952f023 &lt;unknown&gt;
#18 0x5643194fd1aa &lt;unknown&gt;
#19 0x5643195536b8 &lt;unknown&gt;
#20 0x564319553847 &lt;unknown&gt;
#21 0x564319563243 &lt;unknown&gt;
#22 0x7f8b4f090402 &lt;unknown&gt;
</msg>
<status status="FAIL" starttime="20230701 02:03:30.066" endtime="20230701 02:03:31.267"/>
</kw>
<kw name="Sleep" library="BuiltIn">
<arg>3s</arg>
<doc>Pauses the test executed for the given time.</doc>
<status status="NOT RUN" starttime="20230701 02:03:31.267" endtime="20230701 02:03:31.267"/>
</kw>
<kw name="Click Element" library="SeleniumLibrary">
<arg>${openupsale1}</arg>
<doc>Click the element identified by ``locator``.</doc>
<status status="NOT RUN" starttime="20230701 02:03:31.267" endtime="20230701 02:03:31.267"/>
</kw>
<kw name="Sleep" library="BuiltIn">
<arg>2s</arg>
<doc>Pauses the test executed for the given time.</doc>
<status status="NOT RUN" starttime="20230701 02:03:31.267" endtime="20230701 02:03:31.267"/>
</kw>
<kw name="Wait Until Element Is Visible" library="SeleniumLibrary">
<arg>${openupsalebar}</arg>
<doc>Waits until the element ``locator`` is visible.</doc>
<status status="NOT RUN" starttime="20230701 02:03:31.267" endtime="20230701 02:03:31.267"/>
</kw>
<kw name="Click Element" library="SeleniumLibrary">
<arg>${openupsalebar}</arg>
<doc>Click the element identified by ``locator``.</doc>
<status status="NOT RUN" starttime="20230701 02:03:31.267" endtime="20230701 02:03:31.267"/>
</kw>
<kw name="Sleep" library="BuiltIn">
<arg>2s</arg>
<doc>Pauses the test executed for the given time.</doc>
<status status="NOT RUN" starttime="20230701 02:03:31.268" endtime="20230701 02:03:31.268"/>
</kw>
<kw name="Click Element" library="SeleniumLibrary">
<arg>${saveopenupsale}</arg>
<doc>Click the element identified by ``locator``.</doc>
<status status="NOT RUN" starttime="20230701 02:03:31.268" endtime="20230701 02:03:31.268"/>
</kw>
<kw name="Sleep" library="BuiltIn">
<arg>2s</arg>
<doc>Pauses the test executed for the given time.</doc>
<status status="NOT RUN" starttime="20230701 02:03:31.268" endtime="20230701 02:03:31.268"/>
</kw>
<status status="FAIL" starttime="20230701 02:03:30.035" endtime="20230701 02:03:31.268"/>
</kw>
<status status="FAIL" starttime="20230701 02:03:30.034" endtime="20230701 02:03:31.268">ElementClickInterceptedException: Message: element click intercepted: Element &lt;a data-v-7bb16432="" href="/app/settings" class="nav-link actives"&gt;...&lt;/a&gt; is not clickable at point (136, 760). Other element would receive the click: &lt;div class="modal-content" style=""&gt;...&lt;/div&gt;
  (Session info: chrome=114.0.5735.106)
Stacktrace:
#0 0x56431956a4e3 &lt;unknown&gt;
#1 0x564319299c76 &lt;unknown&gt;
#2 0x5643192db9d4 &lt;unknown&gt;
#3 0x5643192d9cbd &lt;unknown&gt;
#4 0x5643192d7d2e &lt;unknown&gt;
#5 0x5643192d710f &lt;unknown&gt;
#6 0x5643192cc1da &lt;unknown&gt;
#7 0x5643192f5012 &lt;unknown&gt;
#8 0x5643192cbb03 &lt;unknown&gt;
#9 0x5643192f51de &lt;unknown&gt;
#10 0x56431930d30e &lt;unknown&gt;
#11 0x5643192f4de3 &lt;unknown&gt;
#12 0x5643192ca2dd &lt;unknown&gt;
#13 0x5643192cb34e &lt;unknown&gt;
#14 0x56431952a3e4 &lt;unknown&gt;
#15 0x56431952e3d7 &lt;unknown&gt;
#16 0x564319538b20 &lt;unknown&gt;
#17 0x56431952f023 &lt;unknown&gt;
#18 0x5643194fd1aa &lt;unknown&gt;
#19 0x5643195536b8 &lt;unknown&gt;
#20 0x564319553847 &lt;unknown&gt;
#21 0x564319563243 &lt;unknown&gt;
#22 0x7f8b4f090402 &lt;unknown&gt;
</status>
</test>
<status status="FAIL" starttime="20230701 02:00:02.215" endtime="20230701 02:03:31.270"/>
</suite>
<statistics>
<total>
<stat pass="3" fail="19" skip="0">All Tests</stat>
</total>
<tag>
</tag>
<suite>
<stat pass="3" fail="19" skip="0" id="s1" name="Fullflow">Fullflow</stat>
</suite>
</statistics>
<errors>
<msg timestamp="20230701 02:03:23.856" level="WARN">Multiple tests with name 'Shipment2' executed in suite 'Fullflow'.</msg>
<msg timestamp="20230701 02:03:30.034" level="WARN">Multiple tests with name 'Open Upsale' executed in suite 'Fullflow'.</msg>
</errors>
</robot>
