<?xml version="1.0" encoding="UTF-8"?>
<robot generator="Robot 6.0.2 (Python 3.10.7 on linux)" generated="20230710 13:00:02.097" rpa="false" schemaversion="3">
<suite id="s1" name="Fullflow" source="/home/automatetest/Desktop/winwinwin/fullflow.robot">
<test id="s1-t1" name="Login Dev Env" line="309">
<kw name="Login">
<kw name="Open Browser" library="SeleniumLibrary">
<arg>${urlprod}</arg>
<arg>chrome</arg>
<doc>Opens a new browser instance to the optional ``url``.</doc>
<msg timestamp="20230710 13:00:02.602" level="INFO">Opening browser 'chrome' to base url 'https://gosaas.app/login'.</msg>
<status status="PASS" starttime="20230710 13:00:02.601" endtime="20230710 13:00:10.305"/>
</kw>
<kw name="Element Should Be Visible" library="SeleniumLibrary">
<arg>${email}</arg>
<doc>Verifies that the element identified by ``locator`` is visible.</doc>
<msg timestamp="20230710 13:00:10.385" level="INFO">Element '//*[@id="LoginForm"]/div[1]/input' is displayed.</msg>
<status status="PASS" starttime="20230710 13:00:10.305" endtime="20230710 13:00:10.386"/>
</kw>
<kw name="Input Text" library="SeleniumLibrary">
<arg>${email}</arg>
<arg>thanawin@atcreative.co.th</arg>
<doc>Types the given ``text`` into the text field identified by ``locator``.</doc>
<msg timestamp="20230710 13:00:10.387" level="INFO">Typing text 'thanawin@atcreative.co.th' into text field '//*[@id="LoginForm"]/div[1]/input'.</msg>
<status status="PASS" starttime="20230710 13:00:10.386" endtime="20230710 13:00:10.828"/>
</kw>
<kw name="Element Should Be Visible" library="SeleniumLibrary">
<arg>${password}</arg>
<doc>Verifies that the element identified by ``locator`` is visible.</doc>
<msg timestamp="20230710 13:00:10.927" level="INFO">Element '//*[@id="LoginForm"]/div[2]/input' is displayed.</msg>
<status status="PASS" starttime="20230710 13:00:10.828" endtime="20230710 13:00:10.927"/>
</kw>
<kw name="Input Text" library="SeleniumLibrary">
<arg>${password}</arg>
<arg>!@#Win123</arg>
<doc>Types the given ``text`` into the text field identified by ``locator``.</doc>
<msg timestamp="20230710 13:00:10.929" level="INFO">Typing text '!@#Win123' into text field '//*[@id="LoginForm"]/div[2]/input'.</msg>
<status status="PASS" starttime="20230710 13:00:10.928" endtime="20230710 13:00:11.186"/>
</kw>
<kw name="Element Should Be Visible" library="SeleniumLibrary">
<arg>${loginbutton}</arg>
<doc>Verifies that the element identified by ``locator`` is visible.</doc>
<msg timestamp="20230710 13:00:11.279" level="INFO">Element '//*[@id="LoginForm"]/div[4]/button' is displayed.</msg>
<status status="PASS" starttime="20230710 13:00:11.187" endtime="20230710 13:00:11.280"/>
</kw>
<kw name="Click Element" library="SeleniumLibrary">
<arg>${loginbutton}</arg>
<doc>Click the element identified by ``locator``.</doc>
<msg timestamp="20230710 13:00:11.281" level="INFO">Clicking element '//*[@id="LoginForm"]/div[4]/button'.</msg>
<status status="PASS" starttime="20230710 13:00:11.280" endtime="20230710 13:00:11.433"/>
</kw>
<kw name="Wait Until Element Is Visible" library="SeleniumLibrary">
<arg>${winwinwinshop}</arg>
<doc>Waits until the element ``locator`` is visible.</doc>
<status status="PASS" starttime="20230710 13:00:11.434" endtime="20230710 13:00:20.796"/>
</kw>
<status status="PASS" starttime="20230710 13:00:02.600" endtime="20230710 13:00:20.797"/>
</kw>
<status status="PASS" starttime="20230710 13:00:02.599" endtime="20230710 13:00:20.797"/>
</test>
<test id="s1-t2" name="Click shop" line="312">
<kw name="Click Shop">
<kw name="Sleep" library="BuiltIn">
<arg>4s</arg>
<doc>Pauses the test executed for the given time.</doc>
<msg timestamp="20230710 13:00:24.800" level="INFO">Slept 4 seconds</msg>
<status status="PASS" starttime="20230710 13:00:20.799" endtime="20230710 13:00:24.800"/>
</kw>
<kw name="Wait Until Element Is Visible" library="SeleniumLibrary">
<arg>${winwinwinshop}</arg>
<doc>Waits until the element ``locator`` is visible.</doc>
<status status="PASS" starttime="20230710 13:00:24.801" endtime="20230710 13:00:24.842"/>
</kw>
<kw name="Click Element" library="SeleniumLibrary">
<arg>${winwinwinshop}</arg>
<doc>Click the element identified by ``locator``.</doc>
<msg timestamp="20230710 13:00:24.843" level="INFO">Clicking element '//*[contains(text(), "automatetest")]'.</msg>
<status status="PASS" starttime="20230710 13:00:24.842" endtime="20230710 13:00:25.024"/>
</kw>
<kw name="Wait Until Element Is Visible" library="SeleniumLibrary">
<arg>${confirmbutton}</arg>
<doc>Waits until the element ``locator`` is visible.</doc>
<status status="PASS" starttime="20230710 13:00:25.024" endtime="20230710 13:00:26.431"/>
</kw>
<kw name="Click Element" library="SeleniumLibrary">
<arg>${confirmbutton}</arg>
<doc>Click the element identified by ``locator``.</doc>
<msg timestamp="20230710 13:00:26.432" level="INFO">Clicking element '//html/body/div[2]/div/div[6]/button[1]'.</msg>
<status status="PASS" starttime="20230710 13:00:26.431" endtime="20230710 13:00:26.531"/>
</kw>
<kw name="Sleep" library="BuiltIn">
<arg>10s</arg>
<doc>Pauses the test executed for the given time.</doc>
<msg timestamp="20230710 13:00:36.532" level="INFO">Slept 10 seconds</msg>
<status status="PASS" starttime="20230710 13:00:26.531" endtime="20230710 13:00:36.532"/>
</kw>
<kw name="Get Element Count" library="SeleniumLibrary">
<var>${p}</var>
<arg>${confirmpack}</arg>
<doc>Returns the number of elements matching ``locator``.</doc>
<msg timestamp="20230710 13:00:36.557" level="INFO">${p} = 0</msg>
<status status="PASS" starttime="20230710 13:00:36.532" endtime="20230710 13:00:36.557"/>
</kw>
<kw name="Run Keyword If" library="BuiltIn">
<arg>${p}&gt;0</arg>
<arg>Click pack</arg>
<doc>Runs the given keyword with the given arguments, if ``condition`` is true.</doc>
<status status="PASS" starttime="20230710 13:00:36.557" endtime="20230710 13:00:36.559"/>
</kw>
<kw name="Sleep" library="BuiltIn">
<arg>3s</arg>
<doc>Pauses the test executed for the given time.</doc>
<msg timestamp="20230710 13:00:39.560" level="INFO">Slept 3 seconds</msg>
<status status="PASS" starttime="20230710 13:00:36.559" endtime="20230710 13:00:39.560"/>
</kw>
<kw name="Get Element Count" library="SeleniumLibrary">
<var>${c}</var>
<arg>${announcementconfirm}</arg>
<doc>Returns the number of elements matching ``locator``.</doc>
<msg timestamp="20230710 13:00:44.171" level="INFO">${c} = 1</msg>
<status status="PASS" starttime="20230710 13:00:39.560" endtime="20230710 13:00:44.171"/>
</kw>
<kw name="Run Keyword If" library="BuiltIn">
<arg>${c}&gt;0</arg>
<arg>Click announcement</arg>
<doc>Runs the given keyword with the given arguments, if ``condition`` is true.</doc>
<kw name="Click announcement" library="resource">
<kw name="Click Element" library="SeleniumLibrary">
<arg>${announcementconfirm}</arg>
<doc>Click the element identified by ``locator``.</doc>
<msg timestamp="20230710 13:00:44.173" level="INFO">Clicking element '//*[@id="announcement"]/div/div/div[1]/button'.</msg>
<status status="PASS" starttime="20230710 13:00:44.172" endtime="20230710 13:00:44.297"/>
</kw>
<status status="PASS" starttime="20230710 13:00:44.172" endtime="20230710 13:00:44.297"/>
</kw>
<status status="PASS" starttime="20230710 13:00:44.171" endtime="20230710 13:00:44.297"/>
</kw>
<status status="PASS" starttime="20230710 13:00:20.799" endtime="20230710 13:00:44.297"/>
</kw>
<status status="PASS" starttime="20230710 13:00:20.797" endtime="20230710 13:00:44.297"/>
</test>
<test id="s1-t3" name="Click Order Menu" line="315">
<kw name="Click Order Menu">
<kw name="Wait Until Element Is Visible" library="SeleniumLibrary">
<arg>${ordermenu}</arg>
<doc>Waits until the element ``locator`` is visible.</doc>
<status status="PASS" starttime="20230710 13:00:44.300" endtime="20230710 13:00:44.349"/>
</kw>
<kw name="Click Element" library="SeleniumLibrary">
<arg>${ordermenu}</arg>
<doc>Click the element identified by ``locator``.</doc>
<msg timestamp="20230710 13:00:44.351" level="INFO">Clicking element '//html/body/section/div[2]/div[2]/div[2]/div/ul/li[3]/a'.</msg>
<status status="PASS" starttime="20230710 13:00:44.349" endtime="20230710 13:00:44.665"/>
</kw>
<kw name="Wait Until Element Is Visible" library="SeleniumLibrary">
<arg>${createorder}</arg>
<doc>Waits until the element ``locator`` is visible.</doc>
<status status="PASS" starttime="20230710 13:00:44.665" endtime="20230710 13:00:47.447"/>
</kw>
<kw name="Click Element" library="SeleniumLibrary">
<arg>${createorder}</arg>
<doc>Click the element identified by ``locator``.</doc>
<msg timestamp="20230710 13:00:47.449" level="INFO">Clicking element '//html/body/section/div[2]/div[4]/div[4]/div/div[2]/div/div[1]/div[2]/div/div/div[1]/div[1]/button'.</msg>
<status status="PASS" starttime="20230710 13:00:47.447" endtime="20230710 13:00:47.725"/>
</kw>
<kw name="Sleep" library="BuiltIn">
<arg>4s</arg>
<doc>Pauses the test executed for the given time.</doc>
<msg timestamp="20230710 13:00:51.726" level="INFO">Slept 4 seconds</msg>
<status status="PASS" starttime="20230710 13:00:47.725" endtime="20230710 13:00:51.726"/>
</kw>
<status status="PASS" starttime="20230710 13:00:44.299" endtime="20230710 13:00:51.726"/>
</kw>
<status status="PASS" starttime="20230710 13:00:44.298" endtime="20230710 13:00:51.727"/>
</test>
<test id="s1-t4" name="Add Order 1" line="318">
<kw name="Add Order 1">
<kw name="Evaluate" library="BuiltIn">
<var>${value}</var>
<arg>random.choice($random)</arg>
<arg>random</arg>
<doc>Evaluates the given expression in Python and returns the result.</doc>
<msg timestamp="20230710 13:00:51.732" level="INFO">${value} = //*[@id="order_form_modal"]/div/div[3]/form/div[2]/div[1]/div[2]/div/div/div[2]/div/div/div/div/div[6]/label/div</msg>
<status status="PASS" starttime="20230710 13:00:51.728" endtime="20230710 13:00:51.732"/>
</kw>
<kw name="Wait Until Element Is Visible" library="SeleniumLibrary">
<arg>${fromfacebook}</arg>
<doc>Waits until the element ``locator`` is visible.</doc>
<status status="PASS" starttime="20230710 13:00:51.732" endtime="20230710 13:00:51.768"/>
</kw>
<kw name="Click Element" library="SeleniumLibrary">
<arg>${value}</arg>
<doc>Click the element identified by ``locator``.</doc>
<msg timestamp="20230710 13:00:51.770" level="INFO">Clicking element '//*[@id="order_form_modal"]/div/div[3]/form/div[2]/div[1]/div[2]/div/div/div[2]/div/div/div/div/div[6]/label/div'.</msg>
<status status="PASS" starttime="20230710 13:00:51.769" endtime="20230710 13:00:51.871"/>
</kw>
<kw name="Sleep" library="BuiltIn">
<arg>4s</arg>
<doc>Pauses the test executed for the given time.</doc>
<msg timestamp="20230710 13:00:55.871" level="INFO">Slept 4 seconds</msg>
<status status="PASS" starttime="20230710 13:00:51.871" endtime="20230710 13:00:55.872"/>
</kw>
<kw name="Wait Until Element Is Visible" library="SeleniumLibrary">
<arg>${userbox}</arg>
<doc>Waits until the element ``locator`` is visible.</doc>
<status status="PASS" starttime="20230710 13:00:55.872" endtime="20230710 13:00:55.914"/>
</kw>
<kw name="Click Element" library="SeleniumLibrary">
<arg>${userbox}</arg>
<doc>Click the element identified by ``locator``.</doc>
<msg timestamp="20230710 13:00:55.916" level="INFO">Clicking element '//*[@id="customer-search"]/div/span/span[1]/span/ul/li/input'.</msg>
<status status="PASS" starttime="20230710 13:00:55.915" endtime="20230710 13:00:56.031"/>
</kw>
<kw name="Sleep" library="BuiltIn">
<arg>4s</arg>
<doc>Pauses the test executed for the given time.</doc>
<msg timestamp="20230710 13:01:00.032" level="INFO">Slept 4 seconds</msg>
<status status="PASS" starttime="20230710 13:00:56.031" endtime="20230710 13:01:00.032"/>
</kw>
<kw name="Click Element" library="SeleniumLibrary">
<arg>${firstuser}</arg>
<doc>Click the element identified by ``locator``.</doc>
<msg timestamp="20230710 13:01:00.033" level="INFO">Clicking element '//*[@id="select2--results"]/li[1]/div'.</msg>
<status status="PASS" starttime="20230710 13:01:00.032" endtime="20230710 13:01:00.255"/>
</kw>
<kw name="Press Keys" library="SeleniumLibrary">
<arg>xpath=//body</arg>
<arg>\ue00f</arg>
<doc>Simulates the user pressing key(s) to an element or on the active browser.</doc>
<msg timestamp="20230710 13:01:00.256" level="INFO">Sending key(s) ('\ue00f',) to xpath=//body element.</msg>
<msg timestamp="20230710 13:01:00.598" level="INFO">Sending key </msg>
<status status="PASS" starttime="20230710 13:01:00.255" endtime="20230710 13:01:00.613"/>
</kw>
<kw name="Sleep" library="BuiltIn">
<arg>4s</arg>
<doc>Pauses the test executed for the given time.</doc>
<msg timestamp="20230710 13:01:04.613" level="INFO">Slept 4 seconds</msg>
<status status="PASS" starttime="20230710 13:01:00.613" endtime="20230710 13:01:04.614"/>
</kw>
<kw name="Click Element" library="SeleniumLibrary">
<arg>${selectproduct}</arg>
<doc>Click the element identified by ``locator``.</doc>
<msg timestamp="20230710 13:01:04.615" level="INFO">Clicking element '//*[@id="tb-product"]/tr/td/div/div[2]/button'.</msg>
<status status="PASS" starttime="20230710 13:01:04.614" endtime="20230710 13:01:04.774"/>
</kw>
<kw name="Sleep" library="BuiltIn">
<arg>3s</arg>
<doc>Pauses the test executed for the given time.</doc>
<msg timestamp="20230710 13:01:07.775" level="INFO">Slept 3 seconds</msg>
<status status="PASS" starttime="20230710 13:01:04.774" endtime="20230710 13:01:07.775"/>
</kw>
<kw name="Click Element" library="SeleniumLibrary">
<arg>${basicproduct}</arg>
<doc>Click the element identified by ``locator``.</doc>
<msg timestamp="20230710 13:01:07.776" level="INFO">Clicking element '//*[@id="product_promotion"]/div[2]/div[2]/div/div/div[1]/div/ul/li[2]/a'.</msg>
<status status="PASS" starttime="20230710 13:01:07.775" endtime="20230710 13:01:07.899"/>
</kw>
<kw name="Sleep" library="BuiltIn">
<arg>3s</arg>
<doc>Pauses the test executed for the given time.</doc>
<msg timestamp="20230710 13:01:10.901" level="INFO">Slept 3 seconds</msg>
<status status="PASS" starttime="20230710 13:01:07.900" endtime="20230710 13:01:10.901"/>
</kw>
<kw name="Click Element" library="SeleniumLibrary">
<arg>${firstproduct}</arg>
<doc>Click the element identified by ``locator``.</doc>
<msg timestamp="20230710 13:01:10.902" level="INFO">Clicking element '//*[@id="table_product_promotion"]/div/div/div/table/tbody/tr/td[1]/input'.</msg>
<status status="PASS" starttime="20230710 13:01:10.901" endtime="20230710 13:01:11.029"/>
</kw>
<kw name="Sleep" library="BuiltIn">
<arg>3s</arg>
<doc>Pauses the test executed for the given time.</doc>
<msg timestamp="20230710 13:01:14.030" level="INFO">Slept 3 seconds</msg>
<status status="PASS" starttime="20230710 13:01:11.030" endtime="20230710 13:01:14.031"/>
</kw>
<kw name="Click Element" library="SeleniumLibrary">
<arg>${confirmselectproduct}</arg>
<doc>Click the element identified by ``locator``.</doc>
<msg timestamp="20230710 13:01:14.032" level="INFO">Clicking element '//*[@id="product_promotion"]/div[3]/div/button[1]'.</msg>
<status status="PASS" starttime="20230710 13:01:14.031" endtime="20230710 13:01:14.226"/>
</kw>
<kw name="Press Keys" library="SeleniumLibrary">
<arg>xpath=//body</arg>
<arg>\ue00e</arg>
<doc>Simulates the user pressing key(s) to an element or on the active browser.</doc>
<msg timestamp="20230710 13:01:14.228" level="INFO">Sending key(s) ('\ue00e',) to xpath=//body element.</msg>
<msg timestamp="20230710 13:01:14.576" level="INFO">Sending key </msg>
<status status="PASS" starttime="20230710 13:01:14.227" endtime="20230710 13:01:14.589"/>
</kw>
<kw name="Sleep" library="BuiltIn">
<arg>4s</arg>
<doc>Pauses the test executed for the given time.</doc>
<msg timestamp="20230710 13:01:18.590" level="INFO">Slept 4 seconds</msg>
<status status="PASS" starttime="20230710 13:01:14.590" endtime="20230710 13:01:18.591"/>
</kw>
<kw name="Click Element" library="SeleniumLibrary">
<arg>${addpayment}</arg>
<doc>Click the element identified by ``locator``.</doc>
<msg timestamp="20230710 13:01:18.592" level="INFO">Clicking element '//*[@id="is_payment_status"]/div'.</msg>
<status status="PASS" starttime="20230710 13:01:18.591" endtime="20230710 13:01:18.766"/>
</kw>
<kw name="Sleep" library="BuiltIn">
<arg>4s</arg>
<doc>Pauses the test executed for the given time.</doc>
<msg timestamp="20230710 13:01:22.768" level="INFO">Slept 4 seconds</msg>
<status status="PASS" starttime="20230710 13:01:18.767" endtime="20230710 13:01:22.768"/>
</kw>
<kw name="Wait Until Page Contains Element" library="SeleniumLibrary">
<arg>${uploadfield}</arg>
<doc>Waits until the element ``locator`` appears on the current page.</doc>
<status status="PASS" starttime="20230710 13:01:22.768" endtime="20230710 13:01:22.792"/>
</kw>
<kw name="Sleep" library="BuiltIn">
<arg>4s</arg>
<doc>Pauses the test executed for the given time.</doc>
<msg timestamp="20230710 13:01:26.793" level="INFO">Slept 4 seconds</msg>
<status status="PASS" starttime="20230710 13:01:22.792" endtime="20230710 13:01:26.793"/>
</kw>
<kw name="Choose File" library="SeleniumLibrary">
<arg>${uploadfield}</arg>
<arg>${testpic2}</arg>
<doc>Inputs the ``file_path`` into the file input field ``locator``.</doc>
<msg timestamp="20230710 13:01:26.794" level="INFO">Sending /var/lib/jenkins/workspace/robot/slip.jpg to browser.</msg>
<status status="PASS" starttime="20230710 13:01:26.793" endtime="20230710 13:01:26.929"/>
</kw>
<kw name="Press Keys" library="SeleniumLibrary">
<arg>xpath=//body</arg>
<arg>\ue00f</arg>
<doc>Simulates the user pressing key(s) to an element or on the active browser.</doc>
<msg timestamp="20230710 13:01:26.931" level="INFO">Sending key(s) ('\ue00f',) to xpath=//body element.</msg>
<msg timestamp="20230710 13:01:27.256" level="INFO">Sending key </msg>
<status status="PASS" starttime="20230710 13:01:26.929" endtime="20230710 13:01:27.269"/>
</kw>
<kw name="Sleep" library="BuiltIn">
<arg>3s</arg>
<doc>Pauses the test executed for the given time.</doc>
<msg timestamp="20230710 13:01:30.270" level="INFO">Slept 3 seconds</msg>
<status status="PASS" starttime="20230710 13:01:27.269" endtime="20230710 13:01:30.270"/>
</kw>
<kw name="Click Element" library="SeleniumLibrary">
<arg>${paymentcompleted}</arg>
<doc>Click the element identified by ``locator``.</doc>
<msg timestamp="20230710 13:01:30.272" level="INFO">Clicking element '//*[@id="payment-component"]/div[4]/div/div[5]/div/div'.</msg>
<status status="PASS" starttime="20230710 13:01:30.271" endtime="20230710 13:01:30.381"/>
</kw>
<kw name="Sleep" library="BuiltIn">
<arg>2s</arg>
<doc>Pauses the test executed for the given time.</doc>
<msg timestamp="20230710 13:01:32.382" level="INFO">Slept 2 seconds</msg>
<status status="PASS" starttime="20230710 13:01:30.381" endtime="20230710 13:01:32.382"/>
</kw>
<kw name="Wait Until Element Is Visible" library="SeleniumLibrary">
<arg>${confirmandreorder}</arg>
<doc>Waits until the element ``locator`` is visible.</doc>
<status status="PASS" starttime="20230710 13:01:32.382" endtime="20230710 13:01:32.424"/>
</kw>
<kw name="Click Element" library="SeleniumLibrary">
<arg>${confirmandreorder}</arg>
<doc>Click the element identified by ``locator``.</doc>
<msg timestamp="20230710 13:01:32.425" level="INFO">Clicking element '//*[@id="order_form_modal"]/div/div[3]/form/div[2]/div[1]/div[6]/button[2]'.</msg>
<status status="PASS" starttime="20230710 13:01:32.424" endtime="20230710 13:01:32.574"/>
</kw>
<kw name="Sleep" library="BuiltIn">
<arg>4s</arg>
<doc>Pauses the test executed for the given time.</doc>
<msg timestamp="20230710 13:01:36.575" level="INFO">Slept 4 seconds</msg>
<status status="PASS" starttime="20230710 13:01:32.574" endtime="20230710 13:01:36.576"/>
</kw>
<status status="PASS" starttime="20230710 13:00:51.728" endtime="20230710 13:01:36.576"/>
</kw>
<status status="PASS" starttime="20230710 13:00:51.727" endtime="20230710 13:01:36.576"/>
</test>
<test id="s1-t5" name="Add Order 2" line="321">
<kw name="Add Order 2">
<kw name="Sleep" library="BuiltIn">
<arg>4s</arg>
<doc>Pauses the test executed for the given time.</doc>
<msg timestamp="20230710 13:01:40.578" level="INFO">Slept 4 seconds</msg>
<status status="PASS" starttime="20230710 13:01:36.577" endtime="20230710 13:01:40.578"/>
</kw>
<kw name="Evaluate" library="BuiltIn">
<var>${value}</var>
<arg>random.choice($random)</arg>
<arg>random</arg>
<doc>Evaluates the given expression in Python and returns the result.</doc>
<msg timestamp="20230710 13:01:40.579" level="INFO">${value} = //*[@id="order_form_modal"]/div/div[3]/form/div[2]/div[1]/div[2]/div/div/div[2]/div/div/div/div/div[7]/label/div</msg>
<status status="PASS" starttime="20230710 13:01:40.578" endtime="20230710 13:01:40.579"/>
</kw>
<kw name="Wait Until Element Is Visible" library="SeleniumLibrary">
<arg>${fromfacebook}</arg>
<doc>Waits until the element ``locator`` is visible.</doc>
<status status="PASS" starttime="20230710 13:01:40.579" endtime="20230710 13:01:40.615"/>
</kw>
<kw name="Click Element" library="SeleniumLibrary">
<arg>${value}</arg>
<doc>Click the element identified by ``locator``.</doc>
<msg timestamp="20230710 13:01:40.616" level="INFO">Clicking element '//*[@id="order_form_modal"]/div/div[3]/form/div[2]/div[1]/div[2]/div/div/div[2]/div/div/div/div/div[7]/label/div'.</msg>
<status status="PASS" starttime="20230710 13:01:40.616" endtime="20230710 13:01:40.751"/>
</kw>
<kw name="Sleep" library="BuiltIn">
<arg>4s</arg>
<doc>Pauses the test executed for the given time.</doc>
<msg timestamp="20230710 13:01:44.752" level="INFO">Slept 4 seconds</msg>
<status status="PASS" starttime="20230710 13:01:40.752" endtime="20230710 13:01:44.752"/>
</kw>
<kw name="Wait Until Element Is Visible" library="SeleniumLibrary">
<arg>${userbox}</arg>
<doc>Waits until the element ``locator`` is visible.</doc>
<status status="PASS" starttime="20230710 13:01:44.753" endtime="20230710 13:01:44.787"/>
</kw>
<kw name="Click Element" library="SeleniumLibrary">
<arg>${userbox}</arg>
<doc>Click the element identified by ``locator``.</doc>
<msg timestamp="20230710 13:01:44.788" level="INFO">Clicking element '//*[@id="customer-search"]/div/span/span[1]/span/ul/li/input'.</msg>
<status status="PASS" starttime="20230710 13:01:44.787" endtime="20230710 13:01:44.896"/>
</kw>
<kw name="Sleep" library="BuiltIn">
<arg>4s</arg>
<doc>Pauses the test executed for the given time.</doc>
<msg timestamp="20230710 13:01:48.897" level="INFO">Slept 4 seconds</msg>
<status status="PASS" starttime="20230710 13:01:44.896" endtime="20230710 13:01:48.897"/>
</kw>
<kw name="Wait Until Element Is Visible" library="SeleniumLibrary">
<arg>${firstuser}</arg>
<doc>Waits until the element ``locator`` is visible.</doc>
<status status="PASS" starttime="20230710 13:01:48.898" endtime="20230710 13:01:48.931"/>
</kw>
<kw name="Click Element" library="SeleniumLibrary">
<arg>${firstuser}</arg>
<doc>Click the element identified by ``locator``.</doc>
<msg timestamp="20230710 13:01:48.932" level="INFO">Clicking element '//*[@id="select2--results"]/li[1]/div'.</msg>
<status status="PASS" starttime="20230710 13:01:48.931" endtime="20230710 13:01:49.080"/>
</kw>
<kw name="Press Keys" library="SeleniumLibrary">
<arg>xpath=//body</arg>
<arg>\ue00f</arg>
<doc>Simulates the user pressing key(s) to an element or on the active browser.</doc>
<msg timestamp="20230710 13:01:49.081" level="INFO">Sending key(s) ('\ue00f',) to xpath=//body element.</msg>
<msg timestamp="20230710 13:01:49.385" level="INFO">Sending key </msg>
<status status="PASS" starttime="20230710 13:01:49.081" endtime="20230710 13:01:49.394"/>
</kw>
<kw name="Sleep" library="BuiltIn">
<arg>3s</arg>
<doc>Pauses the test executed for the given time.</doc>
<msg timestamp="20230710 13:01:52.395" level="INFO">Slept 3 seconds</msg>
<status status="PASS" starttime="20230710 13:01:49.394" endtime="20230710 13:01:52.395"/>
</kw>
<kw name="Wait Until Element Is Visible" library="SeleniumLibrary">
<arg>${searchproduct}</arg>
<doc>Waits until the element ``locator`` is visible.</doc>
<status status="PASS" starttime="20230710 13:01:52.395" endtime="20230710 13:01:52.437"/>
</kw>
<kw name="Click Element" library="SeleniumLibrary">
<arg>${searchproduct}</arg>
<doc>Click the element identified by ``locator``.</doc>
<msg timestamp="20230710 13:01:52.438" level="INFO">Clicking element '//*[@id="product-search"]/div/span/span[1]/span/ul/li'.</msg>
<status status="PASS" starttime="20230710 13:01:52.437" endtime="20230710 13:01:52.548"/>
</kw>
<kw name="Sleep" library="BuiltIn">
<arg>3s</arg>
<doc>Pauses the test executed for the given time.</doc>
<msg timestamp="20230710 13:01:55.549" level="INFO">Slept 3 seconds</msg>
<status status="PASS" starttime="20230710 13:01:52.548" endtime="20230710 13:01:55.549"/>
</kw>
<kw name="Wait Until Element Is Visible" library="SeleniumLibrary">
<arg>${searchresult1}</arg>
<doc>Waits until the element ``locator`` is visible.</doc>
<status status="PASS" starttime="20230710 13:01:55.549" endtime="20230710 13:01:55.581"/>
</kw>
<kw name="Click Element" library="SeleniumLibrary">
<arg>${searchresult1}</arg>
<doc>Click the element identified by ``locator``.</doc>
<msg timestamp="20230710 13:01:55.581" level="INFO">Clicking element '//*[@id="select2--results"]/li'.</msg>
<status status="PASS" starttime="20230710 13:01:55.581" endtime="20230710 13:01:55.716"/>
</kw>
<kw name="Sleep" library="BuiltIn">
<arg>4s</arg>
<doc>Pauses the test executed for the given time.</doc>
<msg timestamp="20230710 13:01:59.717" level="INFO">Slept 4 seconds</msg>
<status status="PASS" starttime="20230710 13:01:55.716" endtime="20230710 13:01:59.717"/>
</kw>
<kw name="Wait Until Element Is Visible" library="SeleniumLibrary">
<arg>${confirmandreorder}</arg>
<doc>Waits until the element ``locator`` is visible.</doc>
<status status="PASS" starttime="20230710 13:01:59.717" endtime="20230710 13:01:59.745"/>
</kw>
<kw name="Click Element" library="SeleniumLibrary">
<arg>${confirmandreorder}</arg>
<doc>Click the element identified by ``locator``.</doc>
<msg timestamp="20230710 13:01:59.746" level="INFO">Clicking element '//*[@id="order_form_modal"]/div/div[3]/form/div[2]/div[1]/div[6]/button[2]'.</msg>
<status status="PASS" starttime="20230710 13:01:59.745" endtime="20230710 13:01:59.865"/>
</kw>
<kw name="Sleep" library="BuiltIn">
<arg>4s</arg>
<doc>Pauses the test executed for the given time.</doc>
<msg timestamp="20230710 13:02:03.865" level="INFO">Slept 4 seconds</msg>
<status status="PASS" starttime="20230710 13:01:59.865" endtime="20230710 13:02:03.866"/>
</kw>
<status status="PASS" starttime="20230710 13:01:36.577" endtime="20230710 13:02:03.866"/>
</kw>
<status status="PASS" starttime="20230710 13:01:36.577" endtime="20230710 13:02:03.866"/>
</test>
<test id="s1-t6" name="Add Order 3" line="324">
<kw name="Add Order 3">
<kw name="Sleep" library="BuiltIn">
<arg>4s</arg>
<doc>Pauses the test executed for the given time.</doc>
<msg timestamp="20230710 13:02:07.868" level="INFO">Slept 4 seconds</msg>
<status status="PASS" starttime="20230710 13:02:03.868" endtime="20230710 13:02:07.869"/>
</kw>
<kw name="Evaluate" library="BuiltIn">
<var>${value}</var>
<arg>random.choice($random)</arg>
<arg>random</arg>
<doc>Evaluates the given expression in Python and returns the result.</doc>
<msg timestamp="20230710 13:02:07.869" level="INFO">${value} = //*[@id="order_form_modal"]/div/div[3]/form/div[2]/div[1]/div[2]/div/div/div[2]/div/div/div/div/div[4]/label/div</msg>
<status status="PASS" starttime="20230710 13:02:07.869" endtime="20230710 13:02:07.870"/>
</kw>
<kw name="Wait Until Element Is Visible" library="SeleniumLibrary">
<arg>${fromfacebook}</arg>
<doc>Waits until the element ``locator`` is visible.</doc>
<status status="PASS" starttime="20230710 13:02:07.870" endtime="20230710 13:02:07.901"/>
</kw>
<kw name="Click Element" library="SeleniumLibrary">
<arg>${value}</arg>
<doc>Click the element identified by ``locator``.</doc>
<msg timestamp="20230710 13:02:07.902" level="INFO">Clicking element '//*[@id="order_form_modal"]/div/div[3]/form/div[2]/div[1]/div[2]/div/div/div[2]/div/div/div/div/div[4]/label/div'.</msg>
<status status="PASS" starttime="20230710 13:02:07.901" endtime="20230710 13:02:07.988"/>
</kw>
<kw name="Sleep" library="BuiltIn">
<arg>4s</arg>
<doc>Pauses the test executed for the given time.</doc>
<msg timestamp="20230710 13:02:11.989" level="INFO">Slept 4 seconds</msg>
<status status="PASS" starttime="20230710 13:02:07.989" endtime="20230710 13:02:11.990"/>
</kw>
<kw name="Wait Until Element Is Visible" library="SeleniumLibrary">
<arg>${userbox}</arg>
<doc>Waits until the element ``locator`` is visible.</doc>
<status status="PASS" starttime="20230710 13:02:11.990" endtime="20230710 13:02:12.026"/>
</kw>
<kw name="Click Element" library="SeleniumLibrary">
<arg>${userbox}</arg>
<doc>Click the element identified by ``locator``.</doc>
<msg timestamp="20230710 13:02:12.027" level="INFO">Clicking element '//*[@id="customer-search"]/div/span/span[1]/span/ul/li/input'.</msg>
<status status="PASS" starttime="20230710 13:02:12.026" endtime="20230710 13:02:12.132"/>
</kw>
<kw name="Sleep" library="BuiltIn">
<arg>4s</arg>
<doc>Pauses the test executed for the given time.</doc>
<msg timestamp="20230710 13:02:16.133" level="INFO">Slept 4 seconds</msg>
<status status="PASS" starttime="20230710 13:02:12.132" endtime="20230710 13:02:16.133"/>
</kw>
<kw name="Wait Until Element Is Visible" library="SeleniumLibrary">
<arg>${firstuser}</arg>
<doc>Waits until the element ``locator`` is visible.</doc>
<status status="PASS" starttime="20230710 13:02:16.133" endtime="20230710 13:02:16.171"/>
</kw>
<kw name="Click Element" library="SeleniumLibrary">
<arg>${firstuser}</arg>
<doc>Click the element identified by ``locator``.</doc>
<msg timestamp="20230710 13:02:16.172" level="INFO">Clicking element '//*[@id="select2--results"]/li[1]/div'.</msg>
<status status="PASS" starttime="20230710 13:02:16.171" endtime="20230710 13:02:16.277"/>
</kw>
<kw name="Sleep" library="BuiltIn">
<arg>3s</arg>
<doc>Pauses the test executed for the given time.</doc>
<msg timestamp="20230710 13:02:19.277" level="INFO">Slept 3 seconds</msg>
<status status="PASS" starttime="20230710 13:02:16.277" endtime="20230710 13:02:19.278"/>
</kw>
<kw name="Wait Until Element Is Visible" library="SeleniumLibrary">
<arg>${cod}</arg>
<doc>Waits until the element ``locator`` is visible.</doc>
<status status="PASS" starttime="20230710 13:02:19.278" endtime="20230710 13:02:19.321"/>
</kw>
<kw name="Click Element" library="SeleniumLibrary">
<arg>${cod}</arg>
<doc>Click the element identified by ``locator``.</doc>
<msg timestamp="20230710 13:02:19.322" level="INFO">Clicking element '//*[@id="payment-component"]/div[1]/div/div/div[2]/button'.</msg>
<status status="PASS" starttime="20230710 13:02:19.321" endtime="20230710 13:02:19.428"/>
</kw>
<kw name="Sleep" library="BuiltIn">
<arg>3s</arg>
<doc>Pauses the test executed for the given time.</doc>
<msg timestamp="20230710 13:02:22.429" level="INFO">Slept 3 seconds</msg>
<status status="PASS" starttime="20230710 13:02:19.428" endtime="20230710 13:02:22.429"/>
</kw>
<kw name="Wait Until Element Is Visible" library="SeleniumLibrary">
<arg>${checkboxcod}</arg>
<doc>Waits until the element ``locator`` is visible.</doc>
<status status="PASS" starttime="20230710 13:02:22.430" endtime="20230710 13:02:22.465"/>
</kw>
<kw name="Click Element" library="SeleniumLibrary">
<arg>${checkboxcod}</arg>
<doc>Click the element identified by ``locator``.</doc>
<msg timestamp="20230710 13:02:22.467" level="INFO">Clicking element '//*[@id="payment-component"]/div[2]/div/div'.</msg>
<status status="PASS" starttime="20230710 13:02:22.466" endtime="20230710 13:02:22.556"/>
</kw>
<kw name="Press Keys" library="SeleniumLibrary">
<arg>xpath=//body</arg>
<arg>\ue00f</arg>
<doc>Simulates the user pressing key(s) to an element or on the active browser.</doc>
<msg timestamp="20230710 13:02:22.557" level="INFO">Sending key(s) ('\ue00f',) to xpath=//body element.</msg>
<msg timestamp="20230710 13:02:22.851" level="INFO">Sending key </msg>
<status status="PASS" starttime="20230710 13:02:22.556" endtime="20230710 13:02:22.860"/>
</kw>
<kw name="Sleep" library="BuiltIn">
<arg>3s</arg>
<doc>Pauses the test executed for the given time.</doc>
<msg timestamp="20230710 13:02:25.861" level="INFO">Slept 3 seconds</msg>
<status status="PASS" starttime="20230710 13:02:22.860" endtime="20230710 13:02:25.861"/>
</kw>
<kw name="Click Element" library="SeleniumLibrary">
<arg>${selectproduct}</arg>
<doc>Click the element identified by ``locator``.</doc>
<msg timestamp="20230710 13:02:25.862" level="INFO">Clicking element '//*[@id="tb-product"]/tr/td/div/div[2]/button'.</msg>
<status status="PASS" starttime="20230710 13:02:25.861" endtime="20230710 13:02:25.971"/>
</kw>
<kw name="Sleep" library="BuiltIn">
<arg>3s</arg>
<doc>Pauses the test executed for the given time.</doc>
<msg timestamp="20230710 13:02:28.973" level="INFO">Slept 3 seconds</msg>
<status status="PASS" starttime="20230710 13:02:25.972" endtime="20230710 13:02:28.973"/>
</kw>
<kw name="Click Element" library="SeleniumLibrary">
<arg>${basicproduct}</arg>
<doc>Click the element identified by ``locator``.</doc>
<msg timestamp="20230710 13:02:28.974" level="INFO">Clicking element '//*[@id="product_promotion"]/div[2]/div[2]/div/div/div[1]/div/ul/li[2]/a'.</msg>
<status status="PASS" starttime="20230710 13:02:28.973" endtime="20230710 13:02:29.074"/>
</kw>
<kw name="Sleep" library="BuiltIn">
<arg>3s</arg>
<doc>Pauses the test executed for the given time.</doc>
<msg timestamp="20230710 13:02:32.074" level="INFO">Slept 3 seconds</msg>
<status status="PASS" starttime="20230710 13:02:29.074" endtime="20230710 13:02:32.075"/>
</kw>
<kw name="Click Element" library="SeleniumLibrary">
<arg>${firstproduct}</arg>
<doc>Click the element identified by ``locator``.</doc>
<msg timestamp="20230710 13:02:32.076" level="INFO">Clicking element '//*[@id="table_product_promotion"]/div/div/div/table/tbody/tr/td[1]/input'.</msg>
<status status="PASS" starttime="20230710 13:02:32.075" endtime="20230710 13:02:32.157"/>
</kw>
<kw name="Sleep" library="BuiltIn">
<arg>3s</arg>
<doc>Pauses the test executed for the given time.</doc>
<msg timestamp="20230710 13:02:35.158" level="INFO">Slept 3 seconds</msg>
<status status="PASS" starttime="20230710 13:02:32.157" endtime="20230710 13:02:35.158"/>
</kw>
<kw name="Click Element" library="SeleniumLibrary">
<arg>${confirmselectproduct}</arg>
<doc>Click the element identified by ``locator``.</doc>
<msg timestamp="20230710 13:02:35.159" level="INFO">Clicking element '//*[@id="product_promotion"]/div[3]/div/button[1]'.</msg>
<status status="PASS" starttime="20230710 13:02:35.158" endtime="20230710 13:02:35.287"/>
</kw>
<kw name="Press Keys" library="SeleniumLibrary">
<arg>xpath=//body</arg>
<arg>\ue00e</arg>
<doc>Simulates the user pressing key(s) to an element or on the active browser.</doc>
<msg timestamp="20230710 13:02:35.288" level="INFO">Sending key(s) ('\ue00e',) to xpath=//body element.</msg>
<msg timestamp="20230710 13:02:35.602" level="INFO">Sending key </msg>
<status status="PASS" starttime="20230710 13:02:35.287" endtime="20230710 13:02:35.619"/>
</kw>
<kw name="Sleep" library="BuiltIn">
<arg>4s</arg>
<doc>Pauses the test executed for the given time.</doc>
<msg timestamp="20230710 13:02:39.621" level="INFO">Slept 4 seconds</msg>
<status status="PASS" starttime="20230710 13:02:35.620" endtime="20230710 13:02:39.621"/>
</kw>
<kw name="Wait Until Element Is Visible" library="SeleniumLibrary">
<arg>${confirmandreorder}</arg>
<doc>Waits until the element ``locator`` is visible.</doc>
<status status="PASS" starttime="20230710 13:02:39.621" endtime="20230710 13:02:39.649"/>
</kw>
<kw name="Click Element" library="SeleniumLibrary">
<arg>${confirmandreorder}</arg>
<doc>Click the element identified by ``locator``.</doc>
<msg timestamp="20230710 13:02:39.650" level="INFO">Clicking element '//*[@id="order_form_modal"]/div/div[3]/form/div[2]/div[1]/div[6]/button[2]'.</msg>
<status status="PASS" starttime="20230710 13:02:39.649" endtime="20230710 13:02:39.777"/>
</kw>
<kw name="Sleep" library="BuiltIn">
<arg>4s</arg>
<doc>Pauses the test executed for the given time.</doc>
<msg timestamp="20230710 13:02:43.778" level="INFO">Slept 4 seconds</msg>
<status status="PASS" starttime="20230710 13:02:39.778" endtime="20230710 13:02:43.778"/>
</kw>
<status status="PASS" starttime="20230710 13:02:03.867" endtime="20230710 13:02:43.779"/>
</kw>
<status status="PASS" starttime="20230710 13:02:03.867" endtime="20230710 13:02:43.779"/>
</test>
<test id="s1-t7" name="Add Order 4" line="327">
<kw name="Add Order 4">
<kw name="Sleep" library="BuiltIn">
<arg>4s</arg>
<doc>Pauses the test executed for the given time.</doc>
<msg timestamp="20230710 13:02:47.781" level="INFO">Slept 4 seconds</msg>
<status status="PASS" starttime="20230710 13:02:43.780" endtime="20230710 13:02:47.781"/>
</kw>
<kw name="Evaluate" library="BuiltIn">
<var>${value}</var>
<arg>random.choice($random)</arg>
<arg>random</arg>
<doc>Evaluates the given expression in Python and returns the result.</doc>
<msg timestamp="20230710 13:02:47.782" level="INFO">${value} = //*[@id="order_form_modal"]/div/div[3]/form/div[2]/div[1]/div[2]/div/div/div[2]/div/div/div/div/div[7]/label/div</msg>
<status status="PASS" starttime="20230710 13:02:47.781" endtime="20230710 13:02:47.782"/>
</kw>
<kw name="Wait Until Element Is Visible" library="SeleniumLibrary">
<arg>${fromfacebook}</arg>
<doc>Waits until the element ``locator`` is visible.</doc>
<status status="PASS" starttime="20230710 13:02:47.782" endtime="20230710 13:02:47.815"/>
</kw>
<kw name="Click Element" library="SeleniumLibrary">
<arg>${value}</arg>
<doc>Click the element identified by ``locator``.</doc>
<msg timestamp="20230710 13:02:47.816" level="INFO">Clicking element '//*[@id="order_form_modal"]/div/div[3]/form/div[2]/div[1]/div[2]/div/div/div[2]/div/div/div/div/div[7]/label/div'.</msg>
<status status="PASS" starttime="20230710 13:02:47.815" endtime="20230710 13:02:47.891"/>
</kw>
<kw name="Sleep" library="BuiltIn">
<arg>4s</arg>
<doc>Pauses the test executed for the given time.</doc>
<msg timestamp="20230710 13:02:51.891" level="INFO">Slept 4 seconds</msg>
<status status="PASS" starttime="20230710 13:02:47.891" endtime="20230710 13:02:51.892"/>
</kw>
<kw name="Wait Until Element Is Visible" library="SeleniumLibrary">
<arg>${userbox}</arg>
<doc>Waits until the element ``locator`` is visible.</doc>
<status status="PASS" starttime="20230710 13:02:51.892" endtime="20230710 13:02:51.923"/>
</kw>
<kw name="Click Element" library="SeleniumLibrary">
<arg>${userbox}</arg>
<doc>Click the element identified by ``locator``.</doc>
<msg timestamp="20230710 13:02:51.924" level="INFO">Clicking element '//*[@id="customer-search"]/div/span/span[1]/span/ul/li/input'.</msg>
<status status="PASS" starttime="20230710 13:02:51.923" endtime="20230710 13:02:52.022"/>
</kw>
<kw name="Sleep" library="BuiltIn">
<arg>4s</arg>
<doc>Pauses the test executed for the given time.</doc>
<msg timestamp="20230710 13:02:56.023" level="INFO">Slept 4 seconds</msg>
<status status="PASS" starttime="20230710 13:02:52.023" endtime="20230710 13:02:56.024"/>
</kw>
<kw name="Wait Until Element Is Visible" library="SeleniumLibrary">
<arg>${firstuser}</arg>
<doc>Waits until the element ``locator`` is visible.</doc>
<status status="PASS" starttime="20230710 13:02:56.024" endtime="20230710 13:02:56.057"/>
</kw>
<kw name="Click Element" library="SeleniumLibrary">
<arg>${firstuser}</arg>
<doc>Click the element identified by ``locator``.</doc>
<msg timestamp="20230710 13:02:56.057" level="INFO">Clicking element '//*[@id="select2--results"]/li[1]/div'.</msg>
<status status="PASS" starttime="20230710 13:02:56.057" endtime="20230710 13:02:56.160"/>
</kw>
<kw name="Sleep" library="BuiltIn">
<arg>3s</arg>
<doc>Pauses the test executed for the given time.</doc>
<msg timestamp="20230710 13:02:59.161" level="INFO">Slept 3 seconds</msg>
<status status="PASS" starttime="20230710 13:02:56.160" endtime="20230710 13:02:59.161"/>
</kw>
<kw name="Wait Until Element Is Visible" library="SeleniumLibrary">
<arg>${cod}</arg>
<doc>Waits until the element ``locator`` is visible.</doc>
<status status="PASS" starttime="20230710 13:02:59.161" endtime="20230710 13:02:59.195"/>
</kw>
<kw name="Click Element" library="SeleniumLibrary">
<arg>${cod}</arg>
<doc>Click the element identified by ``locator``.</doc>
<msg timestamp="20230710 13:02:59.196" level="INFO">Clicking element '//*[@id="payment-component"]/div[1]/div/div/div[2]/button'.</msg>
<status status="PASS" starttime="20230710 13:02:59.196" endtime="20230710 13:02:59.278"/>
</kw>
<kw name="Sleep" library="BuiltIn">
<arg>3s</arg>
<doc>Pauses the test executed for the given time.</doc>
<msg timestamp="20230710 13:03:02.279" level="INFO">Slept 3 seconds</msg>
<status status="PASS" starttime="20230710 13:02:59.278" endtime="20230710 13:03:02.279"/>
</kw>
<kw name="Press Keys" library="SeleniumLibrary">
<arg>xpath=//body</arg>
<arg>\ue00f</arg>
<doc>Simulates the user pressing key(s) to an element or on the active browser.</doc>
<msg timestamp="20230710 13:03:02.281" level="INFO">Sending key(s) ('\ue00f',) to xpath=//body element.</msg>
<msg timestamp="20230710 13:03:02.588" level="INFO">Sending key </msg>
<status status="PASS" starttime="20230710 13:03:02.280" endtime="20230710 13:03:02.600"/>
</kw>
<kw name="Sleep" library="BuiltIn">
<arg>3s</arg>
<doc>Pauses the test executed for the given time.</doc>
<msg timestamp="20230710 13:03:05.601" level="INFO">Slept 3 seconds</msg>
<status status="PASS" starttime="20230710 13:03:02.600" endtime="20230710 13:03:05.601"/>
</kw>
<kw name="Click Element" library="SeleniumLibrary">
<arg>${selectproduct}</arg>
<doc>Click the element identified by ``locator``.</doc>
<msg timestamp="20230710 13:03:05.602" level="INFO">Clicking element '//*[@id="tb-product"]/tr/td/div/div[2]/button'.</msg>
<status status="PASS" starttime="20230710 13:03:05.601" endtime="20230710 13:03:05.716"/>
</kw>
<kw name="Sleep" library="BuiltIn">
<arg>3s</arg>
<doc>Pauses the test executed for the given time.</doc>
<msg timestamp="20230710 13:03:08.717" level="INFO">Slept 3 seconds</msg>
<status status="PASS" starttime="20230710 13:03:05.716" endtime="20230710 13:03:08.717"/>
</kw>
<kw name="Click Element" library="SeleniumLibrary">
<arg>${basicproduct}</arg>
<doc>Click the element identified by ``locator``.</doc>
<msg timestamp="20230710 13:03:08.718" level="INFO">Clicking element '//*[@id="product_promotion"]/div[2]/div[2]/div/div/div[1]/div/ul/li[2]/a'.</msg>
<status status="PASS" starttime="20230710 13:03:08.717" endtime="20230710 13:03:08.809"/>
</kw>
<kw name="Sleep" library="BuiltIn">
<arg>3s</arg>
<doc>Pauses the test executed for the given time.</doc>
<msg timestamp="20230710 13:03:11.809" level="INFO">Slept 3 seconds</msg>
<status status="PASS" starttime="20230710 13:03:08.809" endtime="20230710 13:03:11.809"/>
</kw>
<kw name="Click Element" library="SeleniumLibrary">
<arg>${firstproduct}</arg>
<doc>Click the element identified by ``locator``.</doc>
<msg timestamp="20230710 13:03:11.810" level="INFO">Clicking element '//*[@id="table_product_promotion"]/div/div/div/table/tbody/tr/td[1]/input'.</msg>
<status status="PASS" starttime="20230710 13:03:11.810" endtime="20230710 13:03:11.895"/>
</kw>
<kw name="Sleep" library="BuiltIn">
<arg>3s</arg>
<doc>Pauses the test executed for the given time.</doc>
<msg timestamp="20230710 13:03:14.896" level="INFO">Slept 3 seconds</msg>
<status status="PASS" starttime="20230710 13:03:11.895" endtime="20230710 13:03:14.896"/>
</kw>
<kw name="Click Element" library="SeleniumLibrary">
<arg>${confirmselectproduct}</arg>
<doc>Click the element identified by ``locator``.</doc>
<msg timestamp="20230710 13:03:14.898" level="INFO">Clicking element '//*[@id="product_promotion"]/div[3]/div/button[1]'.</msg>
<status status="PASS" starttime="20230710 13:03:14.897" endtime="20230710 13:03:15.079"/>
</kw>
<kw name="Press Keys" library="SeleniumLibrary">
<arg>xpath=//body</arg>
<arg>\ue00e</arg>
<doc>Simulates the user pressing key(s) to an element or on the active browser.</doc>
<msg timestamp="20230710 13:03:15.080" level="INFO">Sending key(s) ('\ue00e',) to xpath=//body element.</msg>
<msg timestamp="20230710 13:03:15.427" level="INFO">Sending key </msg>
<status status="PASS" starttime="20230710 13:03:15.079" endtime="20230710 13:03:15.446"/>
</kw>
<kw name="Sleep" library="BuiltIn">
<arg>4s</arg>
<doc>Pauses the test executed for the given time.</doc>
<msg timestamp="20230710 13:03:19.447" level="INFO">Slept 4 seconds</msg>
<status status="PASS" starttime="20230710 13:03:15.446" endtime="20230710 13:03:19.447"/>
</kw>
<kw name="Wait Until Element Is Visible" library="SeleniumLibrary">
<arg>${confirmorder}</arg>
<doc>Waits until the element ``locator`` is visible.</doc>
<status status="PASS" starttime="20230710 13:03:19.448" endtime="20230710 13:03:19.494"/>
</kw>
<kw name="Click Element" library="SeleniumLibrary">
<arg>${confirmorder}</arg>
<doc>Click the element identified by ``locator``.</doc>
<msg timestamp="20230710 13:03:19.495" level="INFO">Clicking element '//*[@id="order_form_modal"]/div/div[3]/form/div[2]/div[1]/div[6]/button[1]'.</msg>
<status status="PASS" starttime="20230710 13:03:19.495" endtime="20230710 13:03:19.619"/>
</kw>
<kw name="Sleep" library="BuiltIn">
<arg>4s</arg>
<doc>Pauses the test executed for the given time.</doc>
<msg timestamp="20230710 13:03:23.619" level="INFO">Slept 4 seconds</msg>
<status status="PASS" starttime="20230710 13:03:19.619" endtime="20230710 13:03:23.620"/>
</kw>
<status status="PASS" starttime="20230710 13:02:43.780" endtime="20230710 13:03:23.620"/>
</kw>
<status status="PASS" starttime="20230710 13:02:43.779" endtime="20230710 13:03:23.620"/>
</test>
<test id="s1-t8" name="Confirm Order 4" line="330">
<kw name="Confirm Order 4">
<kw name="Wait Until Element Is Visible" library="SeleniumLibrary">
<arg>${selectorder1}</arg>
<doc>Waits until the element ``locator`` is visible.</doc>
<status status="PASS" starttime="20230710 13:03:23.622" endtime="20230710 13:03:23.659"/>
</kw>
<kw name="Click Element" library="SeleniumLibrary">
<arg>${selectorder1}</arg>
<doc>Click the element identified by ``locator``.</doc>
<msg timestamp="20230710 13:03:23.659" level="INFO">Clicking element '//*[@id="table-order"]/div/div/div/table/tbody/tr[1]/td[5]/div/span/a'.</msg>
<status status="PASS" starttime="20230710 13:03:23.659" endtime="20230710 13:03:23.768"/>
</kw>
<kw name="Sleep" library="BuiltIn">
<arg>10s</arg>
<doc>Pauses the test executed for the given time.</doc>
<msg timestamp="20230710 13:03:33.769" level="INFO">Slept 10 seconds</msg>
<status status="PASS" starttime="20230710 13:03:23.768" endtime="20230710 13:03:33.769"/>
</kw>
<kw name="Get Window Handles" library="SeleniumLibrary">
<var>${windows}</var>
<doc>Returns all child window handles of the selected browser as a list.</doc>
<msg timestamp="20230710 13:03:33.779" level="INFO">${windows} = ['17A9F4736ED342080208F6A5B39FFB03', '1B5731422BD3CF24C458EE63F5F63905']</msg>
<status status="PASS" starttime="20230710 13:03:33.769" endtime="20230710 13:03:33.779"/>
</kw>
<kw name="Switch Window" library="SeleniumLibrary">
<arg>${windows}[1]</arg>
<doc>Switches to browser window matching ``locator``.</doc>
<status status="PASS" starttime="20230710 13:03:33.779" endtime="20230710 13:03:33.849"/>
</kw>
<kw name="Wait Until Element Is Visible" library="SeleniumLibrary">
<arg>${option}</arg>
<doc>Waits until the element ``locator`` is visible.</doc>
<status status="PASS" starttime="20230710 13:03:33.849" endtime="20230710 13:03:33.918"/>
</kw>
<kw name="Click Element" library="SeleniumLibrary">
<arg>${option}</arg>
<doc>Click the element identified by ``locator``.</doc>
<msg timestamp="20230710 13:03:33.919" level="INFO">Clicking element '//html/body/section/div[2]/div[4]/div[4]/div/div[1]/div[1]/div[1]/div[2]/div[1]/button'.</msg>
<status status="PASS" starttime="20230710 13:03:33.918" endtime="20230710 13:03:34.042"/>
</kw>
<kw name="Sleep" library="BuiltIn">
<arg>4s</arg>
<doc>Pauses the test executed for the given time.</doc>
<msg timestamp="20230710 13:03:38.043" level="INFO">Slept 4 seconds</msg>
<status status="PASS" starttime="20230710 13:03:34.042" endtime="20230710 13:03:38.043"/>
</kw>
<kw name="Wait Until Element Is Visible" library="SeleniumLibrary">
<arg>${confirmcod}</arg>
<doc>Waits until the element ``locator`` is visible.</doc>
<status status="PASS" starttime="20230710 13:03:38.044" endtime="20230710 13:03:38.081"/>
</kw>
<kw name="Click Element" library="SeleniumLibrary">
<arg>${confirmcod}</arg>
<doc>Click the element identified by ``locator``.</doc>
<msg timestamp="20230710 13:03:38.082" level="INFO">Clicking element '//html/body/section/div[2]/div[4]/div[4]/div/div[1]/div[1]/div[1]/div[2]/div[1]/div/a[1]'.</msg>
<status status="PASS" starttime="20230710 13:03:38.082" endtime="20230710 13:03:38.396"/>
</kw>
<kw name="Sleep" library="BuiltIn">
<arg>4s</arg>
<doc>Pauses the test executed for the given time.</doc>
<msg timestamp="20230710 13:03:42.398" level="INFO">Slept 4 seconds</msg>
<status status="PASS" starttime="20230710 13:03:38.397" endtime="20230710 13:03:42.398"/>
</kw>
<kw name="Wait Until Element Is Visible" library="SeleniumLibrary">
<arg>${confirmbutton}</arg>
<doc>Waits until the element ``locator`` is visible.</doc>
<status status="PASS" starttime="20230710 13:03:42.398" endtime="20230710 13:03:42.434"/>
</kw>
<kw name="Click Element" library="SeleniumLibrary">
<arg>${confirmbutton}</arg>
<doc>Click the element identified by ``locator``.</doc>
<msg timestamp="20230710 13:03:42.436" level="INFO">Clicking element '//html/body/div[2]/div/div[6]/button[1]'.</msg>
<status status="PASS" starttime="20230710 13:03:42.435" endtime="20230710 13:03:42.521"/>
</kw>
<kw name="Sleep" library="BuiltIn">
<arg>5s</arg>
<doc>Pauses the test executed for the given time.</doc>
<msg timestamp="20230710 13:03:47.522" level="INFO">Slept 5 seconds</msg>
<status status="PASS" starttime="20230710 13:03:42.521" endtime="20230710 13:03:47.522"/>
</kw>
<kw name="Close Window" library="SeleniumLibrary">
<doc>Closes currently opened and selected browser window/tab.</doc>
<status status="PASS" starttime="20230710 13:03:47.522" endtime="20230710 13:03:47.577"/>
</kw>
<kw name="Sleep" library="BuiltIn">
<arg>4s</arg>
<doc>Pauses the test executed for the given time.</doc>
<msg timestamp="20230710 13:03:51.578" level="INFO">Slept 4 seconds</msg>
<status status="PASS" starttime="20230710 13:03:47.577" endtime="20230710 13:03:51.578"/>
</kw>
<kw name="Switch Window" library="SeleniumLibrary">
<arg>${windows}[0]</arg>
<doc>Switches to browser window matching ``locator``.</doc>
<status status="PASS" starttime="20230710 13:03:51.578" endtime="20230710 13:03:51.595"/>
</kw>
<status status="PASS" starttime="20230710 13:03:23.622" endtime="20230710 13:03:51.596"/>
</kw>
<status status="PASS" starttime="20230710 13:03:23.621" endtime="20230710 13:03:51.596"/>
</test>
<test id="s1-t9" name="Confirm Order 2" line="333">
<kw name="Confirm Order 2">
<kw name="Wait Until Element Is Visible" library="SeleniumLibrary">
<arg>${ordermenu}</arg>
<doc>Waits until the element ``locator`` is visible.</doc>
<status status="PASS" starttime="20230710 13:03:51.597" endtime="20230710 13:03:51.632"/>
</kw>
<kw name="Click Element" library="SeleniumLibrary">
<arg>${ordermenu}</arg>
<doc>Click the element identified by ``locator``.</doc>
<msg timestamp="20230710 13:03:51.634" level="INFO">Clicking element '//html/body/section/div[2]/div[2]/div[2]/div/ul/li[3]/a'.</msg>
<status status="PASS" starttime="20230710 13:03:51.632" endtime="20230710 13:03:51.746"/>
</kw>
<kw name="Sleep" library="BuiltIn">
<arg>4s</arg>
<doc>Pauses the test executed for the given time.</doc>
<msg timestamp="20230710 13:03:55.747" level="INFO">Slept 4 seconds</msg>
<status status="PASS" starttime="20230710 13:03:51.746" endtime="20230710 13:03:55.747"/>
</kw>
<kw name="Wait Until Element Is Visible" library="SeleniumLibrary">
<arg>${selectorder3}</arg>
<doc>Waits until the element ``locator`` is visible.</doc>
<status status="PASS" starttime="20230710 13:03:55.747" endtime="20230710 13:03:55.782"/>
</kw>
<kw name="Click Element" library="SeleniumLibrary">
<arg>${selectorder3}</arg>
<doc>Click the element identified by ``locator``.</doc>
<msg timestamp="20230710 13:03:55.783" level="INFO">Clicking element '//*[@id="table-order"]/div/div/div/table/tbody/tr[3]/td[5]/div/span/a'.</msg>
<status status="PASS" starttime="20230710 13:03:55.782" endtime="20230710 13:03:55.888"/>
</kw>
<kw name="Sleep" library="BuiltIn">
<arg>10s</arg>
<doc>Pauses the test executed for the given time.</doc>
<msg timestamp="20230710 13:04:05.890" level="INFO">Slept 10 seconds</msg>
<status status="PASS" starttime="20230710 13:03:55.889" endtime="20230710 13:04:05.890"/>
</kw>
<kw name="Get Window Handles" library="SeleniumLibrary">
<var>${windows}</var>
<doc>Returns all child window handles of the selected browser as a list.</doc>
<msg timestamp="20230710 13:04:05.898" level="INFO">${windows} = ['17A9F4736ED342080208F6A5B39FFB03', 'CE17DDB6E0ADAD1702BC4424112B41B2']</msg>
<status status="PASS" starttime="20230710 13:04:05.890" endtime="20230710 13:04:05.898"/>
</kw>
<kw name="Switch Window" library="SeleniumLibrary">
<arg>${windows}[1]</arg>
<doc>Switches to browser window matching ``locator``.</doc>
<status status="PASS" starttime="20230710 13:04:05.898" endtime="20230710 13:04:05.962"/>
</kw>
<kw name="Wait Until Element Is Visible" library="SeleniumLibrary">
<arg>${paymentbutton}</arg>
<doc>Waits until the element ``locator`` is visible.</doc>
<status status="PASS" starttime="20230710 13:04:05.963" endtime="20230710 13:04:06.018"/>
</kw>
<kw name="Click Element" library="SeleniumLibrary">
<arg>${paymentbutton}</arg>
<doc>Click the element identified by ``locator``.</doc>
<msg timestamp="20230710 13:04:06.019" level="INFO">Clicking element '//html/body/section/div[2]/div[4]/div[4]/div/div[1]/div[1]/div[1]/div[2]/button[1]'.</msg>
<status status="PASS" starttime="20230710 13:04:06.018" endtime="20230710 13:04:06.147"/>
</kw>
<kw name="Sleep" library="BuiltIn">
<arg>4s</arg>
<doc>Pauses the test executed for the given time.</doc>
<msg timestamp="20230710 13:04:10.148" level="INFO">Slept 4 seconds</msg>
<status status="PASS" starttime="20230710 13:04:06.148" endtime="20230710 13:04:10.149"/>
</kw>
<kw name="Wait Until Element Is Visible" library="SeleniumLibrary">
<arg>${selectbank}</arg>
<doc>Waits until the element ``locator`` is visible.</doc>
<status status="PASS" starttime="20230710 13:04:10.149" endtime="20230710 13:04:10.195"/>
</kw>
<kw name="Click Element" library="SeleniumLibrary">
<arg>${selectbank}</arg>
<doc>Click the element identified by ``locator``.</doc>
<msg timestamp="20230710 13:04:10.196" level="INFO">Clicking element '//*[@id="select2--container"]/span/div'.</msg>
<status status="PASS" starttime="20230710 13:04:10.195" endtime="20230710 13:04:10.301"/>
</kw>
<kw name="Sleep" library="BuiltIn">
<arg>4s</arg>
<doc>Pauses the test executed for the given time.</doc>
<msg timestamp="20230710 13:04:14.302" level="INFO">Slept 4 seconds</msg>
<status status="PASS" starttime="20230710 13:04:10.301" endtime="20230710 13:04:14.302"/>
</kw>
<kw name="Click Element" library="SeleniumLibrary">
<arg>${firstbank}</arg>
<doc>Click the element identified by ``locator``.</doc>
<msg timestamp="20230710 13:04:14.303" level="INFO">Clicking element '//*[contains(text(), "Simple Bank Account")]'.</msg>
<status status="PASS" starttime="20230710 13:04:14.302" endtime="20230710 13:04:14.397"/>
</kw>
<kw name="Sleep" library="BuiltIn">
<arg>4s</arg>
<doc>Pauses the test executed for the given time.</doc>
<msg timestamp="20230710 13:04:18.398" level="INFO">Slept 4 seconds</msg>
<status status="PASS" starttime="20230710 13:04:14.397" endtime="20230710 13:04:18.398"/>
</kw>
<kw name="Wait Until Page Contains Element" library="SeleniumLibrary">
<arg>${uploadfield}</arg>
<doc>Waits until the element ``locator`` appears on the current page.</doc>
<status status="PASS" starttime="20230710 13:04:18.398" endtime="20230710 13:04:18.420"/>
</kw>
<kw name="Sleep" library="BuiltIn">
<arg>4s</arg>
<doc>Pauses the test executed for the given time.</doc>
<msg timestamp="20230710 13:04:22.421" level="INFO">Slept 4 seconds</msg>
<status status="PASS" starttime="20230710 13:04:18.420" endtime="20230710 13:04:22.421"/>
</kw>
<kw name="Choose File" library="SeleniumLibrary">
<arg>${uploadfield}</arg>
<arg>${testpic2}</arg>
<doc>Inputs the ``file_path`` into the file input field ``locator``.</doc>
<msg timestamp="20230710 13:04:22.422" level="INFO">Sending /var/lib/jenkins/workspace/robot/slip.jpg to browser.</msg>
<status status="PASS" starttime="20230710 13:04:22.421" endtime="20230710 13:04:22.528"/>
</kw>
<kw name="Sleep" library="BuiltIn">
<arg>5s</arg>
<doc>Pauses the test executed for the given time.</doc>
<msg timestamp="20230710 13:04:27.529" level="INFO">Slept 5 seconds</msg>
<status status="PASS" starttime="20230710 13:04:22.528" endtime="20230710 13:04:27.529"/>
</kw>
<kw name="Wait Until Element Is Visible" library="SeleniumLibrary">
<arg>${confirmpaymentbutton}</arg>
<doc>Waits until the element ``locator`` is visible.</doc>
<status status="PASS" starttime="20230710 13:04:27.529" endtime="20230710 13:04:27.567"/>
</kw>
<kw name="Sleep" library="BuiltIn">
<arg>1s</arg>
<doc>Pauses the test executed for the given time.</doc>
<msg timestamp="20230710 13:04:28.568" level="INFO">Slept 1 second</msg>
<status status="PASS" starttime="20230710 13:04:27.567" endtime="20230710 13:04:28.568"/>
</kw>
<kw name="Click Element" library="SeleniumLibrary">
<arg>${confirmpaymentbutton}</arg>
<doc>Click the element identified by ``locator``.</doc>
<msg timestamp="20230710 13:04:28.569" level="INFO">Clicking element '//*[@id="add_payment"]/div/div[2]/div/button[1]'.</msg>
<status status="PASS" starttime="20230710 13:04:28.568" endtime="20230710 13:04:28.659"/>
</kw>
<kw name="Sleep" library="BuiltIn">
<arg>10s</arg>
<doc>Pauses the test executed for the given time.</doc>
<msg timestamp="20230710 13:04:38.659" level="INFO">Slept 10 seconds</msg>
<status status="PASS" starttime="20230710 13:04:28.659" endtime="20230710 13:04:38.659"/>
</kw>
<kw name="Wait Until Element Is Visible" library="SeleniumLibrary">
<arg>${paymentbutton}</arg>
<doc>Waits until the element ``locator`` is visible.</doc>
<status status="PASS" starttime="20230710 13:04:38.660" endtime="20230710 13:04:38.691"/>
</kw>
<kw name="Sleep" library="BuiltIn">
<arg>1s</arg>
<doc>Pauses the test executed for the given time.</doc>
<msg timestamp="20230710 13:04:39.691" level="INFO">Slept 1 second</msg>
<status status="PASS" starttime="20230710 13:04:38.691" endtime="20230710 13:04:39.692"/>
</kw>
<kw name="Click Element" library="SeleniumLibrary">
<arg>${paymentbutton}</arg>
<doc>Click the element identified by ``locator``.</doc>
<msg timestamp="20230710 13:04:39.693" level="INFO">Clicking element '//html/body/section/div[2]/div[4]/div[4]/div/div[1]/div[1]/div[1]/div[2]/button[1]'.</msg>
<status status="PASS" starttime="20230710 13:04:39.692" endtime="20230710 13:04:39.770"/>
</kw>
<kw name="Sleep" library="BuiltIn">
<arg>1s</arg>
<doc>Pauses the test executed for the given time.</doc>
<msg timestamp="20230710 13:04:40.771" level="INFO">Slept 1 second</msg>
<status status="PASS" starttime="20230710 13:04:39.771" endtime="20230710 13:04:40.772"/>
</kw>
<kw name="Wait Until Element Is Visible" library="SeleniumLibrary">
<arg>${confirmallpayment}</arg>
<doc>Waits until the element ``locator`` is visible.</doc>
<status status="PASS" starttime="20230710 13:04:40.772" endtime="20230710 13:04:40.808"/>
</kw>
<kw name="Sleep" library="BuiltIn">
<arg>1s</arg>
<doc>Pauses the test executed for the given time.</doc>
<msg timestamp="20230710 13:04:41.809" level="INFO">Slept 1 second</msg>
<status status="PASS" starttime="20230710 13:04:40.808" endtime="20230710 13:04:41.809"/>
</kw>
<kw name="Click Element" library="SeleniumLibrary">
<arg>${confirmallpayment}</arg>
<doc>Click the element identified by ``locator``.</doc>
<msg timestamp="20230710 13:04:41.810" level="INFO">Clicking element '//*[@id="list_payment"]/div[3]/div/button[2]'.</msg>
<status status="PASS" starttime="20230710 13:04:41.809" endtime="20230710 13:04:41.895"/>
</kw>
<kw name="Sleep" library="BuiltIn">
<arg>5s</arg>
<doc>Pauses the test executed for the given time.</doc>
<msg timestamp="20230710 13:04:46.896" level="INFO">Slept 5 seconds</msg>
<status status="PASS" starttime="20230710 13:04:41.895" endtime="20230710 13:04:46.896"/>
</kw>
<kw name="Wait Until Element Is Visible" library="SeleniumLibrary">
<arg>${confirmallpayment2}</arg>
<doc>Waits until the element ``locator`` is visible.</doc>
<status status="PASS" starttime="20230710 13:04:46.896" endtime="20230710 13:04:46.936"/>
</kw>
<kw name="Sleep" library="BuiltIn">
<arg>1s</arg>
<doc>Pauses the test executed for the given time.</doc>
<msg timestamp="20230710 13:04:47.937" level="INFO">Slept 1 second</msg>
<status status="PASS" starttime="20230710 13:04:46.937" endtime="20230710 13:04:47.938"/>
</kw>
<kw name="Click Element" library="SeleniumLibrary">
<arg>${confirmallpayment2}</arg>
<doc>Click the element identified by ``locator``.</doc>
<msg timestamp="20230710 13:04:47.938" level="INFO">Clicking element '//html/body/div[3]/div/div[6]/button[1]'.</msg>
<status status="PASS" starttime="20230710 13:04:47.938" endtime="20230710 13:04:48.030"/>
</kw>
<kw name="Sleep" library="BuiltIn">
<arg>10s</arg>
<doc>Pauses the test executed for the given time.</doc>
<msg timestamp="20230710 13:04:58.031" level="INFO">Slept 10 seconds</msg>
<status status="PASS" starttime="20230710 13:04:48.031" endtime="20230710 13:04:58.031"/>
</kw>
<kw name="Close Window" library="SeleniumLibrary">
<doc>Closes currently opened and selected browser window/tab.</doc>
<status status="PASS" starttime="20230710 13:04:58.032" endtime="20230710 13:04:58.088"/>
</kw>
<kw name="Sleep" library="BuiltIn">
<arg>4s</arg>
<doc>Pauses the test executed for the given time.</doc>
<msg timestamp="20230710 13:05:02.090" level="INFO">Slept 4 seconds</msg>
<status status="PASS" starttime="20230710 13:04:58.089" endtime="20230710 13:05:02.090"/>
</kw>
<kw name="Switch Window" library="SeleniumLibrary">
<arg>${windows}[0]</arg>
<doc>Switches to browser window matching ``locator``.</doc>
<status status="PASS" starttime="20230710 13:05:02.090" endtime="20230710 13:05:02.111"/>
</kw>
<status status="PASS" starttime="20230710 13:03:51.597" endtime="20230710 13:05:02.111"/>
</kw>
<status status="PASS" starttime="20230710 13:03:51.596" endtime="20230710 13:05:02.112"/>
</test>
<test id="s1-t10" name="Shipment2" line="339">
<kw name="Shipment2">
<kw name="Sleep" library="BuiltIn">
<arg>5s</arg>
<doc>Pauses the test executed for the given time.</doc>
<msg timestamp="20230710 13:05:07.115" level="INFO">Slept 5 seconds</msg>
<status status="PASS" starttime="20230710 13:05:02.115" endtime="20230710 13:05:07.116"/>
</kw>
<kw name="Click Element" library="SeleniumLibrary">
<arg>${shipmentmenu}</arg>
<doc>Click the element identified by ``locator``.</doc>
<msg timestamp="20230710 13:05:07.117" level="INFO">Clicking element '//html/body/section/div[2]/div[2]/div[2]/div/ul/li[5]'.</msg>
<status status="PASS" starttime="20230710 13:05:07.116" endtime="20230710 13:05:07.264"/>
</kw>
<kw name="Sleep" library="BuiltIn">
<arg>4s</arg>
<doc>Pauses the test executed for the given time.</doc>
<msg timestamp="20230710 13:05:11.265" level="INFO">Slept 4 seconds</msg>
<status status="PASS" starttime="20230710 13:05:07.264" endtime="20230710 13:05:11.265"/>
</kw>
<kw name="Click Element" library="SeleniumLibrary">
<arg>${shipmentmenu}</arg>
<doc>Click the element identified by ``locator``.</doc>
<msg timestamp="20230710 13:05:11.266" level="INFO">Clicking element '//html/body/section/div[2]/div[2]/div[2]/div/ul/li[5]'.</msg>
<status status="PASS" starttime="20230710 13:05:11.265" endtime="20230710 13:05:11.330"/>
</kw>
<kw name="Sleep" library="BuiltIn">
<arg>4s</arg>
<doc>Pauses the test executed for the given time.</doc>
<msg timestamp="20230710 13:05:15.331" level="INFO">Slept 4 seconds</msg>
<status status="PASS" starttime="20230710 13:05:11.331" endtime="20230710 13:05:15.332"/>
</kw>
<kw name="Wait Until Element Is Visible" library="SeleniumLibrary">
<arg>${selectshipment}</arg>
<doc>Waits until the element ``locator`` is visible.</doc>
<status status="PASS" starttime="20230710 13:05:15.332" endtime="20230710 13:05:15.367"/>
</kw>
<kw name="Click Element" library="SeleniumLibrary">
<arg>${selectshipment}</arg>
<doc>Click the element identified by ``locator``.</doc>
<msg timestamp="20230710 13:05:15.368" level="INFO">Clicking element '//html/body/section/div[2]/div[4]/div[4]/div/div[1]/div[2]/div[3]/div[1]/div/div/div/table/tbody/tr[1]/td[1]/input'.</msg>
<status status="PASS" starttime="20230710 13:05:15.368" endtime="20230710 13:05:15.572"/>
</kw>
<kw name="Sleep" library="BuiltIn">
<arg>3s</arg>
<doc>Pauses the test executed for the given time.</doc>
<msg timestamp="20230710 13:05:18.573" level="INFO">Slept 3 seconds</msg>
<status status="PASS" starttime="20230710 13:05:15.573" endtime="20230710 13:05:18.574"/>
</kw>
<kw name="Wait Until Element Is Visible" library="SeleniumLibrary">
<arg>${selectshipment2}</arg>
<doc>Waits until the element ``locator`` is visible.</doc>
<status status="PASS" starttime="20230710 13:05:18.574" endtime="20230710 13:05:18.619"/>
</kw>
<kw name="Click Element" library="SeleniumLibrary">
<arg>${selectshipment2}</arg>
<doc>Click the element identified by ``locator``.</doc>
<msg timestamp="20230710 13:05:18.620" level="INFO">Clicking element '//*[@id="bulk-actions"]/div/button[2]'.</msg>
<status status="PASS" starttime="20230710 13:05:18.619" endtime="20230710 13:05:18.811"/>
</kw>
<kw name="Sleep" library="BuiltIn">
<arg>4s</arg>
<doc>Pauses the test executed for the given time.</doc>
<msg timestamp="20230710 13:05:22.812" level="INFO">Slept 4 seconds</msg>
<status status="PASS" starttime="20230710 13:05:18.811" endtime="20230710 13:05:22.812"/>
</kw>
<kw name="Wait Until Element Is Visible" library="SeleniumLibrary">
<arg>${shipthaipost}</arg>
<doc>Waits until the element ``locator`` is visible.</doc>
<status status="PASS" starttime="20230710 13:05:22.812" endtime="20230710 13:05:23.290"/>
</kw>
<kw name="Click Element" library="SeleniumLibrary">
<arg>${shipthaipost}</arg>
<doc>Click the element identified by ``locator``.</doc>
<msg timestamp="20230710 13:05:23.291" level="INFO">Clicking element '//*[@id="modal_change_carriers"]/div/div/div[3]/div/div/div/div[1]/div[1]/div[4]/button'.</msg>
<status status="PASS" starttime="20230710 13:05:23.290" endtime="20230710 13:05:23.405"/>
</kw>
<kw name="Sleep" library="BuiltIn">
<arg>5s</arg>
<doc>Pauses the test executed for the given time.</doc>
<msg timestamp="20230710 13:05:28.406" level="INFO">Slept 5 seconds</msg>
<status status="PASS" starttime="20230710 13:05:23.405" endtime="20230710 13:05:28.406"/>
</kw>
<kw name="Wait Until Element Is Visible" library="SeleniumLibrary">
<arg>${confirmselectship}</arg>
<doc>Waits until the element ``locator`` is visible.</doc>
<status status="PASS" starttime="20230710 13:05:28.407" endtime="20230710 13:05:28.451"/>
</kw>
<kw name="Click Element" library="SeleniumLibrary">
<arg>${confirmselectship}</arg>
<doc>Click the element identified by ``locator``.</doc>
<msg timestamp="20230710 13:05:28.452" level="INFO">Clicking element '//*[@id="carrier-checklist"]/div/div/div[3]/button[2]'.</msg>
<status status="PASS" starttime="20230710 13:05:28.451" endtime="20230710 13:05:28.562"/>
</kw>
<kw name="Sleep" library="BuiltIn">
<arg>5s</arg>
<doc>Pauses the test executed for the given time.</doc>
<msg timestamp="20230710 13:05:33.563" level="INFO">Slept 5 seconds</msg>
<status status="PASS" starttime="20230710 13:05:28.563" endtime="20230710 13:05:33.564"/>
</kw>
<kw name="Click Element" library="SeleniumLibrary">
<arg>${paymentship}</arg>
<doc>Click the element identified by ``locator``.</doc>
<msg timestamp="20230710 13:05:33.565" level="INFO">Clicking element '//*[@id="modal_pay_for_shipment"]/div/div/div[2]/div/div[2]/div/div[3]/button[1]'.</msg>
<status status="PASS" starttime="20230710 13:05:33.564" endtime="20230710 13:05:33.822"/>
</kw>
<kw name="Sleep" library="BuiltIn">
<arg>5s</arg>
<doc>Pauses the test executed for the given time.</doc>
<msg timestamp="20230710 13:05:38.823" level="INFO">Slept 5 seconds</msg>
<status status="PASS" starttime="20230710 13:05:33.823" endtime="20230710 13:05:38.824"/>
</kw>
<kw name="Reload Page" library="SeleniumLibrary">
<doc>Simulates user reloading page.</doc>
<status status="PASS" starttime="20230710 13:05:38.824" endtime="20230710 13:05:41.653"/>
</kw>
<status status="PASS" starttime="20230710 13:05:02.114" endtime="20230710 13:05:41.653"/>
</kw>
<status status="PASS" starttime="20230710 13:05:02.113" endtime="20230710 13:05:41.653"/>
</test>
<test id="s1-t11" name="Shipment3" line="341">
<kw name="Shipment3">
<kw name="Sleep" library="BuiltIn">
<arg>5s</arg>
<doc>Pauses the test executed for the given time.</doc>
<msg timestamp="20230710 13:05:46.655" level="INFO">Slept 5 seconds</msg>
<status status="PASS" starttime="20230710 13:05:41.655" endtime="20230710 13:05:46.655"/>
</kw>
<kw name="Click Element" library="SeleniumLibrary">
<arg>${shipmentmenu}</arg>
<doc>Click the element identified by ``locator``.</doc>
<msg timestamp="20230710 13:05:46.656" level="INFO">Clicking element '//html/body/section/div[2]/div[2]/div[2]/div/ul/li[5]'.</msg>
<status status="PASS" starttime="20230710 13:05:46.656" endtime="20230710 13:05:46.733"/>
</kw>
<kw name="Sleep" library="BuiltIn">
<arg>4s</arg>
<doc>Pauses the test executed for the given time.</doc>
<msg timestamp="20230710 13:05:50.735" level="INFO">Slept 4 seconds</msg>
<status status="PASS" starttime="20230710 13:05:46.734" endtime="20230710 13:05:50.735"/>
</kw>
<kw name="Click Element" library="SeleniumLibrary">
<arg>${shipmentmenu}</arg>
<doc>Click the element identified by ``locator``.</doc>
<msg timestamp="20230710 13:05:50.736" level="INFO">Clicking element '//html/body/section/div[2]/div[2]/div[2]/div/ul/li[5]'.</msg>
<status status="PASS" starttime="20230710 13:05:50.735" endtime="20230710 13:05:50.809"/>
</kw>
<kw name="Sleep" library="BuiltIn">
<arg>4s</arg>
<doc>Pauses the test executed for the given time.</doc>
<msg timestamp="20230710 13:05:54.811" level="INFO">Slept 4 seconds</msg>
<status status="PASS" starttime="20230710 13:05:50.810" endtime="20230710 13:05:54.811"/>
</kw>
<kw name="Wait Until Element Is Visible" library="SeleniumLibrary">
<arg>${selectshipment}</arg>
<doc>Waits until the element ``locator`` is visible.</doc>
<status status="PASS" starttime="20230710 13:05:54.811" endtime="20230710 13:05:54.851"/>
</kw>
<kw name="Click Element" library="SeleniumLibrary">
<arg>${selectshipment}</arg>
<doc>Click the element identified by ``locator``.</doc>
<msg timestamp="20230710 13:05:54.852" level="INFO">Clicking element '//html/body/section/div[2]/div[4]/div[4]/div/div[1]/div[2]/div[3]/div[1]/div/div/div/table/tbody/tr[1]/td[1]/input'.</msg>
<status status="PASS" starttime="20230710 13:05:54.852" endtime="20230710 13:05:54.963"/>
</kw>
<kw name="Sleep" library="BuiltIn">
<arg>3s</arg>
<doc>Pauses the test executed for the given time.</doc>
<msg timestamp="20230710 13:05:57.964" level="INFO">Slept 3 seconds</msg>
<status status="PASS" starttime="20230710 13:05:54.964" endtime="20230710 13:05:57.965"/>
</kw>
<kw name="Wait Until Element Is Visible" library="SeleniumLibrary">
<arg>${selectshipment2}</arg>
<doc>Waits until the element ``locator`` is visible.</doc>
<status status="PASS" starttime="20230710 13:05:57.965" endtime="20230710 13:05:58.000"/>
</kw>
<kw name="Click Element" library="SeleniumLibrary">
<arg>${selectshipment2}</arg>
<doc>Click the element identified by ``locator``.</doc>
<msg timestamp="20230710 13:05:58.001" level="INFO">Clicking element '//*[@id="bulk-actions"]/div/button[2]'.</msg>
<status status="PASS" starttime="20230710 13:05:58.000" endtime="20230710 13:05:58.175"/>
</kw>
<kw name="Sleep" library="BuiltIn">
<arg>4s</arg>
<doc>Pauses the test executed for the given time.</doc>
<msg timestamp="20230710 13:06:02.176" level="INFO">Slept 4 seconds</msg>
<status status="PASS" starttime="20230710 13:05:58.175" endtime="20230710 13:06:02.176"/>
</kw>
<kw name="Wait Until Element Is Visible" library="SeleniumLibrary">
<arg>${shipflash}</arg>
<doc>Waits until the element ``locator`` is visible.</doc>
<status status="PASS" starttime="20230710 13:06:02.177" endtime="20230710 13:06:02.713"/>
</kw>
<kw name="Click Element" library="SeleniumLibrary">
<arg>${shipflash}</arg>
<doc>Click the element identified by ``locator``.</doc>
<msg timestamp="20230710 13:06:02.715" level="INFO">Clicking element '//*[@id="modal_change_carriers"]/div/div/div[3]/div/div/div/div[3]/div[1]/div[4]/button'.</msg>
<status status="PASS" starttime="20230710 13:06:02.714" endtime="20230710 13:06:02.854"/>
</kw>
<kw name="Sleep" library="BuiltIn">
<arg>5s</arg>
<doc>Pauses the test executed for the given time.</doc>
<msg timestamp="20230710 13:06:07.856" level="INFO">Slept 5 seconds</msg>
<status status="PASS" starttime="20230710 13:06:02.855" endtime="20230710 13:06:07.856"/>
</kw>
<kw name="Wait Until Element Is Visible" library="SeleniumLibrary">
<arg>${confirmselectship}</arg>
<doc>Waits until the element ``locator`` is visible.</doc>
<status status="PASS" starttime="20230710 13:06:07.856" endtime="20230710 13:06:07.893"/>
</kw>
<kw name="Click Element" library="SeleniumLibrary">
<arg>${confirmselectship}</arg>
<doc>Click the element identified by ``locator``.</doc>
<msg timestamp="20230710 13:06:07.894" level="INFO">Clicking element '//*[@id="carrier-checklist"]/div/div/div[3]/button[2]'.</msg>
<status status="PASS" starttime="20230710 13:06:07.893" endtime="20230710 13:06:08.031"/>
</kw>
<kw name="Sleep" library="BuiltIn">
<arg>5s</arg>
<doc>Pauses the test executed for the given time.</doc>
<msg timestamp="20230710 13:06:13.032" level="INFO">Slept 5 seconds</msg>
<status status="PASS" starttime="20230710 13:06:08.031" endtime="20230710 13:06:13.032"/>
</kw>
<kw name="Click Element" library="SeleniumLibrary">
<arg>${paymentship}</arg>
<doc>Click the element identified by ``locator``.</doc>
<msg timestamp="20230710 13:06:13.033" level="INFO">Clicking element '//*[@id="modal_pay_for_shipment"]/div/div/div[2]/div/div[2]/div/div[3]/button[1]'.</msg>
<status status="PASS" starttime="20230710 13:06:13.032" endtime="20230710 13:06:13.244"/>
</kw>
<kw name="Sleep" library="BuiltIn">
<arg>5s</arg>
<doc>Pauses the test executed for the given time.</doc>
<msg timestamp="20230710 13:06:18.244" level="INFO">Slept 5 seconds</msg>
<status status="PASS" starttime="20230710 13:06:13.244" endtime="20230710 13:06:18.245"/>
</kw>
<kw name="Reload Page" library="SeleniumLibrary">
<doc>Simulates user reloading page.</doc>
<status status="PASS" starttime="20230710 13:06:18.245" endtime="20230710 13:06:20.420"/>
</kw>
<status status="PASS" starttime="20230710 13:05:41.654" endtime="20230710 13:06:20.421"/>
</kw>
<status status="PASS" starttime="20230710 13:05:41.654" endtime="20230710 13:06:20.421"/>
</test>
<test id="s1-t12" name="Click Shipment Thaipost" line="354">
<kw name="Thaipost Shipment 1" library="resource">
<kw name="Sleep" library="BuiltIn">
<arg>5s</arg>
<doc>Pauses the test executed for the given time.</doc>
<msg timestamp="20230710 13:06:25.424" level="INFO">Slept 5 seconds</msg>
<status status="PASS" starttime="20230710 13:06:20.423" endtime="20230710 13:06:25.424"/>
</kw>
<kw name="Wait Until Element Is Visible" library="SeleniumLibrary">
<arg>${shipmentmenu}</arg>
<doc>Waits until the element ``locator`` is visible.</doc>
<status status="PASS" starttime="20230710 13:06:25.424" endtime="20230710 13:06:25.467"/>
</kw>
<kw name="Click Element" library="SeleniumLibrary">
<arg>${shipmentmenu}</arg>
<doc>Click the element identified by ``locator``.</doc>
<msg timestamp="20230710 13:06:25.468" level="INFO">Clicking element '//html/body/section/div[2]/div[2]/div[2]/div/ul/li[5]'.</msg>
<status status="PASS" starttime="20230710 13:06:25.468" endtime="20230710 13:06:25.550"/>
</kw>
<kw name="Sleep" library="BuiltIn">
<arg>2s</arg>
<doc>Pauses the test executed for the given time.</doc>
<msg timestamp="20230710 13:06:27.551" level="INFO">Slept 2 seconds</msg>
<status status="PASS" starttime="20230710 13:06:25.550" endtime="20230710 13:06:27.551"/>
</kw>
<kw name="Wait Until Element Is Visible" library="SeleniumLibrary">
<arg>${packing}</arg>
<doc>Waits until the element ``locator`` is visible.</doc>
<status status="PASS" starttime="20230710 13:06:27.552" endtime="20230710 13:06:27.591"/>
</kw>
<kw name="Click Element" library="SeleniumLibrary">
<arg>${packing}</arg>
<doc>Click the element identified by ``locator``.</doc>
<msg timestamp="20230710 13:06:27.592" level="INFO">Clicking element '//html/body/section/div[2]/div[4]/div[4]/div/div[1]/div[2]/div[1]/ul/li[2]/a'.</msg>
<status status="PASS" starttime="20230710 13:06:27.591" endtime="20230710 13:06:28.460"/>
</kw>
<kw name="Sleep" library="BuiltIn">
<arg>2s</arg>
<doc>Pauses the test executed for the given time.</doc>
<msg timestamp="20230710 13:06:30.461" level="INFO">Slept 2 seconds</msg>
<status status="PASS" starttime="20230710 13:06:28.461" endtime="20230710 13:06:30.461"/>
</kw>
<kw name="Wait Until Element Is Visible" library="SeleniumLibrary">
<arg>${packingcheckbox}</arg>
<doc>Waits until the element ``locator`` is visible.</doc>
<status status="PASS" starttime="20230710 13:06:30.462" endtime="20230710 13:06:30.509"/>
</kw>
<kw name="Click Element" library="SeleniumLibrary">
<arg>${packingcheckbox}</arg>
<doc>Click the element identified by ``locator``.</doc>
<msg timestamp="20230710 13:06:30.511" level="INFO">Clicking element '//html/body/section/div[2]/div[4]/div[4]/div/div[1]/div[2]/div[3]/div[1]/div/div/div/table/tbody/tr[1]/td[1]'.</msg>
<status status="PASS" starttime="20230710 13:06:30.510" endtime="20230710 13:06:30.645"/>
</kw>
<kw name="Sleep" library="BuiltIn">
<arg>2s</arg>
<doc>Pauses the test executed for the given time.</doc>
<msg timestamp="20230710 13:06:32.646" level="INFO">Slept 2 seconds</msg>
<status status="PASS" starttime="20230710 13:06:30.645" endtime="20230710 13:06:32.646"/>
</kw>
<kw name="Wait Until Element Is Visible" library="SeleniumLibrary">
<arg>${print}</arg>
<doc>Waits until the element ``locator`` is visible.</doc>
<status status="PASS" starttime="20230710 13:06:32.647" endtime="20230710 13:06:32.687"/>
</kw>
<kw name="Click Element" library="SeleniumLibrary">
<arg>${print}</arg>
<doc>Click the element identified by ``locator``.</doc>
<msg timestamp="20230710 13:06:32.688" level="INFO">Clicking element '//*[@id="bulk-actions"]/div/button[3]'.</msg>
<status status="PASS" starttime="20230710 13:06:32.687" endtime="20230710 13:06:32.802"/>
</kw>
<kw name="Wait Until Element Is Visible" library="SeleniumLibrary">
<arg>${printdetail}</arg>
<doc>Waits until the element ``locator`` is visible.</doc>
<status status="PASS" starttime="20230710 13:06:32.803" endtime="20230710 13:06:32.919"/>
</kw>
<kw name="Click Element" library="SeleniumLibrary">
<arg>${printdetail}</arg>
<doc>Click the element identified by ``locator``.</doc>
<msg timestamp="20230710 13:06:32.921" level="INFO">Clicking element '//*[@id="bulk-actions"]/div/div/a[1]'.</msg>
<status status="PASS" starttime="20230710 13:06:32.920" endtime="20230710 13:06:33.041"/>
</kw>
<kw name="Wait Until Element Is Visible" library="SeleniumLibrary">
<arg>${firstdropcarrier}</arg>
<doc>Waits until the element ``locator`` is visible.</doc>
<status status="PASS" starttime="20230710 13:06:33.041" endtime="20230710 13:06:33.084"/>
</kw>
[...]
</kw>
<kw name="Wait Until Element Is Visible" library="SeleniumLibrary">
<arg>${packing}</arg>
<doc>Waits until the element ``locator`` is visible.</doc>
<status status="PASS" starttime="20230710 13:15:11.155" endtime="20230710 13:15:11.502"/>
</kw>
<kw name="Click Element" library="SeleniumLibrary">
<arg>${packing}</arg>
<doc>Click the element identified by ``locator``.</doc>
<msg timestamp="20230710 13:15:11.503" level="INFO">Clicking element '//html/body/section/div[2]/div[4]/div[4]/div/div[1]/div[2]/div[1]/ul/li[2]/a'.</msg>
<status status="PASS" starttime="20230710 13:15:11.502" endtime="20230710 13:15:16.243"/>
</kw>
<kw name="Sleep" library="BuiltIn">
<arg>2s</arg>
<doc>Pauses the test executed for the given time.</doc>
<msg timestamp="20230710 13:15:18.244" level="INFO">Slept 2 seconds</msg>
<status status="PASS" starttime="20230710 13:15:16.244" endtime="20230710 13:15:18.244"/>
</kw>
<kw name="Wait Until Element Is Visible" library="SeleniumLibrary">
<arg>${packingcheckbox}</arg>
<doc>Waits until the element ``locator`` is visible.</doc>
<status status="PASS" starttime="20230710 13:15:18.245" endtime="20230710 13:15:18.284"/>
</kw>
<kw name="Click Element" library="SeleniumLibrary">
<arg>${packingcheckbox}</arg>
<doc>Click the element identified by ``locator``.</doc>
<msg timestamp="20230710 13:15:18.286" level="INFO">Clicking element '//html/body/section/div[2]/div[4]/div[4]/div/div[1]/div[2]/div[3]/div[1]/div/div/div/table/tbody/tr[1]/td[1]'.</msg>
<status status="PASS" starttime="20230710 13:15:18.285" endtime="20230710 13:15:18.471"/>
</kw>
<kw name="Wait Until Element Is Visible" library="SeleniumLibrary">
<arg>${print}</arg>
<doc>Waits until the element ``locator`` is visible.</doc>
<status status="PASS" starttime="20230710 13:15:18.471" endtime="20230710 13:15:18.518"/>
</kw>
<kw name="Click Element" library="SeleniumLibrary">
<arg>${print}</arg>
<doc>Click the element identified by ``locator``.</doc>
<msg timestamp="20230710 13:15:18.520" level="INFO">Clicking element '//*[@id="bulk-actions"]/div/button[3]'.</msg>
<status status="PASS" starttime="20230710 13:15:18.518" endtime="20230710 13:15:18.618"/>
</kw>
<kw name="Wait Until Element Is Visible" library="SeleniumLibrary">
<arg>${printdetail}</arg>
<doc>Waits until the element ``locator`` is visible.</doc>
<status status="PASS" starttime="20230710 13:15:18.618" endtime="20230710 13:15:18.667"/>
</kw>
<kw name="Click Element" library="SeleniumLibrary">
<arg>${printdetail}</arg>
<doc>Click the element identified by ``locator``.</doc>
<msg timestamp="20230710 13:15:18.668" level="INFO">Clicking element '//*[@id="bulk-actions"]/div/div/a[1]'.</msg>
<status status="PASS" starttime="20230710 13:15:18.667" endtime="20230710 13:15:18.785"/>
</kw>
<kw name="Wait Until Element Is Visible" library="SeleniumLibrary">
<arg>${firstdropcarrier}</arg>
<doc>Waits until the element ``locator`` is visible.</doc>
<status status="PASS" starttime="20230710 13:15:18.785" endtime="20230710 13:15:18.830"/>
</kw>
<kw name="Click Element" library="SeleniumLibrary">
<arg>${firstdropcarrier}</arg>
<doc>Click the element identified by ``locator``.</doc>
<msg timestamp="20230710 13:15:18.831" level="INFO">Clicking element '//*[@id="dropCarrier"]/div/a'.</msg>
<status status="PASS" starttime="20230710 13:15:18.831" endtime="20230710 13:15:19.152"/>
</kw>
<kw name="Sleep" library="BuiltIn">
<arg>3s</arg>
<doc>Pauses the test executed for the given time.</doc>
<msg timestamp="20230710 13:15:22.154" level="INFO">Slept 3 seconds</msg>
<status status="PASS" starttime="20230710 13:15:19.153" endtime="20230710 13:15:22.154"/>
</kw>
<kw name="Get Window Handles" library="SeleniumLibrary">
<var>${windows}</var>
<doc>Returns all child window handles of the selected browser as a list.</doc>
<msg timestamp="20230710 13:15:22.165" level="INFO">${windows} = ['17A9F4736ED342080208F6A5B39FFB03', '48712CD50F728DA67D1ED4BB482B8EEE']</msg>
<status status="PASS" starttime="20230710 13:15:22.154" endtime="20230710 13:15:22.165"/>
</kw>
<kw name="Switch Window" library="SeleniumLibrary">
<arg>${windows}[1]</arg>
<doc>Switches to browser window matching ``locator``.</doc>
<status status="PASS" starttime="20230710 13:15:22.165" endtime="20230710 13:15:22.256"/>
</kw>
<kw name="Sleep" library="BuiltIn">
<arg>10s</arg>
<doc>Pauses the test executed for the given time.</doc>
<msg timestamp="20230710 13:15:32.257" level="INFO">Slept 10 seconds</msg>
<status status="PASS" starttime="20230710 13:15:22.256" endtime="20230710 13:15:32.257"/>
</kw>
<kw name="Capture Page Screenshot" library="SeleniumLibrary">
<doc>Takes a screenshot of the current page and embeds it into a log file.</doc>
<msg timestamp="20230710 13:15:32.397" level="INFO" html="true">&lt;/td&gt;&lt;/tr&gt;&lt;tr&gt;&lt;td colspan="3"&gt;&lt;a href="selenium-screenshot-46.png"&gt;&lt;img src="selenium-screenshot-46.png" width="800px"&gt;&lt;/a&gt;</msg>
<status status="PASS" starttime="20230710 13:15:32.257" endtime="20230710 13:15:32.398"/>
</kw>
<kw name="Sleep" library="BuiltIn">
<arg>5s</arg>
<doc>Pauses the test executed for the given time.</doc>
<msg timestamp="20230710 13:15:37.399" level="INFO">Slept 5 seconds</msg>
<status status="PASS" starttime="20230710 13:15:32.398" endtime="20230710 13:15:37.399"/>
</kw>
<kw name="Close Window" library="SeleniumLibrary">
<doc>Closes currently opened and selected browser window/tab.</doc>
<status status="PASS" starttime="20230710 13:15:37.399" endtime="20230710 13:15:37.455"/>
</kw>
<kw name="Sleep" library="BuiltIn">
<arg>2s</arg>
<doc>Pauses the test executed for the given time.</doc>
<msg timestamp="20230710 13:15:39.456" level="INFO">Slept 2 seconds</msg>
<status status="PASS" starttime="20230710 13:15:37.456" endtime="20230710 13:15:39.456"/>
</kw>
<kw name="Switch Window" library="SeleniumLibrary">
<arg>${windows}[0]</arg>
<doc>Switches to browser window matching ``locator``.</doc>
<status status="PASS" starttime="20230710 13:15:39.457" endtime="20230710 13:15:39.475"/>
</kw>
<kw name="Sleep" library="BuiltIn">
<arg>2s</arg>
<doc>Pauses the test executed for the given time.</doc>
<msg timestamp="20230710 13:15:41.476" level="INFO">Slept 2 seconds</msg>
<status status="PASS" starttime="20230710 13:15:39.475" endtime="20230710 13:15:41.476"/>
</kw>
<kw name="Wait Until Element Is Visible" library="SeleniumLibrary">
<arg>${settingmenu}</arg>
<doc>Waits until the element ``locator`` is visible.</doc>
<status status="PASS" starttime="20230710 13:15:41.476" endtime="20230710 13:15:41.523"/>
</kw>
<kw name="Click Element" library="SeleniumLibrary">
<arg>${settingmenu}</arg>
<doc>Click the element identified by ``locator``.</doc>
<msg timestamp="20230710 13:15:41.525" level="INFO">Clicking element '//html/body/section/div[2]/div[2]/div[2]/div/ul/li[17]/a'.</msg>
<status status="PASS" starttime="20230710 13:15:41.524" endtime="20230710 13:15:41.750"/>
</kw>
<kw name="Sleep" library="BuiltIn">
<arg>2s</arg>
<doc>Pauses the test executed for the given time.</doc>
<msg timestamp="20230710 13:15:43.751" level="INFO">Slept 2 seconds</msg>
<status status="PASS" starttime="20230710 13:15:41.750" endtime="20230710 13:15:43.751"/>
</kw>
<kw name="Click Element" library="SeleniumLibrary">
<arg>${settingshipdetail}</arg>
<doc>Click the element identified by ``locator``.</doc>
<msg timestamp="20230710 13:15:43.752" level="INFO">Clicking element '//html/body/section/div[2]/div[4]/div[4]/div/div/div/div[6]/div[2]/div/ul/li[1]'.</msg>
<status status="PASS" starttime="20230710 13:15:43.751" endtime="20230710 13:15:43.905"/>
</kw>
<kw name="Sleep" library="BuiltIn">
<arg>10s</arg>
<doc>Pauses the test executed for the given time.</doc>
<msg timestamp="20230710 13:15:53.906" level="INFO">Slept 10 seconds</msg>
<status status="PASS" starttime="20230710 13:15:43.905" endtime="20230710 13:15:53.906"/>
</kw>
<kw name="Mouse Over" library="SeleniumLibrary">
<arg>${makedefaultflash5}</arg>
<doc>Simulates hovering the mouse over the element ``locator``.</doc>
<msg timestamp="20230710 13:15:53.907" level="INFO">Simulating Mouse Over on element '//html/body/section/div[2]/div[4]/div[4]/div/div/div[2]/div[3]/div/div[2]/div[5]/div/div[1]/div[2]/div'.</msg>
<status status="PASS" starttime="20230710 13:15:53.906" endtime="20230710 13:15:54.266"/>
</kw>
<kw name="Sleep" library="BuiltIn">
<arg>2s</arg>
<doc>Pauses the test executed for the given time.</doc>
<msg timestamp="20230710 13:15:56.267" level="INFO">Slept 2 seconds</msg>
<status status="PASS" starttime="20230710 13:15:54.266" endtime="20230710 13:15:56.267"/>
</kw>
<kw name="Click Element" library="SeleniumLibrary">
<arg>${makedefaultflash5}</arg>
<doc>Click the element identified by ``locator``.</doc>
<msg timestamp="20230710 13:15:56.268" level="INFO">Clicking element '//html/body/section/div[2]/div[4]/div[4]/div/div/div[2]/div[3]/div/div[2]/div[5]/div/div[1]/div[2]/div'.</msg>
<status status="PASS" starttime="20230710 13:15:56.267" endtime="20230710 13:15:56.434"/>
</kw>
<kw name="Sleep" library="BuiltIn">
<arg>3s</arg>
<doc>Pauses the test executed for the given time.</doc>
<msg timestamp="20230710 13:15:59.436" level="INFO">Slept 3 seconds</msg>
<status status="PASS" starttime="20230710 13:15:56.435" endtime="20230710 13:15:59.436"/>
</kw>
<kw name="Wait Until Element Is Visible" library="SeleniumLibrary">
<arg>${confirmbutton}</arg>
<doc>Waits until the element ``locator`` is visible.</doc>
<status status="PASS" starttime="20230710 13:15:59.436" endtime="20230710 13:15:59.488"/>
</kw>
<kw name="Click Element" library="SeleniumLibrary">
<arg>${confirmbutton}</arg>
<doc>Click the element identified by ``locator``.</doc>
<msg timestamp="20230710 13:15:59.489" level="INFO">Clicking element '//html/body/div[2]/div/div[6]/button[1]'.</msg>
<status status="PASS" starttime="20230710 13:15:59.488" endtime="20230710 13:15:59.626"/>
</kw>
<kw name="Sleep" library="BuiltIn">
<arg>10s</arg>
<doc>Pauses the test executed for the given time.</doc>
<msg timestamp="20230710 13:16:09.627" level="INFO">Slept 10 seconds</msg>
<status status="PASS" starttime="20230710 13:15:59.626" endtime="20230710 13:16:09.627"/>
</kw>
<status status="PASS" starttime="20230710 13:15:03.853" endtime="20230710 13:16:09.628"/>
</kw>
<kw name="Flash Shipment 5" library="resource">
<kw name="Sleep" library="BuiltIn">
<arg>5s</arg>
<doc>Pauses the test executed for the given time.</doc>
<msg timestamp="20230710 13:16:14.629" level="INFO">Slept 5 seconds</msg>
<status status="PASS" starttime="20230710 13:16:09.628" endtime="20230710 13:16:14.629"/>
</kw>
<kw name="Wait Until Element Is Visible" library="SeleniumLibrary">
<arg>${shipmentmenu}</arg>
<doc>Waits until the element ``locator`` is visible.</doc>
<msg timestamp="20230710 13:16:34.963" level="INFO" html="true">&lt;/td&gt;&lt;/tr&gt;&lt;tr&gt;&lt;td colspan="3"&gt;&lt;a href="selenium-screenshot-47.png"&gt;&lt;img src="selenium-screenshot-47.png" width="800px"&gt;&lt;/a&gt;</msg>
<msg timestamp="20230710 13:16:34.963" level="FAIL">Element '//html/body/section/div[2]/div[2]/div[2]/div/ul/li[5]' not visible after 20 seconds.</msg>
<status status="FAIL" starttime="20230710 13:16:14.629" endtime="20230710 13:16:34.964"/>
</kw>
<kw name="Click Element" library="SeleniumLibrary">
<arg>${shipmentmenu}</arg>
<doc>Click the element identified by ``locator``.</doc>
<status status="NOT RUN" starttime="20230710 13:16:34.965" endtime="20230710 13:16:34.965"/>
</kw>
<kw name="Sleep" library="BuiltIn">
<arg>2s</arg>
<doc>Pauses the test executed for the given time.</doc>
<status status="NOT RUN" starttime="20230710 13:16:34.965" endtime="20230710 13:16:34.965"/>
</kw>
<kw name="Wait Until Element Is Visible" library="SeleniumLibrary">
<arg>${packing}</arg>
<doc>Waits until the element ``locator`` is visible.</doc>
<status status="NOT RUN" starttime="20230710 13:16:34.965" endtime="20230710 13:16:34.965"/>
</kw>
<kw name="Click Element" library="SeleniumLibrary">
<arg>${packing}</arg>
<doc>Click the element identified by ``locator``.</doc>
<status status="NOT RUN" starttime="20230710 13:16:34.965" endtime="20230710 13:16:34.965"/>
</kw>
<kw name="Sleep" library="BuiltIn">
<arg>2s</arg>
<doc>Pauses the test executed for the given time.</doc>
<status status="NOT RUN" starttime="20230710 13:16:34.965" endtime="20230710 13:16:34.965"/>
</kw>
<kw name="Wait Until Element Is Visible" library="SeleniumLibrary">
<arg>${packingcheckbox}</arg>
<doc>Waits until the element ``locator`` is visible.</doc>
<status status="NOT RUN" starttime="20230710 13:16:34.965" endtime="20230710 13:16:34.965"/>
</kw>
<kw name="Click Element" library="SeleniumLibrary">
<arg>${packingcheckbox}</arg>
<doc>Click the element identified by ``locator``.</doc>
<status status="NOT RUN" starttime="20230710 13:16:34.965" endtime="20230710 13:16:34.965"/>
</kw>
<kw name="Wait Until Element Is Visible" library="SeleniumLibrary">
<arg>${print}</arg>
<doc>Waits until the element ``locator`` is visible.</doc>
<status status="NOT RUN" starttime="20230710 13:16:34.966" endtime="20230710 13:16:34.966"/>
</kw>
<kw name="Click Element" library="SeleniumLibrary">
<arg>${print}</arg>
<doc>Click the element identified by ``locator``.</doc>
<status status="NOT RUN" starttime="20230710 13:16:34.966" endtime="20230710 13:16:34.966"/>
</kw>
<kw name="Wait Until Element Is Visible" library="SeleniumLibrary">
<arg>${printdetail}</arg>
<doc>Waits until the element ``locator`` is visible.</doc>
<status status="NOT RUN" starttime="20230710 13:16:34.966" endtime="20230710 13:16:34.966"/>
</kw>
<kw name="Click Element" library="SeleniumLibrary">
<arg>${printdetail}</arg>
<doc>Click the element identified by ``locator``.</doc>
<status status="NOT RUN" starttime="20230710 13:16:34.966" endtime="20230710 13:16:34.966"/>
</kw>
<kw name="Wait Until Element Is Visible" library="SeleniumLibrary">
<arg>${firstdropcarrier}</arg>
<doc>Waits until the element ``locator`` is visible.</doc>
<status status="NOT RUN" starttime="20230710 13:16:34.966" endtime="20230710 13:16:34.966"/>
</kw>
<kw name="Click Element" library="SeleniumLibrary">
<arg>${firstdropcarrier}</arg>
<doc>Click the element identified by ``locator``.</doc>
<status status="NOT RUN" starttime="20230710 13:16:34.966" endtime="20230710 13:16:34.966"/>
</kw>
<kw name="Sleep" library="BuiltIn">
<arg>3s</arg>
<doc>Pauses the test executed for the given time.</doc>
<status status="NOT RUN" starttime="20230710 13:16:34.967" endtime="20230710 13:16:34.967"/>
</kw>
<kw name="Get Window Handles" library="SeleniumLibrary">
<var>${windows}</var>
<doc>Returns all child window handles of the selected browser as a list.</doc>
<status status="NOT RUN" starttime="20230710 13:16:34.967" endtime="20230710 13:16:34.967"/>
</kw>
<kw name="Switch Window" library="SeleniumLibrary">
<arg>${windows}[1]</arg>
<doc>Switches to browser window matching ``locator``.</doc>
<status status="NOT RUN" starttime="20230710 13:16:34.967" endtime="20230710 13:16:34.967"/>
</kw>
<kw name="Sleep" library="BuiltIn">
<arg>10s</arg>
<doc>Pauses the test executed for the given time.</doc>
<status status="NOT RUN" starttime="20230710 13:16:34.967" endtime="20230710 13:16:34.967"/>
</kw>
<kw name="Capture Page Screenshot" library="SeleniumLibrary">
<doc>Takes a screenshot of the current page and embeds it into a log file.</doc>
<status status="NOT RUN" starttime="20230710 13:16:34.968" endtime="20230710 13:16:34.968"/>
</kw>
<kw name="Sleep" library="BuiltIn">
<arg>5s</arg>
<doc>Pauses the test executed for the given time.</doc>
<status status="NOT RUN" starttime="20230710 13:16:34.968" endtime="20230710 13:16:34.968"/>
</kw>
<kw name="Close Window" library="SeleniumLibrary">
<doc>Closes currently opened and selected browser window/tab.</doc>
<status status="NOT RUN" starttime="20230710 13:16:34.968" endtime="20230710 13:16:34.968"/>
</kw>
<kw name="Sleep" library="BuiltIn">
<arg>2s</arg>
<doc>Pauses the test executed for the given time.</doc>
<status status="NOT RUN" starttime="20230710 13:16:34.968" endtime="20230710 13:16:34.968"/>
</kw>
<kw name="Switch Window" library="SeleniumLibrary">
<arg>${windows}[0]</arg>
<doc>Switches to browser window matching ``locator``.</doc>
<status status="NOT RUN" starttime="20230710 13:16:34.968" endtime="20230710 13:16:34.968"/>
</kw>
<kw name="Sleep" library="BuiltIn">
<arg>2s</arg>
<doc>Pauses the test executed for the given time.</doc>
<status status="NOT RUN" starttime="20230710 13:16:34.968" endtime="20230710 13:16:34.968"/>
</kw>
<kw name="Wait Until Element Is Visible" library="SeleniumLibrary">
<arg>${settingmenu}</arg>
<doc>Waits until the element ``locator`` is visible.</doc>
<status status="NOT RUN" starttime="20230710 13:16:34.968" endtime="20230710 13:16:34.969"/>
</kw>
<kw name="Click Element" library="SeleniumLibrary">
<arg>${settingmenu}</arg>
<doc>Click the element identified by ``locator``.</doc>
<status status="NOT RUN" starttime="20230710 13:16:34.969" endtime="20230710 13:16:34.969"/>
</kw>
<kw name="Sleep" library="BuiltIn">
<arg>2s</arg>
<doc>Pauses the test executed for the given time.</doc>
<status status="NOT RUN" starttime="20230710 13:16:34.969" endtime="20230710 13:16:34.969"/>
</kw>
<kw name="Click Element" library="SeleniumLibrary">
<arg>${settingshipdetail}</arg>
<doc>Click the element identified by ``locator``.</doc>
<status status="NOT RUN" starttime="20230710 13:16:34.969" endtime="20230710 13:16:34.969"/>
</kw>
<kw name="Sleep" library="BuiltIn">
<arg>10s</arg>
<doc>Pauses the test executed for the given time.</doc>
<status status="NOT RUN" starttime="20230710 13:16:34.969" endtime="20230710 13:16:34.969"/>
</kw>
<kw name="Mouse Over" library="SeleniumLibrary">
<arg>${makedefaultflash1}</arg>
<doc>Simulates hovering the mouse over the element ``locator``.</doc>
<status status="NOT RUN" starttime="20230710 13:16:34.969" endtime="20230710 13:16:34.969"/>
</kw>
<kw name="Sleep" library="BuiltIn">
<arg>2s</arg>
<doc>Pauses the test executed for the given time.</doc>
<status status="NOT RUN" starttime="20230710 13:16:34.969" endtime="20230710 13:16:34.969"/>
</kw>
<kw name="Click Element" library="SeleniumLibrary">
<arg>${makedefaultflash1}</arg>
<doc>Click the element identified by ``locator``.</doc>
<status status="NOT RUN" starttime="20230710 13:16:34.969" endtime="20230710 13:16:34.969"/>
</kw>
<kw name="Sleep" library="BuiltIn">
<arg>3s</arg>
<doc>Pauses the test executed for the given time.</doc>
<status status="NOT RUN" starttime="20230710 13:16:34.969" endtime="20230710 13:16:34.969"/>
</kw>
<kw name="Wait Until Element Is Visible" library="SeleniumLibrary">
<arg>${confirmbutton}</arg>
<doc>Waits until the element ``locator`` is visible.</doc>
<status status="NOT RUN" starttime="20230710 13:16:34.969" endtime="20230710 13:16:34.969"/>
</kw>
<kw name="Click Element" library="SeleniumLibrary">
<arg>${confirmbutton}</arg>
<doc>Click the element identified by ``locator``.</doc>
<status status="NOT RUN" starttime="20230710 13:16:34.970" endtime="20230710 13:16:34.970"/>
</kw>
<kw name="Sleep" library="BuiltIn">
<arg>10s</arg>
<doc>Pauses the test executed for the given time.</doc>
<status status="NOT RUN" starttime="20230710 13:16:34.970" endtime="20230710 13:16:34.970"/>
</kw>
<status status="FAIL" starttime="20230710 13:16:09.628" endtime="20230710 13:16:34.970"/>
</kw>
<kw name="Packing" library="resource">
<status status="NOT RUN" starttime="20230710 13:16:34.970" endtime="20230710 13:16:34.971"/>
</kw>
<status status="FAIL" starttime="20230710 13:11:57.488" endtime="20230710 13:16:34.971">Element '//html/body/section/div[2]/div[2]/div[2]/div/ul/li[5]' not visible after 20 seconds.</status>
</test>
<status status="FAIL" starttime="20230710 13:00:02.112" endtime="20230710 13:16:34.973"/>
</suite>
<statistics>
<total>
<stat pass="12" fail="1" skip="0">All Tests</stat>
</total>
<tag>
</tag>
<suite>
<stat pass="12" fail="1" skip="0" id="s1" name="Fullflow">Fullflow</stat>
</suite>
</statistics>
<errors>
</errors>
</robot>
