<?xml version="1.0" encoding="UTF-8"?>
<robot generator="Robot 6.0.2 (Python 3.10.7 on linux)" generated="20230802 16:30:02.489" rpa="false" schemaversion="3">
<suite id="s1" name="Salepage1" source="/home/automatetest/Desktop/winwinwin/salepage1.robot">
<test id="s1-t1" name="Login Dev Env" line="30">
<kw name="Login">
<kw name="Open Browser" library="SeleniumLibrary">
<arg>${urlprod}</arg>
<arg>chrome</arg>
<doc>Opens a new browser instance to the optional ``url``.</doc>
<msg timestamp="20230802 16:30:02.863" level="INFO">Opening browser 'chrome' to base url 'https://gosaas.app/login'.</msg>
<status status="PASS" starttime="20230802 16:30:02.862" endtime="20230802 16:30:07.759"/>
</kw>
<kw name="Element Should Be Visible" library="SeleniumLibrary">
<arg>${email}</arg>
<doc>Verifies that the element identified by ``locator`` is visible.</doc>
<msg timestamp="20230802 16:30:07.815" level="INFO">Element '//*[@id="LoginForm"]/div[1]/input' is displayed.</msg>
<status status="PASS" starttime="20230802 16:30:07.760" endtime="20230802 16:30:07.815"/>
</kw>
<kw name="Input Text" library="SeleniumLibrary">
<arg>${email}</arg>
<arg>thanawin@atcreative.co.th</arg>
<doc>Types the given ``text`` into the text field identified by ``locator``.</doc>
<msg timestamp="20230802 16:30:07.816" level="INFO">Typing text 'thanawin@atcreative.co.th' into text field '//*[@id="LoginForm"]/div[1]/input'.</msg>
<status status="PASS" starttime="20230802 16:30:07.815" endtime="20230802 16:30:08.078"/>
</kw>
<kw name="Element Should Be Visible" library="SeleniumLibrary">
<arg>${password}</arg>
<doc>Verifies that the element identified by ``locator`` is visible.</doc>
<msg timestamp="20230802 16:30:08.136" level="INFO">Element '//*[@id="LoginForm"]/div[2]/input' is displayed.</msg>
<status status="PASS" starttime="20230802 16:30:08.078" endtime="20230802 16:30:08.136"/>
</kw>
<kw name="Input Text" library="SeleniumLibrary">
<arg>${password}</arg>
<arg>!@#Win123</arg>
<doc>Types the given ``text`` into the text field identified by ``locator``.</doc>
<msg timestamp="20230802 16:30:08.137" level="INFO">Typing text '!@#Win123' into text field '//*[@id="LoginForm"]/div[2]/input'.</msg>
<status status="PASS" starttime="20230802 16:30:08.136" endtime="20230802 16:30:08.352"/>
</kw>
<kw name="Element Should Be Visible" library="SeleniumLibrary">
<arg>${loginbutton}</arg>
<doc>Verifies that the element identified by ``locator`` is visible.</doc>
<msg timestamp="20230802 16:30:08.394" level="INFO">Element '//*[@id="LoginForm"]/div[4]/button' is displayed.</msg>
<status status="PASS" starttime="20230802 16:30:08.352" endtime="20230802 16:30:08.394"/>
</kw>
<kw name="Click Element" library="SeleniumLibrary">
<arg>${loginbutton}</arg>
<doc>Click the element identified by ``locator``.</doc>
<msg timestamp="20230802 16:30:08.395" level="INFO">Clicking element '//*[@id="LoginForm"]/div[4]/button'.</msg>
<status status="PASS" starttime="20230802 16:30:08.394" endtime="20230802 16:30:08.519"/>
</kw>
<kw name="Wait Until Element Is Visible" library="SeleniumLibrary">
<arg>${winwinwinshop}</arg>
<doc>Waits until the element ``locator`` is visible.</doc>
<status status="PASS" starttime="20230802 16:30:08.519" endtime="20230802 16:30:18.404"/>
</kw>
<status status="PASS" starttime="20230802 16:30:02.861" endtime="20230802 16:30:18.404"/>
</kw>
<status status="PASS" starttime="20230802 16:30:02.860" endtime="20230802 16:30:18.404"/>
</test>
<test id="s1-t2" name="Click shop" line="33">
<kw name="Click Shop">
<kw name="Sleep" library="BuiltIn">
<arg>4s</arg>
<doc>Pauses the test executed for the given time.</doc>
<msg timestamp="20230802 16:30:22.407" level="INFO">Slept 4 seconds</msg>
<status status="PASS" starttime="20230802 16:30:18.406" endtime="20230802 16:30:22.407"/>
</kw>
<kw name="Wait Until Element Is Visible" library="SeleniumLibrary">
<arg>${winwinwinshop}</arg>
<doc>Waits until the element ``locator`` is visible.</doc>
<status status="PASS" starttime="20230802 16:30:22.407" endtime="20230802 16:30:22.438"/>
</kw>
<kw name="Click Element" library="SeleniumLibrary">
<arg>${winwinwinshop}</arg>
<doc>Click the element identified by ``locator``.</doc>
<msg timestamp="20230802 16:30:22.439" level="INFO">Clicking element '//*[contains(text(), "automatetest")]'.</msg>
<status status="PASS" starttime="20230802 16:30:22.438" endtime="20230802 16:30:22.556"/>
</kw>
<kw name="Wait Until Element Is Visible" library="SeleniumLibrary">
<arg>${confirmbutton}</arg>
<doc>Waits until the element ``locator`` is visible.</doc>
<status status="PASS" starttime="20230802 16:30:22.557" endtime="20230802 16:30:24.986"/>
</kw>
<kw name="Click Element" library="SeleniumLibrary">
<arg>${confirmbutton}</arg>
<doc>Click the element identified by ``locator``.</doc>
<msg timestamp="20230802 16:30:24.987" level="INFO">Clicking element '//html/body/div[2]/div/div[6]/button[1]'.</msg>
<status status="PASS" starttime="20230802 16:30:24.986" endtime="20230802 16:30:25.082"/>
</kw>
<kw name="Sleep" library="BuiltIn">
<arg>10s</arg>
<doc>Pauses the test executed for the given time.</doc>
<msg timestamp="20230802 16:30:35.083" level="INFO">Slept 10 seconds</msg>
<status status="PASS" starttime="20230802 16:30:25.083" endtime="20230802 16:30:35.084"/>
</kw>
<kw name="Get Element Count" library="SeleniumLibrary">
<var>${p}</var>
<arg>${confirmpack}</arg>
<doc>Returns the number of elements matching ``locator``.</doc>
<msg timestamp="20230802 16:30:35.106" level="INFO">${p} = 0</msg>
<status status="PASS" starttime="20230802 16:30:35.084" endtime="20230802 16:30:35.106"/>
</kw>
<kw name="Run Keyword If" library="BuiltIn">
<arg>${p}&gt;0</arg>
<arg>Click pack</arg>
<doc>Runs the given keyword with the given arguments, if ``condition`` is true.</doc>
<status status="PASS" starttime="20230802 16:30:35.106" endtime="20230802 16:30:35.107"/>
</kw>
<kw name="Sleep" library="BuiltIn">
<arg>3s</arg>
<doc>Pauses the test executed for the given time.</doc>
<msg timestamp="20230802 16:30:38.107" level="INFO">Slept 3 seconds</msg>
<status status="PASS" starttime="20230802 16:30:35.107" endtime="20230802 16:30:38.108"/>
</kw>
<kw name="Get Element Count" library="SeleniumLibrary">
<var>${c}</var>
<arg>${announcementconfirm}</arg>
<doc>Returns the number of elements matching ``locator``.</doc>
<msg timestamp="20230802 16:30:38.130" level="INFO">${c} = 0</msg>
<status status="PASS" starttime="20230802 16:30:38.108" endtime="20230802 16:30:38.130"/>
</kw>
<kw name="Run Keyword If" library="BuiltIn">
<arg>${c}&gt;0</arg>
<arg>Click announcement</arg>
<doc>Runs the given keyword with the given arguments, if ``condition`` is true.</doc>
<status status="PASS" starttime="20230802 16:30:38.130" endtime="20230802 16:30:38.131"/>
</kw>
<status status="PASS" starttime="20230802 16:30:18.406" endtime="20230802 16:30:38.131"/>
</kw>
<status status="PASS" starttime="20230802 16:30:18.405" endtime="20230802 16:30:38.131"/>
</test>
<test id="s1-t3" name="Open Upsale" line="36">
<kw name="Upsale" library="resource">
<kw name="Sleep" library="BuiltIn">
<arg>3s</arg>
<doc>Pauses the test executed for the given time.</doc>
<msg timestamp="20230802 16:30:41.134" level="INFO">Slept 3 seconds</msg>
<status status="PASS" starttime="20230802 16:30:38.133" endtime="20230802 16:30:41.134"/>
</kw>
<kw name="Wait Until Element Is Visible" library="SeleniumLibrary">
<arg>${settingmenu}</arg>
<doc>Waits until the element ``locator`` is visible.</doc>
<status status="PASS" starttime="20230802 16:30:41.134" endtime="20230802 16:30:41.181"/>
</kw>
<kw name="Click Element" library="SeleniumLibrary">
<arg>${settingmenu}</arg>
<doc>Click the element identified by ``locator``.</doc>
<msg timestamp="20230802 16:30:41.182" level="INFO">Clicking element '//html/body/section/div[2]/div[2]/div[2]/div/ul/li[17]/a'.</msg>
<msg timestamp="20230802 16:30:42.768" level="INFO" html="true">&lt;/td&gt;&lt;/tr&gt;&lt;tr&gt;&lt;td colspan="3"&gt;&lt;a href="selenium-screenshot-1.png"&gt;&lt;img src="selenium-screenshot-1.png" width="800px"&gt;&lt;/a&gt;</msg>
<msg timestamp="20230802 16:30:42.768" level="FAIL">ElementClickInterceptedException: Message: element click intercepted: Element &lt;a data-v-9784d6c0="" href="/app/settings" class="nav-link actives"&gt;...&lt;/a&gt; is not clickable at point (136, 760). Other element would receive the click: &lt;div data-v-5ff89ffa="" id="announcement" tabindex="-1" class="modal fade show" style="display: block; padding-right: 15px;" aria-modal="true"&gt;...&lt;/div&gt;
  (Session info: chrome=114.0.5735.106)
Stacktrace:
#0 0x557b73d504e3 &lt;unknown&gt;
#1 0x557b73a7fc76 &lt;unknown&gt;
#2 0x557b73ac19d4 &lt;unknown&gt;
#3 0x557b73abfcbd &lt;unknown&gt;
#4 0x557b73abdd2e &lt;unknown&gt;
#5 0x557b73abd10f &lt;unknown&gt;
#6 0x557b73ab21da &lt;unknown&gt;
#7 0x557b73adb012 &lt;unknown&gt;
#8 0x557b73ab1b03 &lt;unknown&gt;
#9 0x557b73adb1de &lt;unknown&gt;
#10 0x557b73af330e &lt;unknown&gt;
#11 0x557b73adade3 &lt;unknown&gt;
#12 0x557b73ab02dd &lt;unknown&gt;
#13 0x557b73ab134e &lt;unknown&gt;
#14 0x557b73d103e4 &lt;unknown&gt;
#15 0x557b73d143d7 &lt;unknown&gt;
#16 0x557b73d1eb20 &lt;unknown&gt;
#17 0x557b73d15023 &lt;unknown&gt;
#18 0x557b73ce31aa &lt;unknown&gt;
#19 0x557b73d396b8 &lt;unknown&gt;
#20 0x557b73d39847 &lt;unknown&gt;
#21 0x557b73d49243 &lt;unknown&gt;
#22 0x7f7c74c90402 &lt;unknown&gt;
</msg>
<status status="FAIL" starttime="20230802 16:30:41.182" endtime="20230802 16:30:42.770"/>
</kw>
<kw name="Sleep" library="BuiltIn">
<arg>3s</arg>
<doc>Pauses the test executed for the given time.</doc>
<status status="NOT RUN" starttime="20230802 16:30:42.771" endtime="20230802 16:30:42.771"/>
</kw>
<kw name="Click Element" library="SeleniumLibrary">
<arg>${openupsale1}</arg>
<doc>Click the element identified by ``locator``.</doc>
<status status="NOT RUN" starttime="20230802 16:30:42.771" endtime="20230802 16:30:42.771"/>
</kw>
<kw name="Sleep" library="BuiltIn">
<arg>5s</arg>
<doc>Pauses the test executed for the given time.</doc>
<status status="NOT RUN" starttime="20230802 16:30:42.771" endtime="20230802 16:30:42.771"/>
</kw>
<kw name="Wait Until Element Is Visible" library="SeleniumLibrary">
<arg>${openupsalebar}</arg>
<doc>Waits until the element ``locator`` is visible.</doc>
<status status="NOT RUN" starttime="20230802 16:30:42.771" endtime="20230802 16:30:42.771"/>
</kw>
<kw name="Click Element" library="SeleniumLibrary">
<arg>${openupsalebar}</arg>
<doc>Click the element identified by ``locator``.</doc>
<status status="NOT RUN" starttime="20230802 16:30:42.771" endtime="20230802 16:30:42.771"/>
</kw>
<kw name="Sleep" library="BuiltIn">
<arg>5s</arg>
<doc>Pauses the test executed for the given time.</doc>
<status status="NOT RUN" starttime="20230802 16:30:42.772" endtime="20230802 16:30:42.772"/>
</kw>
<kw name="Click Element" library="SeleniumLibrary">
<arg>${saveopenupsale}</arg>
<doc>Click the element identified by ``locator``.</doc>
<status status="NOT RUN" starttime="20230802 16:30:42.772" endtime="20230802 16:30:42.772"/>
</kw>
<kw name="Sleep" library="BuiltIn">
<arg>10s</arg>
<doc>Pauses the test executed for the given time.</doc>
<status status="NOT RUN" starttime="20230802 16:30:42.772" endtime="20230802 16:30:42.772"/>
</kw>
<status status="FAIL" starttime="20230802 16:30:38.133" endtime="20230802 16:30:42.772"/>
</kw>
<status status="FAIL" starttime="20230802 16:30:38.132" endtime="20230802 16:30:42.773">ElementClickInterceptedException: Message: element click intercepted: Element &lt;a data-v-9784d6c0="" href="/app/settings" class="nav-link actives"&gt;...&lt;/a&gt; is not clickable at point (136, 760). Other element would receive the click: &lt;div data-v-5ff89ffa="" id="announcement" tabindex="-1" class="modal fade show" style="display: block; padding-right: 15px;" aria-modal="true"&gt;...&lt;/div&gt;
  (Session info: chrome=114.0.5735.106)
Stacktrace:
#0 0x557b73d504e3 &lt;unknown&gt;
#1 0x557b73a7fc76 &lt;unknown&gt;
#2 0x557b73ac19d4 &lt;unknown&gt;
#3 0x557b73abfcbd &lt;unknown&gt;
#4 0x557b73abdd2e &lt;unknown&gt;
#5 0x557b73abd10f &lt;unknown&gt;
#6 0x557b73ab21da &lt;unknown&gt;
#7 0x557b73adb012 &lt;unknown&gt;
#8 0x557b73ab1b03 &lt;unknown&gt;
#9 0x557b73adb1de &lt;unknown&gt;
#10 0x557b73af330e &lt;unknown&gt;
#11 0x557b73adade3 &lt;unknown&gt;
#12 0x557b73ab02dd &lt;unknown&gt;
#13 0x557b73ab134e &lt;unknown&gt;
#14 0x557b73d103e4 &lt;unknown&gt;
#15 0x557b73d143d7 &lt;unknown&gt;
#16 0x557b73d1eb20 &lt;unknown&gt;
#17 0x557b73d15023 &lt;unknown&gt;
#18 0x557b73ce31aa &lt;unknown&gt;
#19 0x557b73d396b8 &lt;unknown&gt;
#20 0x557b73d39847 &lt;unknown&gt;
#21 0x557b73d49243 &lt;unknown&gt;
#22 0x7f7c74c90402 &lt;unknown&gt;
</status>
</test>
<test id="s1-t4" name="Click Salepage" line="39">
<kw name="Click Sale Page" library="resource">
<kw name="Wait Until Element Is Visible" library="SeleniumLibrary">
<arg>${salepagemenu}</arg>
<doc>Waits until the element ``locator`` is visible.</doc>
<status status="PASS" starttime="20230802 16:30:42.775" endtime="20230802 16:30:42.815"/>
</kw>
<kw name="Click Element" library="SeleniumLibrary">
<arg>${salepagemenu}</arg>
<doc>Click the element identified by ``locator``.</doc>
<msg timestamp="20230802 16:30:42.817" level="INFO">Clicking element '//html/body/section/div[2]/div[2]/div[2]/div/ul/li[9]'.</msg>
<msg timestamp="20230802 16:30:44.526" level="INFO" html="true">&lt;/td&gt;&lt;/tr&gt;&lt;tr&gt;&lt;td colspan="3"&gt;&lt;a href="selenium-screenshot-2.png"&gt;&lt;img src="selenium-screenshot-2.png" width="800px"&gt;&lt;/a&gt;</msg>
<msg timestamp="20230802 16:30:44.527" level="FAIL">ElementClickInterceptedException: Message: element click intercepted: Element &lt;li data-v-9784d6c0="" class="nav-item nav-item-submenu"&gt;...&lt;/li&gt; is not clickable at point (136, 445). Other element would receive the click: &lt;div data-v-5ff89ffa="" id="announcement" tabindex="-1" class="modal fade show" style="display: block; padding-right: 15px;" aria-modal="true"&gt;...&lt;/div&gt;
  (Session info: chrome=114.0.5735.106)
Stacktrace:
#0 0x557b73d504e3 &lt;unknown&gt;
#1 0x557b73a7fc76 &lt;unknown&gt;
#2 0x557b73ac19d4 &lt;unknown&gt;
#3 0x557b73abfcbd &lt;unknown&gt;
#4 0x557b73abdd2e &lt;unknown&gt;
#5 0x557b73abd10f &lt;unknown&gt;
#6 0x557b73ab21da &lt;unknown&gt;
#7 0x557b73adb012 &lt;unknown&gt;
#8 0x557b73ab1b03 &lt;unknown&gt;
#9 0x557b73adb1de &lt;unknown&gt;
#10 0x557b73af330e &lt;unknown&gt;
#11 0x557b73adade3 &lt;unknown&gt;
#12 0x557b73ab02dd &lt;unknown&gt;
#13 0x557b73ab134e &lt;unknown&gt;
#14 0x557b73d103e4 &lt;unknown&gt;
#15 0x557b73d143d7 &lt;unknown&gt;
#16 0x557b73d1eb20 &lt;unknown&gt;
#17 0x557b73d15023 &lt;unknown&gt;
#18 0x557b73ce31aa &lt;unknown&gt;
#19 0x557b73d396b8 &lt;unknown&gt;
#20 0x557b73d39847 &lt;unknown&gt;
#21 0x557b73d49243 &lt;unknown&gt;
#22 0x7f7c74c90402 &lt;unknown&gt;
</msg>
<status status="FAIL" starttime="20230802 16:30:42.815" endtime="20230802 16:30:44.527"/>
</kw>
<kw name="Sleep" library="BuiltIn">
<arg>5s</arg>
<doc>Pauses the test executed for the given time.</doc>
<status status="NOT RUN" starttime="20230802 16:30:44.528" endtime="20230802 16:30:44.528"/>
</kw>
<kw name="Wait Until Element Is Visible" library="SeleniumLibrary">
<arg>${salepage}</arg>
<doc>Waits until the element ``locator`` is visible.</doc>
<status status="NOT RUN" starttime="20230802 16:30:44.528" endtime="20230802 16:30:44.528"/>
</kw>
<kw name="Click Element" library="SeleniumLibrary">
<arg>${salepage}</arg>
<doc>Click the element identified by ``locator``.</doc>
<status status="NOT RUN" starttime="20230802 16:30:44.528" endtime="20230802 16:30:44.528"/>
</kw>
<kw name="Sleep" library="BuiltIn">
<arg>5s</arg>
<doc>Pauses the test executed for the given time.</doc>
<status status="NOT RUN" starttime="20230802 16:30:44.528" endtime="20230802 16:30:44.528"/>
</kw>
<status status="FAIL" starttime="20230802 16:30:42.775" endtime="20230802 16:30:44.528"/>
</kw>
<status status="FAIL" starttime="20230802 16:30:42.774" endtime="20230802 16:30:44.529">ElementClickInterceptedException: Message: element click intercepted: Element &lt;li data-v-9784d6c0="" class="nav-item nav-item-submenu"&gt;...&lt;/li&gt; is not clickable at point (136, 445). Other element would receive the click: &lt;div data-v-5ff89ffa="" id="announcement" tabindex="-1" class="modal fade show" style="display: block; padding-right: 15px;" aria-modal="true"&gt;...&lt;/div&gt;
  (Session info: chrome=114.0.5735.106)
Stacktrace:
#0 0x557b73d504e3 &lt;unknown&gt;
#1 0x557b73a7fc76 &lt;unknown&gt;
#2 0x557b73ac19d4 &lt;unknown&gt;
#3 0x557b73abfcbd &lt;unknown&gt;
#4 0x557b73abdd2e &lt;unknown&gt;
#5 0x557b73abd10f &lt;unknown&gt;
#6 0x557b73ab21da &lt;unknown&gt;
#7 0x557b73adb012 &lt;unknown&gt;
#8 0x557b73ab1b03 &lt;unknown&gt;
#9 0x557b73adb1de &lt;unknown&gt;
#10 0x557b73af330e &lt;unknown&gt;
#11 0x557b73adade3 &lt;unknown&gt;
#12 0x557b73ab02dd &lt;unknown&gt;
#13 0x557b73ab134e &lt;unknown&gt;
#14 0x557b73d103e4 &lt;unknown&gt;
#15 0x557b73d143d7 &lt;unknown&gt;
#16 0x557b73d1eb20 &lt;unknown&gt;
#17 0x557b73d15023 &lt;unknown&gt;
#18 0x557b73ce31aa &lt;unknown&gt;
#19 0x557b73d396b8 &lt;unknown&gt;
#20 0x557b73d39847 &lt;unknown&gt;
#21 0x557b73d49243 &lt;unknown&gt;
#22 0x7f7c74c90402 &lt;unknown&gt;
</status>
</test>
<test id="s1-t5" name="Add Salepage" line="42">
<kw name="Add Salepage" library="resource">
<kw name="Wait Until Element Is Visible" library="SeleniumLibrary">
<arg>${addsalepage}</arg>
<doc>Waits until the element ``locator`` is visible.</doc>
<msg timestamp="20230802 16:31:05.032" level="INFO" html="true">&lt;/td&gt;&lt;/tr&gt;&lt;tr&gt;&lt;td colspan="3"&gt;&lt;a href="selenium-screenshot-3.png"&gt;&lt;img src="selenium-screenshot-3.png" width="800px"&gt;&lt;/a&gt;</msg>
<msg timestamp="20230802 16:31:05.033" level="FAIL">Element '//html/body/section/div[2]/div[4]/div[4]/div/div/div[1]/div[2]/div[2]/div[1]/a/button' not visible after 20 seconds.</msg>
<status status="FAIL" starttime="20230802 16:30:44.531" endtime="20230802 16:31:05.033"/>
</kw>
<kw name="Click Element" library="SeleniumLibrary">
<arg>${addsalepage}</arg>
<doc>Click the element identified by ``locator``.</doc>
<status status="NOT RUN" starttime="20230802 16:31:05.033" endtime="20230802 16:31:05.033"/>
</kw>
<kw name="Sleep" library="BuiltIn">
<arg>5s</arg>
<doc>Pauses the test executed for the given time.</doc>
<status status="NOT RUN" starttime="20230802 16:31:05.034" endtime="20230802 16:31:05.034"/>
</kw>
<kw name="Get Window Handles" library="SeleniumLibrary">
<var>${windows}</var>
<doc>Returns all child window handles of the selected browser as a list.</doc>
<status status="NOT RUN" starttime="20230802 16:31:05.034" endtime="20230802 16:31:05.034"/>
</kw>
<kw name="Switch Window" library="SeleniumLibrary">
<arg>${windows}[1]</arg>
<doc>Switches to browser window matching ``locator``.</doc>
<status status="NOT RUN" starttime="20230802 16:31:05.034" endtime="20230802 16:31:05.034"/>
</kw>
<kw name="Sleep" library="BuiltIn">
<arg>5s</arg>
<doc>Pauses the test executed for the given time.</doc>
<status status="NOT RUN" starttime="20230802 16:31:05.034" endtime="20230802 16:31:05.034"/>
</kw>
<kw name="Wait Until Element Is Visible" library="SeleniumLibrary">
<arg>${paymentsetting}</arg>
<doc>Waits until the element ``locator`` is visible.</doc>
<status status="NOT RUN" starttime="20230802 16:31:05.034" endtime="20230802 16:31:05.036"/>
</kw>
<kw name="Click Element" library="SeleniumLibrary">
<arg>${paymentsetting}</arg>
<doc>Click the element identified by ``locator``.</doc>
<status status="NOT RUN" starttime="20230802 16:31:05.037" endtime="20230802 16:31:05.037"/>
</kw>
<kw name="Sleep" library="BuiltIn">
<arg>5s</arg>
<doc>Pauses the test executed for the given time.</doc>
<status status="NOT RUN" starttime="20230802 16:31:05.037" endtime="20230802 16:31:05.037"/>
</kw>
<kw name="Click Element" library="SeleniumLibrary">
<arg>${checkboxtransfer}</arg>
<doc>Click the element identified by ``locator``.</doc>
<status status="NOT RUN" starttime="20230802 16:31:05.037" endtime="20230802 16:31:05.037"/>
</kw>
<kw name="Sleep" library="BuiltIn">
<arg>5s</arg>
<doc>Pauses the test executed for the given time.</doc>
<status status="NOT RUN" starttime="20230802 16:31:05.037" endtime="20230802 16:31:05.038"/>
</kw>
<kw name="Wait Until Element Is Visible" library="SeleniumLibrary">
<arg>${settingsalepage}</arg>
<doc>Waits until the element ``locator`` is visible.</doc>
<status status="NOT RUN" starttime="20230802 16:31:05.038" endtime="20230802 16:31:05.038"/>
</kw>
<kw name="Click Element" library="SeleniumLibrary">
<arg>${settingsalepage}</arg>
<doc>Click the element identified by ``locator``.</doc>
<status status="NOT RUN" starttime="20230802 16:31:05.038" endtime="20230802 16:31:05.038"/>
</kw>
<kw name="Sleep" library="BuiltIn">
<arg>5s</arg>
<doc>Pauses the test executed for the given time.</doc>
<status status="NOT RUN" starttime="20230802 16:31:05.038" endtime="20230802 16:31:05.038"/>
</kw>
<kw name="Wait Until Element Is Visible" library="SeleniumLibrary">
<arg>${salepagename}</arg>
<doc>Waits until the element ``locator`` is visible.</doc>
<status status="NOT RUN" starttime="20230802 16:31:05.038" endtime="20230802 16:31:05.038"/>
</kw>
<kw name="Evaluate" library="BuiltIn">
<var>${random_number}</var>
<arg>random.randint(1000, 9999)</arg>
<doc>Evaluates the given expression in Python and returns the result.</doc>
<status status="NOT RUN" starttime="20230802 16:31:05.038" endtime="20230802 16:31:05.038"/>
</kw>
<kw name="Catenate" library="BuiltIn">
<var>${randomname}</var>
<arg>winwinwin</arg>
<arg>${random_number}</arg>
<doc>Catenates the given items together and returns the resulted string.</doc>
<status status="NOT RUN" starttime="20230802 16:31:05.038" endtime="20230802 16:31:05.038"/>
</kw>
<kw name="Input Text" library="SeleniumLibrary">
<arg>${salepagename}</arg>
<arg>${randomname}</arg>
<doc>Types the given ``text`` into the text field identified by ``locator``.</doc>
<status status="NOT RUN" starttime="20230802 16:31:05.039" endtime="20230802 16:31:05.039"/>
</kw>
<kw name="Sleep" library="BuiltIn">
<arg>5s</arg>
<doc>Pauses the test executed for the given time.</doc>
<status status="NOT RUN" starttime="20230802 16:31:05.039" endtime="20230802 16:31:05.039"/>
</kw>
<kw name="Click Element" library="SeleniumLibrary">
<arg>${1steporder}</arg>
<doc>Click the element identified by ``locator``.</doc>
<status status="NOT RUN" starttime="20230802 16:31:05.039" endtime="20230802 16:31:05.039"/>
</kw>
<kw name="Sleep" library="BuiltIn">
<arg>5s</arg>
<doc>Pauses the test executed for the given time.</doc>
<status status="NOT RUN" starttime="20230802 16:31:05.039" endtime="20230802 16:31:05.039"/>
</kw>
<kw name="Wait Until Element Is Visible" library="SeleniumLibrary">
<arg>${salepageproduct}</arg>
<doc>Waits until the element ``locator`` is visible.</doc>
<status status="NOT RUN" starttime="20230802 16:31:05.039" endtime="20230802 16:31:05.039"/>
</kw>
<kw name="Click Element" library="SeleniumLibrary">
<arg>${salepageproduct}</arg>
<doc>Click the element identified by ``locator``.</doc>
<status status="NOT RUN" starttime="20230802 16:31:05.039" endtime="20230802 16:31:05.040"/>
</kw>
<kw name="Sleep" library="BuiltIn">
<arg>5s</arg>
<doc>Pauses the test executed for the given time.</doc>
<status status="NOT RUN" starttime="20230802 16:31:05.040" endtime="20230802 16:31:05.040"/>
</kw>
<kw name="Wait Until Element Is Visible" library="SeleniumLibrary">
<arg>${firstproduct_salepage}</arg>
<doc>Waits until the element ``locator`` is visible.</doc>
<status status="NOT RUN" starttime="20230802 16:31:05.040" endtime="20230802 16:31:05.040"/>
</kw>
<kw name="Click Element" library="SeleniumLibrary">
<arg>${firstproduct_salepage}</arg>
<doc>Click the element identified by ``locator``.</doc>
<status status="NOT RUN" starttime="20230802 16:31:05.040" endtime="20230802 16:31:05.040"/>
</kw>
<kw name="Sleep" library="BuiltIn">
<arg>5s</arg>
<doc>Pauses the test executed for the given time.</doc>
<status status="NOT RUN" starttime="20230802 16:31:05.040" endtime="20230802 16:31:05.040"/>
</kw>
<kw name="Press Keys" library="SeleniumLibrary">
<arg>xpath=//body</arg>
<arg>\ue00f</arg>
<doc>Simulates the user pressing key(s) to an element or on the active browser.</doc>
<status status="NOT RUN" starttime="20230802 16:31:05.040" endtime="20230802 16:31:05.040"/>
</kw>
<kw name="Sleep" library="BuiltIn">
<arg>2s</arg>
<doc>Pauses the test executed for the given time.</doc>
<status status="NOT RUN" starttime="20230802 16:31:05.041" endtime="20230802 16:31:05.041"/>
</kw>
<kw name="Press Keys" library="SeleniumLibrary">
<arg>xpath=//body</arg>
<arg>\ue00f</arg>
<doc>Simulates the user pressing key(s) to an element or on the active browser.</doc>
<status status="NOT RUN" starttime="20230802 16:31:05.041" endtime="20230802 16:31:05.041"/>
</kw>
<kw name="Sleep" library="BuiltIn">
<arg>2s</arg>
<doc>Pauses the test executed for the given time.</doc>
<status status="NOT RUN" starttime="20230802 16:31:05.041" endtime="20230802 16:31:05.041"/>
</kw>
<kw name="Press Keys" library="SeleniumLibrary">
<arg>xpath=//body</arg>
<arg>\ue00f</arg>
<doc>Simulates the user pressing key(s) to an element or on the active browser.</doc>
<status status="NOT RUN" starttime="20230802 16:31:05.041" endtime="20230802 16:31:05.041"/>
</kw>
<kw name="Sleep" library="BuiltIn">
<arg>2s</arg>
<doc>Pauses the test executed for the given time.</doc>
<status status="NOT RUN" starttime="20230802 16:31:05.041" endtime="20230802 16:31:05.041"/>
</kw>
<kw name="Wait Until Element Is Visible" library="SeleniumLibrary">
<arg>${saveandclose}</arg>
<doc>Waits until the element ``locator`` is visible.</doc>
<status status="NOT RUN" starttime="20230802 16:31:05.041" endtime="20230802 16:31:05.042"/>
</kw>
<kw name="Click Element" library="SeleniumLibrary">
<arg>${saveandclose}</arg>
<doc>Click the element identified by ``locator``.</doc>
<status status="NOT RUN" starttime="20230802 16:31:05.042" endtime="20230802 16:31:05.042"/>
</kw>
<kw name="Sleep" library="BuiltIn">
<arg>20s</arg>
<doc>Pauses the test executed for the given time.</doc>
<status status="NOT RUN" starttime="20230802 16:31:05.042" endtime="20230802 16:31:05.042"/>
</kw>
<kw name="Switch Window" library="SeleniumLibrary">
<arg>${windows}[0]</arg>
<doc>Switches to browser window matching ``locator``.</doc>
<status status="NOT RUN" starttime="20230802 16:31:05.042" endtime="20230802 16:31:05.042"/>
</kw>
<kw name="Reload Page" library="SeleniumLibrary">
<doc>Simulates user reloading page.</doc>
<status status="NOT RUN" starttime="20230802 16:31:05.042" endtime="20230802 16:31:05.042"/>
</kw>
<kw name="Sleep" library="BuiltIn">
<arg>5s</arg>
<doc>Pauses the test executed for the given time.</doc>
<status status="NOT RUN" starttime="20230802 16:31:05.042" endtime="20230802 16:31:05.042"/>
</kw>
<status status="FAIL" starttime="20230802 16:30:44.530" endtime="20230802 16:31:05.043"/>
</kw>
<status status="FAIL" starttime="20230802 16:30:44.530" endtime="20230802 16:31:05.043">Element '//html/body/section/div[2]/div[4]/div[4]/div/div/div[1]/div[2]/div[2]/div[1]/a/button' not visible after 20 seconds.</status>
</test>
<test id="s1-t6" name="Confirm Order cod" line="45">
<kw name="Confirm buy COD" library="resource">
<kw name="Wait Until Element Is Visible" library="SeleniumLibrary">
<arg>${viewsalepage}</arg>
<doc>Waits until the element ``locator`` is visible.</doc>
<msg timestamp="20230802 16:31:25.537" level="INFO" html="true">&lt;/td&gt;&lt;/tr&gt;&lt;tr&gt;&lt;td colspan="3"&gt;&lt;a href="selenium-screenshot-4.png"&gt;&lt;img src="selenium-screenshot-4.png" width="800px"&gt;&lt;/a&gt;</msg>
<msg timestamp="20230802 16:31:25.537" level="FAIL">Element '//*[@id="table-order"]/div/div/div/table/tbody/tr/td[9]/a' not visible after 20 seconds.</msg>
<status status="FAIL" starttime="20230802 16:31:05.045" endtime="20230802 16:31:25.537"/>
</kw>
<kw name="Click Element" library="SeleniumLibrary">
<arg>${viewsalepage}</arg>
<doc>Click the element identified by ``locator``.</doc>
<status status="NOT RUN" starttime="20230802 16:31:25.538" endtime="20230802 16:31:25.538"/>
</kw>
<kw name="Sleep" library="BuiltIn">
<arg>5s</arg>
<doc>Pauses the test executed for the given time.</doc>
<status status="NOT RUN" starttime="20230802 16:31:25.538" endtime="20230802 16:31:25.538"/>
</kw>
<kw name="Get Window Handles" library="SeleniumLibrary">
<var>${windows}</var>
<doc>Returns all child window handles of the selected browser as a list.</doc>
<status status="NOT RUN" starttime="20230802 16:31:25.538" endtime="20230802 16:31:25.538"/>
</kw>
<kw name="Switch Window" library="SeleniumLibrary">
<arg>${windows}[1]</arg>
<doc>Switches to browser window matching ``locator``.</doc>
<status status="NOT RUN" starttime="20230802 16:31:25.538" endtime="20230802 16:31:25.538"/>
</kw>
<kw name="Sleep" library="BuiltIn">
<arg>5s</arg>
<doc>Pauses the test executed for the given time.</doc>
<status status="NOT RUN" starttime="20230802 16:31:25.538" endtime="20230802 16:31:25.538"/>
</kw>
<kw name="Click Element" library="SeleniumLibrary">
<arg>${firstlist}</arg>
<doc>Click the element identified by ``locator``.</doc>
<status status="NOT RUN" starttime="20230802 16:31:25.539" endtime="20230802 16:31:25.539"/>
</kw>
<kw name="Sleep" library="BuiltIn">
<arg>5s</arg>
<doc>Pauses the test executed for the given time.</doc>
<status status="NOT RUN" starttime="20230802 16:31:25.539" endtime="20230802 16:31:25.539"/>
</kw>
<kw name="Click Element" library="SeleniumLibrary">
<arg>${secondlist}</arg>
<doc>Click the element identified by ``locator``.</doc>
<status status="NOT RUN" starttime="20230802 16:31:25.539" endtime="20230802 16:31:25.539"/>
</kw>
<kw name="Sleep" library="BuiltIn">
<arg>5s</arg>
<doc>Pauses the test executed for the given time.</doc>
<status status="NOT RUN" starttime="20230802 16:31:25.539" endtime="20230802 16:31:25.539"/>
</kw>
<kw name="Press Keys" library="SeleniumLibrary">
<arg>xpath=//body</arg>
<arg>\ue00f</arg>
<doc>Simulates the user pressing key(s) to an element or on the active browser.</doc>
<status status="NOT RUN" starttime="20230802 16:31:25.539" endtime="20230802 16:31:25.539"/>
</kw>
<kw name="Sleep" library="BuiltIn">
<arg>2s</arg>
<doc>Pauses the test executed for the given time.</doc>
<status status="NOT RUN" starttime="20230802 16:31:25.539" endtime="20230802 16:31:25.539"/>
</kw>
<kw name="Press Keys" library="SeleniumLibrary">
<arg>xpath=//body</arg>
<arg>\ue00f</arg>
<doc>Simulates the user pressing key(s) to an element or on the active browser.</doc>
<status status="NOT RUN" starttime="20230802 16:31:25.539" endtime="20230802 16:31:25.539"/>
</kw>
<kw name="Sleep" library="BuiltIn">
<arg>2s</arg>
<doc>Pauses the test executed for the given time.</doc>
<status status="NOT RUN" starttime="20230802 16:31:25.540" endtime="20230802 16:31:25.540"/>
</kw>
<kw name="Press Keys" library="SeleniumLibrary">
<arg>xpath=//body</arg>
<arg>\ue00f</arg>
<doc>Simulates the user pressing key(s) to an element or on the active browser.</doc>
<status status="NOT RUN" starttime="20230802 16:31:25.540" endtime="20230802 16:31:25.540"/>
</kw>
<kw name="Sleep" library="BuiltIn">
<arg>5s</arg>
<doc>Pauses the test executed for the given time.</doc>
<status status="NOT RUN" starttime="20230802 16:31:25.540" endtime="20230802 16:31:25.540"/>
</kw>
<kw name="Click Element" library="SeleniumLibrary">
<arg>${clickcod}</arg>
<doc>Click the element identified by ``locator``.</doc>
<status status="NOT RUN" starttime="20230802 16:31:25.540" endtime="20230802 16:31:25.540"/>
</kw>
<kw name="Sleep" library="BuiltIn">
<arg>5s</arg>
<doc>Pauses the test executed for the given time.</doc>
<status status="NOT RUN" starttime="20230802 16:31:25.540" endtime="20230802 16:31:25.540"/>
</kw>
<kw name="Wait Until Element Is Visible" library="SeleniumLibrary">
<arg>${fullname}</arg>
<doc>Waits until the element ``locator`` is visible.</doc>
<status status="NOT RUN" starttime="20230802 16:31:25.540" endtime="20230802 16:31:25.540"/>
</kw>
<kw name="Input Text" library="SeleniumLibrary">
<arg>${fullname}</arg>
<arg>John Cena</arg>
<doc>Types the given ``text`` into the text field identified by ``locator``.</doc>
<status status="NOT RUN" starttime="20230802 16:31:25.540" endtime="20230802 16:31:25.541"/>
</kw>
<kw name="Wait Until Element Is Visible" library="SeleniumLibrary">
<arg>${telephone}</arg>
<doc>Waits until the element ``locator`` is visible.</doc>
<status status="NOT RUN" starttime="20230802 16:31:25.541" endtime="20230802 16:31:25.541"/>
</kw>
<kw name="Input Text" library="SeleniumLibrary">
<arg>${telephone}</arg>
<arg>0924213399</arg>
<doc>Types the given ``text`` into the text field identified by ``locator``.</doc>
<status status="NOT RUN" starttime="20230802 16:31:25.541" endtime="20230802 16:31:25.541"/>
</kw>
<kw name="Wait Until Element Is Visible" library="SeleniumLibrary">
<arg>${address}</arg>
<doc>Waits until the element ``locator`` is visible.</doc>
<status status="NOT RUN" starttime="20230802 16:31:25.541" endtime="20230802 16:31:25.541"/>
</kw>
<kw name="Input Text" library="SeleniumLibrary">
<arg>${address}</arg>
<arg>150</arg>
<doc>Types the given ``text`` into the text field identified by ``locator``.</doc>
<status status="NOT RUN" starttime="20230802 16:31:25.541" endtime="20230802 16:31:25.541"/>
</kw>
<kw name="Wait Until Element Is Visible" library="SeleniumLibrary">
<arg>${subdistrict}</arg>
<doc>Waits until the element ``locator`` is visible.</doc>
<status status="NOT RUN" starttime="20230802 16:31:25.541" endtime="20230802 16:31:25.541"/>
</kw>
<kw name="Input Text" library="SeleniumLibrary">
<arg>${subdistrict}</arg>
<arg>สุรศักดิ์</arg>
<doc>Types the given ``text`` into the text field identified by ``locator``.</doc>
<status status="NOT RUN" starttime="20230802 16:31:25.542" endtime="20230802 16:31:25.542"/>
</kw>
<kw name="Sleep" library="BuiltIn">
<arg>5s</arg>
<doc>Pauses the test executed for the given time.</doc>
<status status="NOT RUN" starttime="20230802 16:31:25.542" endtime="20230802 16:31:25.542"/>
</kw>
<kw name="Click Element" library="SeleniumLibrary">
<arg>${checkoutaddress}</arg>
<doc>Click the element identified by ``locator``.</doc>
<status status="NOT RUN" starttime="20230802 16:31:25.542" endtime="20230802 16:31:25.542"/>
</kw>
<kw name="Sleep" library="BuiltIn">
<arg>5s</arg>
<doc>Pauses the test executed for the given time.</doc>
<status status="NOT RUN" starttime="20230802 16:31:25.542" endtime="20230802 16:31:25.542"/>
</kw>
<kw name="Press Keys" library="SeleniumLibrary">
<arg>xpath=//body</arg>
<arg>\ue00f</arg>
<doc>Simulates the user pressing key(s) to an element or on the active browser.</doc>
<status status="NOT RUN" starttime="20230802 16:31:25.542" endtime="20230802 16:31:25.542"/>
</kw>
<kw name="Sleep" library="BuiltIn">
<arg>5s</arg>
<doc>Pauses the test executed for the given time.</doc>
<status status="NOT RUN" starttime="20230802 16:31:25.542" endtime="20230802 16:31:25.542"/>
</kw>
<kw name="Click Element" library="SeleniumLibrary">
<arg>${orderbuy}</arg>
<doc>Click the element identified by ``locator``.</doc>
<status status="NOT RUN" starttime="20230802 16:31:25.542" endtime="20230802 16:31:25.542"/>
</kw>
<kw name="Sleep" library="BuiltIn">
<arg>5s</arg>
<doc>Pauses the test executed for the given time.</doc>
<status status="NOT RUN" starttime="20230802 16:31:25.543" endtime="20230802 16:31:25.543"/>
</kw>
<kw name="Close Window" library="SeleniumLibrary">
<doc>Closes currently opened and selected browser window/tab.</doc>
<status status="NOT RUN" starttime="20230802 16:31:25.543" endtime="20230802 16:31:25.543"/>
</kw>
<kw name="Sleep" library="BuiltIn">
<arg>5s</arg>
<doc>Pauses the test executed for the given time.</doc>
<status status="NOT RUN" starttime="20230802 16:31:25.543" endtime="20230802 16:31:25.543"/>
</kw>
<kw name="Switch Window" library="SeleniumLibrary">
<arg>${windows}[0]</arg>
<doc>Switches to browser window matching ``locator``.</doc>
<status status="NOT RUN" starttime="20230802 16:31:25.543" endtime="20230802 16:31:25.543"/>
</kw>
<kw name="Sleep" library="BuiltIn">
<arg>10s</arg>
<doc>Pauses the test executed for the given time.</doc>
<status status="NOT RUN" starttime="20230802 16:31:25.543" endtime="20230802 16:31:25.543"/>
</kw>
<status status="FAIL" starttime="20230802 16:31:05.044" endtime="20230802 16:31:25.543"/>
</kw>
<status status="FAIL" starttime="20230802 16:31:05.044" endtime="20230802 16:31:25.544">Element '//*[@id="table-order"]/div/div/div/table/tbody/tr/td[9]/a' not visible after 20 seconds.</status>
</test>
<test id="s1-t7" name="Confirm Order tf" line="48">
<kw name="Confirm buy transfer" library="resource">
<kw name="Wait Until Element Is Visible" library="SeleniumLibrary">
<arg>${viewsalepage}</arg>
<doc>Waits until the element ``locator`` is visible.</doc>
<msg timestamp="20230802 16:31:46.043" level="INFO" html="true">&lt;/td&gt;&lt;/tr&gt;&lt;tr&gt;&lt;td colspan="3"&gt;&lt;a href="selenium-screenshot-5.png"&gt;&lt;img src="selenium-screenshot-5.png" width="800px"&gt;&lt;/a&gt;</msg>
<msg timestamp="20230802 16:31:46.043" level="FAIL">Element '//*[@id="table-order"]/div/div/div/table/tbody/tr/td[9]/a' not visible after 20 seconds.</msg>
<status status="FAIL" starttime="20230802 16:31:25.545" endtime="20230802 16:31:46.043"/>
</kw>
<kw name="Click Element" library="SeleniumLibrary">
<arg>${viewsalepage}</arg>
<doc>Click the element identified by ``locator``.</doc>
<status status="NOT RUN" starttime="20230802 16:31:46.043" endtime="20230802 16:31:46.043"/>
</kw>
<kw name="Sleep" library="BuiltIn">
<arg>2s</arg>
<doc>Pauses the test executed for the given time.</doc>
<status status="NOT RUN" starttime="20230802 16:31:46.043" endtime="20230802 16:31:46.043"/>
</kw>
<kw name="Get Window Handles" library="SeleniumLibrary">
<var>${windows}</var>
<doc>Returns all child window handles of the selected browser as a list.</doc>
<status status="NOT RUN" starttime="20230802 16:31:46.043" endtime="20230802 16:31:46.043"/>
</kw>
<kw name="Switch Window" library="SeleniumLibrary">
<arg>${windows}[1]</arg>
<doc>Switches to browser window matching ``locator``.</doc>
<status status="NOT RUN" starttime="20230802 16:31:46.043" endtime="20230802 16:31:46.044"/>
</kw>
<kw name="Sleep" library="BuiltIn">
<arg>2s</arg>
<doc>Pauses the test executed for the given time.</doc>
<status status="NOT RUN" starttime="20230802 16:31:46.044" endtime="20230802 16:31:46.044"/>
</kw>
<kw name="Click Element" library="SeleniumLibrary">
<arg>${firstlist}</arg>
<doc>Click the element identified by ``locator``.</doc>
<status status="NOT RUN" starttime="20230802 16:31:46.044" endtime="20230802 16:31:46.044"/>
</kw>
<kw name="Sleep" library="BuiltIn">
<arg>2s</arg>
<doc>Pauses the test executed for the given time.</doc>
<status status="NOT RUN" starttime="20230802 16:31:46.044" endtime="20230802 16:31:46.044"/>
</kw>
<kw name="Click Element" library="SeleniumLibrary">
<arg>${secondlist}</arg>
<doc>Click the element identified by ``locator``.</doc>
<status status="NOT RUN" starttime="20230802 16:31:46.044" endtime="20230802 16:31:46.044"/>
</kw>
<kw name="Sleep" library="BuiltIn">
<arg>2s</arg>
<doc>Pauses the test executed for the given time.</doc>
<status status="NOT RUN" starttime="20230802 16:31:46.044" endtime="20230802 16:31:46.044"/>
</kw>
<kw name="Press Keys" library="SeleniumLibrary">
<arg>xpath=//body</arg>
<arg>\ue00f</arg>
<doc>Simulates the user pressing key(s) to an element or on the active browser.</doc>
<status status="NOT RUN" starttime="20230802 16:31:46.044" endtime="20230802 16:31:46.044"/>
</kw>
<kw name="Sleep" library="BuiltIn">
<arg>1s</arg>
<doc>Pauses the test executed for the given time.</doc>
<status status="NOT RUN" starttime="20230802 16:31:46.044" endtime="20230802 16:31:46.044"/>
</kw>
<kw name="Press Keys" library="SeleniumLibrary">
<arg>xpath=//body</arg>
<arg>\ue00f</arg>
<doc>Simulates the user pressing key(s) to an element or on the active browser.</doc>
<status status="NOT RUN" starttime="20230802 16:31:46.044" endtime="20230802 16:31:46.044"/>
</kw>
<kw name="Sleep" library="BuiltIn">
<arg>1s</arg>
<doc>Pauses the test executed for the given time.</doc>
<status status="NOT RUN" starttime="20230802 16:31:46.044" endtime="20230802 16:31:46.044"/>
</kw>
<kw name="Press Keys" library="SeleniumLibrary">
<arg>xpath=//body</arg>
<arg>\ue00f</arg>
<doc>Simulates the user pressing key(s) to an element or on the active browser.</doc>
<status status="NOT RUN" starttime="20230802 16:31:46.045" endtime="20230802 16:31:46.045"/>
</kw>
<kw name="Sleep" library="BuiltIn">
<arg>2s</arg>
<doc>Pauses the test executed for the given time.</doc>
<status status="NOT RUN" starttime="20230802 16:31:46.045" endtime="20230802 16:31:46.045"/>
</kw>
<kw name="Click Element" library="SeleniumLibrary">
<arg>${clickpaybank}</arg>
<doc>Click the element identified by ``locator``.</doc>
<status status="NOT RUN" starttime="20230802 16:31:46.045" endtime="20230802 16:31:46.045"/>
</kw>
<kw name="Sleep" library="BuiltIn">
<arg>2s</arg>
<doc>Pauses the test executed for the given time.</doc>
<status status="NOT RUN" starttime="20230802 16:31:46.045" endtime="20230802 16:31:46.045"/>
</kw>
<kw name="Press Keys" library="SeleniumLibrary">
<arg>xpath=//body</arg>
<arg>\ue00f</arg>
<doc>Simulates the user pressing key(s) to an element or on the active browser.</doc>
<status status="NOT RUN" starttime="20230802 16:31:46.045" endtime="20230802 16:31:46.045"/>
</kw>
<kw name="Sleep" library="BuiltIn">
<arg>2s</arg>
<doc>Pauses the test executed for the given time.</doc>
<status status="NOT RUN" starttime="20230802 16:31:46.045" endtime="20230802 16:31:46.046"/>
</kw>
<kw name="Input Text" library="SeleniumLibrary">
<arg>${fullname}</arg>
<arg>John Cena</arg>
<doc>Types the given ``text`` into the text field identified by ``locator``.</doc>
<status status="NOT RUN" starttime="20230802 16:31:46.046" endtime="20230802 16:31:46.046"/>
</kw>
<kw name="Sleep" library="BuiltIn">
<arg>2s</arg>
<doc>Pauses the test executed for the given time.</doc>
<status status="NOT RUN" starttime="20230802 16:31:46.046" endtime="20230802 16:31:46.046"/>
</kw>
<kw name="Wait Until Element Is Visible" library="SeleniumLibrary">
<arg>${telephone}</arg>
<doc>Waits until the element ``locator`` is visible.</doc>
<status status="NOT RUN" starttime="20230802 16:31:46.046" endtime="20230802 16:31:46.046"/>
</kw>
<kw name="Input Text" library="SeleniumLibrary">
<arg>${telephone}</arg>
<arg>0924213399</arg>
<doc>Types the given ``text`` into the text field identified by ``locator``.</doc>
<status status="NOT RUN" starttime="20230802 16:31:46.046" endtime="20230802 16:31:46.046"/>
</kw>
<kw name="Wait Until Element Is Visible" library="SeleniumLibrary">
<arg>${address}</arg>
<doc>Waits until the element ``locator`` is visible.</doc>
<status status="NOT RUN" starttime="20230802 16:31:46.046" endtime="20230802 16:31:46.046"/>
</kw>
<kw name="Input Text" library="SeleniumLibrary">
<arg>${address}</arg>
<arg>150</arg>
<doc>Types the given ``text`` into the text field identified by ``locator``.</doc>
<status status="NOT RUN" starttime="20230802 16:31:46.046" endtime="20230802 16:31:46.046"/>
</kw>
<kw name="Wait Until Element Is Visible" library="SeleniumLibrary">
<arg>${subdistrict}</arg>
<doc>Waits until the element ``locator`` is visible.</doc>
<status status="NOT RUN" starttime="20230802 16:31:46.046" endtime="20230802 16:31:46.046"/>
</kw>
<kw name="Input Text" library="SeleniumLibrary">
<arg>${subdistrict}</arg>
<arg>สุรศักดิ์</arg>
<doc>Types the given ``text`` into the text field identified by ``locator``.</doc>
<status status="NOT RUN" starttime="20230802 16:31:46.046" endtime="20230802 16:31:46.046"/>
</kw>
<kw name="Sleep" library="BuiltIn">
<arg>2s</arg>
<doc>Pauses the test executed for the given time.</doc>
<status status="NOT RUN" starttime="20230802 16:31:46.046" endtime="20230802 16:31:46.046"/>
</kw>
<kw name="Click Element" library="SeleniumLibrary">
<arg>${checkoutaddress}</arg>
<doc>Click the element identified by ``locator``.</doc>
<status status="NOT RUN" starttime="20230802 16:31:46.046" endtime="20230802 16:31:46.046"/>
</kw>
<kw name="Sleep" library="BuiltIn">
<arg>2s</arg>
<doc>Pauses the test executed for the given time.</doc>
<status status="NOT RUN" starttime="20230802 16:31:46.046" endtime="20230802 16:31:46.047"/>
</kw>
<kw name="Press Keys" library="SeleniumLibrary">
<arg>xpath=//body</arg>
<arg>\ue00f</arg>
<doc>Simulates the user pressing key(s) to an element or on the active browser.</doc>
<status status="NOT RUN" starttime="20230802 16:31:46.047" endtime="20230802 16:31:46.047"/>
</kw>
<kw name="Sleep" library="BuiltIn">
<arg>2s</arg>
<doc>Pauses the test executed for the given time.</doc>
<status status="NOT RUN" starttime="20230802 16:31:46.047" endtime="20230802 16:31:46.047"/>
</kw>
<kw name="Click Element" library="SeleniumLibrary">
<arg>${subdistrict}</arg>
<doc>Click the element identified by ``locator``.</doc>
<status status="NOT RUN" starttime="20230802 16:31:46.047" endtime="20230802 16:31:46.047"/>
</kw>
<kw name="Sleep" library="BuiltIn">
<arg>2s</arg>
<doc>Pauses the test executed for the given time.</doc>
<status status="NOT RUN" starttime="20230802 16:31:46.047" endtime="20230802 16:31:46.047"/>
</kw>
<kw name="Click Element" library="SeleniumLibrary">
<arg>${orderbuy}</arg>
<doc>Click the element identified by ``locator``.</doc>
<status status="NOT RUN" starttime="20230802 16:31:46.047" endtime="20230802 16:31:46.047"/>
</kw>
<kw name="Sleep" library="BuiltIn">
<arg>2s</arg>
<doc>Pauses the test executed for the given time.</doc>
<status status="NOT RUN" starttime="20230802 16:31:46.047" endtime="20230802 16:31:46.047"/>
</kw>
<kw name="Close Window" library="SeleniumLibrary">
<doc>Closes currently opened and selected browser window/tab.</doc>
<status status="NOT RUN" starttime="20230802 16:31:46.047" endtime="20230802 16:31:46.047"/>
</kw>
<kw name="Sleep" library="BuiltIn">
<arg>2s</arg>
<doc>Pauses the test executed for the given time.</doc>
<status status="NOT RUN" starttime="20230802 16:31:46.047" endtime="20230802 16:31:46.047"/>
</kw>
<kw name="Switch Window" library="SeleniumLibrary">
<arg>${windows}[0]</arg>
<doc>Switches to browser window matching ``locator``.</doc>
<status status="NOT RUN" starttime="20230802 16:31:46.047" endtime="20230802 16:31:46.047"/>
</kw>
<kw name="Sleep" library="BuiltIn">
<arg>10s</arg>
<doc>Pauses the test executed for the given time.</doc>
<status status="NOT RUN" starttime="20230802 16:31:46.047" endtime="20230802 16:31:46.047"/>
</kw>
<status status="FAIL" starttime="20230802 16:31:25.545" endtime="20230802 16:31:46.048"/>
</kw>
<status status="FAIL" starttime="20230802 16:31:25.544" endtime="20230802 16:31:46.048">Element '//*[@id="table-order"]/div/div/div/table/tbody/tr/td[9]/a' not visible after 20 seconds.</status>
</test>
<test id="s1-t8" name="Upsale transfer" line="51">
<kw name="Upsale transfer" library="resource">
<kw name="Wait Until Element Is Visible" library="SeleniumLibrary">
<arg>${upsalemenu}</arg>
<doc>Waits until the element ``locator`` is visible.</doc>
<status status="PASS" starttime="20230802 16:31:46.050" endtime="20230802 16:31:46.091"/>
</kw>
<kw name="Click Element" library="SeleniumLibrary">
<arg>${upsalemenu}</arg>
<doc>Click the element identified by ``locator``.</doc>
<msg timestamp="20230802 16:31:46.091" level="INFO">Clicking element '//html/body/section/div[2]/div[2]/div[2]/div/ul/li[7]/span'.</msg>
<msg timestamp="20230802 16:31:47.644" level="INFO" html="true">&lt;/td&gt;&lt;/tr&gt;&lt;tr&gt;&lt;td colspan="3"&gt;&lt;a href="selenium-screenshot-6.png"&gt;&lt;img src="selenium-screenshot-6.png" width="800px"&gt;&lt;/a&gt;</msg>
<msg timestamp="20230802 16:31:47.645" level="FAIL">ElementClickInterceptedException: Message: element click intercepted: Element &lt;span data-v-9784d6c0="" class="nav-link cursor-pointer"&gt;...&lt;/span&gt; is not clickable at point (136, 355). Other element would receive the click: &lt;div data-v-5ff89ffa="" id="announcement" tabindex="-1" class="modal fade show" style="display: block; padding-right: 15px;" aria-modal="true"&gt;...&lt;/div&gt;
  (Session info: chrome=114.0.5735.106)
Stacktrace:
#0 0x557b73d504e3 &lt;unknown&gt;
#1 0x557b73a7fc76 &lt;unknown&gt;
#2 0x557b73ac19d4 &lt;unknown&gt;
#3 0x557b73abfcbd &lt;unknown&gt;
#4 0x557b73abdd2e &lt;unknown&gt;
#5 0x557b73abd10f &lt;unknown&gt;
#6 0x557b73ab21da &lt;unknown&gt;
#7 0x557b73adb012 &lt;unknown&gt;
#8 0x557b73ab1b03 &lt;unknown&gt;
#9 0x557b73adb1de &lt;unknown&gt;
#10 0x557b73af330e &lt;unknown&gt;
#11 0x557b73adade3 &lt;unknown&gt;
#12 0x557b73ab02dd &lt;unknown&gt;
#13 0x557b73ab134e &lt;unknown&gt;
#14 0x557b73d103e4 &lt;unknown&gt;
#15 0x557b73d143d7 &lt;unknown&gt;
#16 0x557b73d1eb20 &lt;unknown&gt;
#17 0x557b73d15023 &lt;unknown&gt;
#18 0x557b73ce31aa &lt;unknown&gt;
#19 0x557b73d396b8 &lt;unknown&gt;
#20 0x557b73d39847 &lt;unknown&gt;
#21 0x557b73d49243 &lt;unknown&gt;
#22 0x7f7c74c90402 &lt;unknown&gt;
</msg>
<status status="FAIL" starttime="20230802 16:31:46.091" endtime="20230802 16:31:47.646"/>
</kw>
<kw name="Sleep" library="BuiltIn">
<arg>3s</arg>
<doc>Pauses the test executed for the given time.</doc>
<status status="NOT RUN" starttime="20230802 16:31:47.646" endtime="20230802 16:31:47.646"/>
</kw>
<kw name="Wait Until Element Is Visible" library="SeleniumLibrary">
<arg>${upsalemenu2}</arg>
<doc>Waits until the element ``locator`` is visible.</doc>
<status status="NOT RUN" starttime="20230802 16:31:47.646" endtime="20230802 16:31:47.646"/>
</kw>
<kw name="Click Element" library="SeleniumLibrary">
<arg>${upsalemenu2}</arg>
<doc>Click the element identified by ``locator``.</doc>
<status status="NOT RUN" starttime="20230802 16:31:47.646" endtime="20230802 16:31:47.646"/>
</kw>
<kw name="Sleep" library="BuiltIn">
<arg>3s</arg>
<doc>Pauses the test executed for the given time.</doc>
<status status="NOT RUN" starttime="20230802 16:31:47.647" endtime="20230802 16:31:47.647"/>
</kw>
<kw name="Wait Until Element Is Visible" library="SeleniumLibrary">
<arg>${requestorder}</arg>
<doc>Waits until the element ``locator`` is visible.</doc>
<status status="NOT RUN" starttime="20230802 16:31:47.647" endtime="20230802 16:31:47.647"/>
</kw>
<kw name="Click Element" library="SeleniumLibrary">
<arg>${requestorder}</arg>
<doc>Click the element identified by ``locator``.</doc>
<status status="NOT RUN" starttime="20230802 16:31:47.648" endtime="20230802 16:31:47.648"/>
</kw>
<kw name="Sleep" library="BuiltIn">
<arg>5s</arg>
<doc>Pauses the test executed for the given time.</doc>
<status status="NOT RUN" starttime="20230802 16:31:47.648" endtime="20230802 16:31:47.648"/>
</kw>
<kw name="Wait Until Element Is Visible" library="SeleniumLibrary">
<arg>${upsaleorder}</arg>
<doc>Waits until the element ``locator`` is visible.</doc>
<status status="NOT RUN" starttime="20230802 16:31:47.648" endtime="20230802 16:31:47.648"/>
</kw>
<kw name="Click Element" library="SeleniumLibrary">
<arg>${upsaleorder}</arg>
<doc>Click the element identified by ``locator``.</doc>
<status status="NOT RUN" starttime="20230802 16:31:47.648" endtime="20230802 16:31:47.648"/>
</kw>
<kw name="Sleep" library="BuiltIn">
<arg>3s</arg>
<doc>Pauses the test executed for the given time.</doc>
<status status="NOT RUN" starttime="20230802 16:31:47.649" endtime="20230802 16:31:47.649"/>
</kw>
<kw name="Wait Until Element Is Visible" library="SeleniumLibrary">
<arg>${upsaleorder1}</arg>
<doc>Waits until the element ``locator`` is visible.</doc>
<status status="NOT RUN" starttime="20230802 16:31:47.649" endtime="20230802 16:31:47.649"/>
</kw>
<kw name="Click Element" library="SeleniumLibrary">
<arg>${upsaleorder1}</arg>
<doc>Click the element identified by ``locator``.</doc>
<status status="NOT RUN" starttime="20230802 16:31:47.649" endtime="20230802 16:31:47.649"/>
</kw>
<kw name="Sleep" library="BuiltIn">
<arg>5s</arg>
<doc>Pauses the test executed for the given time.</doc>
<status status="NOT RUN" starttime="20230802 16:31:47.649" endtime="20230802 16:31:47.649"/>
</kw>
<kw name="Wait Until Element Is Visible" library="SeleniumLibrary">
<arg>${upsalebutton}</arg>
<doc>Waits until the element ``locator`` is visible.</doc>
<status status="NOT RUN" starttime="20230802 16:31:47.649" endtime="20230802 16:31:47.649"/>
</kw>
<kw name="Click Element" library="SeleniumLibrary">
<arg>${upsalebutton}</arg>
<doc>Click the element identified by ``locator``.</doc>
<status status="NOT RUN" starttime="20230802 16:31:47.650" endtime="20230802 16:31:47.650"/>
</kw>
<kw name="Sleep" library="BuiltIn">
<arg>5s</arg>
<doc>Pauses the test executed for the given time.</doc>
<status status="NOT RUN" starttime="20230802 16:31:47.650" endtime="20230802 16:31:47.650"/>
</kw>
<kw name="Wait Until Element Is Visible" library="SeleniumLibrary">
<arg>${upsalesuccess}</arg>
<doc>Waits until the element ``locator`` is visible.</doc>
<status status="NOT RUN" starttime="20230802 16:31:47.650" endtime="20230802 16:31:47.650"/>
</kw>
<kw name="Click Element" library="SeleniumLibrary">
<arg>${upsalesuccess}</arg>
<doc>Click the element identified by ``locator``.</doc>
<status status="NOT RUN" starttime="20230802 16:31:47.650" endtime="20230802 16:31:47.650"/>
</kw>
<kw name="Sleep" library="BuiltIn">
<arg>5s</arg>
<doc>Pauses the test executed for the given time.</doc>
<status status="NOT RUN" starttime="20230802 16:31:47.650" endtime="20230802 16:31:47.650"/>
</kw>
<kw name="Wait Until Element Is Visible" library="SeleniumLibrary">
<arg>${searchupsaleproduct}</arg>
<doc>Waits until the element ``locator`` is visible.</doc>
<status status="NOT RUN" starttime="20230802 16:31:47.651" endtime="20230802 16:31:47.651"/>
</kw>
<kw name="Click Element" library="SeleniumLibrary">
<arg>${searchupsaleproduct}</arg>
<doc>Click the element identified by ``locator``.</doc>
<status status="NOT RUN" starttime="20230802 16:31:47.651" endtime="20230802 16:31:47.651"/>
</kw>
<kw name="Sleep" library="BuiltIn">
<arg>3s</arg>
<doc>Pauses the test executed for the given time.</doc>
<status status="NOT RUN" starttime="20230802 16:31:47.651" endtime="20230802 16:31:47.651"/>
</kw>
<kw name="Wait Until Element Is Visible" library="SeleniumLibrary">
<arg>${upsaleproduct3}</arg>
<doc>Waits until the element ``locator`` is visible.</doc>
<status status="NOT RUN" starttime="20230802 16:31:47.651" endtime="20230802 16:31:47.651"/>
</kw>
<kw name="Click Element" library="SeleniumLibrary">
<arg>${upsaleproduct3}</arg>
<doc>Click the element identified by ``locator``.</doc>
<status status="NOT RUN" starttime="20230802 16:31:47.651" endtime="20230802 16:31:47.651"/>
</kw>
<kw name="Sleep" library="BuiltIn">
<arg>10s</arg>
<doc>Pauses the test executed for the given time.</doc>
<status status="NOT RUN" starttime="20230802 16:31:47.651" endtime="20230802 16:31:47.651"/>
</kw>
<kw name="Wait Until Element Is Visible" library="SeleniumLibrary">
<arg>${confirmupsale}</arg>
<doc>Waits until the element ``locator`` is visible.</doc>
<status status="NOT RUN" starttime="20230802 16:31:47.652" endtime="20230802 16:31:47.652"/>
</kw>
<kw name="Click Element" library="SeleniumLibrary">
<arg>${confirmupsale}</arg>
<doc>Click the element identified by ``locator``.</doc>
<status status="NOT RUN" starttime="20230802 16:31:47.652" endtime="20230802 16:31:47.652"/>
</kw>
<kw name="Sleep" library="BuiltIn">
<arg>10s</arg>
<doc>Pauses the test executed for the given time.</doc>
<status status="NOT RUN" starttime="20230802 16:31:47.652" endtime="20230802 16:31:47.652"/>
</kw>
<kw name="Wait Until Element Is Visible" library="SeleniumLibrary">
<arg>${upsalebutton}</arg>
<doc>Waits until the element ``locator`` is visible.</doc>
<status status="NOT RUN" starttime="20230802 16:31:47.652" endtime="20230802 16:31:47.652"/>
</kw>
<kw name="Click Element" library="SeleniumLibrary">
<arg>${upsalebutton}</arg>
<doc>Click the element identified by ``locator``.</doc>
<status status="NOT RUN" starttime="20230802 16:31:47.652" endtime="20230802 16:31:47.653"/>
</kw>
<kw name="Sleep" library="BuiltIn">
<arg>3s</arg>
<doc>Pauses the test executed for the given time.</doc>
<status status="NOT RUN" starttime="20230802 16:31:47.653" endtime="20230802 16:31:47.653"/>
</kw>
<kw name="Wait Until Element Is Visible" library="SeleniumLibrary">
<arg>${addpaymenttransfer}</arg>
<doc>Waits until the element ``locator`` is visible.</doc>
<status status="NOT RUN" starttime="20230802 16:31:47.653" endtime="20230802 16:31:47.654"/>
</kw>
<kw name="Click Element" library="SeleniumLibrary">
<arg>${addpaymenttransfer}</arg>
<doc>Click the element identified by ``locator``.</doc>
<status status="NOT RUN" starttime="20230802 16:31:47.654" endtime="20230802 16:31:47.654"/>
</kw>
<kw name="Sleep" library="BuiltIn">
<arg>5s</arg>
<doc>Pauses the test executed for the given time.</doc>
<status status="NOT RUN" starttime="20230802 16:31:47.654" endtime="20230802 16:31:47.654"/>
</kw>
<kw name="Wait Until Page Contains Element" library="SeleniumLibrary">
<arg>${uploadfield}</arg>
<doc>Waits until the element ``locator`` appears on the current page.</doc>
<status status="NOT RUN" starttime="20230802 16:31:47.654" endtime="20230802 16:31:47.654"/>
</kw>
<kw name="Sleep" library="BuiltIn">
<arg>5s</arg>
<doc>Pauses the test executed for the given time.</doc>
<status status="NOT RUN" starttime="20230802 16:31:47.654" endtime="20230802 16:31:47.654"/>
</kw>
<kw name="Choose File" library="SeleniumLibrary">
<arg>${uploadfield}</arg>
<arg>${testpic2}</arg>
<doc>Inputs the ``file_path`` into the file input field ``locator``.</doc>
<status status="NOT RUN" starttime="20230802 16:31:47.654" endtime="20230802 16:31:47.655"/>
</kw>
<kw name="Sleep" library="BuiltIn">
<arg>5s</arg>
<doc>Pauses the test executed for the given time.</doc>
<status status="NOT RUN" starttime="20230802 16:31:47.655" endtime="20230802 16:31:47.655"/>
</kw>
<kw name="Click Element" library="SeleniumLibrary">
<arg>${selectbankupsale}</arg>
<doc>Click the element identified by ``locator``.</doc>
<status status="NOT RUN" starttime="20230802 16:31:47.655" endtime="20230802 16:31:47.655"/>
</kw>
<kw name="Sleep" library="BuiltIn">
<arg>5s</arg>
<doc>Pauses the test executed for the given time.</doc>
<status status="NOT RUN" starttime="20230802 16:31:47.655" endtime="20230802 16:31:47.655"/>
</kw>
<kw name="Click Element" library="SeleniumLibrary">
<arg>${firstbank}</arg>
<doc>Click the element identified by ``locator``.</doc>
<status status="NOT RUN" starttime="20230802 16:31:47.655" endtime="20230802 16:31:47.655"/>
</kw>
<kw name="Sleep" library="BuiltIn">
<arg>5s</arg>
<doc>Pauses the test executed for the given time.</doc>
<status status="NOT RUN" starttime="20230802 16:31:47.655" endtime="20230802 16:31:47.655"/>
</kw>
<kw name="Wait Until Element Is Visible" library="SeleniumLibrary">
<arg>${confirmpaymentbutton}</arg>
<doc>Waits until the element ``locator`` is visible.</doc>
<status status="NOT RUN" starttime="20230802 16:31:47.656" endtime="20230802 16:31:47.656"/>
</kw>
<kw name="Click Element" library="SeleniumLibrary">
<arg>${confirmpaymentbutton}</arg>
<doc>Click the element identified by ``locator``.</doc>
<status status="NOT RUN" starttime="20230802 16:31:47.656" endtime="20230802 16:31:47.656"/>
</kw>
<kw name="Sleep" library="BuiltIn">
<arg>5s</arg>
<doc>Pauses the test executed for the given time.</doc>
<status status="NOT RUN" starttime="20230802 16:31:47.656" endtime="20230802 16:31:47.656"/>
</kw>
<kw name="Wait Until Element Is Visible" library="SeleniumLibrary">
<arg>${upsalebutton}</arg>
<doc>Waits until the element ``locator`` is visible.</doc>
<status status="NOT RUN" starttime="20230802 16:31:47.656" endtime="20230802 16:31:47.656"/>
</kw>
<kw name="Click Element" library="SeleniumLibrary">
<arg>${upsalebutton}</arg>
<doc>Click the element identified by ``locator``.</doc>
<status status="NOT RUN" starttime="20230802 16:31:47.656" endtime="20230802 16:31:47.656"/>
</kw>
<kw name="Sleep" library="BuiltIn">
<arg>10s</arg>
<doc>Pauses the test executed for the given time.</doc>
<status status="NOT RUN" starttime="20230802 16:31:47.656" endtime="20230802 16:31:47.657"/>
</kw>
<kw name="Wait Until Element Is Visible" library="SeleniumLibrary">
<arg>${confirmallpayment}</arg>
<doc>Waits until the element ``locator`` is visible.</doc>
<status status="NOT RUN" starttime="20230802 16:31:47.657" endtime="20230802 16:31:47.657"/>
</kw>
<kw name="Click Element" library="SeleniumLibrary">
<arg>${confirmallpayment}</arg>
<doc>Click the element identified by ``locator``.</doc>
<status status="NOT RUN" starttime="20230802 16:31:47.657" endtime="20230802 16:31:47.657"/>
</kw>
<kw name="Sleep" library="BuiltIn">
<arg>10s</arg>
<doc>Pauses the test executed for the given time.</doc>
<status status="NOT RUN" starttime="20230802 16:31:47.657" endtime="20230802 16:31:47.657"/>
</kw>
<kw name="Wait Until Element Is Visible" library="SeleniumLibrary">
<arg>${confirmallpayment2}</arg>
<doc>Waits until the element ``locator`` is visible.</doc>
<status status="NOT RUN" starttime="20230802 16:31:47.657" endtime="20230802 16:31:47.657"/>
</kw>
<kw name="Click Element" library="SeleniumLibrary">
<arg>${confirmallpayment2}</arg>
<doc>Click the element identified by ``locator``.</doc>
<status status="NOT RUN" starttime="20230802 16:31:47.657" endtime="20230802 16:31:47.657"/>
</kw>
<kw name="Sleep" library="BuiltIn">
<arg>10s</arg>
<doc>Pauses the test executed for the given time.</doc>
<status status="NOT RUN" starttime="20230802 16:31:47.658" endtime="20230802 16:31:47.658"/>
</kw>
<status status="FAIL" starttime="20230802 16:31:46.049" endtime="20230802 16:31:47.658"/>
</kw>
<status status="FAIL" starttime="20230802 16:31:46.049" endtime="20230802 16:31:47.658">ElementClickInterceptedException: Message: element click intercepted: Element &lt;span data-v-9784d6c0="" class="nav-link cursor-pointer"&gt;...&lt;/span&gt; is not clickable at point (136, 355). Other element would receive the click: &lt;div data-v-5ff89ffa="" id="announcement" tabindex="-1" class="modal fade show" style="display: block; padding-right: 15px;" aria-modal="true"&gt;...&lt;/div&gt;
  (Session info: chrome=114.0.5735.106)
Stacktrace:
#0 0x557b73d504e3 &lt;unknown&gt;
#1 0x557b73a7fc76 &lt;unknown&gt;
#2 0x557b73ac19d4 &lt;unknown&gt;
#3 0x557b73abfcbd &lt;unknown&gt;
#4 0x557b73abdd2e &lt;unknown&gt;
#5 0x557b73abd10f &lt;unknown&gt;
#6 0x557b73ab21da &lt;unknown&gt;
#7 0x557b73adb012 &lt;unknown&gt;
#8 0x557b73ab1b03 &lt;unknown&gt;
#9 0x557b73adb1de &lt;unknown&gt;
#10 0x557b73af330e &lt;unknown&gt;
#11 0x557b73adade3 &lt;unknown&gt;
#12 0x557b73ab02dd &lt;unknown&gt;
#13 0x557b73ab134e &lt;unknown&gt;
#14 0x557b73d103e4 &lt;unknown&gt;
#15 0x557b73d143d7 &lt;unknown&gt;
#16 0x557b73d1eb20 &lt;unknown&gt;
#17 0x557b73d15023 &lt;unknown&gt;
#18 0x557b73ce31aa &lt;unknown&gt;
#19 0x557b73d396b8 &lt;unknown&gt;
#20 0x557b73d39847 &lt;unknown&gt;
#21 0x557b73d49243 &lt;unknown&gt;
#22 0x7f7c74c90402 &lt;unknown&gt;
</status>
</test>
<test id="s1-t9" name="Upsale cod" line="54">
<kw name="Upsale cod" library="resource">
<kw name="Wait Until Element Is Visible" library="SeleniumLibrary">
<arg>${upsalemenu}</arg>
<doc>Waits until the element ``locator`` is visible.</doc>
<status status="PASS" starttime="20230802 16:31:47.661" endtime="20230802 16:31:47.697"/>
</kw>
<kw name="Click Element" library="SeleniumLibrary">
<arg>${upsalemenu}</arg>
<doc>Click the element identified by ``locator``.</doc>
<msg timestamp="20230802 16:31:47.699" level="INFO">Clicking element '//html/body/section/div[2]/div[2]/div[2]/div/ul/li[7]/span'.</msg>
<msg timestamp="20230802 16:31:49.261" level="INFO" html="true">&lt;/td&gt;&lt;/tr&gt;&lt;tr&gt;&lt;td colspan="3"&gt;&lt;a href="selenium-screenshot-7.png"&gt;&lt;img src="selenium-screenshot-7.png" width="800px"&gt;&lt;/a&gt;</msg>
<msg timestamp="20230802 16:31:49.261" level="FAIL">ElementClickInterceptedException: Message: element click intercepted: Element &lt;span data-v-9784d6c0="" class="nav-link cursor-pointer"&gt;...&lt;/span&gt; is not clickable at point (136, 355). Other element would receive the click: &lt;div data-v-5ff89ffa="" id="announcement" tabindex="-1" class="modal fade show" style="display: block; padding-right: 15px;" aria-modal="true"&gt;...&lt;/div&gt;
  (Session info: chrome=114.0.5735.106)
Stacktrace:
#0 0x557b73d504e3 &lt;unknown&gt;
#1 0x557b73a7fc76 &lt;unknown&gt;
#2 0x557b73ac19d4 &lt;unknown&gt;
#3 0x557b73abfcbd &lt;unknown&gt;
#4 0x557b73abdd2e &lt;unknown&gt;
#5 0x557b73abd10f &lt;unknown&gt;
#6 0x557b73ab21da &lt;unknown&gt;
#7 0x557b73adb012 &lt;unknown&gt;
#8 0x557b73ab1b03 &lt;unknown&gt;
#9 0x557b73adb1de &lt;unknown&gt;
#10 0x557b73af330e &lt;unknown&gt;
#11 0x557b73adade3 &lt;unknown&gt;
#12 0x557b73ab02dd &lt;unknown&gt;
#13 0x557b73ab134e &lt;unknown&gt;
#14 0x557b73d103e4 &lt;unknown&gt;
#15 0x557b73d143d7 &lt;unknown&gt;
#16 0x557b73d1eb20 &lt;unknown&gt;
#17 0x557b73d15023 &lt;unknown&gt;
#18 0x557b73ce31aa &lt;unknown&gt;
#19 0x557b73d396b8 &lt;unknown&gt;
#20 0x557b73d39847 &lt;unknown&gt;
#21 0x557b73d49243 &lt;unknown&gt;
#22 0x7f7c74c90402 &lt;unknown&gt;
</msg>
<status status="FAIL" starttime="20230802 16:31:47.698" endtime="20230802 16:31:49.262"/>
</kw>
<kw name="Sleep" library="BuiltIn">
<arg>3s</arg>
<doc>Pauses the test executed for the given time.</doc>
<status status="NOT RUN" starttime="20230802 16:31:49.262" endtime="20230802 16:31:49.262"/>
</kw>
<kw name="Wait Until Element Is Visible" library="SeleniumLibrary">
<arg>${upsalemenu2}</arg>
<doc>Waits until the element ``locator`` is visible.</doc>
<status status="NOT RUN" starttime="20230802 16:31:49.262" endtime="20230802 16:31:49.262"/>
</kw>
<kw name="Click Element" library="SeleniumLibrary">
<arg>${upsalemenu2}</arg>
<doc>Click the element identified by ``locator``.</doc>
<status status="NOT RUN" starttime="20230802 16:31:49.262" endtime="20230802 16:31:49.262"/>
</kw>
<kw name="Sleep" library="BuiltIn">
<arg>3s</arg>
<doc>Pauses the test executed for the given time.</doc>
<status status="NOT RUN" starttime="20230802 16:31:49.262" endtime="20230802 16:31:49.262"/>
</kw>
<kw name="Wait Until Element Is Visible" library="SeleniumLibrary">
<arg>${requestorder}</arg>
<doc>Waits until the element ``locator`` is visible.</doc>
<status status="NOT RUN" starttime="20230802 16:31:49.262" endtime="20230802 16:31:49.262"/>
</kw>
<kw name="Click Element" library="SeleniumLibrary">
<arg>${requestorder}</arg>
<doc>Click the element identified by ``locator``.</doc>
<status status="NOT RUN" starttime="20230802 16:31:49.262" endtime="20230802 16:31:49.262"/>
</kw>
<kw name="Sleep" library="BuiltIn">
<arg>5s</arg>
<doc>Pauses the test executed for the given time.</doc>
<status status="NOT RUN" starttime="20230802 16:31:49.262" endtime="20230802 16:31:49.263"/>
</kw>
<kw name="Wait Until Element Is Visible" library="SeleniumLibrary">
<arg>${upsaleorder}</arg>
<doc>Waits until the element ``locator`` is visible.</doc>
<status status="NOT RUN" starttime="20230802 16:31:49.263" endtime="20230802 16:31:49.263"/>
</kw>
<kw name="Click Element" library="SeleniumLibrary">
<arg>${upsaleorder}</arg>
<doc>Click the element identified by ``locator``.</doc>
<status status="NOT RUN" starttime="20230802 16:31:49.263" endtime="20230802 16:31:49.263"/>
</kw>
<kw name="Sleep" library="BuiltIn">
<arg>3s</arg>
<doc>Pauses the test executed for the given time.</doc>
<status status="NOT RUN" starttime="20230802 16:31:49.263" endtime="20230802 16:31:49.263"/>
</kw>
<kw name="Wait Until Element Is Visible" library="SeleniumLibrary">
<arg>${upsaleorder1}</arg>
<doc>Waits until the element ``locator`` is visible.</doc>
<status status="NOT RUN" starttime="20230802 16:31:49.263" endtime="20230802 16:31:49.263"/>
</kw>
<kw name="Click Element" library="SeleniumLibrary">
<arg>${upsaleorder1}</arg>
<doc>Click the element identified by ``locator``.</doc>
<status status="NOT RUN" starttime="20230802 16:31:49.263" endtime="20230802 16:31:49.263"/>
</kw>
<kw name="Sleep" library="BuiltIn">
<arg>5s</arg>
<doc>Pauses the test executed for the given time.</doc>
<status status="NOT RUN" starttime="20230802 16:31:49.263" endtime="20230802 16:31:49.263"/>
</kw>
<kw name="Wait Until Element Is Visible" library="SeleniumLibrary">
<arg>${upsalebutton}</arg>
<doc>Waits until the element ``locator`` is visible.</doc>
<status status="NOT RUN" starttime="20230802 16:31:49.263" endtime="20230802 16:31:49.263"/>
</kw>
<kw name="Click Element" library="SeleniumLibrary">
<arg>${upsalebutton}</arg>
<doc>Click the element identified by ``locator``.</doc>
<status status="NOT RUN" starttime="20230802 16:31:49.263" endtime="20230802 16:31:49.263"/>
</kw>
<kw name="Sleep" library="BuiltIn">
<arg>5s</arg>
<doc>Pauses the test executed for the given time.</doc>
<status status="NOT RUN" starttime="20230802 16:31:49.263" endtime="20230802 16:31:49.263"/>
</kw>
<kw name="Wait Until Element Is Visible" library="SeleniumLibrary">
<arg>${upsalesuccess}</arg>
<doc>Waits until the element ``locator`` is visible.</doc>
<status status="NOT RUN" starttime="20230802 16:31:49.263" endtime="20230802 16:31:49.263"/>
</kw>
<kw name="Click Element" library="SeleniumLibrary">
<arg>${upsalesuccess}</arg>
<doc>Click the element identified by ``locator``.</doc>
<status status="NOT RUN" starttime="20230802 16:31:49.263" endtime="20230802 16:31:49.263"/>
</kw>
<kw name="Sleep" library="BuiltIn">
<arg>5s</arg>
<doc>Pauses the test executed for the given time.</doc>
<status status="NOT RUN" starttime="20230802 16:31:49.263" endtime="20230802 16:31:49.264"/>
</kw>
<kw name="Wait Until Element Is Visible" library="SeleniumLibrary">
<arg>${searchupsaleproduct}</arg>
<doc>Waits until the element ``locator`` is visible.</doc>
<status status="NOT RUN" starttime="20230802 16:31:49.264" endtime="20230802 16:31:49.264"/>
</kw>
<kw name="Click Element" library="SeleniumLibrary">
<arg>${searchupsaleproduct}</arg>
<doc>Click the element identified by ``locator``.</doc>
<status status="NOT RUN" starttime="20230802 16:31:49.264" endtime="20230802 16:31:49.264"/>
</kw>
<kw name="Sleep" library="BuiltIn">
<arg>3s</arg>
<doc>Pauses the test executed for the given time.</doc>
<status status="NOT RUN" starttime="20230802 16:31:49.264" endtime="20230802 16:31:49.264"/>
</kw>
<kw name="Wait Until Element Is Visible" library="SeleniumLibrary">
<arg>${upsaleproduct3}</arg>
<doc>Waits until the element ``locator`` is visible.</doc>
<status status="NOT RUN" starttime="20230802 16:31:49.264" endtime="20230802 16:31:49.264"/>
</kw>
<kw name="Click Element" library="SeleniumLibrary">
<arg>${upsaleproduct3}</arg>
<doc>Click the element identified by ``locator``.</doc>
<status status="NOT RUN" starttime="20230802 16:31:49.264" endtime="20230802 16:31:49.264"/>
</kw>
<kw name="Sleep" library="BuiltIn">
<arg>10s</arg>
<doc>Pauses the test executed for the given time.</doc>
<status status="NOT RUN" starttime="20230802 16:31:49.264" endtime="20230802 16:31:49.264"/>
</kw>
<kw name="Wait Until Element Is Visible" library="SeleniumLibrary">
<arg>${confirmupsale}</arg>
<doc>Waits until the element ``locator`` is visible.</doc>
<status status="NOT RUN" starttime="20230802 16:31:49.264" endtime="20230802 16:31:49.264"/>
</kw>
<kw name="Click Element" library="SeleniumLibrary">
<arg>${confirmupsale}</arg>
<doc>Click the element identified by ``locator``.</doc>
<status status="NOT RUN" starttime="20230802 16:31:49.264" endtime="20230802 16:31:49.264"/>
</kw>
<kw name="Sleep" library="BuiltIn">
<arg>10s</arg>
<doc>Pauses the test executed for the given time.</doc>
<status status="NOT RUN" starttime="20230802 16:31:49.264" endtime="20230802 16:31:49.264"/>
</kw>
<kw name="Wait Until Element Is Visible" library="SeleniumLibrary">
<arg>${option}</arg>
<doc>Waits until the element ``locator`` is visible.</doc>
<status status="NOT RUN" starttime="20230802 16:31:49.264" endtime="20230802 16:31:49.264"/>
</kw>
<kw name="Click Element" library="SeleniumLibrary">
<arg>${option}</arg>
<doc>Click the element identified by ``locator``.</doc>
<status status="NOT RUN" starttime="20230802 16:31:49.265" endtime="20230802 16:31:49.265"/>
</kw>
<kw name="Sleep" library="BuiltIn">
<arg>3s</arg>
<doc>Pauses the test executed for the given time.</doc>
<status status="NOT RUN" starttime="20230802 16:31:49.265" endtime="20230802 16:31:49.265"/>
</kw>
<kw name="Wait Until Element Is Visible" library="SeleniumLibrary">
<arg>${confirmcod}</arg>
<doc>Waits until the element ``locator`` is visible.</doc>
<status status="NOT RUN" starttime="20230802 16:31:49.265" endtime="20230802 16:31:49.265"/>
</kw>
<kw name="Click Element" library="SeleniumLibrary">
<arg>${confirmcod}</arg>
<doc>Click the element identified by ``locator``.</doc>
<status status="NOT RUN" starttime="20230802 16:31:49.265" endtime="20230802 16:31:49.265"/>
</kw>
<kw name="Sleep" library="BuiltIn">
<arg>3s</arg>
<doc>Pauses the test executed for the given time.</doc>
<status status="NOT RUN" starttime="20230802 16:31:49.265" endtime="20230802 16:31:49.265"/>
</kw>
<kw name="Wait Until Element Is Visible" library="SeleniumLibrary">
<arg>${confirmbutton}</arg>
<doc>Waits until the element ``locator`` is visible.</doc>
<status status="NOT RUN" starttime="20230802 16:31:49.265" endtime="20230802 16:31:49.265"/>
</kw>
<kw name="Click Element" library="SeleniumLibrary">
<arg>${confirmbutton}</arg>
<doc>Click the element identified by ``locator``.</doc>
<status status="NOT RUN" starttime="20230802 16:31:49.265" endtime="20230802 16:31:49.265"/>
</kw>
<kw name="Sleep" library="BuiltIn">
<arg>10s</arg>
<doc>Pauses the test executed for the given time.</doc>
<status status="NOT RUN" starttime="20230802 16:31:49.265" endtime="20230802 16:31:49.265"/>
</kw>
<status status="FAIL" starttime="20230802 16:31:47.660" endtime="20230802 16:31:49.266"/>
</kw>
<status status="FAIL" starttime="20230802 16:31:47.659" endtime="20230802 16:31:49.266">ElementClickInterceptedException: Message: element click intercepted: Element &lt;span data-v-9784d6c0="" class="nav-link cursor-pointer"&gt;...&lt;/span&gt; is not clickable at point (136, 355). Other element would receive the click: &lt;div data-v-5ff89ffa="" id="announcement" tabindex="-1" class="modal fade show" style="display: block; padding-right: 15px;" aria-modal="true"&gt;...&lt;/div&gt;
  (Session info: chrome=114.0.5735.106)
Stacktrace:
#0 0x557b73d504e3 &lt;unknown&gt;
#1 0x557b73a7fc76 &lt;unknown&gt;
#2 0x557b73ac19d4 &lt;unknown&gt;
#3 0x557b73abfcbd &lt;unknown&gt;
#4 0x557b73abdd2e &lt;unknown&gt;
#5 0x557b73abd10f &lt;unknown&gt;
#6 0x557b73ab21da &lt;unknown&gt;
#7 0x557b73adb012 &lt;unknown&gt;
#8 0x557b73ab1b03 &lt;unknown&gt;
#9 0x557b73adb1de &lt;unknown&gt;
#10 0x557b73af330e &lt;unknown&gt;
#11 0x557b73adade3 &lt;unknown&gt;
#12 0x557b73ab02dd &lt;unknown&gt;
#13 0x557b73ab134e &lt;unknown&gt;
#14 0x557b73d103e4 &lt;unknown&gt;
#15 0x557b73d143d7 &lt;unknown&gt;
#16 0x557b73d1eb20 &lt;unknown&gt;
#17 0x557b73d15023 &lt;unknown&gt;
#18 0x557b73ce31aa &lt;unknown&gt;
#19 0x557b73d396b8 &lt;unknown&gt;
#20 0x557b73d39847 &lt;unknown&gt;
#21 0x557b73d49243 &lt;unknown&gt;
#22 0x7f7c74c90402 &lt;unknown&gt;
</status>
</test>
<test id="s1-t10" name="Shipment1" line="57">
<kw name="Shipment" library="resource">
<kw name="Sleep" library="BuiltIn">
<arg>5s</arg>
<doc>Pauses the test executed for the given time.</doc>
<msg timestamp="20230802 16:31:54.268" level="INFO">Slept 5 seconds</msg>
<status status="PASS" starttime="20230802 16:31:49.268" endtime="20230802 16:31:54.268"/>
</kw>
<kw name="Click Element" library="SeleniumLibrary">
<arg>${shipmentmenu}</arg>
<doc>Click the element identified by ``locator``.</doc>
<msg timestamp="20230802 16:31:54.270" level="INFO">Clicking element '//html/body/section/div[2]/div[2]/div[2]/div/ul/li[5]'.</msg>
<msg timestamp="20230802 16:31:55.725" level="INFO" html="true">&lt;/td&gt;&lt;/tr&gt;&lt;tr&gt;&lt;td colspan="3"&gt;&lt;a href="selenium-screenshot-8.png"&gt;&lt;img src="selenium-screenshot-8.png" width="800px"&gt;&lt;/a&gt;</msg>
<msg timestamp="20230802 16:31:55.725" level="FAIL">ElementClickInterceptedException: Message: element click intercepted: Element &lt;li data-v-9784d6c0="" class="nav-item"&gt;...&lt;/li&gt; is not clickable at point (136, 265). Other element would receive the click: &lt;div data-v-5ff89ffa="" id="announcement" tabindex="-1" class="modal fade show" style="display: block; padding-right: 15px;" aria-modal="true"&gt;...&lt;/div&gt;
  (Session info: chrome=114.0.5735.106)
Stacktrace:
#0 0x557b73d504e3 &lt;unknown&gt;
#1 0x557b73a7fc76 &lt;unknown&gt;
#2 0x557b73ac19d4 &lt;unknown&gt;
#3 0x557b73abfcbd &lt;unknown&gt;
#4 0x557b73abdd2e &lt;unknown&gt;
#5 0x557b73abd10f &lt;unknown&gt;
#6 0x557b73ab21da &lt;unknown&gt;
#7 0x557b73adb012 &lt;unknown&gt;
#8 0x557b73ab1b03 &lt;unknown&gt;
#9 0x557b73adb1de &lt;unknown&gt;
#10 0x557b73af330e &lt;unknown&gt;
#11 0x557b73adade3 &lt;unknown&gt;
#12 0x557b73ab02dd &lt;unknown&gt;
#13 0x557b73ab134e &lt;unknown&gt;
#14 0x557b73d103e4 &lt;unknown&gt;
#15 0x557b73d143d7 &lt;unknown&gt;
#16 0x557b73d1eb20 &lt;unknown&gt;
#17 0x557b73d15023 &lt;unknown&gt;
#18 0x557b73ce31aa &lt;unknown&gt;
#19 0x557b73d396b8 &lt;unknown&gt;
#20 0x557b73d39847 &lt;unknown&gt;
#21 0x557b73d49243 &lt;unknown&gt;
#22 0x7f7c74c90402 &lt;unknown&gt;
</msg>
<status status="FAIL" starttime="20230802 16:31:54.269" endtime="20230802 16:31:55.725"/>
</kw>
<kw name="Sleep" library="BuiltIn">
<arg>5s</arg>
<doc>Pauses the test executed for the given time.</doc>
<status status="NOT RUN" starttime="20230802 16:31:55.726" endtime="20230802 16:31:55.726"/>
</kw>
<kw name="Wait Until Element Is Visible" library="SeleniumLibrary">
<arg>${selectshipment}</arg>
<doc>Waits until the element ``locator`` is visible.</doc>
<status status="NOT RUN" starttime="20230802 16:31:55.726" endtime="20230802 16:31:55.726"/>
</kw>
<kw name="Click Element" library="SeleniumLibrary">
<arg>${selectshipment}</arg>
<doc>Click the element identified by ``locator``.</doc>
<status status="NOT RUN" starttime="20230802 16:31:55.726" endtime="20230802 16:31:55.726"/>
</kw>
<kw name="Sleep" library="BuiltIn">
<arg>2s</arg>
<doc>Pauses the test executed for the given time.</doc>
<status status="NOT RUN" starttime="20230802 16:31:55.726" endtime="20230802 16:31:55.726"/>
</kw>
<kw name="Wait Until Element Is Visible" library="SeleniumLibrary">
<arg>${selectshipment2}</arg>
<doc>Waits until the element ``locator`` is visible.</doc>
<status status="NOT RUN" starttime="20230802 16:31:55.726" endtime="20230802 16:31:55.726"/>
</kw>
<kw name="Click Element" library="SeleniumLibrary">
<arg>${selectshipment2}</arg>
<doc>Click the element identified by ``locator``.</doc>
<status status="NOT RUN" starttime="20230802 16:31:55.726" endtime="20230802 16:31:55.726"/>
</kw>
<kw name="Sleep" library="BuiltIn">
<arg>2s</arg>
<doc>Pauses the test executed for the given time.</doc>
<status status="NOT RUN" starttime="20230802 16:31:55.726" endtime="20230802 16:31:55.726"/>
</kw>
<kw name="Wait Until Element Is Visible" library="SeleniumLibrary">
<arg>${shipthaipost}</arg>
<doc>Waits until the element ``locator`` is visible.</doc>
<status status="NOT RUN" starttime="20230802 16:31:55.726" endtime="20230802 16:31:55.726"/>
</kw>
<kw name="Click Element" library="SeleniumLibrary">
<arg>${shipthaipost}</arg>
<doc>Click the element identified by ``locator``.</doc>
<status status="NOT RUN" starttime="20230802 16:31:55.726" endtime="20230802 16:31:55.726"/>
</kw>
<kw name="Sleep" library="BuiltIn">
<arg>5s</arg>
<doc>Pauses the test executed for the given time.</doc>
<status status="NOT RUN" starttime="20230802 16:31:55.726" endtime="20230802 16:31:55.727"/>
</kw>
<kw name="Wait Until Element Is Visible" library="SeleniumLibrary">
<arg>${confirmselectship}</arg>
<doc>Waits until the element ``locator`` is visible.</doc>
<status status="NOT RUN" starttime="20230802 16:31:55.727" endtime="20230802 16:31:55.727"/>
</kw>
<kw name="Click Element" library="SeleniumLibrary">
<arg>${confirmselectship}</arg>
<doc>Click the element identified by ``locator``.</doc>
<status status="NOT RUN" starttime="20230802 16:31:55.727" endtime="20230802 16:31:55.727"/>
</kw>
<kw name="Sleep" library="BuiltIn">
<arg>5s</arg>
<doc>Pauses the test executed for the given time.</doc>
<status status="NOT RUN" starttime="20230802 16:31:55.727" endtime="20230802 16:31:55.727"/>
</kw>
<kw name="Click Element" library="SeleniumLibrary">
<arg>${paymentship}</arg>
<doc>Click the element identified by ``locator``.</doc>
<status status="NOT RUN" starttime="20230802 16:31:55.727" endtime="20230802 16:31:55.727"/>
</kw>
<kw name="Sleep" library="BuiltIn">
<arg>10s</arg>
<doc>Pauses the test executed for the given time.</doc>
<status status="NOT RUN" starttime="20230802 16:31:55.727" endtime="20230802 16:31:55.727"/>
</kw>
<kw name="Sleep" library="BuiltIn">
<arg>5s</arg>
<doc>Pauses the test executed for the given time.</doc>
<status status="NOT RUN" starttime="20230802 16:31:55.727" endtime="20230802 16:31:55.727"/>
</kw>
<status status="FAIL" starttime="20230802 16:31:49.267" endtime="20230802 16:31:55.727"/>
</kw>
<kw name="Packing" library="resource">
<status status="NOT RUN" starttime="20230802 16:31:55.728" endtime="20230802 16:31:55.728"/>
</kw>
<status status="FAIL" starttime="20230802 16:31:49.267" endtime="20230802 16:31:55.728">ElementClickInterceptedException: Message: element click intercepted: Element &lt;li data-v-9784d6c0="" class="nav-item"&gt;...&lt;/li&gt; is not clickable at point (136, 265). Other element would receive the click: &lt;div data-v-5ff89ffa="" id="announcement" tabindex="-1" class="modal fade show" style="display: block; padding-right: 15px;" aria-modal="true"&gt;...&lt;/div&gt;
  (Session info: chrome=114.0.5735.106)
Stacktrace:
#0 0x557b73d504e3 &lt;unknown&gt;
#1 0x557b73a7fc76 &lt;unknown&gt;
#2 0x557b73ac19d4 &lt;unknown&gt;
#3 0x557b73abfcbd &lt;unknown&gt;
#4 0x557b73abdd2e &lt;unknown&gt;
#5 0x557b73abd10f &lt;unknown&gt;
#6 0x557b73ab21da &lt;unknown&gt;
#7 0x557b73adb012 &lt;unknown&gt;
#8 0x557b73ab1b03 &lt;unknown&gt;
#9 0x557b73adb1de &lt;unknown&gt;
#10 0x557b73af330e &lt;unknown&gt;
#11 0x557b73adade3 &lt;unknown&gt;
#12 0x557b73ab02dd &lt;unknown&gt;
#13 0x557b73ab134e &lt;unknown&gt;
#14 0x557b73d103e4 &lt;unknown&gt;
#15 0x557b73d143d7 &lt;unknown&gt;
#16 0x557b73d1eb20 &lt;unknown&gt;
#17 0x557b73d15023 &lt;unknown&gt;
#18 0x557b73ce31aa &lt;unknown&gt;
#19 0x557b73d396b8 &lt;unknown&gt;
#20 0x557b73d39847 &lt;unknown&gt;
#21 0x557b73d49243 &lt;unknown&gt;
#22 0x7f7c74c90402 &lt;unknown&gt;
</status>
</test>
<test id="s1-t11" name="Shipment2" line="61">
<kw name="Shipment" library="resource">
<kw name="Sleep" library="BuiltIn">
<arg>5s</arg>
<doc>Pauses the test executed for the given time.</doc>
<msg timestamp="20230802 16:32:00.730" level="INFO">Slept 5 seconds</msg>
<status status="PASS" starttime="20230802 16:31:55.729" endtime="20230802 16:32:00.730"/>
</kw>
<kw name="Click Element" library="SeleniumLibrary">
<arg>${shipmentmenu}</arg>
<doc>Click the element identified by ``locator``.</doc>
<msg timestamp="20230802 16:32:00.731" level="INFO">Clicking element '//html/body/section/div[2]/div[2]/div[2]/div/ul/li[5]'.</msg>
<msg timestamp="20230802 16:32:02.302" level="INFO" html="true">&lt;/td&gt;&lt;/tr&gt;&lt;tr&gt;&lt;td colspan="3"&gt;&lt;a href="selenium-screenshot-9.png"&gt;&lt;img src="selenium-screenshot-9.png" width="800px"&gt;&lt;/a&gt;</msg>
<msg timestamp="20230802 16:32:02.303" level="FAIL">ElementClickInterceptedException: Message: element click intercepted: Element &lt;li data-v-9784d6c0="" class="nav-item"&gt;...&lt;/li&gt; is not clickable at point (136, 265). Other element would receive the click: &lt;div data-v-5ff89ffa="" id="announcement" tabindex="-1" class="modal fade show" style="display: block; padding-right: 15px;" aria-modal="true"&gt;...&lt;/div&gt;
  (Session info: chrome=114.0.5735.106)
Stacktrace:
#0 0x557b73d504e3 &lt;unknown&gt;
#1 0x557b73a7fc76 &lt;unknown&gt;
#2 0x557b73ac19d4 &lt;unknown&gt;
#3 0x557b73abfcbd &lt;unknown&gt;
#4 0x557b73abdd2e &lt;unknown&gt;
#5 0x557b73abd10f &lt;unknown&gt;
#6 0x557b73ab21da &lt;unknown&gt;
#7 0x557b73adb012 &lt;unknown&gt;
#8 0x557b73ab1b03 &lt;unknown&gt;
#9 0x557b73adb1de &lt;unknown&gt;
#10 0x557b73af330e &lt;unknown&gt;
#11 0x557b73adade3 &lt;unknown&gt;
#12 0x557b73ab02dd &lt;unknown&gt;
#13 0x557b73ab134e &lt;unknown&gt;
#14 0x557b73d103e4 &lt;unknown&gt;
#15 0x557b73d143d7 &lt;unknown&gt;
#16 0x557b73d1eb20 &lt;unknown&gt;
#17 0x557b73d15023 &lt;unknown&gt;
#18 0x557b73ce31aa &lt;unknown&gt;
#19 0x557b73d396b8 &lt;unknown&gt;
#20 0x557b73d39847 &lt;unknown&gt;
#21 0x557b73d49243 &lt;unknown&gt;
#22 0x7f7c74c90402 &lt;unknown&gt;
</msg>
<status status="FAIL" starttime="20230802 16:32:00.730" endtime="20230802 16:32:02.303"/>
</kw>
<kw name="Sleep" library="BuiltIn">
<arg>5s</arg>
<doc>Pauses the test executed for the given time.</doc>
<status status="NOT RUN" starttime="20230802 16:32:02.303" endtime="20230802 16:32:02.303"/>
</kw>
<kw name="Wait Until Element Is Visible" library="SeleniumLibrary">
<arg>${selectshipment}</arg>
<doc>Waits until the element ``locator`` is visible.</doc>
<status status="NOT RUN" starttime="20230802 16:32:02.303" endtime="20230802 16:32:02.303"/>
</kw>
<kw name="Click Element" library="SeleniumLibrary">
<arg>${selectshipment}</arg>
<doc>Click the element identified by ``locator``.</doc>
<status status="NOT RUN" starttime="20230802 16:32:02.303" endtime="20230802 16:32:02.304"/>
</kw>
<kw name="Sleep" library="BuiltIn">
<arg>2s</arg>
<doc>Pauses the test executed for the given time.</doc>
<status status="NOT RUN" starttime="20230802 16:32:02.304" endtime="20230802 16:32:02.304"/>
</kw>
<kw name="Wait Until Element Is Visible" library="SeleniumLibrary">
<arg>${selectshipment2}</arg>
<doc>Waits until the element ``locator`` is visible.</doc>
<status status="NOT RUN" starttime="20230802 16:32:02.304" endtime="20230802 16:32:02.304"/>
</kw>
<kw name="Click Element" library="SeleniumLibrary">
<arg>${selectshipment2}</arg>
<doc>Click the element identified by ``locator``.</doc>
<status status="NOT RUN" starttime="20230802 16:32:02.304" endtime="20230802 16:32:02.304"/>
</kw>
<kw name="Sleep" library="BuiltIn">
<arg>2s</arg>
<doc>Pauses the test executed for the given time.</doc>
<status status="NOT RUN" starttime="20230802 16:32:02.304" endtime="20230802 16:32:02.304"/>
</kw>
<kw name="Wait Until Element Is Visible" library="SeleniumLibrary">
<arg>${shipthaipost}</arg>
<doc>Waits until the element ``locator`` is visible.</doc>
<status status="NOT RUN" starttime="20230802 16:32:02.304" endtime="20230802 16:32:02.304"/>
</kw>
<kw name="Click Element" library="SeleniumLibrary">
<arg>${shipthaipost}</arg>
<doc>Click the element identified by ``locator``.</doc>
<status status="NOT RUN" starttime="20230802 16:32:02.304" endtime="20230802 16:32:02.304"/>
</kw>
<kw name="Sleep" library="BuiltIn">
<arg>5s</arg>
<doc>Pauses the test executed for the given time.</doc>
<status status="NOT RUN" starttime="20230802 16:32:02.305" endtime="20230802 16:32:02.305"/>
</kw>
<kw name="Wait Until Element Is Visible" library="SeleniumLibrary">
<arg>${confirmselectship}</arg>
<doc>Waits until the element ``locator`` is visible.</doc>
<status status="NOT RUN" starttime="20230802 16:32:02.305" endtime="20230802 16:32:02.305"/>
</kw>
<kw name="Click Element" library="SeleniumLibrary">
<arg>${confirmselectship}</arg>
<doc>Click the element identified by ``locator``.</doc>
<status status="NOT RUN" starttime="20230802 16:32:02.305" endtime="20230802 16:32:02.305"/>
</kw>
<kw name="Sleep" library="BuiltIn">
<arg>5s</arg>
<doc>Pauses the test executed for the given time.</doc>
<status status="NOT RUN" starttime="20230802 16:32:02.305" endtime="20230802 16:32:02.305"/>
</kw>
<kw name="Click Element" library="SeleniumLibrary">
<arg>${paymentship}</arg>
<doc>Click the element identified by ``locator``.</doc>
<status status="NOT RUN" starttime="20230802 16:32:02.305" endtime="20230802 16:32:02.305"/>
</kw>
<kw name="Sleep" library="BuiltIn">
<arg>10s</arg>
<doc>Pauses the test executed for the given time.</doc>
<status status="NOT RUN" starttime="20230802 16:32:02.305" endtime="20230802 16:32:02.306"/>
</kw>
<kw name="Sleep" library="BuiltIn">
<arg>5s</arg>
<doc>Pauses the test executed for the given time.</doc>
<status status="NOT RUN" starttime="20230802 16:32:02.306" endtime="20230802 16:32:02.306"/>
</kw>
<status status="FAIL" starttime="20230802 16:31:55.729" endtime="20230802 16:32:02.307"/>
</kw>
<kw name="Packing" library="resource">
<status status="NOT RUN" starttime="20230802 16:32:02.307" endtime="20230802 16:32:02.307"/>
</kw>
<status status="FAIL" starttime="20230802 16:31:55.728" endtime="20230802 16:32:02.307">ElementClickInterceptedException: Message: element click intercepted: Element &lt;li data-v-9784d6c0="" class="nav-item"&gt;...&lt;/li&gt; is not clickable at point (136, 265). Other element would receive the click: &lt;div data-v-5ff89ffa="" id="announcement" tabindex="-1" class="modal fade show" style="display: block; padding-right: 15px;" aria-modal="true"&gt;...&lt;/div&gt;
  (Session info: chrome=114.0.5735.106)
Stacktrace:
#0 0x557b73d504e3 &lt;unknown&gt;
#1 0x557b73a7fc76 &lt;unknown&gt;
#2 0x557b73ac19d4 &lt;unknown&gt;
#3 0x557b73abfcbd &lt;unknown&gt;
#4 0x557b73abdd2e &lt;unknown&gt;
#5 0x557b73abd10f &lt;unknown&gt;
#6 0x557b73ab21da &lt;unknown&gt;
#7 0x557b73adb012 &lt;unknown&gt;
#8 0x557b73ab1b03 &lt;unknown&gt;
#9 0x557b73adb1de &lt;unknown&gt;
#10 0x557b73af330e &lt;unknown&gt;
#11 0x557b73adade3 &lt;unknown&gt;
#12 0x557b73ab02dd &lt;unknown&gt;
#13 0x557b73ab134e &lt;unknown&gt;
#14 0x557b73d103e4 &lt;unknown&gt;
#15 0x557b73d143d7 &lt;unknown&gt;
#16 0x557b73d1eb20 &lt;unknown&gt;
#17 0x557b73d15023 &lt;unknown&gt;
#18 0x557b73ce31aa &lt;unknown&gt;
#19 0x557b73d396b8 &lt;unknown&gt;
#20 0x557b73d39847 &lt;unknown&gt;
#21 0x557b73d49243 &lt;unknown&gt;
#22 0x7f7c74c90402 &lt;unknown&gt;
</status>
</test>
<test id="s1-t12" name="Close upsale1" line="65">
<kw name="Upsale" library="resource">
<kw name="Sleep" library="BuiltIn">
<arg>3s</arg>
<doc>Pauses the test executed for the given time.</doc>
<msg timestamp="20230802 16:32:05.310" level="INFO">Slept 3 seconds</msg>
<status status="PASS" starttime="20230802 16:32:02.309" endtime="20230802 16:32:05.310"/>
</kw>
<kw name="Wait Until Element Is Visible" library="SeleniumLibrary">
<arg>${settingmenu}</arg>
<doc>Waits until the element ``locator`` is visible.</doc>
<status status="PASS" starttime="20230802 16:32:05.310" endtime="20230802 16:32:05.350"/>
</kw>
<kw name="Click Element" library="SeleniumLibrary">
<arg>${settingmenu}</arg>
<doc>Click the element identified by ``locator``.</doc>
<msg timestamp="20230802 16:32:05.352" level="INFO">Clicking element '//html/body/section/div[2]/div[2]/div[2]/div/ul/li[17]/a'.</msg>
<msg timestamp="20230802 16:32:06.804" level="INFO" html="true">&lt;/td&gt;&lt;/tr&gt;&lt;tr&gt;&lt;td colspan="3"&gt;&lt;a href="selenium-screenshot-10.png"&gt;&lt;img src="selenium-screenshot-10.png" width="800px"&gt;&lt;/a&gt;</msg>
<msg timestamp="20230802 16:32:06.805" level="FAIL">ElementClickInterceptedException: Message: element click intercepted: Element &lt;a data-v-9784d6c0="" href="/app/settings" class="nav-link actives"&gt;...&lt;/a&gt; is not clickable at point (136, 760). Other element would receive the click: &lt;div data-v-5ff89ffa="" id="announcement" tabindex="-1" class="modal fade show" style="display: block; padding-right: 15px;" aria-modal="true"&gt;...&lt;/div&gt;
  (Session info: chrome=114.0.5735.106)
Stacktrace:
#0 0x557b73d504e3 &lt;unknown&gt;
#1 0x557b73a7fc76 &lt;unknown&gt;
#2 0x557b73ac19d4 &lt;unknown&gt;
#3 0x557b73abfcbd &lt;unknown&gt;
#4 0x557b73abdd2e &lt;unknown&gt;
#5 0x557b73abd10f &lt;unknown&gt;
#6 0x557b73ab21da &lt;unknown&gt;
#7 0x557b73adb012 &lt;unknown&gt;
#8 0x557b73ab1b03 &lt;unknown&gt;
#9 0x557b73adb1de &lt;unknown&gt;
#10 0x557b73af330e &lt;unknown&gt;
#11 0x557b73adade3 &lt;unknown&gt;
#12 0x557b73ab02dd &lt;unknown&gt;
#13 0x557b73ab134e &lt;unknown&gt;
#14 0x557b73d103e4 &lt;unknown&gt;
#15 0x557b73d143d7 &lt;unknown&gt;
#16 0x557b73d1eb20 &lt;unknown&gt;
#17 0x557b73d15023 &lt;unknown&gt;
#18 0x557b73ce31aa &lt;unknown&gt;
#19 0x557b73d396b8 &lt;unknown&gt;
#20 0x557b73d39847 &lt;unknown&gt;
#21 0x557b73d49243 &lt;unknown&gt;
#22 0x7f7c74c90402 &lt;unknown&gt;
</msg>
<status status="FAIL" starttime="20230802 16:32:05.351" endtime="20230802 16:32:06.805"/>
</kw>
<kw name="Sleep" library="BuiltIn">
<arg>3s</arg>
<doc>Pauses the test executed for the given time.</doc>
<status status="NOT RUN" starttime="20230802 16:32:06.805" endtime="20230802 16:32:06.805"/>
</kw>
<kw name="Click Element" library="SeleniumLibrary">
<arg>${openupsale1}</arg>
<doc>Click the element identified by ``locator``.</doc>
<status status="NOT RUN" starttime="20230802 16:32:06.805" endtime="20230802 16:32:06.806"/>
</kw>
<kw name="Sleep" library="BuiltIn">
<arg>5s</arg>
<doc>Pauses the test executed for the given time.</doc>
<status status="NOT RUN" starttime="20230802 16:32:06.806" endtime="20230802 16:32:06.806"/>
</kw>
<kw name="Wait Until Element Is Visible" library="SeleniumLibrary">
<arg>${openupsalebar}</arg>
<doc>Waits until the element ``locator`` is visible.</doc>
<status status="NOT RUN" starttime="20230802 16:32:06.806" endtime="20230802 16:32:06.806"/>
</kw>
<kw name="Click Element" library="SeleniumLibrary">
<arg>${openupsalebar}</arg>
<doc>Click the element identified by ``locator``.</doc>
<status status="NOT RUN" starttime="20230802 16:32:06.806" endtime="20230802 16:32:06.806"/>
</kw>
<kw name="Sleep" library="BuiltIn">
<arg>5s</arg>
<doc>Pauses the test executed for the given time.</doc>
<status status="NOT RUN" starttime="20230802 16:32:06.806" endtime="20230802 16:32:06.806"/>
</kw>
<kw name="Click Element" library="SeleniumLibrary">
<arg>${saveopenupsale}</arg>
<doc>Click the element identified by ``locator``.</doc>
<status status="NOT RUN" starttime="20230802 16:32:06.806" endtime="20230802 16:32:06.806"/>
</kw>
<kw name="Sleep" library="BuiltIn">
<arg>10s</arg>
<doc>Pauses the test executed for the given time.</doc>
<status status="NOT RUN" starttime="20230802 16:32:06.806" endtime="20230802 16:32:06.806"/>
</kw>
<status status="FAIL" starttime="20230802 16:32:02.309" endtime="20230802 16:32:06.806"/>
</kw>
<status status="FAIL" starttime="20230802 16:32:02.308" endtime="20230802 16:32:06.807">ElementClickInterceptedException: Message: element click intercepted: Element &lt;a data-v-9784d6c0="" href="/app/settings" class="nav-link actives"&gt;...&lt;/a&gt; is not clickable at point (136, 760). Other element would receive the click: &lt;div data-v-5ff89ffa="" id="announcement" tabindex="-1" class="modal fade show" style="display: block; padding-right: 15px;" aria-modal="true"&gt;...&lt;/div&gt;
  (Session info: chrome=114.0.5735.106)
Stacktrace:
#0 0x557b73d504e3 &lt;unknown&gt;
#1 0x557b73a7fc76 &lt;unknown&gt;
#2 0x557b73ac19d4 &lt;unknown&gt;
#3 0x557b73abfcbd &lt;unknown&gt;
#4 0x557b73abdd2e &lt;unknown&gt;
#5 0x557b73abd10f &lt;unknown&gt;
#6 0x557b73ab21da &lt;unknown&gt;
#7 0x557b73adb012 &lt;unknown&gt;
#8 0x557b73ab1b03 &lt;unknown&gt;
#9 0x557b73adb1de &lt;unknown&gt;
#10 0x557b73af330e &lt;unknown&gt;
#11 0x557b73adade3 &lt;unknown&gt;
#12 0x557b73ab02dd &lt;unknown&gt;
#13 0x557b73ab134e &lt;unknown&gt;
#14 0x557b73d103e4 &lt;unknown&gt;
#15 0x557b73d143d7 &lt;unknown&gt;
#16 0x557b73d1eb20 &lt;unknown&gt;
#17 0x557b73d15023 &lt;unknown&gt;
#18 0x557b73ce31aa &lt;unknown&gt;
#19 0x557b73d396b8 &lt;unknown&gt;
#20 0x557b73d39847 &lt;unknown&gt;
#21 0x557b73d49243 &lt;unknown&gt;
#22 0x7f7c74c90402 &lt;unknown&gt;
</status>
</test>
<status status="FAIL" starttime="20230802 16:30:02.492" endtime="20230802 16:32:06.808"/>
</suite>
<statistics>
<total>
<stat pass="2" fail="10" skip="0">All Tests</stat>
</total>
<tag>
</tag>
<suite>
<stat pass="2" fail="10" skip="0" id="s1" name="Salepage1">Salepage1</stat>
</suite>
</statistics>
<errors>
</errors>
</robot>
